<?xml version="1.0" encoding="utf-8" standalone="no"?>
<test-results xmlns:xsi="http://www.w3.org/2001/XMLSchema-instance" xsi:noNamespaceSchemaLocation="nunit_schema_2.5.xsd" name="Pester" total="22" errors="0" failures="17" not-run="0" inconclusive="0" ignored="0" skipped="0" invalid="0" date="2025-11-03" time="18:31:49">
  <environment cwd="/home/runner/work/AitherZero/AitherZero" platform="Linux" user-domain="" os-version="6.11.0-1018-azure" clr-version="8.0.21" nunit-version="2.5.8.0" user="runner" machine-name="runnervmf2e7y" />
  <culture-info current-culture="" current-uiculture="" />
  <test-suite type="TestFixture" name="Pester" executed="True" result="Failure" success="False" time="1.2635" asserts="0" description="Pester">
    <results>
      <test-suite type="TestFixture" name="/home/runner/work/AitherZero/AitherZero/tests/integration/ClaudeCodeIntegration.Tests.ps1" executed="True" result="Failure" success="False" time="1.2635" asserts="0" description="/home/runner/work/AitherZero/AitherZero/tests/integration/ClaudeCodeIntegration.Tests.ps1">
        <results>
          <test-suite type="TestFixture" name="Claude Code Integration - Test-Driven Development" executed="True" result="Failure" success="False" time="0.6568" asserts="0" description="Claude Code Integration - Test-Driven Development">
            <results>
              <test-suite type="TestFixture" name="Claude Code Integration - Test-Driven Development.Sub Agents Implementation Tests" executed="True" result="Failure" success="False" time="0.3099" asserts="0" description="Claude Code Integration - Test-Driven Development.Sub Agents Implementation Tests">
                <results>
                  <test-case description="Should create .claude/agents directory structure" name="Claude Code Integration - Test-Driven Development.Sub Agents Implementation Tests.Should create .claude/agents directory structure" time="0.0875" asserts="0" success="True" result="Success" executed="True" />
                  <test-case description="Should validate AitherZero Infrastructure Manager sub-agent configuration" name="Claude Code Integration - Test-Driven Development.Sub Agents Implementation Tests.Should validate AitherZero Infrastructure Manager sub-agent configuration" time="0.1292" asserts="0" success="False" result="Failure" executed="True">
                    <failure>
                      <message>Expected $true, because Infrastructure Manager agent should be properly configured, but got $false.</message>
                      <stack-trace>at $validAgent | Should -Be $true -Because "Infrastructure Manager agent should be properly configured", /home/runner/work/AitherZero/AitherZero/tests/integration/ClaudeCodeIntegration.Tests.ps1:92
at &lt;ScriptBlock&gt;, /home/runner/work/AitherZero/AitherZero/tests/integration/ClaudeCodeIntegration.Tests.ps1:92</stack-trace>
                    </failure>
                  </test-case>
                  <test-case description="Should validate PowerShell DevOps Specialist sub-agent" name="Claude Code Integration - Test-Driven Development.Sub Agents Implementation Tests.Should validate PowerShell DevOps Specialist sub-agent" time="0.0135" asserts="0" success="False" result="Failure" executed="True">
                    <failure>
                      <message>Expected $true, but got $false.</message>
                      <stack-trace>at Test-Path $agentFile | Should -Be $true, /home/runner/work/AitherZero/AitherZero/tests/integration/ClaudeCodeIntegration.Tests.ps1:100
at &lt;ScriptBlock&gt;, /home/runner/work/AitherZero/AitherZero/tests/integration/ClaudeCodeIntegration.Tests.ps1:100</stack-trace>
                    </failure>
                  </test-case>
                  <test-case description="Should validate Security &amp; Compliance Guardian sub-agent" name="Claude Code Integration - Test-Driven Development.Sub Agents Implementation Tests.Should validate Security &amp; Compliance Guardian sub-agent" time="0.0163" asserts="0" success="False" result="Failure" executed="True">
                    <failure>
                      <message>Expected $true, but got $false.</message>
                      <stack-trace>at Test-Path $agentFile | Should -Be $true, /home/runner/work/AitherZero/AitherZero/tests/integration/ClaudeCodeIntegration.Tests.ps1:115
at &lt;ScriptBlock&gt;, /home/runner/work/AitherZero/AitherZero/tests/integration/ClaudeCodeIntegration.Tests.ps1:115</stack-trace>
                    </failure>
                  </test-case>
                  <test-case description="Should validate Release Management Orchestrator sub-agent" name="Claude Code Integration - Test-Driven Development.Sub Agents Implementation Tests.Should validate Release Management Orchestrator sub-agent" time="0.0163" asserts="0" success="False" result="Failure" executed="True">
                    <failure>
                      <message>Expected $true, but got $false.</message>
                      <stack-trace>at Test-Path $agentFile | Should -Be $true, /home/runner/work/AitherZero/AitherZero/tests/integration/ClaudeCodeIntegration.Tests.ps1:129
at &lt;ScriptBlock&gt;, /home/runner/work/AitherZero/AitherZero/tests/integration/ClaudeCodeIntegration.Tests.ps1:129</stack-trace>
                    </failure>
                  </test-case>
                  <test-case description="Should validate Testing &amp; Quality Assurance Expert sub-agent" name="Claude Code Integration - Test-Driven Development.Sub Agents Implementation Tests.Should validate Testing &amp; Quality Assurance Expert sub-agent" time="0.0174" asserts="0" success="False" result="Failure" executed="True">
                    <failure>
                      <message>Expected $true, but got $false.</message>
                      <stack-trace>at Test-Path $agentFile | Should -Be $true, /home/runner/work/AitherZero/AitherZero/tests/integration/ClaudeCodeIntegration.Tests.ps1:143
at &lt;ScriptBlock&gt;, /home/runner/work/AitherZero/AitherZero/tests/integration/ClaudeCodeIntegration.Tests.ps1:143</stack-trace>
                    </failure>
                  </test-case>
                </results>
              </test-suite>
              <test-suite type="TestFixture" name="Claude Code Integration - Test-Driven Development.Hooks Implementation Tests" executed="True" result="Failure" success="False" time="0.3987" asserts="0" description="Claude Code Integration - Test-Driven Development.Hooks Implementation Tests">
                <results>
                  <test-case description="Should have .claude/settings.json file" name="Claude Code Integration - Test-Driven Development.Hooks Implementation Tests.Should have .claude/settings.json file" time="0.0065" asserts="0" success="True" result="Success" executed="True" />
                  <test-case description="Should validate Pre-Commit Code Quality Hook configuration" name="Claude Code Integration - Test-Driven Development.Hooks Implementation Tests.Should validate Pre-Commit Code Quality Hook configuration" time="0.0428" asserts="0" success="False" result="Failure" executed="True">
                    <failure>
                      <message>Expected $true, because Code quality hook should be configured, but got $false.</message>
                      <stack-trace>at $hasCodeQualityHook | Should -Be $true -Because "Code quality hook should be configured", /home/runner/work/AitherZero/AitherZero/tests/integration/ClaudeCodeIntegration.Tests.ps1:204
at &lt;ScriptBlock&gt;, /home/runner/work/AitherZero/AitherZero/tests/integration/ClaudeCodeIntegration.Tests.ps1:204</stack-trace>
                    </failure>
                  </test-case>
                  <test-case description="Should validate Security Validation Hook configuration" name="Claude Code Integration - Test-Driven Development.Hooks Implementation Tests.Should validate Security Validation Hook configuration" time="0.0178" asserts="0" success="False" result="Failure" executed="True">
                    <failure>
                      <message>Expected $true, because Security validation hook should be configured, but got $false.</message>
                      <stack-trace>at $hasSecurityHook | Should -Be $true -Because "Security validation hook should be configured", /home/runner/work/AitherZero/AitherZero/tests/integration/ClaudeCodeIntegration.Tests.ps1:230
at &lt;ScriptBlock&gt;, /home/runner/work/AitherZero/AitherZero/tests/integration/ClaudeCodeIntegration.Tests.ps1:230</stack-trace>
                    </failure>
                  </test-case>
                  <test-case description="Should validate Automated Testing Hook configuration" name="Claude Code Integration - Test-Driven Development.Hooks Implementation Tests.Should validate Automated Testing Hook configuration" time="0.0169" asserts="0" success="False" result="Failure" executed="True">
                    <failure>
                      <message>Expected $true, because Automated testing hook should be configured, but got $false.</message>
                      <stack-trace>at $hasTestingHook | Should -Be $true -Because "Automated testing hook should be configured", /home/runner/work/AitherZero/AitherZero/tests/integration/ClaudeCodeIntegration.Tests.ps1:256
at &lt;ScriptBlock&gt;, /home/runner/work/AitherZero/AitherZero/tests/integration/ClaudeCodeIntegration.Tests.ps1:256</stack-trace>
                    </failure>
                  </test-case>
                </results>
              </test-suite>
              <test-suite type="TestFixture" name="Claude Code Integration - Test-Driven Development.MCP Server Integration Tests" executed="True" result="Failure" success="False" time="0.4822" asserts="0" description="Claude Code Integration - Test-Driven Development.MCP Server Integration Tests">
                <results>
                  <test-case description="Should have MCP server directory structure" name="Claude Code Integration - Test-Driven Development.MCP Server Integration Tests.Should have MCP server directory structure" time="0.0189" asserts="0" success="False" result="Failure" executed="True">
                    <failure>
                      <message>Expected $true, but got $false.</message>
                      <stack-trace>at Test-Path $script:MCPServerPath | Should -Be $true, /home/runner/work/AitherZero/AitherZero/tests/integration/ClaudeCodeIntegration.Tests.ps1:269
at &lt;ScriptBlock&gt;, /home/runner/work/AitherZero/AitherZero/tests/integration/ClaudeCodeIntegration.Tests.ps1:269</stack-trace>
                    </failure>
                  </test-case>
                  <test-case description="Should validate MCP server package configuration" name="Claude Code Integration - Test-Driven Development.MCP Server Integration Tests.Should validate MCP server package configuration" time="0.025" asserts="0" success="False" result="Failure" executed="True">
                    <failure>
                      <message>Expected $true, because MCP server should have valid package.json, but got $false.</message>
                      <stack-trace>at $validConfig | Should -Be $true -Because "MCP server should have valid package.json", /home/runner/work/AitherZero/AitherZero/tests/integration/ClaudeCodeIntegration.Tests.ps1:288
at &lt;ScriptBlock&gt;, /home/runner/work/AitherZero/AitherZero/tests/integration/ClaudeCodeIntegration.Tests.ps1:288</stack-trace>
                    </failure>
                  </test-case>
                  <test-case description="Should validate AitherZero-specific MCP tools implementation" name="Claude Code Integration - Test-Driven Development.MCP Server Integration Tests.Should validate AitherZero-specific MCP tools implementation" time="0.0173" asserts="0" success="False" result="Failure" executed="True">
                    <failure>
                      <message>Expected $true, because MCP server should implement AitherZero-specific tools, but got $false.</message>
                      <stack-trace>at $validTools | Should -Be $true -Because "MCP server should implement AitherZero-specific tools", /home/runner/work/AitherZero/AitherZero/tests/integration/ClaudeCodeIntegration.Tests.ps1:315
at &lt;ScriptBlock&gt;, /home/runner/work/AitherZero/AitherZero/tests/integration/ClaudeCodeIntegration.Tests.ps1:315</stack-trace>
                    </failure>
                  </test-case>
                  <test-case description="Should validate MCP configuration file" name="Claude Code Integration - Test-Driven Development.MCP Server Integration Tests.Should validate MCP configuration file" time="0.0164" asserts="0" success="False" result="Failure" executed="True">
                    <failure>
                      <message>Expected $true, because MCP configuration should be properly set up, but got $false.</message>
                      <stack-trace>at $validConfig | Should -Be $true -Because "MCP configuration should be properly set up", /home/runner/work/AitherZero/AitherZero/tests/integration/ClaudeCodeIntegration.Tests.ps1:330
at &lt;ScriptBlock&gt;, /home/runner/work/AitherZero/AitherZero/tests/integration/ClaudeCodeIntegration.Tests.ps1:330</stack-trace>
                    </failure>
                  </test-case>
                </results>
              </test-suite>
              <test-suite type="TestFixture" name="Claude Code Integration - Test-Driven Development.GitHub Actions Integration Tests" executed="True" result="Failure" success="False" time="0.5378" asserts="0" description="Claude Code Integration - Test-Driven Development.GitHub Actions Integration Tests">
                <results>
                  <test-case description="Should validate Claude-Enhanced CI/CD Pipeline workflow" name="Claude Code Integration - Test-Driven Development.GitHub Actions Integration Tests.Should validate Claude-Enhanced CI/CD Pipeline workflow" time="0.0161" asserts="0" success="False" result="Failure" executed="True">
                    <failure>
                      <message>Expected $true, but got $false.</message>
                      <stack-trace>at Test-Path $workflowFile | Should -Be $true, /home/runner/work/AitherZero/AitherZero/tests/integration/ClaudeCodeIntegration.Tests.ps1:345
at &lt;ScriptBlock&gt;, /home/runner/work/AitherZero/AitherZero/tests/integration/ClaudeCodeIntegration.Tests.ps1:345</stack-trace>
                    </failure>
                  </test-case>
                  <test-case description="Should validate Intelligent PR Management workflow" name="Claude Code Integration - Test-Driven Development.GitHub Actions Integration Tests.Should validate Intelligent PR Management workflow" time="0.0156" asserts="0" success="False" result="Failure" executed="True">
                    <failure>
                      <message>Expected $true, but got $false.</message>
                      <stack-trace>at Test-Path $workflowFile | Should -Be $true, /home/runner/work/AitherZero/AitherZero/tests/integration/ClaudeCodeIntegration.Tests.ps1:360
at &lt;ScriptBlock&gt;, /home/runner/work/AitherZero/AitherZero/tests/integration/ClaudeCodeIntegration.Tests.ps1:360</stack-trace>
                    </failure>
                  </test-case>
                  <test-case description="Should validate GitHub Actions secrets configuration" name="Claude Code Integration - Test-Driven Development.GitHub Actions Integration Tests.Should validate GitHub Actions secrets configuration" time="0.0188" asserts="0" success="False" result="Failure" executed="True">
                    <failure>
                      <message>Expected $true, because Workflows should reference required secrets, but got $false.</message>
                      <stack-trace>at $secretsReferenced | Should -Be $true -Because "Workflows should reference required secrets", /home/runner/work/AitherZero/AitherZero/tests/integration/ClaudeCodeIntegration.Tests.ps1:390
at &lt;ScriptBlock&gt;, /home/runner/work/AitherZero/AitherZero/tests/integration/ClaudeCodeIntegration.Tests.ps1:390</stack-trace>
                    </failure>
                  </test-case>
                </results>
              </test-suite>
              <test-suite type="TestFixture" name="Claude Code Integration - Test-Driven Development.Integration Testing - End-to-End Scenarios" executed="True" result="Failure" success="False" time="0.6051" asserts="0" description="Claude Code Integration - Test-Driven Development.Integration Testing - End-to-End Scenarios">
                <results>
                  <test-case description="Should validate complete Claude Code integration setup" name="Claude Code Integration - Test-Driven Development.Integration Testing - End-to-End Scenarios.Should validate complete Claude Code integration setup" time="0.0229" asserts="0" success="False" result="Failure" executed="True">
                    <failure>
                      <message>Expected $true, because All integration components should be present. Missing: MCPConfig, but got $false.</message>
                      <stack-trace>at $integrationComplete | Should -Be $true -Because "All integration components should be present. Missing: $($missingComponents -join ', ')", /home/runner/work/AitherZero/AitherZero/tests/integration/ClaudeCodeIntegration.Tests.ps1:417
at &lt;ScriptBlock&gt;, /home/runner/work/AitherZero/AitherZero/tests/integration/ClaudeCodeIntegration.Tests.ps1:417</stack-trace>
                    </failure>
                  </test-case>
                  <test-case description="Should validate development tools integration with Claude Code workflows" name="Claude Code Integration - Test-Driven Development.Integration Testing - End-to-End Scenarios.Should validate development tools integration with Claude Code workflows" time="0.028" asserts="0" success="True" result="Success" executed="True" />
                  <test-case description="Should validate TestingFramework integration with validation hooks" name="Claude Code Integration - Test-Driven Development.Integration Testing - End-to-End Scenarios.Should validate TestingFramework integration with validation hooks" time="0.0114" asserts="0" success="True" result="Success" executed="True" />
                </results>
              </test-suite>
              <test-suite type="TestFixture" name="Claude Code Integration - Test-Driven Development.Security and Compliance Validation" executed="True" result="Failure" success="False" time="0.6437" asserts="0" description="Claude Code Integration - Test-Driven Development.Security and Compliance Validation">
                <results>
                  <test-case description="Should validate no hardcoded secrets in configuration files" name="Claude Code Integration - Test-Driven Development.Security and Compliance Validation.Should validate no hardcoded secrets in configuration files" time="0.0216" asserts="0" success="False" result="Failure" executed="True">
                    <failure>
                      <message>NotSupportedException: Specified method is not supported.
ParameterBindingException: Cannot convert 'System.Object[]' to the type 'System.String' required by parameter 'AdditionalChildPath'. Specified method is not supported.</message>
                      <stack-trace>at &lt;ScriptBlock&gt;, /home/runner/work/AitherZero/AitherZero/tests/integration/ClaudeCodeIntegration.Tests.ps1:472</stack-trace>
                    </failure>
                  </test-case>
                  <test-case description="Should validate cross-platform compatibility" name="Claude Code Integration - Test-Driven Development.Security and Compliance Validation.Should validate cross-platform compatibility" time="0.0108" asserts="0" success="True" result="Success" executed="True" />
                </results>
              </test-suite>
            </results>
          </test-suite>
        </results>
      </test-suite>
    </results>
  </test-suite>
</test-results>