<?xml version="1.0" encoding="utf-8" standalone="no"?>
<test-results xmlns:xsi="http://www.w3.org/2001/XMLSchema-instance" xsi:noNamespaceSchemaLocation="nunit_schema_2.5.xsd" name="OpenTofu Lab Automation - Bulletproof All Tests" total="113" errors="0" failures="89" not-run="182" inconclusive="0" ignored="0" skipped="0" invalid="0" date="2025-06-20" time="03:42:48">
  <environment cwd="/workspaces/AitherLabs" nunit-version="2.5.8.0" os-version="6.8.0-1027-azure" user-domain="" platform="Linux" clr-version="9.0.4" machine-name="codespaces-5a091d" user="codespace" />
  <culture-info current-culture="" current-uiculture="" />
  <test-suite type="TestFixture" name="OpenTofu Lab Automation - Bulletproof All Tests" executed="True" result="Failure" success="False" time="29.7788" asserts="0" description="Pester">
    <results>
      <test-suite type="TestFixture" name="/workspaces/AitherLabs/tests/unit/modules/CoreApp/BulletproofCoreRunner.Tests.ps1" executed="True" result="Failure" success="False" time="1.0236" asserts="0" description="/workspaces/AitherLabs/tests/unit/modules/CoreApp/BulletproofCoreRunner.Tests.ps1">
        <results>
          <test-suite type="TestFixture" name="Core Runner Bulletproof Tests" executed="True" result="Failure" success="False" time="0" asserts="0" description="Core Runner Bulletproof Tests">
            <results>
              <test-suite type="TestFixture" name="Core Runner Bulletproof Tests.Script Structure and Syntax Validation" executed="True" result="Failure" success="False" time="0" asserts="0" description="Core Runner Bulletproof Tests.Script Structure and Syntax Validation">
                <results>
                  <test-case description="Should have valid PowerShell syntax" name="Core Runner Bulletproof Tests.Script Structure and Syntax Validation.Should have valid PowerShell syntax" time="0" asserts="0" success="False" result="Failure" executed="True">
                    <failure>
                      <message>This test should run but it did not. Most likely a setup in some parent block failed.</message>
                      <stack-trace />
                    </failure>
                  </test-case>
                  <test-case description="Should require PowerShell 7.0+" name="Core Runner Bulletproof Tests.Script Structure and Syntax Validation.Should require PowerShell 7.0+" time="0" asserts="0" success="False" result="Failure" executed="True">
                    <failure>
                      <message>This test should run but it did not. Most likely a setup in some parent block failed.</message>
                      <stack-trace />
                    </failure>
                  </test-case>
                  <test-case description="Should have CmdletBinding with SupportsShouldProcess" name="Core Runner Bulletproof Tests.Script Structure and Syntax Validation.Should have CmdletBinding with SupportsShouldProcess" time="0" asserts="0" success="False" result="Failure" executed="True">
                    <failure>
                      <message>This test should run but it did not. Most likely a setup in some parent block failed.</message>
                      <stack-trace />
                    </failure>
                  </test-case>
                  <test-case description="Should have comprehensive parameter definitions" name="Core Runner Bulletproof Tests.Script Structure and Syntax Validation.Should have comprehensive parameter definitions" time="0" asserts="0" success="False" result="Failure" executed="True">
                    <failure>
                      <message>This test should run but it did not. Most likely a setup in some parent block failed.</message>
                      <stack-trace />
                    </failure>
                  </test-case>
                  <test-case description="Should have proper help documentation" name="Core Runner Bulletproof Tests.Script Structure and Syntax Validation.Should have proper help documentation" time="0" asserts="0" success="False" result="Failure" executed="True">
                    <failure>
                      <message>This test should run but it did not. Most likely a setup in some parent block failed.</message>
                      <stack-trace />
                    </failure>
                  </test-case>
                </results>
              </test-suite>
              <test-suite type="TestFixture" name="Core Runner Bulletproof Tests.Non-Interactive Mode Bulletproofing" executed="True" result="Failure" success="False" time="0" asserts="0" description="Core Runner Bulletproof Tests.Non-Interactive Mode Bulletproofing">
                <results>
                  <test-case description="Should exit with code 0 when no scripts specified in non-interactive mode" name="Core Runner Bulletproof Tests.Non-Interactive Mode Bulletproofing.Should exit with code 0 when no scripts specified in non-interactive mode" time="0" asserts="0" success="False" result="Failure" executed="True">
                    <failure>
                      <message>This test should run but it did not. Most likely a setup in some parent block failed.</message>
                      <stack-trace />
                    </failure>
                  </test-case>
                  <test-case description="Should handle Auto mode correctly in non-interactive mode" name="Core Runner Bulletproof Tests.Non-Interactive Mode Bulletproofing.Should handle Auto mode correctly in non-interactive mode" time="0" asserts="0" success="False" result="Failure" executed="True">
                    <failure>
                      <message>This test should run but it did not. Most likely a setup in some parent block failed.</message>
                      <stack-trace />
                    </failure>
                  </test-case>
                  <test-case description="Should handle specific script execution in non-interactive mode" name="Core Runner Bulletproof Tests.Non-Interactive Mode Bulletproofing.Should handle specific script execution in non-interactive mode" time="0" asserts="0" success="False" result="Failure" executed="True">
                    <failure>
                      <message>This test should run but it did not. Most likely a setup in some parent block failed.</message>
                      <stack-trace />
                    </failure>
                  </test-case>
                  <test-case description="Should handle missing scripts gracefully in non-interactive mode" name="Core Runner Bulletproof Tests.Non-Interactive Mode Bulletproofing.Should handle missing scripts gracefully in non-interactive mode" time="0" asserts="0" success="False" result="Failure" executed="True">
                    <failure>
                      <message>This test should run but it did not. Most likely a setup in some parent block failed.</message>
                      <stack-trace />
                    </failure>
                  </test-case>
                  <test-case description="Should handle empty script parameter gracefully" name="Core Runner Bulletproof Tests.Non-Interactive Mode Bulletproofing.Should handle empty script parameter gracefully" time="0" asserts="0" success="False" result="Failure" executed="True">
                    <failure>
                      <message>This test should run but it did not. Most likely a setup in some parent block failed.</message>
                      <stack-trace />
                    </failure>
                  </test-case>
                  <test-case description="Should maintain consistent exit codes across multiple runs" name="Core Runner Bulletproof Tests.Non-Interactive Mode Bulletproofing.Should maintain consistent exit codes across multiple runs" time="0" asserts="0" success="False" result="Failure" executed="True">
                    <failure>
                      <message>This test should run but it did not. Most likely a setup in some parent block failed.</message>
                      <stack-trace />
                    </failure>
                  </test-case>
                </results>
              </test-suite>
              <test-suite type="TestFixture" name="Core Runner Bulletproof Tests.Error Handling and Edge Cases" executed="True" result="Failure" success="False" time="0" asserts="0" description="Core Runner Bulletproof Tests.Error Handling and Edge Cases">
                <results>
                  <test-case description="Should handle missing configuration files gracefully" name="Core Runner Bulletproof Tests.Error Handling and Edge Cases.Should handle missing configuration files gracefully" time="0" asserts="0" success="False" result="Failure" executed="True">
                    <failure>
                      <message>This test should run but it did not. Most likely a setup in some parent block failed.</message>
                      <stack-trace />
                    </failure>
                  </test-case>
                  <test-case description="Should handle invalid verbosity levels gracefully" name="Core Runner Bulletproof Tests.Error Handling and Edge Cases.Should handle invalid verbosity levels gracefully" time="0" asserts="0" success="False" result="Failure" executed="True">
                    <failure>
                      <message>This test should run but it did not. Most likely a setup in some parent block failed.</message>
                      <stack-trace />
                    </failure>
                  </test-case>
                  <test-case description="Should handle concurrent executions without conflicts" name="Core Runner Bulletproof Tests.Error Handling and Edge Cases.Should handle concurrent executions without conflicts" time="0" asserts="0" success="False" result="Failure" executed="True">
                    <failure>
                      <message>This test should run but it did not. Most likely a setup in some parent block failed.</message>
                      <stack-trace />
                    </failure>
                  </test-case>
                </results>
              </test-suite>
              <test-suite type="TestFixture" name="Core Runner Bulletproof Tests.Performance and Reliability" executed="True" result="Failure" success="False" time="0" asserts="0" description="Core Runner Bulletproof Tests.Performance and Reliability">
                <results>
                  <test-case description="Should complete basic execution within time limits" name="Core Runner Bulletproof Tests.Performance and Reliability.Should complete basic execution within time limits" time="0" asserts="0" success="False" result="Failure" executed="True">
                    <failure>
                      <message>This test should run but it did not. Most likely a setup in some parent block failed.</message>
                      <stack-trace />
                    </failure>
                  </test-case>
                  <test-case description="Should handle auto mode within reasonable time" name="Core Runner Bulletproof Tests.Performance and Reliability.Should handle auto mode within reasonable time" time="0" asserts="0" success="False" result="Failure" executed="True">
                    <failure>
                      <message>This test should run but it did not. Most likely a setup in some parent block failed.</message>
                      <stack-trace />
                    </failure>
                  </test-case>
                  <test-case description="Should be memory efficient" name="Core Runner Bulletproof Tests.Performance and Reliability.Should be memory efficient" time="0" asserts="0" success="False" result="Failure" executed="True">
                    <failure>
                      <message>This test should run but it did not. Most likely a setup in some parent block failed.</message>
                      <stack-trace />
                    </failure>
                  </test-case>
                </results>
              </test-suite>
              <test-suite type="TestFixture" name="Core Runner Bulletproof Tests.Cross-Platform Compatibility" executed="True" result="Failure" success="False" time="0" asserts="0" description="Core Runner Bulletproof Tests.Cross-Platform Compatibility">
                <results>
                  <test-case description="Should work correctly on current platform" name="Core Runner Bulletproof Tests.Cross-Platform Compatibility.Should work correctly on current platform" time="0" asserts="0" success="False" result="Failure" executed="True">
                    <failure>
                      <message>This test should run but it did not. Most likely a setup in some parent block failed.</message>
                      <stack-trace />
                    </failure>
                  </test-case>
                  <test-case description="Should handle path separators correctly" name="Core Runner Bulletproof Tests.Cross-Platform Compatibility.Should handle path separators correctly" time="0" asserts="0" success="False" result="Failure" executed="True">
                    <failure>
                      <message>This test should run but it did not. Most likely a setup in some parent block failed.</message>
                      <stack-trace />
                    </failure>
                  </test-case>
                  <test-case description="Should use cross-platform compatible commands" name="Core Runner Bulletproof Tests.Cross-Platform Compatibility.Should use cross-platform compatible commands" time="0" asserts="0" success="False" result="Failure" executed="True">
                    <failure>
                      <message>This test should run but it did not. Most likely a setup in some parent block failed.</message>
                      <stack-trace />
                    </failure>
                  </test-case>
                </results>
              </test-suite>
              <test-suite type="TestFixture" name="Core Runner Bulletproof Tests.Integration Testing" executed="True" result="Failure" success="False" time="0" asserts="0" description="Core Runner Bulletproof Tests.Integration Testing">
                <results>
                  <test-case description="Should integrate properly with CoreApp module" name="Core Runner Bulletproof Tests.Integration Testing.Should integrate properly with CoreApp module" time="0" asserts="0" success="False" result="Failure" executed="True">
                    <failure>
                      <message>This test should run but it did not. Most likely a setup in some parent block failed.</message>
                      <stack-trace />
                    </failure>
                  </test-case>
                  <test-case description="Should work with different configuration files" name="Core Runner Bulletproof Tests.Integration Testing.Should work with different configuration files" time="0" asserts="0" success="False" result="Failure" executed="True">
                    <failure>
                      <message>This test should run but it did not. Most likely a setup in some parent block failed.</message>
                      <stack-trace />
                    </failure>
                  </test-case>
                </results>
              </test-suite>
              <test-suite type="TestFixture" name="Core Runner Bulletproof Tests.Logging and Output Validation" executed="True" result="Failure" success="False" time="0" asserts="0" description="Core Runner Bulletproof Tests.Logging and Output Validation">
                <results>
                  <test-case description="Should create proper log entries with timestamps" name="Core Runner Bulletproof Tests.Logging and Output Validation.Should create proper log entries with timestamps" time="0" asserts="0" success="False" result="Failure" executed="True">
                    <failure>
                      <message>This test should run but it did not. Most likely a setup in some parent block failed.</message>
                      <stack-trace />
                    </failure>
                  </test-case>
                  <test-case description="Should respect verbosity levels" name="Core Runner Bulletproof Tests.Logging and Output Validation.Should respect verbosity levels" time="0" asserts="0" success="False" result="Failure" executed="True">
                    <failure>
                      <message>This test should run but it did not. Most likely a setup in some parent block failed.</message>
                      <stack-trace />
                    </failure>
                  </test-case>
                  <test-case description="Should include module initialization messages" name="Core Runner Bulletproof Tests.Logging and Output Validation.Should include module initialization messages" time="0" asserts="0" success="False" result="Failure" executed="True">
                    <failure>
                      <message>This test should run but it did not. Most likely a setup in some parent block failed.</message>
                      <stack-trace />
                    </failure>
                  </test-case>
                </results>
              </test-suite>
            </results>
          </test-suite>
        </results>
      </test-suite>
      <test-suite type="TestFixture" name="/workspaces/AitherLabs/tests/unit/modules/CoreApp/CoreRunner.Tests.ps1" executed="True" result="Failure" success="False" time="1.835" asserts="0" description="/workspaces/AitherLabs/tests/unit/modules/CoreApp/CoreRunner.Tests.ps1">
        <results>
          <test-suite type="TestFixture" name="Core Runner Script Validation Tests" executed="True" result="Failure" success="False" time="0.5606" asserts="0" description="Core Runner Script Validation Tests">
            <results>
              <test-suite type="TestFixture" name="Core Runner Script Validation Tests.Script file existence and basic validation" executed="True" result="Failure" success="False" time="0.5307" asserts="0" description="Core Runner Script Validation Tests.Script file existence and basic validation">
                <results>
                  <test-case description="should have core-runner.ps1 script" name="Core Runner Script Validation Tests.Script file existence and basic validation.should have core-runner.ps1 script" time="0.3886" asserts="0" success="False" result="Failure" executed="True">
                    <failure>
                      <message>Expected path '/workspaces/AitherLabs/aither-core/core-runner.ps1' to exist, but it did not exist.</message>
                      <stack-trace>at $script:CoreRunnerScript | Should -Exist, /workspaces/AitherLabs/tests/unit/modules/CoreApp/CoreRunner.Tests.ps1:46
at Invoke-Assertion, /home/codespace/.local/share/powershell/Modules/Pester/5.7.1/Pester.psm1:8250
at Should&lt;End&gt;, /home/codespace/.local/share/powershell/Modules/Pester/5.7.1/Pester.psm1:8193
at &lt;ScriptBlock&gt;, /workspaces/AitherLabs/tests/unit/modules/CoreApp/CoreRunner.Tests.ps1:46
at &lt;ScriptBlock&gt;, /home/codespace/.local/share/powershell/Modules/Pester/5.7.1/Pester.psm1:2024
at &lt;ScriptBlock&gt;, /home/codespace/.local/share/powershell/Modules/Pester/5.7.1/Pester.psm1:1985
at Invoke-ScriptBlock, /home/codespace/.local/share/powershell/Modules/Pester/5.7.1/Pester.psm1:2157
at Invoke-TestItem, /home/codespace/.local/share/powershell/Modules/Pester/5.7.1/Pester.psm1:1199
at Invoke-Block, /home/codespace/.local/share/powershell/Modules/Pester/5.7.1/Pester.psm1:835
at &lt;ScriptBlock&gt;, /home/codespace/.local/share/powershell/Modules/Pester/5.7.1/Pester.psm1:893
at &lt;ScriptBlock&gt;, /home/codespace/.local/share/powershell/Modules/Pester/5.7.1/Pester.psm1:2024
at &lt;ScriptBlock&gt;, /home/codespace/.local/share/powershell/Modules/Pester/5.7.1/Pester.psm1:1985
at Invoke-ScriptBlock, /home/codespace/.local/share/powershell/Modules/Pester/5.7.1/Pester.psm1:2160
at Invoke-Block, /home/codespace/.local/share/powershell/Modules/Pester/5.7.1/Pester.psm1:940
at &lt;ScriptBlock&gt;, /home/codespace/.local/share/powershell/Modules/Pester/5.7.1/Pester.psm1:893
at &lt;ScriptBlock&gt;, /home/codespace/.local/share/powershell/Modules/Pester/5.7.1/Pester.psm1:2024
at &lt;ScriptBlock&gt;, /home/codespace/.local/share/powershell/Modules/Pester/5.7.1/Pester.psm1:1985
at Invoke-ScriptBlock, /home/codespace/.local/share/powershell/Modules/Pester/5.7.1/Pester.psm1:2160
at Invoke-Block, /home/codespace/.local/share/powershell/Modules/Pester/5.7.1/Pester.psm1:940
at &lt;ScriptBlock&gt;, /home/codespace/.local/share/powershell/Modules/Pester/5.7.1/Pester.psm1:893
at &lt;ScriptBlock&gt;, /home/codespace/.local/share/powershell/Modules/Pester/5.7.1/Pester.psm1:2024
at &lt;ScriptBlock&gt;, /home/codespace/.local/share/powershell/Modules/Pester/5.7.1/Pester.psm1:1985
at Invoke-ScriptBlock, /home/codespace/.local/share/powershell/Modules/Pester/5.7.1/Pester.psm1:2160
at Invoke-Block, /home/codespace/.local/share/powershell/Modules/Pester/5.7.1/Pester.psm1:940
at &lt;ScriptBlock&gt;, /home/codespace/.local/share/powershell/Modules/Pester/5.7.1/Pester.psm1:1688
at &lt;ScriptBlock&gt;, /home/codespace/.local/share/powershell/Modules/Pester/5.7.1/Pester.ps1:3
at &lt;ScriptBlock&gt;, /home/codespace/.local/share/powershell/Modules/Pester/5.7.1/Pester.psm1:3260
at Invoke-InNewScriptScope, /home/codespace/.local/share/powershell/Modules/Pester/5.7.1/Pester.psm1:3267
at Run-Test, /home/codespace/.local/share/powershell/Modules/Pester/5.7.1/Pester.psm1:1691
at Invoke-Test, /home/codespace/.local/share/powershell/Modules/Pester/5.7.1/Pester.psm1:2512
at Invoke-Pester&lt;End&gt;, /home/codespace/.local/share/powershell/Modules/Pester/5.7.1/Pester.psm1:4960</stack-trace>
                    </failure>
                  </test-case>
                  <test-case description="should have valid PowerShell syntax in core-runner.ps1" name="Core Runner Script Validation Tests.Script file existence and basic validation.should have valid PowerShell syntax in core-runner.ps1" time="0.1099" asserts="0" success="False" result="Failure" executed="True">
                    <failure>
                      <message>Expected 0, because core-runner.ps1 should have valid PowerShell syntax, but got 1.</message>
                      <stack-trace>at $errorCount | Should -Be 0 -Because 'core-runner.ps1 should have valid PowerShell syntax', /workspaces/AitherLabs/tests/unit/modules/CoreApp/CoreRunner.Tests.ps1:54
at Invoke-Assertion, /home/codespace/.local/share/powershell/Modules/Pester/5.7.1/Pester.psm1:8250
at Should&lt;End&gt;, /home/codespace/.local/share/powershell/Modules/Pester/5.7.1/Pester.psm1:8189
at &lt;ScriptBlock&gt;, /workspaces/AitherLabs/tests/unit/modules/CoreApp/CoreRunner.Tests.ps1:54
at &lt;ScriptBlock&gt;, /home/codespace/.local/share/powershell/Modules/Pester/5.7.1/Pester.psm1:2024
at &lt;ScriptBlock&gt;, /home/codespace/.local/share/powershell/Modules/Pester/5.7.1/Pester.psm1:1985
at Invoke-ScriptBlock, /home/codespace/.local/share/powershell/Modules/Pester/5.7.1/Pester.psm1:2157
at Invoke-TestItem, /home/codespace/.local/share/powershell/Modules/Pester/5.7.1/Pester.psm1:1199
at Invoke-Block, /home/codespace/.local/share/powershell/Modules/Pester/5.7.1/Pester.psm1:835
at &lt;ScriptBlock&gt;, /home/codespace/.local/share/powershell/Modules/Pester/5.7.1/Pester.psm1:893
at &lt;ScriptBlock&gt;, /home/codespace/.local/share/powershell/Modules/Pester/5.7.1/Pester.psm1:2024
at &lt;ScriptBlock&gt;, /home/codespace/.local/share/powershell/Modules/Pester/5.7.1/Pester.psm1:1985
at Invoke-ScriptBlock, /home/codespace/.local/share/powershell/Modules/Pester/5.7.1/Pester.psm1:2160
at Invoke-Block, /home/codespace/.local/share/powershell/Modules/Pester/5.7.1/Pester.psm1:940
at &lt;ScriptBlock&gt;, /home/codespace/.local/share/powershell/Modules/Pester/5.7.1/Pester.psm1:893
at &lt;ScriptBlock&gt;, /home/codespace/.local/share/powershell/Modules/Pester/5.7.1/Pester.psm1:2024
at &lt;ScriptBlock&gt;, /home/codespace/.local/share/powershell/Modules/Pester/5.7.1/Pester.psm1:1985
at Invoke-ScriptBlock, /home/codespace/.local/share/powershell/Modules/Pester/5.7.1/Pester.psm1:2160
at Invoke-Block, /home/codespace/.local/share/powershell/Modules/Pester/5.7.1/Pester.psm1:940
at &lt;ScriptBlock&gt;, /home/codespace/.local/share/powershell/Modules/Pester/5.7.1/Pester.psm1:893
at &lt;ScriptBlock&gt;, /home/codespace/.local/share/powershell/Modules/Pester/5.7.1/Pester.psm1:2024
at &lt;ScriptBlock&gt;, /home/codespace/.local/share/powershell/Modules/Pester/5.7.1/Pester.psm1:1985
at Invoke-ScriptBlock, /home/codespace/.local/share/powershell/Modules/Pester/5.7.1/Pester.psm1:2160
at Invoke-Block, /home/codespace/.local/share/powershell/Modules/Pester/5.7.1/Pester.psm1:940
at &lt;ScriptBlock&gt;, /home/codespace/.local/share/powershell/Modules/Pester/5.7.1/Pester.psm1:1688
at &lt;ScriptBlock&gt;, /home/codespace/.local/share/powershell/Modules/Pester/5.7.1/Pester.ps1:3
at &lt;ScriptBlock&gt;, /home/codespace/.local/share/powershell/Modules/Pester/5.7.1/Pester.psm1:3260
at Invoke-InNewScriptScope, /home/codespace/.local/share/powershell/Modules/Pester/5.7.1/Pester.psm1:3267
at Run-Test, /home/codespace/.local/share/powershell/Modules/Pester/5.7.1/Pester.psm1:1691
at Invoke-Test, /home/codespace/.local/share/powershell/Modules/Pester/5.7.1/Pester.psm1:2512
at Invoke-Pester&lt;End&gt;, /home/codespace/.local/share/powershell/Modules/Pester/5.7.1/Pester.psm1:4960</stack-trace>
                    </failure>
                  </test-case>
                </results>
              </test-suite>
            </results>
          </test-suite>
          <test-suite type="TestFixture" name="Core Runner Script Structure Tests" executed="True" result="Failure" success="False" time="0.8506" asserts="0" description="Core Runner Script Structure Tests">
            <results>
              <test-suite type="TestFixture" name="Core Runner Script Structure Tests.core-runner.ps1 structure validation" executed="True" result="Failure" success="False" time="0.2832" asserts="0" description="Core Runner Script Structure Tests.core-runner.ps1 structure validation">
                <results>
                  <test-case description="should require PowerShell 7.0 or later" name="Core Runner Script Structure Tests.core-runner.ps1 structure validation.should require PowerShell 7.0 or later" time="0.0839" asserts="0" success="False" result="Failure" executed="True">
                    <failure>
                      <message>Expected regular expression '#Requires -Version 7\.0' to match $null, because Script should require PowerShell 7.0+, but it did not match.</message>
                      <stack-trace>at $script:CoreRunnerContent | Should -Match '#Requires -Version 7\.0' -Because 'Script should require PowerShell 7.0+', /workspaces/AitherLabs/tests/unit/modules/CoreApp/CoreRunner.Tests.ps1:68
at Invoke-Assertion, /home/codespace/.local/share/powershell/Modules/Pester/5.7.1/Pester.psm1:8250
at Should&lt;End&gt;, /home/codespace/.local/share/powershell/Modules/Pester/5.7.1/Pester.psm1:8186
at &lt;ScriptBlock&gt;, /workspaces/AitherLabs/tests/unit/modules/CoreApp/CoreRunner.Tests.ps1:68
at &lt;ScriptBlock&gt;, /home/codespace/.local/share/powershell/Modules/Pester/5.7.1/Pester.psm1:2024
at &lt;ScriptBlock&gt;, /home/codespace/.local/share/powershell/Modules/Pester/5.7.1/Pester.psm1:1985
at Invoke-ScriptBlock, /home/codespace/.local/share/powershell/Modules/Pester/5.7.1/Pester.psm1:2157
at Invoke-TestItem, /home/codespace/.local/share/powershell/Modules/Pester/5.7.1/Pester.psm1:1199
at Invoke-Block, /home/codespace/.local/share/powershell/Modules/Pester/5.7.1/Pester.psm1:835
at &lt;ScriptBlock&gt;, /home/codespace/.local/share/powershell/Modules/Pester/5.7.1/Pester.psm1:893
at &lt;ScriptBlock&gt;, /home/codespace/.local/share/powershell/Modules/Pester/5.7.1/Pester.psm1:2024
at &lt;ScriptBlock&gt;, /home/codespace/.local/share/powershell/Modules/Pester/5.7.1/Pester.psm1:1985
at Invoke-ScriptBlock, /home/codespace/.local/share/powershell/Modules/Pester/5.7.1/Pester.psm1:2160
at Invoke-Block, /home/codespace/.local/share/powershell/Modules/Pester/5.7.1/Pester.psm1:940
at &lt;ScriptBlock&gt;, /home/codespace/.local/share/powershell/Modules/Pester/5.7.1/Pester.psm1:893
at &lt;ScriptBlock&gt;, /home/codespace/.local/share/powershell/Modules/Pester/5.7.1/Pester.psm1:2024
at &lt;ScriptBlock&gt;, /home/codespace/.local/share/powershell/Modules/Pester/5.7.1/Pester.psm1:1985
at Invoke-ScriptBlock, /home/codespace/.local/share/powershell/Modules/Pester/5.7.1/Pester.psm1:2160
at Invoke-Block, /home/codespace/.local/share/powershell/Modules/Pester/5.7.1/Pester.psm1:940
at &lt;ScriptBlock&gt;, /home/codespace/.local/share/powershell/Modules/Pester/5.7.1/Pester.psm1:893
at &lt;ScriptBlock&gt;, /home/codespace/.local/share/powershell/Modules/Pester/5.7.1/Pester.psm1:2024
at &lt;ScriptBlock&gt;, /home/codespace/.local/share/powershell/Modules/Pester/5.7.1/Pester.psm1:1985
at Invoke-ScriptBlock, /home/codespace/.local/share/powershell/Modules/Pester/5.7.1/Pester.psm1:2160
at Invoke-Block, /home/codespace/.local/share/powershell/Modules/Pester/5.7.1/Pester.psm1:940
at &lt;ScriptBlock&gt;, /home/codespace/.local/share/powershell/Modules/Pester/5.7.1/Pester.psm1:1688
at &lt;ScriptBlock&gt;, /home/codespace/.local/share/powershell/Modules/Pester/5.7.1/Pester.ps1:3
at &lt;ScriptBlock&gt;, /home/codespace/.local/share/powershell/Modules/Pester/5.7.1/Pester.psm1:3260
at Invoke-InNewScriptScope, /home/codespace/.local/share/powershell/Modules/Pester/5.7.1/Pester.psm1:3267
at Run-Test, /home/codespace/.local/share/powershell/Modules/Pester/5.7.1/Pester.psm1:1691
at Invoke-Test, /home/codespace/.local/share/powershell/Modules/Pester/5.7.1/Pester.psm1:2512
at Invoke-Pester&lt;End&gt;, /home/codespace/.local/share/powershell/Modules/Pester/5.7.1/Pester.psm1:4960</stack-trace>
                    </failure>
                  </test-case>
                  <test-case description="should have proper CmdletBinding with SupportsShouldProcess" name="Core Runner Script Structure Tests.core-runner.ps1 structure validation.should have proper CmdletBinding with SupportsShouldProcess" time="0.0318" asserts="0" success="False" result="Failure" executed="True">
                    <failure>
                      <message>Expected regular expression '\[CmdletBinding\([^)]*SupportsShouldProcess[^)]*\)\]' to match $null, because Script should support -WhatIf parameter, but it did not match.</message>
                      <stack-trace>at $script:CoreRunnerContent | Should -Match '\[CmdletBinding\([^)]*SupportsShouldProcess[^)]*\)\]' -Because 'Script should support -WhatIf parameter', /workspaces/AitherLabs/tests/unit/modules/CoreApp/CoreRunner.Tests.ps1:72
at Invoke-Assertion, /home/codespace/.local/share/powershell/Modules/Pester/5.7.1/Pester.psm1:8250
at Should&lt;End&gt;, /home/codespace/.local/share/powershell/Modules/Pester/5.7.1/Pester.psm1:8186
at &lt;ScriptBlock&gt;, /workspaces/AitherLabs/tests/unit/modules/CoreApp/CoreRunner.Tests.ps1:72
at &lt;ScriptBlock&gt;, /home/codespace/.local/share/powershell/Modules/Pester/5.7.1/Pester.psm1:2024
at &lt;ScriptBlock&gt;, /home/codespace/.local/share/powershell/Modules/Pester/5.7.1/Pester.psm1:1985
at Invoke-ScriptBlock, /home/codespace/.local/share/powershell/Modules/Pester/5.7.1/Pester.psm1:2157
at Invoke-TestItem, /home/codespace/.local/share/powershell/Modules/Pester/5.7.1/Pester.psm1:1199
at Invoke-Block, /home/codespace/.local/share/powershell/Modules/Pester/5.7.1/Pester.psm1:835
at &lt;ScriptBlock&gt;, /home/codespace/.local/share/powershell/Modules/Pester/5.7.1/Pester.psm1:893
at &lt;ScriptBlock&gt;, /home/codespace/.local/share/powershell/Modules/Pester/5.7.1/Pester.psm1:2024
at &lt;ScriptBlock&gt;, /home/codespace/.local/share/powershell/Modules/Pester/5.7.1/Pester.psm1:1985
at Invoke-ScriptBlock, /home/codespace/.local/share/powershell/Modules/Pester/5.7.1/Pester.psm1:2160
at Invoke-Block, /home/codespace/.local/share/powershell/Modules/Pester/5.7.1/Pester.psm1:940
at &lt;ScriptBlock&gt;, /home/codespace/.local/share/powershell/Modules/Pester/5.7.1/Pester.psm1:893
at &lt;ScriptBlock&gt;, /home/codespace/.local/share/powershell/Modules/Pester/5.7.1/Pester.psm1:2024
at &lt;ScriptBlock&gt;, /home/codespace/.local/share/powershell/Modules/Pester/5.7.1/Pester.psm1:1985
at Invoke-ScriptBlock, /home/codespace/.local/share/powershell/Modules/Pester/5.7.1/Pester.psm1:2160
at Invoke-Block, /home/codespace/.local/share/powershell/Modules/Pester/5.7.1/Pester.psm1:940
at &lt;ScriptBlock&gt;, /home/codespace/.local/share/powershell/Modules/Pester/5.7.1/Pester.psm1:893
at &lt;ScriptBlock&gt;, /home/codespace/.local/share/powershell/Modules/Pester/5.7.1/Pester.psm1:2024
at &lt;ScriptBlock&gt;, /home/codespace/.local/share/powershell/Modules/Pester/5.7.1/Pester.psm1:1985
at Invoke-ScriptBlock, /home/codespace/.local/share/powershell/Modules/Pester/5.7.1/Pester.psm1:2160
at Invoke-Block, /home/codespace/.local/share/powershell/Modules/Pester/5.7.1/Pester.psm1:940
at &lt;ScriptBlock&gt;, /home/codespace/.local/share/powershell/Modules/Pester/5.7.1/Pester.psm1:1688
at &lt;ScriptBlock&gt;, /home/codespace/.local/share/powershell/Modules/Pester/5.7.1/Pester.ps1:3
at &lt;ScriptBlock&gt;, /home/codespace/.local/share/powershell/Modules/Pester/5.7.1/Pester.psm1:3260
at Invoke-InNewScriptScope, /home/codespace/.local/share/powershell/Modules/Pester/5.7.1/Pester.psm1:3267
at Run-Test, /home/codespace/.local/share/powershell/Modules/Pester/5.7.1/Pester.psm1:1691
at Invoke-Test, /home/codespace/.local/share/powershell/Modules/Pester/5.7.1/Pester.psm1:2512
at Invoke-Pester&lt;End&gt;, /home/codespace/.local/share/powershell/Modules/Pester/5.7.1/Pester.psm1:4960</stack-trace>
                    </failure>
                  </test-case>
                  <test-case description="should have comprehensive parameter definitions" name="Core Runner Script Structure Tests.core-runner.ps1 structure validation.should have comprehensive parameter definitions" time="0.0499" asserts="0" success="False" result="Failure" executed="True">
                    <failure>
                      <message>Expected regular expression 'param\s*\(' to match $null, because Script should have parameter block, but it did not match.</message>
                      <stack-trace>at $script:CoreRunnerContent | Should -Match 'param\s*\(' -Because 'Script should have parameter block', /workspaces/AitherLabs/tests/unit/modules/CoreApp/CoreRunner.Tests.ps1:76
at Invoke-Assertion, /home/codespace/.local/share/powershell/Modules/Pester/5.7.1/Pester.psm1:8250
at Should&lt;End&gt;, /home/codespace/.local/share/powershell/Modules/Pester/5.7.1/Pester.psm1:8186
at &lt;ScriptBlock&gt;, /workspaces/AitherLabs/tests/unit/modules/CoreApp/CoreRunner.Tests.ps1:76
at &lt;ScriptBlock&gt;, /home/codespace/.local/share/powershell/Modules/Pester/5.7.1/Pester.psm1:2024
at &lt;ScriptBlock&gt;, /home/codespace/.local/share/powershell/Modules/Pester/5.7.1/Pester.psm1:1985
at Invoke-ScriptBlock, /home/codespace/.local/share/powershell/Modules/Pester/5.7.1/Pester.psm1:2157
at Invoke-TestItem, /home/codespace/.local/share/powershell/Modules/Pester/5.7.1/Pester.psm1:1199
at Invoke-Block, /home/codespace/.local/share/powershell/Modules/Pester/5.7.1/Pester.psm1:835
at &lt;ScriptBlock&gt;, /home/codespace/.local/share/powershell/Modules/Pester/5.7.1/Pester.psm1:893
at &lt;ScriptBlock&gt;, /home/codespace/.local/share/powershell/Modules/Pester/5.7.1/Pester.psm1:2024
at &lt;ScriptBlock&gt;, /home/codespace/.local/share/powershell/Modules/Pester/5.7.1/Pester.psm1:1985
at Invoke-ScriptBlock, /home/codespace/.local/share/powershell/Modules/Pester/5.7.1/Pester.psm1:2160
at Invoke-Block, /home/codespace/.local/share/powershell/Modules/Pester/5.7.1/Pester.psm1:940
at &lt;ScriptBlock&gt;, /home/codespace/.local/share/powershell/Modules/Pester/5.7.1/Pester.psm1:893
at &lt;ScriptBlock&gt;, /home/codespace/.local/share/powershell/Modules/Pester/5.7.1/Pester.psm1:2024
at &lt;ScriptBlock&gt;, /home/codespace/.local/share/powershell/Modules/Pester/5.7.1/Pester.psm1:1985
at Invoke-ScriptBlock, /home/codespace/.local/share/powershell/Modules/Pester/5.7.1/Pester.psm1:2160
at Invoke-Block, /home/codespace/.local/share/powershell/Modules/Pester/5.7.1/Pester.psm1:940
at &lt;ScriptBlock&gt;, /home/codespace/.local/share/powershell/Modules/Pester/5.7.1/Pester.psm1:893
at &lt;ScriptBlock&gt;, /home/codespace/.local/share/powershell/Modules/Pester/5.7.1/Pester.psm1:2024
at &lt;ScriptBlock&gt;, /home/codespace/.local/share/powershell/Modules/Pester/5.7.1/Pester.psm1:1985
at Invoke-ScriptBlock, /home/codespace/.local/share/powershell/Modules/Pester/5.7.1/Pester.psm1:2160
at Invoke-Block, /home/codespace/.local/share/powershell/Modules/Pester/5.7.1/Pester.psm1:940
at &lt;ScriptBlock&gt;, /home/codespace/.local/share/powershell/Modules/Pester/5.7.1/Pester.psm1:1688
at &lt;ScriptBlock&gt;, /home/codespace/.local/share/powershell/Modules/Pester/5.7.1/Pester.ps1:3
at &lt;ScriptBlock&gt;, /home/codespace/.local/share/powershell/Modules/Pester/5.7.1/Pester.psm1:3260
at Invoke-InNewScriptScope, /home/codespace/.local/share/powershell/Modules/Pester/5.7.1/Pester.psm1:3267
at Run-Test, /home/codespace/.local/share/powershell/Modules/Pester/5.7.1/Pester.psm1:1691
at Invoke-Test, /home/codespace/.local/share/powershell/Modules/Pester/5.7.1/Pester.psm1:2512
at Invoke-Pester&lt;End&gt;, /home/codespace/.local/share/powershell/Modules/Pester/5.7.1/Pester.psm1:4960</stack-trace>
                    </failure>
                  </test-case>
                  <test-case description="should have expected parameters" name="Core Runner Script Structure Tests.core-runner.ps1 structure validation.should have expected parameters" time="0.0347" asserts="0" success="False" result="Failure" executed="True">
                    <failure>
                      <message>Expected regular expression '\$Quiet' to match $null, because Script should have Quiet parameter, but it did not match.</message>
                      <stack-trace>at $script:CoreRunnerContent | Should -Match "\`$$param" -Because "Script should have $param parameter", /workspaces/AitherLabs/tests/unit/modules/CoreApp/CoreRunner.Tests.ps1:90
at Invoke-Assertion, /home/codespace/.local/share/powershell/Modules/Pester/5.7.1/Pester.psm1:8250
at Should&lt;End&gt;, /home/codespace/.local/share/powershell/Modules/Pester/5.7.1/Pester.psm1:8186
at &lt;ScriptBlock&gt;, /workspaces/AitherLabs/tests/unit/modules/CoreApp/CoreRunner.Tests.ps1:90
at &lt;ScriptBlock&gt;, /home/codespace/.local/share/powershell/Modules/Pester/5.7.1/Pester.psm1:2024
at &lt;ScriptBlock&gt;, /home/codespace/.local/share/powershell/Modules/Pester/5.7.1/Pester.psm1:1985
at Invoke-ScriptBlock, /home/codespace/.local/share/powershell/Modules/Pester/5.7.1/Pester.psm1:2157
at Invoke-TestItem, /home/codespace/.local/share/powershell/Modules/Pester/5.7.1/Pester.psm1:1199
at Invoke-Block, /home/codespace/.local/share/powershell/Modules/Pester/5.7.1/Pester.psm1:835
at &lt;ScriptBlock&gt;, /home/codespace/.local/share/powershell/Modules/Pester/5.7.1/Pester.psm1:893
at &lt;ScriptBlock&gt;, /home/codespace/.local/share/powershell/Modules/Pester/5.7.1/Pester.psm1:2024
at &lt;ScriptBlock&gt;, /home/codespace/.local/share/powershell/Modules/Pester/5.7.1/Pester.psm1:1985
at Invoke-ScriptBlock, /home/codespace/.local/share/powershell/Modules/Pester/5.7.1/Pester.psm1:2160
at Invoke-Block, /home/codespace/.local/share/powershell/Modules/Pester/5.7.1/Pester.psm1:940
at &lt;ScriptBlock&gt;, /home/codespace/.local/share/powershell/Modules/Pester/5.7.1/Pester.psm1:893
at &lt;ScriptBlock&gt;, /home/codespace/.local/share/powershell/Modules/Pester/5.7.1/Pester.psm1:2024
at &lt;ScriptBlock&gt;, /home/codespace/.local/share/powershell/Modules/Pester/5.7.1/Pester.psm1:1985
at Invoke-ScriptBlock, /home/codespace/.local/share/powershell/Modules/Pester/5.7.1/Pester.psm1:2160
at Invoke-Block, /home/codespace/.local/share/powershell/Modules/Pester/5.7.1/Pester.psm1:940
at &lt;ScriptBlock&gt;, /home/codespace/.local/share/powershell/Modules/Pester/5.7.1/Pester.psm1:893
at &lt;ScriptBlock&gt;, /home/codespace/.local/share/powershell/Modules/Pester/5.7.1/Pester.psm1:2024
at &lt;ScriptBlock&gt;, /home/codespace/.local/share/powershell/Modules/Pester/5.7.1/Pester.psm1:1985
at Invoke-ScriptBlock, /home/codespace/.local/share/powershell/Modules/Pester/5.7.1/Pester.psm1:2160
at Invoke-Block, /home/codespace/.local/share/powershell/Modules/Pester/5.7.1/Pester.psm1:940
at &lt;ScriptBlock&gt;, /home/codespace/.local/share/powershell/Modules/Pester/5.7.1/Pester.psm1:1688
at &lt;ScriptBlock&gt;, /home/codespace/.local/share/powershell/Modules/Pester/5.7.1/Pester.ps1:3
at &lt;ScriptBlock&gt;, /home/codespace/.local/share/powershell/Modules/Pester/5.7.1/Pester.psm1:3260
at Invoke-InNewScriptScope, /home/codespace/.local/share/powershell/Modules/Pester/5.7.1/Pester.psm1:3267
at Run-Test, /home/codespace/.local/share/powershell/Modules/Pester/5.7.1/Pester.psm1:1691
at Invoke-Test, /home/codespace/.local/share/powershell/Modules/Pester/5.7.1/Pester.psm1:2512
at Invoke-Pester&lt;End&gt;, /home/codespace/.local/share/powershell/Modules/Pester/5.7.1/Pester.psm1:4960</stack-trace>
                    </failure>
                  </test-case>
                  <test-case description="should have parameter validation attributes" name="Core Runner Script Structure Tests.core-runner.ps1 structure validation.should have parameter validation attributes" time="0.0294" asserts="0" success="False" result="Failure" executed="True">
                    <failure>
                      <message>Expected regular expression '\[ValidateSet\(' to match $null, because Script should use ValidateSet for constrained parameters, but it did not match.</message>
                      <stack-trace>at $script:CoreRunnerContent | Should -Match '\[ValidateSet\(' -Because 'Script should use ValidateSet for constrained parameters', /workspaces/AitherLabs/tests/unit/modules/CoreApp/CoreRunner.Tests.ps1:95
at Invoke-Assertion, /home/codespace/.local/share/powershell/Modules/Pester/5.7.1/Pester.psm1:8250
at Should&lt;End&gt;, /home/codespace/.local/share/powershell/Modules/Pester/5.7.1/Pester.psm1:8186
at &lt;ScriptBlock&gt;, /workspaces/AitherLabs/tests/unit/modules/CoreApp/CoreRunner.Tests.ps1:95
at &lt;ScriptBlock&gt;, /home/codespace/.local/share/powershell/Modules/Pester/5.7.1/Pester.psm1:2024
at &lt;ScriptBlock&gt;, /home/codespace/.local/share/powershell/Modules/Pester/5.7.1/Pester.psm1:1985
at Invoke-ScriptBlock, /home/codespace/.local/share/powershell/Modules/Pester/5.7.1/Pester.psm1:2157
at Invoke-TestItem, /home/codespace/.local/share/powershell/Modules/Pester/5.7.1/Pester.psm1:1199
at Invoke-Block, /home/codespace/.local/share/powershell/Modules/Pester/5.7.1/Pester.psm1:835
at &lt;ScriptBlock&gt;, /home/codespace/.local/share/powershell/Modules/Pester/5.7.1/Pester.psm1:893
at &lt;ScriptBlock&gt;, /home/codespace/.local/share/powershell/Modules/Pester/5.7.1/Pester.psm1:2024
at &lt;ScriptBlock&gt;, /home/codespace/.local/share/powershell/Modules/Pester/5.7.1/Pester.psm1:1985
at Invoke-ScriptBlock, /home/codespace/.local/share/powershell/Modules/Pester/5.7.1/Pester.psm1:2160
at Invoke-Block, /home/codespace/.local/share/powershell/Modules/Pester/5.7.1/Pester.psm1:940
at &lt;ScriptBlock&gt;, /home/codespace/.local/share/powershell/Modules/Pester/5.7.1/Pester.psm1:893
at &lt;ScriptBlock&gt;, /home/codespace/.local/share/powershell/Modules/Pester/5.7.1/Pester.psm1:2024
at &lt;ScriptBlock&gt;, /home/codespace/.local/share/powershell/Modules/Pester/5.7.1/Pester.psm1:1985
at Invoke-ScriptBlock, /home/codespace/.local/share/powershell/Modules/Pester/5.7.1/Pester.psm1:2160
at Invoke-Block, /home/codespace/.local/share/powershell/Modules/Pester/5.7.1/Pester.psm1:940
at &lt;ScriptBlock&gt;, /home/codespace/.local/share/powershell/Modules/Pester/5.7.1/Pester.psm1:893
at &lt;ScriptBlock&gt;, /home/codespace/.local/share/powershell/Modules/Pester/5.7.1/Pester.psm1:2024
at &lt;ScriptBlock&gt;, /home/codespace/.local/share/powershell/Modules/Pester/5.7.1/Pester.psm1:1985
at Invoke-ScriptBlock, /home/codespace/.local/share/powershell/Modules/Pester/5.7.1/Pester.psm1:2160
at Invoke-Block, /home/codespace/.local/share/powershell/Modules/Pester/5.7.1/Pester.psm1:940
at &lt;ScriptBlock&gt;, /home/codespace/.local/share/powershell/Modules/Pester/5.7.1/Pester.psm1:1688
at &lt;ScriptBlock&gt;, /home/codespace/.local/share/powershell/Modules/Pester/5.7.1/Pester.ps1:3
at &lt;ScriptBlock&gt;, /home/codespace/.local/share/powershell/Modules/Pester/5.7.1/Pester.psm1:3260
at Invoke-InNewScriptScope, /home/codespace/.local/share/powershell/Modules/Pester/5.7.1/Pester.psm1:3267
at Run-Test, /home/codespace/.local/share/powershell/Modules/Pester/5.7.1/Pester.psm1:1691
at Invoke-Test, /home/codespace/.local/share/powershell/Modules/Pester/5.7.1/Pester.psm1:2512
at Invoke-Pester&lt;End&gt;, /home/codespace/.local/share/powershell/Modules/Pester/5.7.1/Pester.psm1:4960</stack-trace>
                    </failure>
                  </test-case>
                  <test-case description="should have comprehensive help documentation" name="Core Runner Script Structure Tests.core-runner.ps1 structure validation.should have comprehensive help documentation" time="0.0297" asserts="0" success="False" result="Failure" executed="True">
                    <failure>
                      <message>Expected regular expression '\.SYNOPSIS' to match $null, because Script should have synopsis documentation, but it did not match.</message>
                      <stack-trace>at $script:CoreRunnerContent | Should -Match '\.SYNOPSIS' -Because 'Script should have synopsis documentation', /workspaces/AitherLabs/tests/unit/modules/CoreApp/CoreRunner.Tests.ps1:99
at Invoke-Assertion, /home/codespace/.local/share/powershell/Modules/Pester/5.7.1/Pester.psm1:8250
at Should&lt;End&gt;, /home/codespace/.local/share/powershell/Modules/Pester/5.7.1/Pester.psm1:8186
at &lt;ScriptBlock&gt;, /workspaces/AitherLabs/tests/unit/modules/CoreApp/CoreRunner.Tests.ps1:99
at &lt;ScriptBlock&gt;, /home/codespace/.local/share/powershell/Modules/Pester/5.7.1/Pester.psm1:2024
at &lt;ScriptBlock&gt;, /home/codespace/.local/share/powershell/Modules/Pester/5.7.1/Pester.psm1:1985
at Invoke-ScriptBlock, /home/codespace/.local/share/powershell/Modules/Pester/5.7.1/Pester.psm1:2157
at Invoke-TestItem, /home/codespace/.local/share/powershell/Modules/Pester/5.7.1/Pester.psm1:1199
at Invoke-Block, /home/codespace/.local/share/powershell/Modules/Pester/5.7.1/Pester.psm1:835
at &lt;ScriptBlock&gt;, /home/codespace/.local/share/powershell/Modules/Pester/5.7.1/Pester.psm1:893
at &lt;ScriptBlock&gt;, /home/codespace/.local/share/powershell/Modules/Pester/5.7.1/Pester.psm1:2024
at &lt;ScriptBlock&gt;, /home/codespace/.local/share/powershell/Modules/Pester/5.7.1/Pester.psm1:1985
at Invoke-ScriptBlock, /home/codespace/.local/share/powershell/Modules/Pester/5.7.1/Pester.psm1:2160
at Invoke-Block, /home/codespace/.local/share/powershell/Modules/Pester/5.7.1/Pester.psm1:940
at &lt;ScriptBlock&gt;, /home/codespace/.local/share/powershell/Modules/Pester/5.7.1/Pester.psm1:893
at &lt;ScriptBlock&gt;, /home/codespace/.local/share/powershell/Modules/Pester/5.7.1/Pester.psm1:2024
at &lt;ScriptBlock&gt;, /home/codespace/.local/share/powershell/Modules/Pester/5.7.1/Pester.psm1:1985
at Invoke-ScriptBlock, /home/codespace/.local/share/powershell/Modules/Pester/5.7.1/Pester.psm1:2160
at Invoke-Block, /home/codespace/.local/share/powershell/Modules/Pester/5.7.1/Pester.psm1:940
at &lt;ScriptBlock&gt;, /home/codespace/.local/share/powershell/Modules/Pester/5.7.1/Pester.psm1:893
at &lt;ScriptBlock&gt;, /home/codespace/.local/share/powershell/Modules/Pester/5.7.1/Pester.psm1:2024
at &lt;ScriptBlock&gt;, /home/codespace/.local/share/powershell/Modules/Pester/5.7.1/Pester.psm1:1985
at Invoke-ScriptBlock, /home/codespace/.local/share/powershell/Modules/Pester/5.7.1/Pester.psm1:2160
at Invoke-Block, /home/codespace/.local/share/powershell/Modules/Pester/5.7.1/Pester.psm1:940
at &lt;ScriptBlock&gt;, /home/codespace/.local/share/powershell/Modules/Pester/5.7.1/Pester.psm1:1688
at &lt;ScriptBlock&gt;, /home/codespace/.local/share/powershell/Modules/Pester/5.7.1/Pester.ps1:3
at &lt;ScriptBlock&gt;, /home/codespace/.local/share/powershell/Modules/Pester/5.7.1/Pester.psm1:3260
at Invoke-InNewScriptScope, /home/codespace/.local/share/powershell/Modules/Pester/5.7.1/Pester.psm1:3267
at Run-Test, /home/codespace/.local/share/powershell/Modules/Pester/5.7.1/Pester.psm1:1691
at Invoke-Test, /home/codespace/.local/share/powershell/Modules/Pester/5.7.1/Pester.psm1:2512
at Invoke-Pester&lt;End&gt;, /home/codespace/.local/share/powershell/Modules/Pester/5.7.1/Pester.psm1:4960</stack-trace>
                    </failure>
                  </test-case>
                </results>
              </test-suite>
            </results>
          </test-suite>
          <test-suite type="TestFixture" name="Core Runner Parameter Validation Tests" executed="True" result="Failure" success="False" time="1.2481" asserts="0" description="Core Runner Parameter Validation Tests">
            <results>
              <test-suite type="TestFixture" name="Core Runner Parameter Validation Tests.core-runner.ps1 parameter validation" executed="True" result="Failure" success="False" time="0.3919" asserts="0" description="Core Runner Parameter Validation Tests.core-runner.ps1 parameter validation">
                <results>
                  <test-case description="should accept Quiet parameter as switch" name="Core Runner Parameter Validation Tests.core-runner.ps1 parameter validation.should accept Quiet parameter as switch" time="0.0396" asserts="0" success="False" result="Failure" executed="True">
                    <failure>
                      <message>Expected no exception to be thrown, but an exception "The term '/workspaces/AitherLabs/aither-core/core-runner.ps1' is not recognized as a name of a cmdlet, function, script file, or executable program.
Check the spelling of the name, or if a path was included, verify that the path is correct and try again." was thrown from /workspaces/AitherLabs/tests/unit/modules/CoreApp/CoreRunner.Tests.ps1:109 char:17
    +             { &amp; $script:CoreRunnerScript -Quiet -Scripts "0200_Get-Sy …
    +                 ~~~~~~~~~~~~~~~~~~~~~~~~.</message>
                      <stack-trace>at { &amp; $script:CoreRunnerScript -Quiet -Scripts "0200_Get-SystemInfo" -WhatIf } | Should -Not -Throw, /workspaces/AitherLabs/tests/unit/modules/CoreApp/CoreRunner.Tests.ps1:109
at Invoke-Assertion, /home/codespace/.local/share/powershell/Modules/Pester/5.7.1/Pester.psm1:8250
at Should&lt;End&gt;, /home/codespace/.local/share/powershell/Modules/Pester/5.7.1/Pester.psm1:8193
at &lt;ScriptBlock&gt;, /workspaces/AitherLabs/tests/unit/modules/CoreApp/CoreRunner.Tests.ps1:109
at &lt;ScriptBlock&gt;, /home/codespace/.local/share/powershell/Modules/Pester/5.7.1/Pester.psm1:2024
at &lt;ScriptBlock&gt;, /home/codespace/.local/share/powershell/Modules/Pester/5.7.1/Pester.psm1:1985
at Invoke-ScriptBlock, /home/codespace/.local/share/powershell/Modules/Pester/5.7.1/Pester.psm1:2157
at Invoke-TestItem, /home/codespace/.local/share/powershell/Modules/Pester/5.7.1/Pester.psm1:1199
at Invoke-Block, /home/codespace/.local/share/powershell/Modules/Pester/5.7.1/Pester.psm1:835
at &lt;ScriptBlock&gt;, /home/codespace/.local/share/powershell/Modules/Pester/5.7.1/Pester.psm1:893
at &lt;ScriptBlock&gt;, /home/codespace/.local/share/powershell/Modules/Pester/5.7.1/Pester.psm1:2024
at &lt;ScriptBlock&gt;, /home/codespace/.local/share/powershell/Modules/Pester/5.7.1/Pester.psm1:1985
at Invoke-ScriptBlock, /home/codespace/.local/share/powershell/Modules/Pester/5.7.1/Pester.psm1:2160
at Invoke-Block, /home/codespace/.local/share/powershell/Modules/Pester/5.7.1/Pester.psm1:940
at &lt;ScriptBlock&gt;, /home/codespace/.local/share/powershell/Modules/Pester/5.7.1/Pester.psm1:893
at &lt;ScriptBlock&gt;, /home/codespace/.local/share/powershell/Modules/Pester/5.7.1/Pester.psm1:2024
at &lt;ScriptBlock&gt;, /home/codespace/.local/share/powershell/Modules/Pester/5.7.1/Pester.psm1:1985
at Invoke-ScriptBlock, /home/codespace/.local/share/powershell/Modules/Pester/5.7.1/Pester.psm1:2160
at Invoke-Block, /home/codespace/.local/share/powershell/Modules/Pester/5.7.1/Pester.psm1:940
at &lt;ScriptBlock&gt;, /home/codespace/.local/share/powershell/Modules/Pester/5.7.1/Pester.psm1:893
at &lt;ScriptBlock&gt;, /home/codespace/.local/share/powershell/Modules/Pester/5.7.1/Pester.psm1:2024
at &lt;ScriptBlock&gt;, /home/codespace/.local/share/powershell/Modules/Pester/5.7.1/Pester.psm1:1985
at Invoke-ScriptBlock, /home/codespace/.local/share/powershell/Modules/Pester/5.7.1/Pester.psm1:2160
at Invoke-Block, /home/codespace/.local/share/powershell/Modules/Pester/5.7.1/Pester.psm1:940
at &lt;ScriptBlock&gt;, /home/codespace/.local/share/powershell/Modules/Pester/5.7.1/Pester.psm1:1688
at &lt;ScriptBlock&gt;, /home/codespace/.local/share/powershell/Modules/Pester/5.7.1/Pester.ps1:3
at &lt;ScriptBlock&gt;, /home/codespace/.local/share/powershell/Modules/Pester/5.7.1/Pester.psm1:3260
at Invoke-InNewScriptScope, /home/codespace/.local/share/powershell/Modules/Pester/5.7.1/Pester.psm1:3267
at Run-Test, /home/codespace/.local/share/powershell/Modules/Pester/5.7.1/Pester.psm1:1691
at Invoke-Test, /home/codespace/.local/share/powershell/Modules/Pester/5.7.1/Pester.psm1:2512
at Invoke-Pester&lt;End&gt;, /home/codespace/.local/share/powershell/Modules/Pester/5.7.1/Pester.psm1:4960</stack-trace>
                    </failure>
                  </test-case>
                  <test-case description="should accept valid Verbosity values" name="Core Runner Parameter Validation Tests.core-runner.ps1 parameter validation.should accept valid Verbosity values" time="0.0393" asserts="0" success="False" result="Failure" executed="True">
                    <failure>
                      <message>Expected no exception to be thrown, because Should accept verbosity level: silent, but an exception "The term '/workspaces/AitherLabs/aither-core/core-runner.ps1' is not recognized as a name of a cmdlet, function, script file, or executable program.
Check the spelling of the name, or if a path was included, verify that the path is correct and try again." was thrown from /workspaces/AitherLabs/tests/unit/modules/CoreApp/CoreRunner.Tests.ps1:116 char:21
    +                 { &amp; $script:CoreRunnerScript -Verbosity $level -Scrip …
    +                     ~~~~~~~~~~~~~~~~~~~~~~~~.</message>
                      <stack-trace>at { &amp; $script:CoreRunnerScript -Verbosity $level -Scripts "0200_Get-SystemInfo" -WhatIf } | Should -Not -Throw -Because "Should accept verbosity level: $level", /workspaces/AitherLabs/tests/unit/modules/CoreApp/CoreRunner.Tests.ps1:116
at Invoke-Assertion, /home/codespace/.local/share/powershell/Modules/Pester/5.7.1/Pester.psm1:8250
at Should&lt;End&gt;, /home/codespace/.local/share/powershell/Modules/Pester/5.7.1/Pester.psm1:8193
at &lt;ScriptBlock&gt;, /workspaces/AitherLabs/tests/unit/modules/CoreApp/CoreRunner.Tests.ps1:116
at &lt;ScriptBlock&gt;, /home/codespace/.local/share/powershell/Modules/Pester/5.7.1/Pester.psm1:2024
at &lt;ScriptBlock&gt;, /home/codespace/.local/share/powershell/Modules/Pester/5.7.1/Pester.psm1:1985
at Invoke-ScriptBlock, /home/codespace/.local/share/powershell/Modules/Pester/5.7.1/Pester.psm1:2157
at Invoke-TestItem, /home/codespace/.local/share/powershell/Modules/Pester/5.7.1/Pester.psm1:1199
at Invoke-Block, /home/codespace/.local/share/powershell/Modules/Pester/5.7.1/Pester.psm1:835
at &lt;ScriptBlock&gt;, /home/codespace/.local/share/powershell/Modules/Pester/5.7.1/Pester.psm1:893
at &lt;ScriptBlock&gt;, /home/codespace/.local/share/powershell/Modules/Pester/5.7.1/Pester.psm1:2024
at &lt;ScriptBlock&gt;, /home/codespace/.local/share/powershell/Modules/Pester/5.7.1/Pester.psm1:1985
at Invoke-ScriptBlock, /home/codespace/.local/share/powershell/Modules/Pester/5.7.1/Pester.psm1:2160
at Invoke-Block, /home/codespace/.local/share/powershell/Modules/Pester/5.7.1/Pester.psm1:940
at &lt;ScriptBlock&gt;, /home/codespace/.local/share/powershell/Modules/Pester/5.7.1/Pester.psm1:893
at &lt;ScriptBlock&gt;, /home/codespace/.local/share/powershell/Modules/Pester/5.7.1/Pester.psm1:2024
at &lt;ScriptBlock&gt;, /home/codespace/.local/share/powershell/Modules/Pester/5.7.1/Pester.psm1:1985
at Invoke-ScriptBlock, /home/codespace/.local/share/powershell/Modules/Pester/5.7.1/Pester.psm1:2160
at Invoke-Block, /home/codespace/.local/share/powershell/Modules/Pester/5.7.1/Pester.psm1:940
at &lt;ScriptBlock&gt;, /home/codespace/.local/share/powershell/Modules/Pester/5.7.1/Pester.psm1:893
at &lt;ScriptBlock&gt;, /home/codespace/.local/share/powershell/Modules/Pester/5.7.1/Pester.psm1:2024
at &lt;ScriptBlock&gt;, /home/codespace/.local/share/powershell/Modules/Pester/5.7.1/Pester.psm1:1985
at Invoke-ScriptBlock, /home/codespace/.local/share/powershell/Modules/Pester/5.7.1/Pester.psm1:2160
at Invoke-Block, /home/codespace/.local/share/powershell/Modules/Pester/5.7.1/Pester.psm1:940
at &lt;ScriptBlock&gt;, /home/codespace/.local/share/powershell/Modules/Pester/5.7.1/Pester.psm1:1688
at &lt;ScriptBlock&gt;, /home/codespace/.local/share/powershell/Modules/Pester/5.7.1/Pester.ps1:3
at &lt;ScriptBlock&gt;, /home/codespace/.local/share/powershell/Modules/Pester/5.7.1/Pester.psm1:3260
at Invoke-InNewScriptScope, /home/codespace/.local/share/powershell/Modules/Pester/5.7.1/Pester.psm1:3267
at Run-Test, /home/codespace/.local/share/powershell/Modules/Pester/5.7.1/Pester.psm1:1691
at Invoke-Test, /home/codespace/.local/share/powershell/Modules/Pester/5.7.1/Pester.psm1:2512
at Invoke-Pester&lt;End&gt;, /home/codespace/.local/share/powershell/Modules/Pester/5.7.1/Pester.psm1:4960</stack-trace>
                    </failure>
                  </test-case>
                  <test-case description="should reject invalid Verbosity values" name="Core Runner Parameter Validation Tests.core-runner.ps1 parameter validation.should reject invalid Verbosity values" time="0.0305" asserts="0" success="True" result="Success" executed="True" />
                  <test-case description="should accept ConfigFile parameter" name="Core Runner Parameter Validation Tests.core-runner.ps1 parameter validation.should accept ConfigFile parameter" time="0.1492" asserts="0" success="False" result="Failure" executed="True">
                    <failure>
                      <message>Expected no exception to be thrown, but an exception "The term '/workspaces/AitherLabs/aither-core/core-runner.ps1' is not recognized as a name of a cmdlet, function, script file, or executable program.
Check the spelling of the name, or if a path was included, verify that the path is correct and try again." was thrown from /workspaces/AitherLabs/tests/unit/modules/CoreApp/CoreRunner.Tests.ps1:129 char:21
    +                 { &amp; $script:CoreRunnerScript -ConfigFile $tempConfig. …
    +                     ~~~~~~~~~~~~~~~~~~~~~~~~.</message>
                      <stack-trace>at { &amp; $script:CoreRunnerScript -ConfigFile $tempConfig.FullName -Scripts "0200_Get-SystemInfo" -WhatIf } | Should -Not -Throw, /workspaces/AitherLabs/tests/unit/modules/CoreApp/CoreRunner.Tests.ps1:129
at Invoke-Assertion, /home/codespace/.local/share/powershell/Modules/Pester/5.7.1/Pester.psm1:8250
at Should&lt;End&gt;, /home/codespace/.local/share/powershell/Modules/Pester/5.7.1/Pester.psm1:8193
at &lt;ScriptBlock&gt;, /workspaces/AitherLabs/tests/unit/modules/CoreApp/CoreRunner.Tests.ps1:129
at &lt;ScriptBlock&gt;, /home/codespace/.local/share/powershell/Modules/Pester/5.7.1/Pester.psm1:2024
at &lt;ScriptBlock&gt;, /home/codespace/.local/share/powershell/Modules/Pester/5.7.1/Pester.psm1:1985
at Invoke-ScriptBlock, /home/codespace/.local/share/powershell/Modules/Pester/5.7.1/Pester.psm1:2157
at Invoke-TestItem, /home/codespace/.local/share/powershell/Modules/Pester/5.7.1/Pester.psm1:1199
at Invoke-Block, /home/codespace/.local/share/powershell/Modules/Pester/5.7.1/Pester.psm1:835
at &lt;ScriptBlock&gt;, /home/codespace/.local/share/powershell/Modules/Pester/5.7.1/Pester.psm1:893
at &lt;ScriptBlock&gt;, /home/codespace/.local/share/powershell/Modules/Pester/5.7.1/Pester.psm1:2024
at &lt;ScriptBlock&gt;, /home/codespace/.local/share/powershell/Modules/Pester/5.7.1/Pester.psm1:1985
at Invoke-ScriptBlock, /home/codespace/.local/share/powershell/Modules/Pester/5.7.1/Pester.psm1:2160
at Invoke-Block, /home/codespace/.local/share/powershell/Modules/Pester/5.7.1/Pester.psm1:940
at &lt;ScriptBlock&gt;, /home/codespace/.local/share/powershell/Modules/Pester/5.7.1/Pester.psm1:893
at &lt;ScriptBlock&gt;, /home/codespace/.local/share/powershell/Modules/Pester/5.7.1/Pester.psm1:2024
at &lt;ScriptBlock&gt;, /home/codespace/.local/share/powershell/Modules/Pester/5.7.1/Pester.psm1:1985
at Invoke-ScriptBlock, /home/codespace/.local/share/powershell/Modules/Pester/5.7.1/Pester.psm1:2160
at Invoke-Block, /home/codespace/.local/share/powershell/Modules/Pester/5.7.1/Pester.psm1:940
at &lt;ScriptBlock&gt;, /home/codespace/.local/share/powershell/Modules/Pester/5.7.1/Pester.psm1:893
at &lt;ScriptBlock&gt;, /home/codespace/.local/share/powershell/Modules/Pester/5.7.1/Pester.psm1:2024
at &lt;ScriptBlock&gt;, /home/codespace/.local/share/powershell/Modules/Pester/5.7.1/Pester.psm1:1985
at Invoke-ScriptBlock, /home/codespace/.local/share/powershell/Modules/Pester/5.7.1/Pester.psm1:2160
at Invoke-Block, /home/codespace/.local/share/powershell/Modules/Pester/5.7.1/Pester.psm1:940
at &lt;ScriptBlock&gt;, /home/codespace/.local/share/powershell/Modules/Pester/5.7.1/Pester.psm1:1688
at &lt;ScriptBlock&gt;, /home/codespace/.local/share/powershell/Modules/Pester/5.7.1/Pester.ps1:3
at &lt;ScriptBlock&gt;, /home/codespace/.local/share/powershell/Modules/Pester/5.7.1/Pester.psm1:3260
at Invoke-InNewScriptScope, /home/codespace/.local/share/powershell/Modules/Pester/5.7.1/Pester.psm1:3267
at Run-Test, /home/codespace/.local/share/powershell/Modules/Pester/5.7.1/Pester.psm1:1691
at Invoke-Test, /home/codespace/.local/share/powershell/Modules/Pester/5.7.1/Pester.psm1:2512
at Invoke-Pester&lt;End&gt;, /home/codespace/.local/share/powershell/Modules/Pester/5.7.1/Pester.psm1:4960</stack-trace>
                    </failure>
                  </test-case>
                  <test-case description="should accept Auto parameter as switch" name="Core Runner Parameter Validation Tests.core-runner.ps1 parameter validation.should accept Auto parameter as switch" time="0.046" asserts="0" success="False" result="Failure" executed="True">
                    <failure>
                      <message>Expected no exception to be thrown, but an exception "The term '/workspaces/AitherLabs/aither-core/core-runner.ps1' is not recognized as a name of a cmdlet, function, script file, or executable program.
Check the spelling of the name, or if a path was included, verify that the path is correct and try again." was thrown from /workspaces/AitherLabs/tests/unit/modules/CoreApp/CoreRunner.Tests.ps1:136 char:17
    +             { &amp; $script:CoreRunnerScript -Auto -WhatIf } | Should -No …
    +                 ~~~~~~~~~~~~~~~~~~~~~~~~.</message>
                      <stack-trace>at { &amp; $script:CoreRunnerScript -Auto -WhatIf } | Should -Not -Throw, /workspaces/AitherLabs/tests/unit/modules/CoreApp/CoreRunner.Tests.ps1:136
at Invoke-Assertion, /home/codespace/.local/share/powershell/Modules/Pester/5.7.1/Pester.psm1:8250
at Should&lt;End&gt;, /home/codespace/.local/share/powershell/Modules/Pester/5.7.1/Pester.psm1:8193
at &lt;ScriptBlock&gt;, /workspaces/AitherLabs/tests/unit/modules/CoreApp/CoreRunner.Tests.ps1:136
at &lt;ScriptBlock&gt;, /home/codespace/.local/share/powershell/Modules/Pester/5.7.1/Pester.psm1:2024
at &lt;ScriptBlock&gt;, /home/codespace/.local/share/powershell/Modules/Pester/5.7.1/Pester.psm1:1985
at Invoke-ScriptBlock, /home/codespace/.local/share/powershell/Modules/Pester/5.7.1/Pester.psm1:2157
at Invoke-TestItem, /home/codespace/.local/share/powershell/Modules/Pester/5.7.1/Pester.psm1:1199
at Invoke-Block, /home/codespace/.local/share/powershell/Modules/Pester/5.7.1/Pester.psm1:835
at &lt;ScriptBlock&gt;, /home/codespace/.local/share/powershell/Modules/Pester/5.7.1/Pester.psm1:893
at &lt;ScriptBlock&gt;, /home/codespace/.local/share/powershell/Modules/Pester/5.7.1/Pester.psm1:2024
at &lt;ScriptBlock&gt;, /home/codespace/.local/share/powershell/Modules/Pester/5.7.1/Pester.psm1:1985
at Invoke-ScriptBlock, /home/codespace/.local/share/powershell/Modules/Pester/5.7.1/Pester.psm1:2160
at Invoke-Block, /home/codespace/.local/share/powershell/Modules/Pester/5.7.1/Pester.psm1:940
at &lt;ScriptBlock&gt;, /home/codespace/.local/share/powershell/Modules/Pester/5.7.1/Pester.psm1:893
at &lt;ScriptBlock&gt;, /home/codespace/.local/share/powershell/Modules/Pester/5.7.1/Pester.psm1:2024
at &lt;ScriptBlock&gt;, /home/codespace/.local/share/powershell/Modules/Pester/5.7.1/Pester.psm1:1985
at Invoke-ScriptBlock, /home/codespace/.local/share/powershell/Modules/Pester/5.7.1/Pester.psm1:2160
at Invoke-Block, /home/codespace/.local/share/powershell/Modules/Pester/5.7.1/Pester.psm1:940
at &lt;ScriptBlock&gt;, /home/codespace/.local/share/powershell/Modules/Pester/5.7.1/Pester.psm1:893
at &lt;ScriptBlock&gt;, /home/codespace/.local/share/powershell/Modules/Pester/5.7.1/Pester.psm1:2024
at &lt;ScriptBlock&gt;, /home/codespace/.local/share/powershell/Modules/Pester/5.7.1/Pester.psm1:1985
at Invoke-ScriptBlock, /home/codespace/.local/share/powershell/Modules/Pester/5.7.1/Pester.psm1:2160
at Invoke-Block, /home/codespace/.local/share/powershell/Modules/Pester/5.7.1/Pester.psm1:940
at &lt;ScriptBlock&gt;, /home/codespace/.local/share/powershell/Modules/Pester/5.7.1/Pester.psm1:1688
at &lt;ScriptBlock&gt;, /home/codespace/.local/share/powershell/Modules/Pester/5.7.1/Pester.ps1:3
at &lt;ScriptBlock&gt;, /home/codespace/.local/share/powershell/Modules/Pester/5.7.1/Pester.psm1:3260
at Invoke-InNewScriptScope, /home/codespace/.local/share/powershell/Modules/Pester/5.7.1/Pester.psm1:3267
at Run-Test, /home/codespace/.local/share/powershell/Modules/Pester/5.7.1/Pester.psm1:1691
at Invoke-Test, /home/codespace/.local/share/powershell/Modules/Pester/5.7.1/Pester.psm1:2512
at Invoke-Pester&lt;End&gt;, /home/codespace/.local/share/powershell/Modules/Pester/5.7.1/Pester.psm1:4960</stack-trace>
                    </failure>
                  </test-case>
                  <test-case description="should accept Scripts parameter" name="Core Runner Parameter Validation Tests.core-runner.ps1 parameter validation.should accept Scripts parameter" time="0.0194" asserts="0" success="False" result="Failure" executed="True">
                    <failure>
                      <message>Expected no exception to be thrown, but an exception "The term '/workspaces/AitherLabs/aither-core/core-runner.ps1' is not recognized as a name of a cmdlet, function, script file, or executable program.
Check the spelling of the name, or if a path was included, verify that the path is correct and try again." was thrown from /workspaces/AitherLabs/tests/unit/modules/CoreApp/CoreRunner.Tests.ps1:140 char:17
    +             { &amp; $script:CoreRunnerScript -Scripts 'test-script' -What …
    +                 ~~~~~~~~~~~~~~~~~~~~~~~~.</message>
                      <stack-trace>at { &amp; $script:CoreRunnerScript -Scripts 'test-script' -WhatIf } | Should -Not -Throw, /workspaces/AitherLabs/tests/unit/modules/CoreApp/CoreRunner.Tests.ps1:140
at Invoke-Assertion, /home/codespace/.local/share/powershell/Modules/Pester/5.7.1/Pester.psm1:8250
at Should&lt;End&gt;, /home/codespace/.local/share/powershell/Modules/Pester/5.7.1/Pester.psm1:8193
at &lt;ScriptBlock&gt;, /workspaces/AitherLabs/tests/unit/modules/CoreApp/CoreRunner.Tests.ps1:140
at &lt;ScriptBlock&gt;, /home/codespace/.local/share/powershell/Modules/Pester/5.7.1/Pester.psm1:2024
at &lt;ScriptBlock&gt;, /home/codespace/.local/share/powershell/Modules/Pester/5.7.1/Pester.psm1:1985
at Invoke-ScriptBlock, /home/codespace/.local/share/powershell/Modules/Pester/5.7.1/Pester.psm1:2157
at Invoke-TestItem, /home/codespace/.local/share/powershell/Modules/Pester/5.7.1/Pester.psm1:1199
at Invoke-Block, /home/codespace/.local/share/powershell/Modules/Pester/5.7.1/Pester.psm1:835
at &lt;ScriptBlock&gt;, /home/codespace/.local/share/powershell/Modules/Pester/5.7.1/Pester.psm1:893
at &lt;ScriptBlock&gt;, /home/codespace/.local/share/powershell/Modules/Pester/5.7.1/Pester.psm1:2024
at &lt;ScriptBlock&gt;, /home/codespace/.local/share/powershell/Modules/Pester/5.7.1/Pester.psm1:1985
at Invoke-ScriptBlock, /home/codespace/.local/share/powershell/Modules/Pester/5.7.1/Pester.psm1:2160
at Invoke-Block, /home/codespace/.local/share/powershell/Modules/Pester/5.7.1/Pester.psm1:940
at &lt;ScriptBlock&gt;, /home/codespace/.local/share/powershell/Modules/Pester/5.7.1/Pester.psm1:893
at &lt;ScriptBlock&gt;, /home/codespace/.local/share/powershell/Modules/Pester/5.7.1/Pester.psm1:2024
at &lt;ScriptBlock&gt;, /home/codespace/.local/share/powershell/Modules/Pester/5.7.1/Pester.psm1:1985
at Invoke-ScriptBlock, /home/codespace/.local/share/powershell/Modules/Pester/5.7.1/Pester.psm1:2160
at Invoke-Block, /home/codespace/.local/share/powershell/Modules/Pester/5.7.1/Pester.psm1:940
at &lt;ScriptBlock&gt;, /home/codespace/.local/share/powershell/Modules/Pester/5.7.1/Pester.psm1:893
at &lt;ScriptBlock&gt;, /home/codespace/.local/share/powershell/Modules/Pester/5.7.1/Pester.psm1:2024
at &lt;ScriptBlock&gt;, /home/codespace/.local/share/powershell/Modules/Pester/5.7.1/Pester.psm1:1985
at Invoke-ScriptBlock, /home/codespace/.local/share/powershell/Modules/Pester/5.7.1/Pester.psm1:2160
at Invoke-Block, /home/codespace/.local/share/powershell/Modules/Pester/5.7.1/Pester.psm1:940
at &lt;ScriptBlock&gt;, /home/codespace/.local/share/powershell/Modules/Pester/5.7.1/Pester.psm1:1688
at &lt;ScriptBlock&gt;, /home/codespace/.local/share/powershell/Modules/Pester/5.7.1/Pester.ps1:3
at &lt;ScriptBlock&gt;, /home/codespace/.local/share/powershell/Modules/Pester/5.7.1/Pester.psm1:3260
at Invoke-InNewScriptScope, /home/codespace/.local/share/powershell/Modules/Pester/5.7.1/Pester.psm1:3267
at Run-Test, /home/codespace/.local/share/powershell/Modules/Pester/5.7.1/Pester.psm1:1691
at Invoke-Test, /home/codespace/.local/share/powershell/Modules/Pester/5.7.1/Pester.psm1:2512
at Invoke-Pester&lt;End&gt;, /home/codespace/.local/share/powershell/Modules/Pester/5.7.1/Pester.psm1:4960</stack-trace>
                    </failure>
                  </test-case>
                  <test-case description="should accept Force parameter as switch" name="Core Runner Parameter Validation Tests.core-runner.ps1 parameter validation.should accept Force parameter as switch" time="0.0185" asserts="0" success="False" result="Failure" executed="True">
                    <failure>
                      <message>Expected no exception to be thrown, but an exception "The term '/workspaces/AitherLabs/aither-core/core-runner.ps1' is not recognized as a name of a cmdlet, function, script file, or executable program.
Check the spelling of the name, or if a path was included, verify that the path is correct and try again." was thrown from /workspaces/AitherLabs/tests/unit/modules/CoreApp/CoreRunner.Tests.ps1:144 char:17
    +             { &amp; $script:CoreRunnerScript -Force -Scripts "0200_Get-Sy …
    +                 ~~~~~~~~~~~~~~~~~~~~~~~~.</message>
                      <stack-trace>at { &amp; $script:CoreRunnerScript -Force -Scripts "0200_Get-SystemInfo" -WhatIf } | Should -Not -Throw, /workspaces/AitherLabs/tests/unit/modules/CoreApp/CoreRunner.Tests.ps1:144
at Invoke-Assertion, /home/codespace/.local/share/powershell/Modules/Pester/5.7.1/Pester.psm1:8250
at Should&lt;End&gt;, /home/codespace/.local/share/powershell/Modules/Pester/5.7.1/Pester.psm1:8193
at &lt;ScriptBlock&gt;, /workspaces/AitherLabs/tests/unit/modules/CoreApp/CoreRunner.Tests.ps1:144
at &lt;ScriptBlock&gt;, /home/codespace/.local/share/powershell/Modules/Pester/5.7.1/Pester.psm1:2024
at &lt;ScriptBlock&gt;, /home/codespace/.local/share/powershell/Modules/Pester/5.7.1/Pester.psm1:1985
at Invoke-ScriptBlock, /home/codespace/.local/share/powershell/Modules/Pester/5.7.1/Pester.psm1:2157
at Invoke-TestItem, /home/codespace/.local/share/powershell/Modules/Pester/5.7.1/Pester.psm1:1199
at Invoke-Block, /home/codespace/.local/share/powershell/Modules/Pester/5.7.1/Pester.psm1:835
at &lt;ScriptBlock&gt;, /home/codespace/.local/share/powershell/Modules/Pester/5.7.1/Pester.psm1:893
at &lt;ScriptBlock&gt;, /home/codespace/.local/share/powershell/Modules/Pester/5.7.1/Pester.psm1:2024
at &lt;ScriptBlock&gt;, /home/codespace/.local/share/powershell/Modules/Pester/5.7.1/Pester.psm1:1985
at Invoke-ScriptBlock, /home/codespace/.local/share/powershell/Modules/Pester/5.7.1/Pester.psm1:2160
at Invoke-Block, /home/codespace/.local/share/powershell/Modules/Pester/5.7.1/Pester.psm1:940
at &lt;ScriptBlock&gt;, /home/codespace/.local/share/powershell/Modules/Pester/5.7.1/Pester.psm1:893
at &lt;ScriptBlock&gt;, /home/codespace/.local/share/powershell/Modules/Pester/5.7.1/Pester.psm1:2024
at &lt;ScriptBlock&gt;, /home/codespace/.local/share/powershell/Modules/Pester/5.7.1/Pester.psm1:1985
at Invoke-ScriptBlock, /home/codespace/.local/share/powershell/Modules/Pester/5.7.1/Pester.psm1:2160
at Invoke-Block, /home/codespace/.local/share/powershell/Modules/Pester/5.7.1/Pester.psm1:940
at &lt;ScriptBlock&gt;, /home/codespace/.local/share/powershell/Modules/Pester/5.7.1/Pester.psm1:893
at &lt;ScriptBlock&gt;, /home/codespace/.local/share/powershell/Modules/Pester/5.7.1/Pester.psm1:2024
at &lt;ScriptBlock&gt;, /home/codespace/.local/share/powershell/Modules/Pester/5.7.1/Pester.psm1:1985
at Invoke-ScriptBlock, /home/codespace/.local/share/powershell/Modules/Pester/5.7.1/Pester.psm1:2160
at Invoke-Block, /home/codespace/.local/share/powershell/Modules/Pester/5.7.1/Pester.psm1:940
at &lt;ScriptBlock&gt;, /home/codespace/.local/share/powershell/Modules/Pester/5.7.1/Pester.psm1:1688
at &lt;ScriptBlock&gt;, /home/codespace/.local/share/powershell/Modules/Pester/5.7.1/Pester.ps1:3
at &lt;ScriptBlock&gt;, /home/codespace/.local/share/powershell/Modules/Pester/5.7.1/Pester.psm1:3260
at Invoke-InNewScriptScope, /home/codespace/.local/share/powershell/Modules/Pester/5.7.1/Pester.psm1:3267
at Run-Test, /home/codespace/.local/share/powershell/Modules/Pester/5.7.1/Pester.psm1:1691
at Invoke-Test, /home/codespace/.local/share/powershell/Modules/Pester/5.7.1/Pester.psm1:2512
at Invoke-Pester&lt;End&gt;, /home/codespace/.local/share/powershell/Modules/Pester/5.7.1/Pester.psm1:4960</stack-trace>
                    </failure>
                  </test-case>
                  <test-case description="should accept NonInteractive parameter as switch" name="Core Runner Parameter Validation Tests.core-runner.ps1 parameter validation.should accept NonInteractive parameter as switch" time="0.0189" asserts="0" success="False" result="Failure" executed="True">
                    <failure>
                      <message>Expected no exception to be thrown, but an exception "The term '/workspaces/AitherLabs/aither-core/core-runner.ps1' is not recognized as a name of a cmdlet, function, script file, or executable program.
Check the spelling of the name, or if a path was included, verify that the path is correct and try again." was thrown from /workspaces/AitherLabs/tests/unit/modules/CoreApp/CoreRunner.Tests.ps1:148 char:17
    +             { &amp; $script:CoreRunnerScript -NonInteractive -Scripts "02 …
    +                 ~~~~~~~~~~~~~~~~~~~~~~~~.</message>
                      <stack-trace>at { &amp; $script:CoreRunnerScript -NonInteractive -Scripts "0200_Get-SystemInfo" -WhatIf } | Should -Not -Throw, /workspaces/AitherLabs/tests/unit/modules/CoreApp/CoreRunner.Tests.ps1:148
at Invoke-Assertion, /home/codespace/.local/share/powershell/Modules/Pester/5.7.1/Pester.psm1:8250
at Should&lt;End&gt;, /home/codespace/.local/share/powershell/Modules/Pester/5.7.1/Pester.psm1:8193
at &lt;ScriptBlock&gt;, /workspaces/AitherLabs/tests/unit/modules/CoreApp/CoreRunner.Tests.ps1:148
at &lt;ScriptBlock&gt;, /home/codespace/.local/share/powershell/Modules/Pester/5.7.1/Pester.psm1:2024
at &lt;ScriptBlock&gt;, /home/codespace/.local/share/powershell/Modules/Pester/5.7.1/Pester.psm1:1985
at Invoke-ScriptBlock, /home/codespace/.local/share/powershell/Modules/Pester/5.7.1/Pester.psm1:2157
at Invoke-TestItem, /home/codespace/.local/share/powershell/Modules/Pester/5.7.1/Pester.psm1:1199
at Invoke-Block, /home/codespace/.local/share/powershell/Modules/Pester/5.7.1/Pester.psm1:835
at &lt;ScriptBlock&gt;, /home/codespace/.local/share/powershell/Modules/Pester/5.7.1/Pester.psm1:893
at &lt;ScriptBlock&gt;, /home/codespace/.local/share/powershell/Modules/Pester/5.7.1/Pester.psm1:2024
at &lt;ScriptBlock&gt;, /home/codespace/.local/share/powershell/Modules/Pester/5.7.1/Pester.psm1:1985
at Invoke-ScriptBlock, /home/codespace/.local/share/powershell/Modules/Pester/5.7.1/Pester.psm1:2160
at Invoke-Block, /home/codespace/.local/share/powershell/Modules/Pester/5.7.1/Pester.psm1:940
at &lt;ScriptBlock&gt;, /home/codespace/.local/share/powershell/Modules/Pester/5.7.1/Pester.psm1:893
at &lt;ScriptBlock&gt;, /home/codespace/.local/share/powershell/Modules/Pester/5.7.1/Pester.psm1:2024
at &lt;ScriptBlock&gt;, /home/codespace/.local/share/powershell/Modules/Pester/5.7.1/Pester.psm1:1985
at Invoke-ScriptBlock, /home/codespace/.local/share/powershell/Modules/Pester/5.7.1/Pester.psm1:2160
at Invoke-Block, /home/codespace/.local/share/powershell/Modules/Pester/5.7.1/Pester.psm1:940
at &lt;ScriptBlock&gt;, /home/codespace/.local/share/powershell/Modules/Pester/5.7.1/Pester.psm1:893
at &lt;ScriptBlock&gt;, /home/codespace/.local/share/powershell/Modules/Pester/5.7.1/Pester.psm1:2024
at &lt;ScriptBlock&gt;, /home/codespace/.local/share/powershell/Modules/Pester/5.7.1/Pester.psm1:1985
at Invoke-ScriptBlock, /home/codespace/.local/share/powershell/Modules/Pester/5.7.1/Pester.psm1:2160
at Invoke-Block, /home/codespace/.local/share/powershell/Modules/Pester/5.7.1/Pester.psm1:940
at &lt;ScriptBlock&gt;, /home/codespace/.local/share/powershell/Modules/Pester/5.7.1/Pester.psm1:1688
at &lt;ScriptBlock&gt;, /home/codespace/.local/share/powershell/Modules/Pester/5.7.1/Pester.ps1:3
at &lt;ScriptBlock&gt;, /home/codespace/.local/share/powershell/Modules/Pester/5.7.1/Pester.psm1:3260
at Invoke-InNewScriptScope, /home/codespace/.local/share/powershell/Modules/Pester/5.7.1/Pester.psm1:3267
at Run-Test, /home/codespace/.local/share/powershell/Modules/Pester/5.7.1/Pester.psm1:1691
at Invoke-Test, /home/codespace/.local/share/powershell/Modules/Pester/5.7.1/Pester.psm1:2512
at Invoke-Pester&lt;End&gt;, /home/codespace/.local/share/powershell/Modules/Pester/5.7.1/Pester.psm1:4960</stack-trace>
                    </failure>
                  </test-case>
                  <test-case description="should support parameter sets correctly" name="Core Runner Parameter Validation Tests.core-runner.ps1 parameter validation.should support parameter sets correctly" time="0.0183" asserts="0" success="False" result="Failure" executed="True">
                    <failure>
                      <message>Expected no exception to be thrown, but an exception "The term '/workspaces/AitherLabs/aither-core/core-runner.ps1' is not recognized as a name of a cmdlet, function, script file, or executable program.
Check the spelling of the name, or if a path was included, verify that the path is correct and try again." was thrown from /workspaces/AitherLabs/tests/unit/modules/CoreApp/CoreRunner.Tests.ps1:153 char:17
[...]
            $script:DefaultConfigPath | Should -Exist
            
            # Validate JSON structure
            { Get-Content $script:DefaultConfigPath | ConvertFrom-Json } | Should -Not -Throw
        }
        
        It "should have scripts directory with core scripts" {
            $scriptsPath = Join-Path $script:CoreAppPath "scripts"
            $scriptsPath | Should -Exist
            
            $coreScripts = Get-ChildItem -Path $scriptsPath -Filter "*.ps1"
            $coreScripts.Count | Should -BeGreaterThan 10
        }
    }
    
    Context "Module Import and Loading" {
        
        It "should import CoreApp module successfully" {
            { Import-Module "$script:CoreAppPath/" -Force } | Should -Not -Throw
        }
        
        It "should export Invoke-CoreApplication function" {
            Import-Module "$script:CoreAppPath/" -Force
            Get-Command -Module CoreApp -Name "Invoke-CoreApplication" | Should -Not -BeNullOrEmpty
        }
        
        It "should have proper environment variable support" {
            $env:PROJECT_ROOT | Should -Not -BeNullOrEmpty
            $env:PWSH_MODULES_PATH | Should -Not -BeNullOrEmpty
        }
    }
}
Describe "Core Application Scripts Tests" -Tag @('Important', 'CoreApp', 'Scripts') {
    
    BeforeAll {
        $script:CoreScripts = Get-ChildItem -Path "$script:CoreAppPath/scripts" -Filter "*.ps1"
    }
    
    Context "Script Syntax and Structure Validation" {
        
        It "should have valid PowerShell syntax for all core scripts" {            foreach ($script in $script:CoreScripts) {
                $errors = $null
                [System.Management.Automation.Language.Parser]::ParseFile($script.FullName, [ref]$null, [ref]$errors) | Out-Null
                $errorCount = if ($errors) { $errors.Count } else { 0 }
                $errorCount | Should -Be 0 -Because "Script $($script.Name) should have valid syntax"
            }
        }
        
        It "should follow PowerShell 7.0+ requirements" {
            foreach ($script in $script:CoreScripts) {
                $content = Get-Content $script.FullName -Raw
                if ($content -match '#Requires') {
                    $content | Should -Match '#Requires -Version 7\.0' -Because "$($script.Name) should require PowerShell 7.0+"
                }
            }
        }
        
        It "should use proper error handling patterns" {
            foreach ($script in $script:CoreScripts) {
                $content = Get-Content $script.FullName -Raw
                # Check for try-catch blocks in scripts that are likely to have them
                if ($script.Name -match '^(0[12]|Install-)') {
                    $content | Should -Match 'try\s*\{[\s\S]*?\}\s*catch' -Because "$($script.Name) should use try-catch error handling"
                }
            }
        }
    }
    
    Context "Script Content Analysis" {
        
        It "should define expected functions in numbered scripts" {
            $installerScripts = $script:CoreScripts | Where-Object { $_.Name -match '^0\d+_Install-' }
            
            foreach ($script in $installerScripts) {
                $content = Get-Content $script.FullName -Raw
                $expectedFunctionName = ($script.BaseName -replace '^\d+_', '')
                $content | Should -Match "function\s+$expectedFunctionName" -Because "$($script.Name) should define $expectedFunctionName function"
            }
        }
        
        It "should have main execution logic" {
            foreach ($script in $script:CoreScripts) {
                $content = Get-Content $script.FullName -Raw
                # Check for main execution patterns
                ($content -match 'param\s*\(' -or $content -match '\$Config' -or $content -match 'Write-CustomLog') | 
                    Should -BeTrue -Because "$($script.Name) should have main execution logic"
            }
        }
        
        It "should use standardized logging" {
            foreach ($script in $script:CoreScripts) {
                $content = Get-Content $script.FullName -Raw
                if ($content -match 'Write-') {
                    $content | Should -Match 'Write-CustomLog' -Because "$($script.Name) should use Write-CustomLog for standardized logging"
                }
            }
        }
    }
}
Describe "Core Application Integration Tests" -Tag @('Important', 'CoreApp', 'Integration') {
    
    Context "Invoke-CoreApplication Function Tests" {
        
        BeforeAll {
            Import-Module "$script:CoreAppPath/" -Force
        }
        
        It "should accept ConfigPath parameter" {
            $function = Get-Command Invoke-CoreApplication
            $function.Parameters.ContainsKey('ConfigPath') | Should -BeTrue
        }
        
        It "should validate configuration file exists" {
            $tempConfig = Join-Path ([System.IO.Path]::GetTempPath()) "test-config.json"
            '{"test": true}' | Set-Content -Path $tempConfig
            
            try {
                { Invoke-CoreApplication -ConfigPath $tempConfig } | Should -Not -Throw
            } finally {
                Remove-Item $tempConfig -Force -ErrorAction SilentlyContinue
            }
        }
        
        It "should handle missing configuration gracefully" {
            $nonExistentConfig = Join-Path ([System.IO.Path]::GetTempPath()) "nonexistent-config.json"
            { Invoke-CoreApplication -ConfigPath $nonExistentConfig } | Should -Throw
        }
    }
    
    Context "PatchManager Integration" {
        
        It "should be compatible with PatchManager workflow" {
            # Test that CoreApp can be used within PatchManager
            { Import-Module "$env:PROJECT_ROOT/core-runner/modules/PatchManager/" -Force } | Should -Not -Throw
            { Import-Module "$script:CoreAppPath/" -Force } | Should -Not -Throw
        }
        
        It "should support PatchManager change tracking" {
            # Verify that changes to CoreApp can be tracked by PatchManager
            $patchManager = Get-Command New-PatchOperation -ErrorAction SilentlyContinue
            $patchManager | Should -Not -BeNullOrEmpty
        }
    }
}
Describe "Core Application Cross-Platform Tests" -Tag @('Maintenance', 'CoreApp', 'CrossPlatform') {
    
    Context "Platform Compatibility" {
        
        It "should work on current platform" {
            $env:PLATFORM | Should -BeIn @('Windows', 'Linux', 'macOS')
        }
        
        It "should handle platform-specific scripts appropriately" {
            $windowsScripts = $script:CoreScripts | Where-Object { $_.Name -match '^01\d+_' }
            
            foreach ($script in $windowsScripts) {
                $content = Get-Content $script.FullName -Raw
                if ($env:PLATFORM -ne 'Windows') {
                    # On non-Windows, these scripts should either skip or handle gracefully
                    $content | Should -Match '(IsWindows|Skip|platform)' -Because "$($script.Name) should handle non-Windows platforms"
                }
            }
        }
        
        It "should use cross-platform paths" {
            foreach ($script in $script:CoreScripts) {
                $content = Get-Content $script.FullName -Raw
                # Check for Windows-specific paths
                $content | Should -Not -Match '\\\\|C:\\' -Because "$($script.Name) should use cross-platform paths"
            }
        }
    }
}
Describe "Automated Test Generation and Validation" -Tag @('Critical', 'CoreApp', 'Automation') {
    
    Context "Continuous Test Coverage" {
        
        It "should have tests for all core scripts" {
            $coreScriptNames = $script:CoreScripts.BaseName
            $testFile = Get-Content $PSCommandPath -Raw
            
            foreach ($scriptName in $coreScriptNames) {
                if ($scriptName -match '^0\d+_') {
                    $testFile | Should -Match $scriptName -Because "Should have test coverage for $scriptName"
                }
            }
        }
        
        It "should validate test completeness" {
            $testCounts = @{
                'Syntax' = 0
                'Function' = 0
                'Integration' = 0
                'Platform' = 0
            }
            
            $testFile = Get-Content $PSCommandPath -Raw
            $testCounts.Syntax = ($testFile | Select-String -Pattern 'syntax|parse' -AllMatches).Matches.Count
            $testCounts.Function = ($testFile | Select-String -Pattern 'function|define' -AllMatches).Matches.Count
            $testCounts.Integration = ($testFile | Select-String -Pattern 'integration|invoke' -AllMatches).Matches.Count
            $testCounts.Platform = ($testFile | Select-String -Pattern 'platform|cross' -AllMatches).Matches.Count
            
            $testCounts.Syntax | Should -BeGreaterThan 0
            $testCounts.Function | Should -BeGreaterThan 0
            $testCounts.Integration | Should -BeGreaterThan 0
            $testCounts.Platform | Should -BeGreaterThan 0
        }
        
        It "should enforce PatchManager usage for changes" {
            # Verify that any changes to CoreApp go through PatchManager
            $patchManagerCommands = @(
                'New-PatchOperation'
                'Invoke-PatchValidation' 
                'Submit-PatchForReview'
            )
            
            foreach ($cmd in $patchManagerCommands) {
                Get-Command $cmd -ErrorAction SilentlyContinue | Should -Not -BeNullOrEmpty -Because "$cmd should be available for PatchManager workflow"
            }
        }
    }
    
    Context "Test Result Analysis" {
        
        It "should generate comprehensive test reports" {
            $script:TestResults['CoreApp'] = @{
                TotalTests = (Get-ChildItem $PSCommandPath | Measure-Object).Count
                Timestamp = Get-Date
                Platform = $env:PLATFORM
                PowerShellVersion = $PSVersionTable.PSVersion
            }
            
            $script:TestResults.Count | Should -BeGreaterThan 0
        }
        
        It "should validate against test quality metrics" {
            # Ensure we have adequate test coverage
            $totalTests = 25  # Minimum expected tests
            $actualTests = (Select-String -Path $PSCommandPath -Pattern '\s+It\s+"' | Measure-Object).Count
            
            $actualTests | Should -BeGreaterOrEqual $totalTests -Because "Should have at least $totalTests tests for comprehensive coverage"
        }
    }
}
AfterAll {
    # Clean up test environment
    Write-CustomLog "CoreApp tests completed. Results: $($script:TestResults | ConvertTo-Json -Depth 2)" -Level INFO
    
    # Generate test coverage report if running in CI
    if ($env:CI -or $env:GITHUB_ACTIONS) {
        $coverageReport = @{
            TestFile = $PSCommandPath
            Results = $script:TestResults
            Timestamp = Get-Date
            Environment = @{
                Platform = $env:PLATFORM
                PowerShell = $PSVersionTable.PSVersion
                ProjectRoot = $env:PROJECT_ROOT
            }
        }
        
        $reportPath = "$env:PROJECT_ROOT/coverage/CoreApp-TestReport.json"
        $coverageReport | ConvertTo-Json -Depth 3 | Set-Content -Path $reportPath
        Write-CustomLog "Test coverage report saved to: $reportPath" -Level SUCCESS
    }
}
', because Should have test coverage for 0000_Cleanup-Files, but it did not match.</message>
                      <stack-trace>at $testFile | Should -Match $scriptName -Because "Should have test coverage for $scriptName", /workspaces/AitherLabs/tests/integration/CoreApp.Tests.ps1:265
at Invoke-Assertion, /home/codespace/.local/share/powershell/Modules/Pester/5.7.1/Pester.psm1:8250
at Should&lt;End&gt;, /home/codespace/.local/share/powershell/Modules/Pester/5.7.1/Pester.psm1:8193
at &lt;ScriptBlock&gt;, /workspaces/AitherLabs/tests/integration/CoreApp.Tests.ps1:265
at &lt;ScriptBlock&gt;, /home/codespace/.local/share/powershell/Modules/Pester/5.7.1/Pester.psm1:2024
at &lt;ScriptBlock&gt;, /home/codespace/.local/share/powershell/Modules/Pester/5.7.1/Pester.psm1:1985
at Invoke-ScriptBlock, /home/codespace/.local/share/powershell/Modules/Pester/5.7.1/Pester.psm1:2157
at Invoke-TestItem, /home/codespace/.local/share/powershell/Modules/Pester/5.7.1/Pester.psm1:1199
at Invoke-Block, /home/codespace/.local/share/powershell/Modules/Pester/5.7.1/Pester.psm1:835
at &lt;ScriptBlock&gt;, /home/codespace/.local/share/powershell/Modules/Pester/5.7.1/Pester.psm1:893
at &lt;ScriptBlock&gt;, /home/codespace/.local/share/powershell/Modules/Pester/5.7.1/Pester.psm1:2024
at &lt;ScriptBlock&gt;, /home/codespace/.local/share/powershell/Modules/Pester/5.7.1/Pester.psm1:1985
at Invoke-ScriptBlock, /home/codespace/.local/share/powershell/Modules/Pester/5.7.1/Pester.psm1:2160
at Invoke-Block, /home/codespace/.local/share/powershell/Modules/Pester/5.7.1/Pester.psm1:940
at &lt;ScriptBlock&gt;, /home/codespace/.local/share/powershell/Modules/Pester/5.7.1/Pester.psm1:893
at &lt;ScriptBlock&gt;, /home/codespace/.local/share/powershell/Modules/Pester/5.7.1/Pester.psm1:2024
at &lt;ScriptBlock&gt;, /home/codespace/.local/share/powershell/Modules/Pester/5.7.1/Pester.psm1:1985
at Invoke-ScriptBlock, /home/codespace/.local/share/powershell/Modules/Pester/5.7.1/Pester.psm1:2160
at Invoke-Block, /home/codespace/.local/share/powershell/Modules/Pester/5.7.1/Pester.psm1:940
at &lt;ScriptBlock&gt;, /home/codespace/.local/share/powershell/Modules/Pester/5.7.1/Pester.psm1:893
at &lt;ScriptBlock&gt;, /home/codespace/.local/share/powershell/Modules/Pester/5.7.1/Pester.psm1:2024
at &lt;ScriptBlock&gt;, /home/codespace/.local/share/powershell/Modules/Pester/5.7.1/Pester.psm1:1985
at Invoke-ScriptBlock, /home/codespace/.local/share/powershell/Modules/Pester/5.7.1/Pester.psm1:2160
at Invoke-Block, /home/codespace/.local/share/powershell/Modules/Pester/5.7.1/Pester.psm1:940
at &lt;ScriptBlock&gt;, /home/codespace/.local/share/powershell/Modules/Pester/5.7.1/Pester.psm1:1688
at &lt;ScriptBlock&gt;, /home/codespace/.local/share/powershell/Modules/Pester/5.7.1/Pester.ps1:3
at &lt;ScriptBlock&gt;, /home/codespace/.local/share/powershell/Modules/Pester/5.7.1/Pester.psm1:3260
at Invoke-InNewScriptScope, /home/codespace/.local/share/powershell/Modules/Pester/5.7.1/Pester.psm1:3267
at Run-Test, /home/codespace/.local/share/powershell/Modules/Pester/5.7.1/Pester.psm1:1691
at Invoke-Test, /home/codespace/.local/share/powershell/Modules/Pester/5.7.1/Pester.psm1:2512
at Invoke-Pester&lt;End&gt;, /home/codespace/.local/share/powershell/Modules/Pester/5.7.1/Pester.psm1:4960</stack-trace>
                    </failure>
                  </test-case>
                  <test-case description="should validate test completeness" name="Automated Test Generation and Validation.Continuous Test Coverage.should validate test completeness" time="0.0304" asserts="0" success="True" result="Success" executed="True" />
                  <test-case description="should enforce PatchManager usage for changes" name="Automated Test Generation and Validation.Continuous Test Coverage.should enforce PatchManager usage for changes" time="0.1045" asserts="0" success="False" result="Failure" executed="True">
                    <failure>
                      <message>Expected a value, because New-PatchOperation should be available for PatchManager workflow, but got $null or empty.</message>
                      <stack-trace>at Get-Command $cmd -ErrorAction SilentlyContinue | Should -Not -BeNullOrEmpty -Because "$cmd should be available for PatchManager workflow", /workspaces/AitherLabs/tests/integration/CoreApp.Tests.ps1:299
at Invoke-Assertion, /home/codespace/.local/share/powershell/Modules/Pester/5.7.1/Pester.psm1:8250
at Should&lt;End&gt;, /home/codespace/.local/share/powershell/Modules/Pester/5.7.1/Pester.psm1:8186
at &lt;ScriptBlock&gt;, /workspaces/AitherLabs/tests/integration/CoreApp.Tests.ps1:299
at &lt;ScriptBlock&gt;, /home/codespace/.local/share/powershell/Modules/Pester/5.7.1/Pester.psm1:2024
at &lt;ScriptBlock&gt;, /home/codespace/.local/share/powershell/Modules/Pester/5.7.1/Pester.psm1:1985
at Invoke-ScriptBlock, /home/codespace/.local/share/powershell/Modules/Pester/5.7.1/Pester.psm1:2157
at Invoke-TestItem, /home/codespace/.local/share/powershell/Modules/Pester/5.7.1/Pester.psm1:1199
at Invoke-Block, /home/codespace/.local/share/powershell/Modules/Pester/5.7.1/Pester.psm1:835
at &lt;ScriptBlock&gt;, /home/codespace/.local/share/powershell/Modules/Pester/5.7.1/Pester.psm1:893
at &lt;ScriptBlock&gt;, /home/codespace/.local/share/powershell/Modules/Pester/5.7.1/Pester.psm1:2024
at &lt;ScriptBlock&gt;, /home/codespace/.local/share/powershell/Modules/Pester/5.7.1/Pester.psm1:1985
at Invoke-ScriptBlock, /home/codespace/.local/share/powershell/Modules/Pester/5.7.1/Pester.psm1:2160
at Invoke-Block, /home/codespace/.local/share/powershell/Modules/Pester/5.7.1/Pester.psm1:940
at &lt;ScriptBlock&gt;, /home/codespace/.local/share/powershell/Modules/Pester/5.7.1/Pester.psm1:893
at &lt;ScriptBlock&gt;, /home/codespace/.local/share/powershell/Modules/Pester/5.7.1/Pester.psm1:2024
at &lt;ScriptBlock&gt;, /home/codespace/.local/share/powershell/Modules/Pester/5.7.1/Pester.psm1:1985
at Invoke-ScriptBlock, /home/codespace/.local/share/powershell/Modules/Pester/5.7.1/Pester.psm1:2160
at Invoke-Block, /home/codespace/.local/share/powershell/Modules/Pester/5.7.1/Pester.psm1:940
at &lt;ScriptBlock&gt;, /home/codespace/.local/share/powershell/Modules/Pester/5.7.1/Pester.psm1:893
at &lt;ScriptBlock&gt;, /home/codespace/.local/share/powershell/Modules/Pester/5.7.1/Pester.psm1:2024
at &lt;ScriptBlock&gt;, /home/codespace/.local/share/powershell/Modules/Pester/5.7.1/Pester.psm1:1985
at Invoke-ScriptBlock, /home/codespace/.local/share/powershell/Modules/Pester/5.7.1/Pester.psm1:2160
at Invoke-Block, /home/codespace/.local/share/powershell/Modules/Pester/5.7.1/Pester.psm1:940
at &lt;ScriptBlock&gt;, /home/codespace/.local/share/powershell/Modules/Pester/5.7.1/Pester.psm1:1688
at &lt;ScriptBlock&gt;, /home/codespace/.local/share/powershell/Modules/Pester/5.7.1/Pester.ps1:3
at &lt;ScriptBlock&gt;, /home/codespace/.local/share/powershell/Modules/Pester/5.7.1/Pester.psm1:3260
at Invoke-InNewScriptScope, /home/codespace/.local/share/powershell/Modules/Pester/5.7.1/Pester.psm1:3267
at Run-Test, /home/codespace/.local/share/powershell/Modules/Pester/5.7.1/Pester.psm1:1691
at Invoke-Test, /home/codespace/.local/share/powershell/Modules/Pester/5.7.1/Pester.psm1:2512
at Invoke-Pester&lt;End&gt;, /home/codespace/.local/share/powershell/Modules/Pester/5.7.1/Pester.psm1:4960</stack-trace>
                    </failure>
                  </test-case>
                </results>
              </test-suite>
              <test-suite type="TestFixture" name="Automated Test Generation and Validation.Test Result Analysis" executed="True" result="Success" success="True" time="0.1861" asserts="0" description="Automated Test Generation and Validation.Test Result Analysis">
                <results>
                  <test-case description="should generate comprehensive test reports" name="Automated Test Generation and Validation.Test Result Analysis.should generate comprehensive test reports" time="0.0065" asserts="0" success="True" result="Success" executed="True" />
                  <test-case description="should validate against test quality metrics" name="Automated Test Generation and Validation.Test Result Analysis.should validate against test quality metrics" time="0.007" asserts="0" success="True" result="Success" executed="True" />
                </results>
              </test-suite>
            </results>
          </test-suite>
        </results>
      </test-suite>
    </results>
  </test-suite>
</test-results>