<?xml version="1.0" encoding="utf-8" standalone="no"?>
<test-results xmlns:xsi="http://www.w3.org/2001/XMLSchema-instance" xsi:noNamespaceSchemaLocation="nunit_schema_2.5.xsd" name="Aitherium Infrastructure Automation - Enhanced" total="187" errors="0" failures="142" not-run="728" inconclusive="0" ignored="0" skipped="0" invalid="0" date="2025-06-24" time="18:02:10">
  <environment machine-name="WZNS" clr-version="9.0.4" platform="Microsoft Windows 11 Pro|C:\WINDOWS|\Device\Harddisk1\Partition3" user-domain="WZNS" nunit-version="2.5.8.0" cwd="C:\Users\alexa\OneDrive\Documents\0. wizzense\AitherZero" os-version="10.0.26100" user="alexa" />
  <culture-info current-culture="en-US" current-uiculture="en-US" />
  <test-suite type="TestFixture" name="Aitherium Infrastructure Automation - Enhanced" executed="True" result="Failure" success="False" time="33.1442" asserts="0" description="Pester">
    <results>
      <test-suite type="TestFixture" name="C:\Users\alexa\OneDrive\Documents\0. wizzense\AitherZero\tests\unit\modules\CoreApp\BulletproofCoreRunner.Tests.ps1" executed="True" result="Failure" success="False" time="0.6307" asserts="0" description="C:\Users\alexa\OneDrive\Documents\0. wizzense\AitherZero\tests\unit\modules\CoreApp\BulletproofCoreRunner.Tests.ps1">
        <results>
          <test-suite type="TestFixture" name="Core Runner Bulletproof Tests" executed="True" result="Failure" success="False" time="0" asserts="0" description="Core Runner Bulletproof Tests">
            <results>
              <test-suite type="TestFixture" name="Core Runner Bulletproof Tests.Script Structure and Syntax Validation" executed="True" result="Failure" success="False" time="0" asserts="0" description="Core Runner Bulletproof Tests.Script Structure and Syntax Validation">
                <results>
                  <test-case description="Should have valid PowerShell syntax" name="Core Runner Bulletproof Tests.Script Structure and Syntax Validation.Should have valid PowerShell syntax" time="0" asserts="0" success="False" result="Failure" executed="True">
                    <failure>
                      <message>This test should run but it did not. Most likely a setup in some parent block failed.</message>
                      <stack-trace />
                    </failure>
                  </test-case>
                  <test-case description="Should require PowerShell 7.0+" name="Core Runner Bulletproof Tests.Script Structure and Syntax Validation.Should require PowerShell 7.0+" time="0" asserts="0" success="False" result="Failure" executed="True">
                    <failure>
                      <message>This test should run but it did not. Most likely a setup in some parent block failed.</message>
                      <stack-trace />
                    </failure>
                  </test-case>
                  <test-case description="Should have CmdletBinding with SupportsShouldProcess" name="Core Runner Bulletproof Tests.Script Structure and Syntax Validation.Should have CmdletBinding with SupportsShouldProcess" time="0" asserts="0" success="False" result="Failure" executed="True">
                    <failure>
                      <message>This test should run but it did not. Most likely a setup in some parent block failed.</message>
                      <stack-trace />
                    </failure>
                  </test-case>
                  <test-case description="Should have comprehensive parameter definitions" name="Core Runner Bulletproof Tests.Script Structure and Syntax Validation.Should have comprehensive parameter definitions" time="0" asserts="0" success="False" result="Failure" executed="True">
                    <failure>
                      <message>This test should run but it did not. Most likely a setup in some parent block failed.</message>
                      <stack-trace />
                    </failure>
                  </test-case>
                  <test-case description="Should have proper help documentation" name="Core Runner Bulletproof Tests.Script Structure and Syntax Validation.Should have proper help documentation" time="0" asserts="0" success="False" result="Failure" executed="True">
                    <failure>
                      <message>This test should run but it did not. Most likely a setup in some parent block failed.</message>
                      <stack-trace />
                    </failure>
                  </test-case>
                </results>
              </test-suite>
              <test-suite type="TestFixture" name="Core Runner Bulletproof Tests.Non-Interactive Mode Bulletproofing" executed="True" result="Failure" success="False" time="0" asserts="0" description="Core Runner Bulletproof Tests.Non-Interactive Mode Bulletproofing">
                <results>
                  <test-case description="Should exit with code 0 when no scripts specified in non-interactive mode" name="Core Runner Bulletproof Tests.Non-Interactive Mode Bulletproofing.Should exit with code 0 when no scripts specified in non-interactive mode" time="0" asserts="0" success="False" result="Failure" executed="True">
                    <failure>
                      <message>This test should run but it did not. Most likely a setup in some parent block failed.</message>
                      <stack-trace />
                    </failure>
                  </test-case>
                  <test-case description="Should handle Auto mode correctly in non-interactive mode" name="Core Runner Bulletproof Tests.Non-Interactive Mode Bulletproofing.Should handle Auto mode correctly in non-interactive mode" time="0" asserts="0" success="False" result="Failure" executed="True">
                    <failure>
                      <message>This test should run but it did not. Most likely a setup in some parent block failed.</message>
                      <stack-trace />
                    </failure>
                  </test-case>
                  <test-case description="Should handle specific script execution in non-interactive mode" name="Core Runner Bulletproof Tests.Non-Interactive Mode Bulletproofing.Should handle specific script execution in non-interactive mode" time="0" asserts="0" success="False" result="Failure" executed="True">
                    <failure>
                      <message>This test should run but it did not. Most likely a setup in some parent block failed.</message>
                      <stack-trace />
                    </failure>
                  </test-case>
                  <test-case description="Should handle missing scripts gracefully in non-interactive mode" name="Core Runner Bulletproof Tests.Non-Interactive Mode Bulletproofing.Should handle missing scripts gracefully in non-interactive mode" time="0" asserts="0" success="False" result="Failure" executed="True">
                    <failure>
                      <message>This test should run but it did not. Most likely a setup in some parent block failed.</message>
                      <stack-trace />
                    </failure>
                  </test-case>
                  <test-case description="Should handle empty script parameter gracefully" name="Core Runner Bulletproof Tests.Non-Interactive Mode Bulletproofing.Should handle empty script parameter gracefully" time="0" asserts="0" success="False" result="Failure" executed="True">
                    <failure>
                      <message>This test should run but it did not. Most likely a setup in some parent block failed.</message>
                      <stack-trace />
                    </failure>
                  </test-case>
                  <test-case description="Should maintain consistent exit codes across multiple runs" name="Core Runner Bulletproof Tests.Non-Interactive Mode Bulletproofing.Should maintain consistent exit codes across multiple runs" time="0" asserts="0" success="False" result="Failure" executed="True">
                    <failure>
                      <message>This test should run but it did not. Most likely a setup in some parent block failed.</message>
                      <stack-trace />
                    </failure>
                  </test-case>
                </results>
              </test-suite>
              <test-suite type="TestFixture" name="Core Runner Bulletproof Tests.Error Handling and Edge Cases" executed="True" result="Failure" success="False" time="0" asserts="0" description="Core Runner Bulletproof Tests.Error Handling and Edge Cases">
                <results>
                  <test-case description="Should handle missing configuration files gracefully" name="Core Runner Bulletproof Tests.Error Handling and Edge Cases.Should handle missing configuration files gracefully" time="0" asserts="0" success="False" result="Failure" executed="True">
                    <failure>
                      <message>This test should run but it did not. Most likely a setup in some parent block failed.</message>
                      <stack-trace />
                    </failure>
                  </test-case>
                  <test-case description="Should handle invalid verbosity levels gracefully" name="Core Runner Bulletproof Tests.Error Handling and Edge Cases.Should handle invalid verbosity levels gracefully" time="0" asserts="0" success="False" result="Failure" executed="True">
                    <failure>
                      <message>This test should run but it did not. Most likely a setup in some parent block failed.</message>
                      <stack-trace />
                    </failure>
                  </test-case>
                  <test-case description="Should handle concurrent executions without conflicts" name="Core Runner Bulletproof Tests.Error Handling and Edge Cases.Should handle concurrent executions without conflicts" time="0" asserts="0" success="False" result="Failure" executed="True">
                    <failure>
                      <message>This test should run but it did not. Most likely a setup in some parent block failed.</message>
                      <stack-trace />
                    </failure>
                  </test-case>
                </results>
              </test-suite>
              <test-suite type="TestFixture" name="Core Runner Bulletproof Tests.Performance and Reliability" executed="True" result="Failure" success="False" time="0" asserts="0" description="Core Runner Bulletproof Tests.Performance and Reliability">
                <results>
                  <test-case description="Should complete basic execution within time limits" name="Core Runner Bulletproof Tests.Performance and Reliability.Should complete basic execution within time limits" time="0" asserts="0" success="False" result="Failure" executed="True">
                    <failure>
                      <message>This test should run but it did not. Most likely a setup in some parent block failed.</message>
                      <stack-trace />
                    </failure>
                  </test-case>
                  <test-case description="Should handle auto mode within reasonable time" name="Core Runner Bulletproof Tests.Performance and Reliability.Should handle auto mode within reasonable time" time="0" asserts="0" success="False" result="Failure" executed="True">
                    <failure>
                      <message>This test should run but it did not. Most likely a setup in some parent block failed.</message>
                      <stack-trace />
                    </failure>
                  </test-case>
                  <test-case description="Should be memory efficient" name="Core Runner Bulletproof Tests.Performance and Reliability.Should be memory efficient" time="0" asserts="0" success="False" result="Failure" executed="True">
                    <failure>
                      <message>This test should run but it did not. Most likely a setup in some parent block failed.</message>
                      <stack-trace />
                    </failure>
                  </test-case>
                </results>
              </test-suite>
              <test-suite type="TestFixture" name="Core Runner Bulletproof Tests.Cross-Platform Compatibility" executed="True" result="Failure" success="False" time="0" asserts="0" description="Core Runner Bulletproof Tests.Cross-Platform Compatibility">
                <results>
                  <test-case description="Should work correctly on current platform" name="Core Runner Bulletproof Tests.Cross-Platform Compatibility.Should work correctly on current platform" time="0" asserts="0" success="False" result="Failure" executed="True">
                    <failure>
                      <message>This test should run but it did not. Most likely a setup in some parent block failed.</message>
                      <stack-trace />
                    </failure>
                  </test-case>
                  <test-case description="Should handle path separators correctly" name="Core Runner Bulletproof Tests.Cross-Platform Compatibility.Should handle path separators correctly" time="0" asserts="0" success="False" result="Failure" executed="True">
                    <failure>
                      <message>This test should run but it did not. Most likely a setup in some parent block failed.</message>
                      <stack-trace />
                    </failure>
                  </test-case>
                  <test-case description="Should use cross-platform compatible commands" name="Core Runner Bulletproof Tests.Cross-Platform Compatibility.Should use cross-platform compatible commands" time="0" asserts="0" success="False" result="Failure" executed="True">
                    <failure>
                      <message>This test should run but it did not. Most likely a setup in some parent block failed.</message>
                      <stack-trace />
                    </failure>
                  </test-case>
                </results>
              </test-suite>
              <test-suite type="TestFixture" name="Core Runner Bulletproof Tests.Integration Testing" executed="True" result="Failure" success="False" time="0" asserts="0" description="Core Runner Bulletproof Tests.Integration Testing">
                <results>
                  <test-case description="Should integrate properly with CoreApp module" name="Core Runner Bulletproof Tests.Integration Testing.Should integrate properly with CoreApp module" time="0" asserts="0" success="False" result="Failure" executed="True">
                    <failure>
                      <message>This test should run but it did not. Most likely a setup in some parent block failed.</message>
                      <stack-trace />
                    </failure>
                  </test-case>
                  <test-case description="Should work with different configuration files" name="Core Runner Bulletproof Tests.Integration Testing.Should work with different configuration files" time="0" asserts="0" success="False" result="Failure" executed="True">
                    <failure>
                      <message>This test should run but it did not. Most likely a setup in some parent block failed.</message>
                      <stack-trace />
                    </failure>
                  </test-case>
                </results>
              </test-suite>
              <test-suite type="TestFixture" name="Core Runner Bulletproof Tests.Logging and Output Validation" executed="True" result="Failure" success="False" time="0" asserts="0" description="Core Runner Bulletproof Tests.Logging and Output Validation">
                <results>
                  <test-case description="Should create proper log entries with timestamps" name="Core Runner Bulletproof Tests.Logging and Output Validation.Should create proper log entries with timestamps" time="0" asserts="0" success="False" result="Failure" executed="True">
                    <failure>
                      <message>This test should run but it did not. Most likely a setup in some parent block failed.</message>
                      <stack-trace />
                    </failure>
                  </test-case>
                  <test-case description="Should respect verbosity levels" name="Core Runner Bulletproof Tests.Logging and Output Validation.Should respect verbosity levels" time="0" asserts="0" success="False" result="Failure" executed="True">
                    <failure>
                      <message>This test should run but it did not. Most likely a setup in some parent block failed.</message>
                      <stack-trace />
                    </failure>
                  </test-case>
                  <test-case description="Should include module initialization messages" name="Core Runner Bulletproof Tests.Logging and Output Validation.Should include module initialization messages" time="0" asserts="0" success="False" result="Failure" executed="True">
                    <failure>
                      <message>This test should run but it did not. Most likely a setup in some parent block failed.</message>
                      <stack-trace />
                    </failure>
                  </test-case>
                </results>
              </test-suite>
            </results>
          </test-suite>
        </results>
      </test-suite>
      <test-suite type="TestFixture" name="C:\Users\alexa\OneDrive\Documents\0. wizzense\AitherZero\tests\unit\modules\CoreApp\CoreRunner.Tests.ps1" executed="True" result="Failure" success="False" time="1.2454" asserts="0" description="C:\Users\alexa\OneDrive\Documents\0. wizzense\AitherZero\tests\unit\modules\CoreApp\CoreRunner.Tests.ps1">
        <results>
          <test-suite type="TestFixture" name="Core Runner Script Validation Tests" executed="True" result="Failure" success="False" time="0.2518" asserts="0" description="Core Runner Script Validation Tests">
            <results>
              <test-suite type="TestFixture" name="Core Runner Script Validation Tests.Script file existence and basic validation" executed="True" result="Failure" success="False" time="0.2236" asserts="0" description="Core Runner Script Validation Tests.Script file existence and basic validation">
                <results>
                  <test-case description="should have core-runner.ps1 script" name="Core Runner Script Validation Tests.Script file existence and basic validation.should have core-runner.ps1 script" time="0.1714" asserts="0" success="False" result="Failure" executed="True">
                    <failure>
                      <message>Expected path 'C:\Users\alexa\OneDrive\Documents\0. wizzense\opentofu-lab-automation/aither-core/core-runner.ps1' to exist, but it did not exist.</message>
                      <stack-trace>at $script:CoreRunnerScript | Should -Exist, C:\Users\alexa\OneDrive\Documents\0. wizzense\AitherZero\tests\unit\modules\CoreApp\CoreRunner.Tests.ps1:46
at Invoke-Assertion, C:\Users\alexa\OneDrive\Documents\PowerShell\Modules\Pester\5.7.1\Pester.psm1:8250
at Should&lt;End&gt;, C:\Users\alexa\OneDrive\Documents\PowerShell\Modules\Pester\5.7.1\Pester.psm1:8193
at &lt;ScriptBlock&gt;, C:\Users\alexa\OneDrive\Documents\0. wizzense\AitherZero\tests\unit\modules\CoreApp\CoreRunner.Tests.ps1:46
at &lt;ScriptBlock&gt;, C:\Users\alexa\OneDrive\Documents\PowerShell\Modules\Pester\5.7.1\Pester.psm1:2024
at &lt;ScriptBlock&gt;, C:\Users\alexa\OneDrive\Documents\PowerShell\Modules\Pester\5.7.1\Pester.psm1:1985
at Invoke-ScriptBlock, C:\Users\alexa\OneDrive\Documents\PowerShell\Modules\Pester\5.7.1\Pester.psm1:2157
at Invoke-TestItem, C:\Users\alexa\OneDrive\Documents\PowerShell\Modules\Pester\5.7.1\Pester.psm1:1199
at Invoke-Block, C:\Users\alexa\OneDrive\Documents\PowerShell\Modules\Pester\5.7.1\Pester.psm1:835
at &lt;ScriptBlock&gt;, C:\Users\alexa\OneDrive\Documents\PowerShell\Modules\Pester\5.7.1\Pester.psm1:893
at &lt;ScriptBlock&gt;, C:\Users\alexa\OneDrive\Documents\PowerShell\Modules\Pester\5.7.1\Pester.psm1:2024
at &lt;ScriptBlock&gt;, C:\Users\alexa\OneDrive\Documents\PowerShell\Modules\Pester\5.7.1\Pester.psm1:1985
at Invoke-ScriptBlock, C:\Users\alexa\OneDrive\Documents\PowerShell\Modules\Pester\5.7.1\Pester.psm1:2160
at Invoke-Block, C:\Users\alexa\OneDrive\Documents\PowerShell\Modules\Pester\5.7.1\Pester.psm1:940
at &lt;ScriptBlock&gt;, C:\Users\alexa\OneDrive\Documents\PowerShell\Modules\Pester\5.7.1\Pester.psm1:893
at &lt;ScriptBlock&gt;, C:\Users\alexa\OneDrive\Documents\PowerShell\Modules\Pester\5.7.1\Pester.psm1:2024
at &lt;ScriptBlock&gt;, C:\Users\alexa\OneDrive\Documents\PowerShell\Modules\Pester\5.7.1\Pester.psm1:1985
at Invoke-ScriptBlock, C:\Users\alexa\OneDrive\Documents\PowerShell\Modules\Pester\5.7.1\Pester.psm1:2160
at Invoke-Block, C:\Users\alexa\OneDrive\Documents\PowerShell\Modules\Pester\5.7.1\Pester.psm1:940
at &lt;ScriptBlock&gt;, C:\Users\alexa\OneDrive\Documents\PowerShell\Modules\Pester\5.7.1\Pester.psm1:893
at &lt;ScriptBlock&gt;, C:\Users\alexa\OneDrive\Documents\PowerShell\Modules\Pester\5.7.1\Pester.psm1:2024
at &lt;ScriptBlock&gt;, C:\Users\alexa\OneDrive\Documents\PowerShell\Modules\Pester\5.7.1\Pester.psm1:1985
at Invoke-ScriptBlock, C:\Users\alexa\OneDrive\Documents\PowerShell\Modules\Pester\5.7.1\Pester.psm1:2160
at Invoke-Block, C:\Users\alexa\OneDrive\Documents\PowerShell\Modules\Pester\5.7.1\Pester.psm1:940
at &lt;ScriptBlock&gt;, C:\Users\alexa\OneDrive\Documents\PowerShell\Modules\Pester\5.7.1\Pester.psm1:1688
at &lt;ScriptBlock&gt;, C:\Users\alexa\OneDrive\Documents\PowerShell\Modules\Pester\5.7.1\Pester.ps1:3
at &lt;ScriptBlock&gt;, C:\Users\alexa\OneDrive\Documents\PowerShell\Modules\Pester\5.7.1\Pester.psm1:3260
at Invoke-InNewScriptScope, C:\Users\alexa\OneDrive\Documents\PowerShell\Modules\Pester\5.7.1\Pester.psm1:3267
at Run-Test, C:\Users\alexa\OneDrive\Documents\PowerShell\Modules\Pester\5.7.1\Pester.psm1:1691
at Invoke-Test, C:\Users\alexa\OneDrive\Documents\PowerShell\Modules\Pester\5.7.1\Pester.psm1:2512
at Invoke-Pester&lt;End&gt;, C:\Users\alexa\OneDrive\Documents\PowerShell\Modules\Pester\5.7.1\Pester.psm1:4960
at &lt;ScriptBlock&gt;, &lt;No file&gt;:1</stack-trace>
                    </failure>
                  </test-case>
                  <test-case description="should have valid PowerShell syntax in core-runner.ps1" name="Core Runner Script Validation Tests.Script file existence and basic validation.should have valid PowerShell syntax in core-runner.ps1" time="0.0405" asserts="0" success="False" result="Failure" executed="True">
                    <failure>
                      <message>Expected 0, because core-runner.ps1 should have valid PowerShell syntax, but got 1.</message>
                      <stack-trace>at $errorCount | Should -Be 0 -Because 'core-runner.ps1 should have valid PowerShell syntax', C:\Users\alexa\OneDrive\Documents\0. wizzense\AitherZero\tests\unit\modules\CoreApp\CoreRunner.Tests.ps1:54
at Invoke-Assertion, C:\Users\alexa\OneDrive\Documents\PowerShell\Modules\Pester\5.7.1\Pester.psm1:8250
at Should&lt;End&gt;, C:\Users\alexa\OneDrive\Documents\PowerShell\Modules\Pester\5.7.1\Pester.psm1:8189
at &lt;ScriptBlock&gt;, C:\Users\alexa\OneDrive\Documents\0. wizzense\AitherZero\tests\unit\modules\CoreApp\CoreRunner.Tests.ps1:54
at &lt;ScriptBlock&gt;, C:\Users\alexa\OneDrive\Documents\PowerShell\Modules\Pester\5.7.1\Pester.psm1:2024
at &lt;ScriptBlock&gt;, C:\Users\alexa\OneDrive\Documents\PowerShell\Modules\Pester\5.7.1\Pester.psm1:1985
at Invoke-ScriptBlock, C:\Users\alexa\OneDrive\Documents\PowerShell\Modules\Pester\5.7.1\Pester.psm1:2157
at Invoke-TestItem, C:\Users\alexa\OneDrive\Documents\PowerShell\Modules\Pester\5.7.1\Pester.psm1:1199
at Invoke-Block, C:\Users\alexa\OneDrive\Documents\PowerShell\Modules\Pester\5.7.1\Pester.psm1:835
at &lt;ScriptBlock&gt;, C:\Users\alexa\OneDrive\Documents\PowerShell\Modules\Pester\5.7.1\Pester.psm1:893
at &lt;ScriptBlock&gt;, C:\Users\alexa\OneDrive\Documents\PowerShell\Modules\Pester\5.7.1\Pester.psm1:2024
at &lt;ScriptBlock&gt;, C:\Users\alexa\OneDrive\Documents\PowerShell\Modules\Pester\5.7.1\Pester.psm1:1985
at Invoke-ScriptBlock, C:\Users\alexa\OneDrive\Documents\PowerShell\Modules\Pester\5.7.1\Pester.psm1:2160
at Invoke-Block, C:\Users\alexa\OneDrive\Documents\PowerShell\Modules\Pester\5.7.1\Pester.psm1:940
at &lt;ScriptBlock&gt;, C:\Users\alexa\OneDrive\Documents\PowerShell\Modules\Pester\5.7.1\Pester.psm1:893
at &lt;ScriptBlock&gt;, C:\Users\alexa\OneDrive\Documents\PowerShell\Modules\Pester\5.7.1\Pester.psm1:2024
at &lt;ScriptBlock&gt;, C:\Users\alexa\OneDrive\Documents\PowerShell\Modules\Pester\5.7.1\Pester.psm1:1985
at Invoke-ScriptBlock, C:\Users\alexa\OneDrive\Documents\PowerShell\Modules\Pester\5.7.1\Pester.psm1:2160
at Invoke-Block, C:\Users\alexa\OneDrive\Documents\PowerShell\Modules\Pester\5.7.1\Pester.psm1:940
at &lt;ScriptBlock&gt;, C:\Users\alexa\OneDrive\Documents\PowerShell\Modules\Pester\5.7.1\Pester.psm1:893
at &lt;ScriptBlock&gt;, C:\Users\alexa\OneDrive\Documents\PowerShell\Modules\Pester\5.7.1\Pester.psm1:2024
at &lt;ScriptBlock&gt;, C:\Users\alexa\OneDrive\Documents\PowerShell\Modules\Pester\5.7.1\Pester.psm1:1985
at Invoke-ScriptBlock, C:\Users\alexa\OneDrive\Documents\PowerShell\Modules\Pester\5.7.1\Pester.psm1:2160
at Invoke-Block, C:\Users\alexa\OneDrive\Documents\PowerShell\Modules\Pester\5.7.1\Pester.psm1:940
at &lt;ScriptBlock&gt;, C:\Users\alexa\OneDrive\Documents\PowerShell\Modules\Pester\5.7.1\Pester.psm1:1688
at &lt;ScriptBlock&gt;, C:\Users\alexa\OneDrive\Documents\PowerShell\Modules\Pester\5.7.1\Pester.ps1:3
at &lt;ScriptBlock&gt;, C:\Users\alexa\OneDrive\Documents\PowerShell\Modules\Pester\5.7.1\Pester.psm1:3260
at Invoke-InNewScriptScope, C:\Users\alexa\OneDrive\Documents\PowerShell\Modules\Pester\5.7.1\Pester.psm1:3267
at Run-Test, C:\Users\alexa\OneDrive\Documents\PowerShell\Modules\Pester\5.7.1\Pester.psm1:1691
at Invoke-Test, C:\Users\alexa\OneDrive\Documents\PowerShell\Modules\Pester\5.7.1\Pester.psm1:2512
at Invoke-Pester&lt;End&gt;, C:\Users\alexa\OneDrive\Documents\PowerShell\Modules\Pester\5.7.1\Pester.psm1:4960
at &lt;ScriptBlock&gt;, &lt;No file&gt;:1</stack-trace>
                    </failure>
                  </test-case>
                </results>
              </test-suite>
            </results>
          </test-suite>
          <test-suite type="TestFixture" name="Core Runner Script Structure Tests" executed="True" result="Failure" success="False" time="0.4368" asserts="0" description="Core Runner Script Structure Tests">
            <results>
              <test-suite type="TestFixture" name="Core Runner Script Structure Tests.core-runner.ps1 structure validation" executed="True" result="Failure" success="False" time="0.1692" asserts="0" description="Core Runner Script Structure Tests.core-runner.ps1 structure validation">
                <results>
                  <test-case description="should require PowerShell 7.0 or later" name="Core Runner Script Structure Tests.core-runner.ps1 structure validation.should require PowerShell 7.0 or later" time="0.0181" asserts="0" success="False" result="Failure" executed="True">
                    <failure>
                      <message>Expected regular expression '#Requires -Version 7\.0' to match $null, because Script should require PowerShell 7.0+, but it did not match.</message>
                      <stack-trace>at $script:CoreRunnerContent | Should -Match '#Requires -Version 7\.0' -Because 'Script should require PowerShell 7.0+', C:\Users\alexa\OneDrive\Documents\0. wizzense\AitherZero\tests\unit\modules\CoreApp\CoreRunner.Tests.ps1:68
at Invoke-Assertion, C:\Users\alexa\OneDrive\Documents\PowerShell\Modules\Pester\5.7.1\Pester.psm1:8250
at Should&lt;End&gt;, C:\Users\alexa\OneDrive\Documents\PowerShell\Modules\Pester\5.7.1\Pester.psm1:8186
at &lt;ScriptBlock&gt;, C:\Users\alexa\OneDrive\Documents\0. wizzense\AitherZero\tests\unit\modules\CoreApp\CoreRunner.Tests.ps1:68
at &lt;ScriptBlock&gt;, C:\Users\alexa\OneDrive\Documents\PowerShell\Modules\Pester\5.7.1\Pester.psm1:2024
at &lt;ScriptBlock&gt;, C:\Users\alexa\OneDrive\Documents\PowerShell\Modules\Pester\5.7.1\Pester.psm1:1985
at Invoke-ScriptBlock, C:\Users\alexa\OneDrive\Documents\PowerShell\Modules\Pester\5.7.1\Pester.psm1:2157
at Invoke-TestItem, C:\Users\alexa\OneDrive\Documents\PowerShell\Modules\Pester\5.7.1\Pester.psm1:1199
at Invoke-Block, C:\Users\alexa\OneDrive\Documents\PowerShell\Modules\Pester\5.7.1\Pester.psm1:835
at &lt;ScriptBlock&gt;, C:\Users\alexa\OneDrive\Documents\PowerShell\Modules\Pester\5.7.1\Pester.psm1:893
at &lt;ScriptBlock&gt;, C:\Users\alexa\OneDrive\Documents\PowerShell\Modules\Pester\5.7.1\Pester.psm1:2024
at &lt;ScriptBlock&gt;, C:\Users\alexa\OneDrive\Documents\PowerShell\Modules\Pester\5.7.1\Pester.psm1:1985
at Invoke-ScriptBlock, C:\Users\alexa\OneDrive\Documents\PowerShell\Modules\Pester\5.7.1\Pester.psm1:2160
at Invoke-Block, C:\Users\alexa\OneDrive\Documents\PowerShell\Modules\Pester\5.7.1\Pester.psm1:940
at &lt;ScriptBlock&gt;, C:\Users\alexa\OneDrive\Documents\PowerShell\Modules\Pester\5.7.1\Pester.psm1:893
at &lt;ScriptBlock&gt;, C:\Users\alexa\OneDrive\Documents\PowerShell\Modules\Pester\5.7.1\Pester.psm1:2024
at &lt;ScriptBlock&gt;, C:\Users\alexa\OneDrive\Documents\PowerShell\Modules\Pester\5.7.1\Pester.psm1:1985
at Invoke-ScriptBlock, C:\Users\alexa\OneDrive\Documents\PowerShell\Modules\Pester\5.7.1\Pester.psm1:2160
at Invoke-Block, C:\Users\alexa\OneDrive\Documents\PowerShell\Modules\Pester\5.7.1\Pester.psm1:940
at &lt;ScriptBlock&gt;, C:\Users\alexa\OneDrive\Documents\PowerShell\Modules\Pester\5.7.1\Pester.psm1:893
at &lt;ScriptBlock&gt;, C:\Users\alexa\OneDrive\Documents\PowerShell\Modules\Pester\5.7.1\Pester.psm1:2024
at &lt;ScriptBlock&gt;, C:\Users\alexa\OneDrive\Documents\PowerShell\Modules\Pester\5.7.1\Pester.psm1:1985
at Invoke-ScriptBlock, C:\Users\alexa\OneDrive\Documents\PowerShell\Modules\Pester\5.7.1\Pester.psm1:2160
at Invoke-Block, C:\Users\alexa\OneDrive\Documents\PowerShell\Modules\Pester\5.7.1\Pester.psm1:940
at &lt;ScriptBlock&gt;, C:\Users\alexa\OneDrive\Documents\PowerShell\Modules\Pester\5.7.1\Pester.psm1:1688
at &lt;ScriptBlock&gt;, C:\Users\alexa\OneDrive\Documents\PowerShell\Modules\Pester\5.7.1\Pester.ps1:3
at &lt;ScriptBlock&gt;, C:\Users\alexa\OneDrive\Documents\PowerShell\Modules\Pester\5.7.1\Pester.psm1:3260
at Invoke-InNewScriptScope, C:\Users\alexa\OneDrive\Documents\PowerShell\Modules\Pester\5.7.1\Pester.psm1:3267
at Run-Test, C:\Users\alexa\OneDrive\Documents\PowerShell\Modules\Pester\5.7.1\Pester.psm1:1691
at Invoke-Test, C:\Users\alexa\OneDrive\Documents\PowerShell\Modules\Pester\5.7.1\Pester.psm1:2512
at Invoke-Pester&lt;End&gt;, C:\Users\alexa\OneDrive\Documents\PowerShell\Modules\Pester\5.7.1\Pester.psm1:4960
at &lt;ScriptBlock&gt;, &lt;No file&gt;:1</stack-trace>
                    </failure>
                  </test-case>
                  <test-case description="should have proper CmdletBinding with SupportsShouldProcess" name="Core Runner Script Structure Tests.core-runner.ps1 structure validation.should have proper CmdletBinding with SupportsShouldProcess" time="0.0232" asserts="0" success="False" result="Failure" executed="True">
                    <failure>
                      <message>Expected regular expression '\[CmdletBinding\([^)]*SupportsShouldProcess[^)]*\)\]' to match $null, because Script should support -WhatIf parameter, but it did not match.</message>
                      <stack-trace>at $script:CoreRunnerContent | Should -Match '\[CmdletBinding\([^)]*SupportsShouldProcess[^)]*\)\]' -Because 'Script should support -WhatIf parameter', C:\Users\alexa\OneDrive\Documents\0. wizzense\AitherZero\tests\unit\modules\CoreApp\CoreRunner.Tests.ps1:72
at Invoke-Assertion, C:\Users\alexa\OneDrive\Documents\PowerShell\Modules\Pester\5.7.1\Pester.psm1:8250
at Should&lt;End&gt;, C:\Users\alexa\OneDrive\Documents\PowerShell\Modules\Pester\5.7.1\Pester.psm1:8186
at &lt;ScriptBlock&gt;, C:\Users\alexa\OneDrive\Documents\0. wizzense\AitherZero\tests\unit\modules\CoreApp\CoreRunner.Tests.ps1:72
at &lt;ScriptBlock&gt;, C:\Users\alexa\OneDrive\Documents\PowerShell\Modules\Pester\5.7.1\Pester.psm1:2024
at &lt;ScriptBlock&gt;, C:\Users\alexa\OneDrive\Documents\PowerShell\Modules\Pester\5.7.1\Pester.psm1:1985
at Invoke-ScriptBlock, C:\Users\alexa\OneDrive\Documents\PowerShell\Modules\Pester\5.7.1\Pester.psm1:2157
at Invoke-TestItem, C:\Users\alexa\OneDrive\Documents\PowerShell\Modules\Pester\5.7.1\Pester.psm1:1199
at Invoke-Block, C:\Users\alexa\OneDrive\Documents\PowerShell\Modules\Pester\5.7.1\Pester.psm1:835
at &lt;ScriptBlock&gt;, C:\Users\alexa\OneDrive\Documents\PowerShell\Modules\Pester\5.7.1\Pester.psm1:893
at &lt;ScriptBlock&gt;, C:\Users\alexa\OneDrive\Documents\PowerShell\Modules\Pester\5.7.1\Pester.psm1:2024
at &lt;ScriptBlock&gt;, C:\Users\alexa\OneDrive\Documents\PowerShell\Modules\Pester\5.7.1\Pester.psm1:1985
at Invoke-ScriptBlock, C:\Users\alexa\OneDrive\Documents\PowerShell\Modules\Pester\5.7.1\Pester.psm1:2160
at Invoke-Block, C:\Users\alexa\OneDrive\Documents\PowerShell\Modules\Pester\5.7.1\Pester.psm1:940
at &lt;ScriptBlock&gt;, C:\Users\alexa\OneDrive\Documents\PowerShell\Modules\Pester\5.7.1\Pester.psm1:893
at &lt;ScriptBlock&gt;, C:\Users\alexa\OneDrive\Documents\PowerShell\Modules\Pester\5.7.1\Pester.psm1:2024
at &lt;ScriptBlock&gt;, C:\Users\alexa\OneDrive\Documents\PowerShell\Modules\Pester\5.7.1\Pester.psm1:1985
at Invoke-ScriptBlock, C:\Users\alexa\OneDrive\Documents\PowerShell\Modules\Pester\5.7.1\Pester.psm1:2160
at Invoke-Block, C:\Users\alexa\OneDrive\Documents\PowerShell\Modules\Pester\5.7.1\Pester.psm1:940
at &lt;ScriptBlock&gt;, C:\Users\alexa\OneDrive\Documents\PowerShell\Modules\Pester\5.7.1\Pester.psm1:893
at &lt;ScriptBlock&gt;, C:\Users\alexa\OneDrive\Documents\PowerShell\Modules\Pester\5.7.1\Pester.psm1:2024
at &lt;ScriptBlock&gt;, C:\Users\alexa\OneDrive\Documents\PowerShell\Modules\Pester\5.7.1\Pester.psm1:1985
at Invoke-ScriptBlock, C:\Users\alexa\OneDrive\Documents\PowerShell\Modules\Pester\5.7.1\Pester.psm1:2160
at Invoke-Block, C:\Users\alexa\OneDrive\Documents\PowerShell\Modules\Pester\5.7.1\Pester.psm1:940
at &lt;ScriptBlock&gt;, C:\Users\alexa\OneDrive\Documents\PowerShell\Modules\Pester\5.7.1\Pester.psm1:1688
at &lt;ScriptBlock&gt;, C:\Users\alexa\OneDrive\Documents\PowerShell\Modules\Pester\5.7.1\Pester.ps1:3
at &lt;ScriptBlock&gt;, C:\Users\alexa\OneDrive\Documents\PowerShell\Modules\Pester\5.7.1\Pester.psm1:3260
at Invoke-InNewScriptScope, C:\Users\alexa\OneDrive\Documents\PowerShell\Modules\Pester\5.7.1\Pester.psm1:3267
at Run-Test, C:\Users\alexa\OneDrive\Documents\PowerShell\Modules\Pester\5.7.1\Pester.psm1:1691
at Invoke-Test, C:\Users\alexa\OneDrive\Documents\PowerShell\Modules\Pester\5.7.1\Pester.psm1:2512
at Invoke-Pester&lt;End&gt;, C:\Users\alexa\OneDrive\Documents\PowerShell\Modules\Pester\5.7.1\Pester.psm1:4960
at &lt;ScriptBlock&gt;, &lt;No file&gt;:1</stack-trace>
                    </failure>
                  </test-case>
                  <test-case description="should have comprehensive parameter definitions" name="Core Runner Script Structure Tests.core-runner.ps1 structure validation.should have comprehensive parameter definitions" time="0.0168" asserts="0" success="False" result="Failure" executed="True">
                    <failure>
                      <message>Expected regular expression 'param\s*\(' to match $null, because Script should have parameter block, but it did not match.</message>
                      <stack-trace>at $script:CoreRunnerContent | Should -Match 'param\s*\(' -Because 'Script should have parameter block', C:\Users\alexa\OneDrive\Documents\0. wizzense\AitherZero\tests\unit\modules\CoreApp\CoreRunner.Tests.ps1:76
at Invoke-Assertion, C:\Users\alexa\OneDrive\Documents\PowerShell\Modules\Pester\5.7.1\Pester.psm1:8250
at Should&lt;End&gt;, C:\Users\alexa\OneDrive\Documents\PowerShell\Modules\Pester\5.7.1\Pester.psm1:8186
at &lt;ScriptBlock&gt;, C:\Users\alexa\OneDrive\Documents\0. wizzense\AitherZero\tests\unit\modules\CoreApp\CoreRunner.Tests.ps1:76
at &lt;ScriptBlock&gt;, C:\Users\alexa\OneDrive\Documents\PowerShell\Modules\Pester\5.7.1\Pester.psm1:2024
at &lt;ScriptBlock&gt;, C:\Users\alexa\OneDrive\Documents\PowerShell\Modules\Pester\5.7.1\Pester.psm1:1985
at Invoke-ScriptBlock, C:\Users\alexa\OneDrive\Documents\PowerShell\Modules\Pester\5.7.1\Pester.psm1:2157
at Invoke-TestItem, C:\Users\alexa\OneDrive\Documents\PowerShell\Modules\Pester\5.7.1\Pester.psm1:1199
at Invoke-Block, C:\Users\alexa\OneDrive\Documents\PowerShell\Modules\Pester\5.7.1\Pester.psm1:835
at &lt;ScriptBlock&gt;, C:\Users\alexa\OneDrive\Documents\PowerShell\Modules\Pester\5.7.1\Pester.psm1:893
at &lt;ScriptBlock&gt;, C:\Users\alexa\OneDrive\Documents\PowerShell\Modules\Pester\5.7.1\Pester.psm1:2024
at &lt;ScriptBlock&gt;, C:\Users\alexa\OneDrive\Documents\PowerShell\Modules\Pester\5.7.1\Pester.psm1:1985
at Invoke-ScriptBlock, C:\Users\alexa\OneDrive\Documents\PowerShell\Modules\Pester\5.7.1\Pester.psm1:2160
at Invoke-Block, C:\Users\alexa\OneDrive\Documents\PowerShell\Modules\Pester\5.7.1\Pester.psm1:940
at &lt;ScriptBlock&gt;, C:\Users\alexa\OneDrive\Documents\PowerShell\Modules\Pester\5.7.1\Pester.psm1:893
at &lt;ScriptBlock&gt;, C:\Users\alexa\OneDrive\Documents\PowerShell\Modules\Pester\5.7.1\Pester.psm1:2024
at &lt;ScriptBlock&gt;, C:\Users\alexa\OneDrive\Documents\PowerShell\Modules\Pester\5.7.1\Pester.psm1:1985
at Invoke-ScriptBlock, C:\Users\alexa\OneDrive\Documents\PowerShell\Modules\Pester\5.7.1\Pester.psm1:2160
at Invoke-Block, C:\Users\alexa\OneDrive\Documents\PowerShell\Modules\Pester\5.7.1\Pester.psm1:940
at &lt;ScriptBlock&gt;, C:\Users\alexa\OneDrive\Documents\PowerShell\Modules\Pester\5.7.1\Pester.psm1:893
at &lt;ScriptBlock&gt;, C:\Users\alexa\OneDrive\Documents\PowerShell\Modules\Pester\5.7.1\Pester.psm1:2024
at &lt;ScriptBlock&gt;, C:\Users\alexa\OneDrive\Documents\PowerShell\Modules\Pester\5.7.1\Pester.psm1:1985
at Invoke-ScriptBlock, C:\Users\alexa\OneDrive\Documents\PowerShell\Modules\Pester\5.7.1\Pester.psm1:2160
at Invoke-Block, C:\Users\alexa\OneDrive\Documents\PowerShell\Modules\Pester\5.7.1\Pester.psm1:940
at &lt;ScriptBlock&gt;, C:\Users\alexa\OneDrive\Documents\PowerShell\Modules\Pester\5.7.1\Pester.psm1:1688
at &lt;ScriptBlock&gt;, C:\Users\alexa\OneDrive\Documents\PowerShell\Modules\Pester\5.7.1\Pester.ps1:3
at &lt;ScriptBlock&gt;, C:\Users\alexa\OneDrive\Documents\PowerShell\Modules\Pester\5.7.1\Pester.psm1:3260
at Invoke-InNewScriptScope, C:\Users\alexa\OneDrive\Documents\PowerShell\Modules\Pester\5.7.1\Pester.psm1:3267
at Run-Test, C:\Users\alexa\OneDrive\Documents\PowerShell\Modules\Pester\5.7.1\Pester.psm1:1691
at Invoke-Test, C:\Users\alexa\OneDrive\Documents\PowerShell\Modules\Pester\5.7.1\Pester.psm1:2512
at Invoke-Pester&lt;End&gt;, C:\Users\alexa\OneDrive\Documents\PowerShell\Modules\Pester\5.7.1\Pester.psm1:4960
at &lt;ScriptBlock&gt;, &lt;No file&gt;:1</stack-trace>
                    </failure>
                  </test-case>
                  <test-case description="should have expected parameters" name="Core Runner Script Structure Tests.core-runner.ps1 structure validation.should have expected parameters" time="0.0211" asserts="0" success="False" result="Failure" executed="True">
                    <failure>
                      <message>Expected regular expression '\$Quiet' to match $null, because Script should have Quiet parameter, but it did not match.</message>
                      <stack-trace>at $script:CoreRunnerContent | Should -Match "\`$$param" -Because "Script should have $param parameter", C:\Users\alexa\OneDrive\Documents\0. wizzense\AitherZero\tests\unit\modules\CoreApp\CoreRunner.Tests.ps1:90
at Invoke-Assertion, C:\Users\alexa\OneDrive\Documents\PowerShell\Modules\Pester\5.7.1\Pester.psm1:8250
at Should&lt;End&gt;, C:\Users\alexa\OneDrive\Documents\PowerShell\Modules\Pester\5.7.1\Pester.psm1:8186
at &lt;ScriptBlock&gt;, C:\Users\alexa\OneDrive\Documents\0. wizzense\AitherZero\tests\unit\modules\CoreApp\CoreRunner.Tests.ps1:90
at &lt;ScriptBlock&gt;, C:\Users\alexa\OneDrive\Documents\PowerShell\Modules\Pester\5.7.1\Pester.psm1:2024
at &lt;ScriptBlock&gt;, C:\Users\alexa\OneDrive\Documents\PowerShell\Modules\Pester\5.7.1\Pester.psm1:1985
at Invoke-ScriptBlock, C:\Users\alexa\OneDrive\Documents\PowerShell\Modules\Pester\5.7.1\Pester.psm1:2157
at Invoke-TestItem, C:\Users\alexa\OneDrive\Documents\PowerShell\Modules\Pester\5.7.1\Pester.psm1:1199
at Invoke-Block, C:\Users\alexa\OneDrive\Documents\PowerShell\Modules\Pester\5.7.1\Pester.psm1:835
at &lt;ScriptBlock&gt;, C:\Users\alexa\OneDrive\Documents\PowerShell\Modules\Pester\5.7.1\Pester.psm1:893
at &lt;ScriptBlock&gt;, C:\Users\alexa\OneDrive\Documents\PowerShell\Modules\Pester\5.7.1\Pester.psm1:2024
at &lt;ScriptBlock&gt;, C:\Users\alexa\OneDrive\Documents\PowerShell\Modules\Pester\5.7.1\Pester.psm1:1985
at Invoke-ScriptBlock, C:\Users\alexa\OneDrive\Documents\PowerShell\Modules\Pester\5.7.1\Pester.psm1:2160
at Invoke-Block, C:\Users\alexa\OneDrive\Documents\PowerShell\Modules\Pester\5.7.1\Pester.psm1:940
at &lt;ScriptBlock&gt;, C:\Users\alexa\OneDrive\Documents\PowerShell\Modules\Pester\5.7.1\Pester.psm1:893
at &lt;ScriptBlock&gt;, C:\Users\alexa\OneDrive\Documents\PowerShell\Modules\Pester\5.7.1\Pester.psm1:2024
at &lt;ScriptBlock&gt;, C:\Users\alexa\OneDrive\Documents\PowerShell\Modules\Pester\5.7.1\Pester.psm1:1985
at Invoke-ScriptBlock, C:\Users\alexa\OneDrive\Documents\PowerShell\Modules\Pester\5.7.1\Pester.psm1:2160
at Invoke-Block, C:\Users\alexa\OneDrive\Documents\PowerShell\Modules\Pester\5.7.1\Pester.psm1:940
at &lt;ScriptBlock&gt;, C:\Users\alexa\OneDrive\Documents\PowerShell\Modules\Pester\5.7.1\Pester.psm1:893
at &lt;ScriptBlock&gt;, C:\Users\alexa\OneDrive\Documents\PowerShell\Modules\Pester\5.7.1\Pester.psm1:2024
at &lt;ScriptBlock&gt;, C:\Users\alexa\OneDrive\Documents\PowerShell\Modules\Pester\5.7.1\Pester.psm1:1985
at Invoke-ScriptBlock, C:\Users\alexa\OneDrive\Documents\PowerShell\Modules\Pester\5.7.1\Pester.psm1:2160
at Invoke-Block, C:\Users\alexa\OneDrive\Documents\PowerShell\Modules\Pester\5.7.1\Pester.psm1:940
at &lt;ScriptBlock&gt;, C:\Users\alexa\OneDrive\Documents\PowerShell\Modules\Pester\5.7.1\Pester.psm1:1688
at &lt;ScriptBlock&gt;, C:\Users\alexa\OneDrive\Documents\PowerShell\Modules\Pester\5.7.1\Pester.ps1:3
at &lt;ScriptBlock&gt;, C:\Users\alexa\OneDrive\Documents\PowerShell\Modules\Pester\5.7.1\Pester.psm1:3260
at Invoke-InNewScriptScope, C:\Users\alexa\OneDrive\Documents\PowerShell\Modules\Pester\5.7.1\Pester.psm1:3267
at Run-Test, C:\Users\alexa\OneDrive\Documents\PowerShell\Modules\Pester\5.7.1\Pester.psm1:1691
at Invoke-Test, C:\Users\alexa\OneDrive\Documents\PowerShell\Modules\Pester\5.7.1\Pester.psm1:2512
at Invoke-Pester&lt;End&gt;, C:\Users\alexa\OneDrive\Documents\PowerShell\Modules\Pester\5.7.1\Pester.psm1:4960
at &lt;ScriptBlock&gt;, &lt;No file&gt;:1</stack-trace>
                    </failure>
                  </test-case>
                  <test-case description="should have parameter validation attributes" name="Core Runner Script Structure Tests.core-runner.ps1 structure validation.should have parameter validation attributes" time="0.029" asserts="0" success="False" result="Failure" executed="True">
                    <failure>
                      <message>Expected regular expression '\[ValidateSet\(' to match $null, because Script should use ValidateSet for constrained parameters, but it did not match.</message>
                      <stack-trace>at $script:CoreRunnerContent | Should -Match '\[ValidateSet\(' -Because 'Script should use ValidateSet for constrained parameters', C:\Users\alexa\OneDrive\Documents\0. wizzense\AitherZero\tests\unit\modules\CoreApp\CoreRunner.Tests.ps1:95
at Invoke-Assertion, C:\Users\alexa\OneDrive\Documents\PowerShell\Modules\Pester\5.7.1\Pester.psm1:8250
at Should&lt;End&gt;, C:\Users\alexa\OneDrive\Documents\PowerShell\Modules\Pester\5.7.1\Pester.psm1:8186
at &lt;ScriptBlock&gt;, C:\Users\alexa\OneDrive\Documents\0. wizzense\AitherZero\tests\unit\modules\CoreApp\CoreRunner.Tests.ps1:95
at &lt;ScriptBlock&gt;, C:\Users\alexa\OneDrive\Documents\PowerShell\Modules\Pester\5.7.1\Pester.psm1:2024
at &lt;ScriptBlock&gt;, C:\Users\alexa\OneDrive\Documents\PowerShell\Modules\Pester\5.7.1\Pester.psm1:1985
at Invoke-ScriptBlock, C:\Users\alexa\OneDrive\Documents\PowerShell\Modules\Pester\5.7.1\Pester.psm1:2157
at Invoke-TestItem, C:\Users\alexa\OneDrive\Documents\PowerShell\Modules\Pester\5.7.1\Pester.psm1:1199
at Invoke-Block, C:\Users\alexa\OneDrive\Documents\PowerShell\Modules\Pester\5.7.1\Pester.psm1:835
at &lt;ScriptBlock&gt;, C:\Users\alexa\OneDrive\Documents\PowerShell\Modules\Pester\5.7.1\Pester.psm1:893
at &lt;ScriptBlock&gt;, C:\Users\alexa\OneDrive\Documents\PowerShell\Modules\Pester\5.7.1\Pester.psm1:2024
at &lt;ScriptBlock&gt;, C:\Users\alexa\OneDrive\Documents\PowerShell\Modules\Pester\5.7.1\Pester.psm1:1985
at Invoke-ScriptBlock, C:\Users\alexa\OneDrive\Documents\PowerShell\Modules\Pester\5.7.1\Pester.psm1:2160
at Invoke-Block, C:\Users\alexa\OneDrive\Documents\PowerShell\Modules\Pester\5.7.1\Pester.psm1:940
at &lt;ScriptBlock&gt;, C:\Users\alexa\OneDrive\Documents\PowerShell\Modules\Pester\5.7.1\Pester.psm1:893
at &lt;ScriptBlock&gt;, C:\Users\alexa\OneDrive\Documents\PowerShell\Modules\Pester\5.7.1\Pester.psm1:2024
at &lt;ScriptBlock&gt;, C:\Users\alexa\OneDrive\Documents\PowerShell\Modules\Pester\5.7.1\Pester.psm1:1985
at Invoke-ScriptBlock, C:\Users\alexa\OneDrive\Documents\PowerShell\Modules\Pester\5.7.1\Pester.psm1:2160
at Invoke-Block, C:\Users\alexa\OneDrive\Documents\PowerShell\Modules\Pester\5.7.1\Pester.psm1:940
at &lt;ScriptBlock&gt;, C:\Users\alexa\OneDrive\Documents\PowerShell\Modules\Pester\5.7.1\Pester.psm1:893
at &lt;ScriptBlock&gt;, C:\Users\alexa\OneDrive\Documents\PowerShell\Modules\Pester\5.7.1\Pester.psm1:2024
at &lt;ScriptBlock&gt;, C:\Users\alexa\OneDrive\Documents\PowerShell\Modules\Pester\5.7.1\Pester.psm1:1985
at Invoke-ScriptBlock, C:\Users\alexa\OneDrive\Documents\PowerShell\Modules\Pester\5.7.1\Pester.psm1:2160
at Invoke-Block, C:\Users\alexa\OneDrive\Documents\PowerShell\Modules\Pester\5.7.1\Pester.psm1:940
at &lt;ScriptBlock&gt;, C:\Users\alexa\OneDrive\Documents\PowerShell\Modules\Pester\5.7.1\Pester.psm1:1688
at &lt;ScriptBlock&gt;, C:\Users\alexa\OneDrive\Documents\PowerShell\Modules\Pester\5.7.1\Pester.ps1:3
at &lt;ScriptBlock&gt;, C:\Users\alexa\OneDrive\Documents\PowerShell\Modules\Pester\5.7.1\Pester.psm1:3260
at Invoke-InNewScriptScope, C:\Users\alexa\OneDrive\Documents\PowerShell\Modules\Pester\5.7.1\Pester.psm1:3267
at Run-Test, C:\Users\alexa\OneDrive\Documents\PowerShell\Modules\Pester\5.7.1\Pester.psm1:1691
at Invoke-Test, C:\Users\alexa\OneDrive\Documents\PowerShell\Modules\Pester\5.7.1\Pester.psm1:2512
at Invoke-Pester&lt;End&gt;, C:\Users\alexa\OneDrive\Documents\PowerShell\Modules\Pester\5.7.1\Pester.psm1:4960
at &lt;ScriptBlock&gt;, &lt;No file&gt;:1</stack-trace>
                    </failure>
                  </test-case>
                  <test-case description="should have comprehensive help documentation" name="Core Runner Script Structure Tests.core-runner.ps1 structure validation.should have comprehensive help documentation" time="0.0196" asserts="0" success="False" result="Failure" executed="True">
                    <failure>
                      <message>Expected regular expression '\.SYNOPSIS' to match $null, because Script should have synopsis documentation, but it did not match.</message>
                      <stack-trace>at $script:CoreRunnerContent | Should -Match '\.SYNOPSIS' -Because 'Script should have synopsis documentation', C:\Users\alexa\OneDrive\Documents\0. wizzense\AitherZero\tests\unit\modules\CoreApp\CoreRunner.Tests.ps1:99
at Invoke-Assertion, C:\Users\alexa\OneDrive\Documents\PowerShell\Modules\Pester\5.7.1\Pester.psm1:8250
at Should&lt;End&gt;, C:\Users\alexa\OneDrive\Documents\PowerShell\Modules\Pester\5.7.1\Pester.psm1:8186
at &lt;ScriptBlock&gt;, C:\Users\alexa\OneDrive\Documents\0. wizzense\AitherZero\tests\unit\modules\CoreApp\CoreRunner.Tests.ps1:99
at &lt;ScriptBlock&gt;, C:\Users\alexa\OneDrive\Documents\PowerShell\Modules\Pester\5.7.1\Pester.psm1:2024
at &lt;ScriptBlock&gt;, C:\Users\alexa\OneDrive\Documents\PowerShell\Modules\Pester\5.7.1\Pester.psm1:1985
at Invoke-ScriptBlock, C:\Users\alexa\OneDrive\Documents\PowerShell\Modules\Pester\5.7.1\Pester.psm1:2157
at Invoke-TestItem, C:\Users\alexa\OneDrive\Documents\PowerShell\Modules\Pester\5.7.1\Pester.psm1:1199
at Invoke-Block, C:\Users\alexa\OneDrive\Documents\PowerShell\Modules\Pester\5.7.1\Pester.psm1:835
at &lt;ScriptBlock&gt;, C:\Users\alexa\OneDrive\Documents\PowerShell\Modules\Pester\5.7.1\Pester.psm1:893
at &lt;ScriptBlock&gt;, C:\Users\alexa\OneDrive\Documents\PowerShell\Modules\Pester\5.7.1\Pester.psm1:2024
at &lt;ScriptBlock&gt;, C:\Users\alexa\OneDrive\Documents\PowerShell\Modules\Pester\5.7.1\Pester.psm1:1985
at Invoke-ScriptBlock, C:\Users\alexa\OneDrive\Documents\PowerShell\Modules\Pester\5.7.1\Pester.psm1:2160
at Invoke-Block, C:\Users\alexa\OneDrive\Documents\PowerShell\Modules\Pester\5.7.1\Pester.psm1:940
at &lt;ScriptBlock&gt;, C:\Users\alexa\OneDrive\Documents\PowerShell\Modules\Pester\5.7.1\Pester.psm1:893
at &lt;ScriptBlock&gt;, C:\Users\alexa\OneDrive\Documents\PowerShell\Modules\Pester\5.7.1\Pester.psm1:2024
at &lt;ScriptBlock&gt;, C:\Users\alexa\OneDrive\Documents\PowerShell\Modules\Pester\5.7.1\Pester.psm1:1985
at Invoke-ScriptBlock, C:\Users\alexa\OneDrive\Documents\PowerShell\Modules\Pester\5.7.1\Pester.psm1:2160
at Invoke-Block, C:\Users\alexa\OneDrive\Documents\PowerShell\Modules\Pester\5.7.1\Pester.psm1:940
at &lt;ScriptBlock&gt;, C:\Users\alexa\OneDrive\Documents\PowerShell\Modules\Pester\5.7.1\Pester.psm1:893
at &lt;ScriptBlock&gt;, C:\Users\alexa\OneDrive\Documents\PowerShell\Modules\Pester\5.7.1\Pester.psm1:2024
at &lt;ScriptBlock&gt;, C:\Users\alexa\OneDrive\Documents\PowerShell\Modules\Pester\5.7.1\Pester.psm1:1985
at Invoke-ScriptBlock, C:\Users\alexa\OneDrive\Documents\PowerShell\Modules\Pester\5.7.1\Pester.psm1:2160
at Invoke-Block, C:\Users\alexa\OneDrive\Documents\PowerShell\Modules\Pester\5.7.1\Pester.psm1:940
at &lt;ScriptBlock&gt;, C:\Users\alexa\OneDrive\Documents\PowerShell\Modules\Pester\5.7.1\Pester.psm1:1688
at &lt;ScriptBlock&gt;, C:\Users\alexa\OneDrive\Documents\PowerShell\Modules\Pester\5.7.1\Pester.ps1:3
at &lt;ScriptBlock&gt;, C:\Users\alexa\OneDrive\Documents\PowerShell\Modules\Pester\5.7.1\Pester.psm1:3260
at Invoke-InNewScriptScope, C:\Users\alexa\OneDrive\Documents\PowerShell\Modules\Pester\5.7.1\Pester.psm1:3267
at Run-Test, C:\Users\alexa\OneDrive\Documents\PowerShell\Modules\Pester\5.7.1\Pester.psm1:1691
at Invoke-Test, C:\Users\alexa\OneDrive\Documents\PowerShell\Modules\Pester\5.7.1\Pester.psm1:2512
at Invoke-Pester&lt;End&gt;, C:\Users\alexa\OneDrive\Documents\PowerShell\Modules\Pester\5.7.1\Pester.psm1:4960
at &lt;ScriptBlock&gt;, &lt;No file&gt;:1</stack-trace>
                    </failure>
                  </test-case>
                </results>
              </test-suite>
            </results>
          </test-suite>
          <test-suite type="TestFixture" name="Core Runner Parameter Validation Tests" executed="True" result="Failure" success="False" time="0.7297" asserts="0" description="Core Runner Parameter Validation Tests">
            <results>
              <test-suite type="TestFixture" name="Core Runner Parameter Validation Tests.core-runner.ps1 parameter validation" executed="True" result="Failure" success="False" time="0.2864" asserts="0" description="Core Runner Parameter Validation Tests.core-runner.ps1 parameter validation">
                <results>
                  <test-case description="should accept Quiet parameter as switch" name="Core Runner Parameter Validation Tests.core-runner.ps1 parameter validation.should accept Quiet parameter as switch" time="0.035" asserts="0" success="False" result="Failure" executed="True">
                    <failure>
                      <message>Expected no exception to be thrown, but an exception "The term 'C:\Users\alexa\OneDrive\Documents\0. wizzense\opentofu-lab-automation/aither-core/core-runner.ps1' is not recognized as a name of a cmdlet, function, script file, or executable program.
Check the spelling of the name, or if a path was included, verify that the path is correct and try again." was thrown from C:\Users\alexa\OneDrive\Documents\0. wizzense\AitherZero\tests\unit\modules\CoreApp\CoreRunner.Tests.ps1:109 char:17
    +             { &amp; $script:CoreRunnerScript -Quiet -Scripts "0200_Get-Sy …
    +                 ~~~~~~~~~~~~~~~~~~~~~~~~.</message>
                      <stack-trace>at { &amp; $script:CoreRunnerScript -Quiet -Scripts "0200_Get-SystemInfo" -WhatIf } | Should -Not -Throw, C:\Users\alexa\OneDrive\Documents\0. wizzense\AitherZero\tests\unit\modules\CoreApp\CoreRunner.Tests.ps1:109
at Invoke-Assertion, C:\Users\alexa\OneDrive\Documents\PowerShell\Modules\Pester\5.7.1\Pester.psm1:8250
at Should&lt;End&gt;, C:\Users\alexa\OneDrive\Documents\PowerShell\Modules\Pester\5.7.1\Pester.psm1:8193
at &lt;ScriptBlock&gt;, C:\Users\alexa\OneDrive\Documents\0. wizzense\AitherZero\tests\unit\modules\CoreApp\CoreRunner.Tests.ps1:109
at &lt;ScriptBlock&gt;, C:\Users\alexa\OneDrive\Documents\PowerShell\Modules\Pester\5.7.1\Pester.psm1:2024
at &lt;ScriptBlock&gt;, C:\Users\alexa\OneDrive\Documents\PowerShell\Modules\Pester\5.7.1\Pester.psm1:1985
at Invoke-ScriptBlock, C:\Users\alexa\OneDrive\Documents\PowerShell\Modules\Pester\5.7.1\Pester.psm1:2157
at Invoke-TestItem, C:\Users\alexa\OneDrive\Documents\PowerShell\Modules\Pester\5.7.1\Pester.psm1:1199
at Invoke-Block, C:\Users\alexa\OneDrive\Documents\PowerShell\Modules\Pester\5.7.1\Pester.psm1:835
at &lt;ScriptBlock&gt;, C:\Users\alexa\OneDrive\Documents\PowerShell\Modules\Pester\5.7.1\Pester.psm1:893
at &lt;ScriptBlock&gt;, C:\Users\alexa\OneDrive\Documents\PowerShell\Modules\Pester\5.7.1\Pester.psm1:2024
at &lt;ScriptBlock&gt;, C:\Users\alexa\OneDrive\Documents\PowerShell\Modules\Pester\5.7.1\Pester.psm1:1985
at Invoke-ScriptBlock, C:\Users\alexa\OneDrive\Documents\PowerShell\Modules\Pester\5.7.1\Pester.psm1:2160
at Invoke-Block, C:\Users\alexa\OneDrive\Documents\PowerShell\Modules\Pester\5.7.1\Pester.psm1:940
at &lt;ScriptBlock&gt;, C:\Users\alexa\OneDrive\Documents\PowerShell\Modules\Pester\5.7.1\Pester.psm1:893
at &lt;ScriptBlock&gt;, C:\Users\alexa\OneDrive\Documents\PowerShell\Modules\Pester\5.7.1\Pester.psm1:2024
at &lt;ScriptBlock&gt;, C:\Users\alexa\OneDrive\Documents\PowerShell\Modules\Pester\5.7.1\Pester.psm1:1985
at Invoke-ScriptBlock, C:\Users\alexa\OneDrive\Documents\PowerShell\Modules\Pester\5.7.1\Pester.psm1:2160
at Invoke-Block, C:\Users\alexa\OneDrive\Documents\PowerShell\Modules\Pester\5.7.1\Pester.psm1:940
at &lt;ScriptBlock&gt;, C:\Users\alexa\OneDrive\Documents\PowerShell\Modules\Pester\5.7.1\Pester.psm1:893
at &lt;ScriptBlock&gt;, C:\Users\alexa\OneDrive\Documents\PowerShell\Modules\Pester\5.7.1\Pester.psm1:2024
at &lt;ScriptBlock&gt;, C:\Users\alexa\OneDrive\Documents\PowerShell\Modules\Pester\5.7.1\Pester.psm1:1985
at Invoke-ScriptBlock, C:\Users\alexa\OneDrive\Documents\PowerShell\Modules\Pester\5.7.1\Pester.psm1:2160
at Invoke-Block, C:\Users\alexa\OneDrive\Documents\PowerShell\Modules\Pester\5.7.1\Pester.psm1:940
at &lt;ScriptBlock&gt;, C:\Users\alexa\OneDrive\Documents\PowerShell\Modules\Pester\5.7.1\Pester.psm1:1688
at &lt;ScriptBlock&gt;, C:\Users\alexa\OneDrive\Documents\PowerShell\Modules\Pester\5.7.1\Pester.ps1:3
at &lt;ScriptBlock&gt;, C:\Users\alexa\OneDrive\Documents\PowerShell\Modules\Pester\5.7.1\Pester.psm1:3260
at Invoke-InNewScriptScope, C:\Users\alexa\OneDrive\Documents\PowerShell\Modules\Pester\5.7.1\Pester.psm1:3267
at Run-Test, C:\Users\alexa\OneDrive\Documents\PowerShell\Modules\Pester\5.7.1\Pester.psm1:1691
at Invoke-Test, C:\Users\alexa\OneDrive\Documents\PowerShell\Modules\Pester\5.7.1\Pester.psm1:2512
at Invoke-Pester&lt;End&gt;, C:\Users\alexa\OneDrive\Documents\PowerShell\Modules\Pester\5.7.1\Pester.psm1:4960
at &lt;ScriptBlock&gt;, &lt;No file&gt;:1</stack-trace>
                    </failure>
                  </test-case>
                  <test-case description="should accept valid Verbosity values" name="Core Runner Parameter Validation Tests.core-runner.ps1 parameter validation.should accept valid Verbosity values" time="0.0302" asserts="0" success="False" result="Failure" executed="True">
                    <failure>
                      <message>Expected no exception to be thrown, because Should accept verbosity level: silent, but an exception "The term 'C:\Users\alexa\OneDrive\Documents\0. wizzense\opentofu-lab-automation/aither-core/core-runner.ps1' is not recognized as a name of a cmdlet, function, script file, or executable program.
Check the spelling of the name, or if a path was included, verify that the path is correct and try again." was thrown from C:\Users\alexa\OneDrive\Documents\0. wizzense\AitherZero\tests\unit\modules\CoreApp\CoreRunner.Tests.ps1:116 char:21
    +                 { &amp; $script:CoreRunnerScript -Verbosity $level -Scrip …
    +                     ~~~~~~~~~~~~~~~~~~~~~~~~.</message>
                      <stack-trace>at { &amp; $script:CoreRunnerScript -Verbosity $level -Scripts "0200_Get-SystemInfo" -WhatIf } | Should -Not -Throw -Because "Should accept verbosity level: $level", C:\Users\alexa\OneDrive\Documents\0. wizzense\AitherZero\tests\unit\modules\CoreApp\CoreRunner.Tests.ps1:116
at Invoke-Assertion, C:\Users\alexa\OneDrive\Documents\PowerShell\Modules\Pester\5.7.1\Pester.psm1:8250
at Should&lt;End&gt;, C:\Users\alexa\OneDrive\Documents\PowerShell\Modules\Pester\5.7.1\Pester.psm1:8193
at &lt;ScriptBlock&gt;, C:\Users\alexa\OneDrive\Documents\0. wizzense\AitherZero\tests\unit\modules\CoreApp\CoreRunner.Tests.ps1:116
at &lt;ScriptBlock&gt;, C:\Users\alexa\OneDrive\Documents\PowerShell\Modules\Pester\5.7.1\Pester.psm1:2024
at &lt;ScriptBlock&gt;, C:\Users\alexa\OneDrive\Documents\PowerShell\Modules\Pester\5.7.1\Pester.psm1:1985
at Invoke-ScriptBlock, C:\Users\alexa\OneDrive\Documents\PowerShell\Modules\Pester\5.7.1\Pester.psm1:2157
at Invoke-TestItem, C:\Users\alexa\OneDrive\Documents\PowerShell\Modules\Pester\5.7.1\Pester.psm1:1199
at Invoke-Block, C:\Users\alexa\OneDrive\Documents\PowerShell\Modules\Pester\5.7.1\Pester.psm1:835
at &lt;ScriptBlock&gt;, C:\Users\alexa\OneDrive\Documents\PowerShell\Modules\Pester\5.7.1\Pester.psm1:893
at &lt;ScriptBlock&gt;, C:\Users\alexa\OneDrive\Documents\PowerShell\Modules\Pester\5.7.1\Pester.psm1:2024
at &lt;ScriptBlock&gt;, C:\Users\alexa\OneDrive\Documents\PowerShell\Modules\Pester\5.7.1\Pester.psm1:1985
at Invoke-ScriptBlock, C:\Users\alexa\OneDrive\Documents\PowerShell\Modules\Pester\5.7.1\Pester.psm1:2160
at Invoke-Block, C:\Users\alexa\OneDrive\Documents\PowerShell\Modules\Pester\5.7.1\Pester.psm1:940
at &lt;ScriptBlock&gt;, C:\Users\alexa\OneDrive\Documents\PowerShell\Modules\Pester\5.7.1\Pester.psm1:893
at &lt;ScriptBlock&gt;, C:\Users\alexa\OneDrive\Documents\PowerShell\Modules\Pester\5.7.1\Pester.psm1:2024
at &lt;ScriptBlock&gt;, C:\Users\alexa\OneDrive\Documents\PowerShell\Modules\Pester\5.7.1\Pester.psm1:1985
at Invoke-ScriptBlock, C:\Users\alexa\OneDrive\Documents\PowerShell\Modules\Pester\5.7.1\Pester.psm1:2160
at Invoke-Block, C:\Users\alexa\OneDrive\Documents\PowerShell\Modules\Pester\5.7.1\Pester.psm1:940
at &lt;ScriptBlock&gt;, C:\Users\alexa\OneDrive\Documents\PowerShell\Modules\Pester\5.7.1\Pester.psm1:893
at &lt;ScriptBlock&gt;, C:\Users\alexa\OneDrive\Documents\PowerShell\Modules\Pester\5.7.1\Pester.psm1:2024
at &lt;ScriptBlock&gt;, C:\Users\alexa\OneDrive\Documents\PowerShell\Modules\Pester\5.7.1\Pester.psm1:1985
at Invoke-ScriptBlock, C:\Users\alexa\OneDrive\Documents\PowerShell\Modules\Pester\5.7.1\Pester.psm1:2160
at Invoke-Block, C:\Users\alexa\OneDrive\Documents\PowerShell\Modules\Pester\5.7.1\Pester.psm1:940
at &lt;ScriptBlock&gt;, C:\Users\alexa\OneDrive\Documents\PowerShell\Modules\Pester\5.7.1\Pester.psm1:1688
at &lt;ScriptBlock&gt;, C:\Users\alexa\OneDrive\Documents\PowerShell\Modules\Pester\5.7.1\Pester.ps1:3
at &lt;ScriptBlock&gt;, C:\Users\alexa\OneDrive\Documents\PowerShell\Modules\Pester\5.7.1\Pester.psm1:3260
at Invoke-InNewScriptScope, C:\Users\alexa\OneDrive\Documents\PowerShell\Modules\Pester\5.7.1\Pester.psm1:3267
at Run-Test, C:\Users\alexa\OneDrive\Documents\PowerShell\Modules\Pester\5.7.1\Pester.psm1:1691
at Invoke-Test, C:\Users\alexa\OneDrive\Documents\PowerShell\Modules\Pester\5.7.1\Pester.psm1:2512
at Invoke-Pester&lt;End&gt;, C:\Users\alexa\OneDrive\Documents\PowerShell\Modules\Pester\5.7.1\Pester.psm1:4960
at &lt;ScriptBlock&gt;, &lt;No file&gt;:1</stack-trace>
                    </failure>
                  </test-case>
                  <test-case description="should reject invalid Verbosity values" name="Core Runner Parameter Validation Tests.core-runner.ps1 parameter validation.should reject invalid Verbosity values" time="0.0266" asserts="0" success="True" result="Success" executed="True" />
                  <test-case description="should accept ConfigFile parameter" name="Core Runner Parameter Validation Tests.core-runner.ps1 parameter validation.should accept ConfigFile parameter" time="0.0367" asserts="0" success="False" result="Failure" executed="True">
                    <failure>
                      <message>Expected no exception to be thrown, but an exception "The term 'C:\Users\alexa\OneDrive\Documents\0. wizzense\opentofu-lab-automation/aither-core/core-runner.ps1' is not recognized as a name of a cmdlet, function, script file, or executable program.
Check the spelling of the name, or if a path was included, verify that the path is correct and try again." was thrown from C:\Users\alexa\OneDrive\Documents\0. wizzense\AitherZero\tests\unit\modules\CoreApp\CoreRunner.Tests.ps1:129 char:21
    +                 { &amp; $script:CoreRunnerScript -ConfigFile $tempConfig. …
    +                     ~~~~~~~~~~~~~~~~~~~~~~~~.</message>
                      <stack-trace>at { &amp; $script:CoreRunnerScript -ConfigFile $tempConfig.FullName -Scripts "0200_Get-SystemInfo" -WhatIf } | Should -Not -Throw, C:\Users\alexa\OneDrive\Documents\0. wizzense\AitherZero\tests\unit\modules\CoreApp\CoreRunner.Tests.ps1:129
at Invoke-Assertion, C:\Users\alexa\OneDrive\Documents\PowerShell\Modules\Pester\5.7.1\Pester.psm1:8250
at Should&lt;End&gt;, C:\Users\alexa\OneDrive\Documents\PowerShell\Modules\Pester\5.7.1\Pester.psm1:8193
at &lt;ScriptBlock&gt;, C:\Users\alexa\OneDrive\Documents\0. wizzense\AitherZero\tests\unit\modules\CoreApp\CoreRunner.Tests.ps1:129
at &lt;ScriptBlock&gt;, C:\Users\alexa\OneDrive\Documents\PowerShell\Modules\Pester\5.7.1\Pester.psm1:2024
at &lt;ScriptBlock&gt;, C:\Users\alexa\OneDrive\Documents\PowerShell\Modules\Pester\5.7.1\Pester.psm1:1985
at Invoke-ScriptBlock, C:\Users\alexa\OneDrive\Documents\PowerShell\Modules\Pester\5.7.1\Pester.psm1:2157
at Invoke-TestItem, C:\Users\alexa\OneDrive\Documents\PowerShell\Modules\Pester\5.7.1\Pester.psm1:1199
at Invoke-Block, C:\Users\alexa\OneDrive\Documents\PowerShell\Modules\Pester\5.7.1\Pester.psm1:835
at &lt;ScriptBlock&gt;, C:\Users\alexa\OneDrive\Documents\PowerShell\Modules\Pester\5.7.1\Pester.psm1:893
at &lt;ScriptBlock&gt;, C:\Users\alexa\OneDrive\Documents\PowerShell\Modules\Pester\5.7.1\Pester.psm1:2024
at &lt;ScriptBlock&gt;, C:\Users\alexa\OneDrive\Documents\PowerShell\Modules\Pester\5.7.1\Pester.psm1:1985
at Invoke-ScriptBlock, C:\Users\alexa\OneDrive\Documents\PowerShell\Modules\Pester\5.7.1\Pester.psm1:2160
at Invoke-Block, C:\Users\alexa\OneDrive\Documents\PowerShell\Modules\Pester\5.7.1\Pester.psm1:940
at &lt;ScriptBlock&gt;, C:\Users\alexa\OneDrive\Documents\PowerShell\Modules\Pester\5.7.1\Pester.psm1:893
at &lt;ScriptBlock&gt;, C:\Users\alexa\OneDrive\Documents\PowerShell\Modules\Pester\5.7.1\Pester.psm1:2024
at &lt;ScriptBlock&gt;, C:\Users\alexa\OneDrive\Documents\PowerShell\Modules\Pester\5.7.1\Pester.psm1:1985
at Invoke-ScriptBlock, C:\Users\alexa\OneDrive\Documents\PowerShell\Modules\Pester\5.7.1\Pester.psm1:2160
at Invoke-Block, C:\Users\alexa\OneDrive\Documents\PowerShell\Modules\Pester\5.7.1\Pester.psm1:940
at &lt;ScriptBlock&gt;, C:\Users\alexa\OneDrive\Documents\PowerShell\Modules\Pester\5.7.1\Pester.psm1:893
at &lt;ScriptBlock&gt;, C:\Users\alexa\OneDrive\Documents\PowerShell\Modules\Pester\5.7.1\Pester.psm1:2024
at &lt;ScriptBlock&gt;, C:\Users\alexa\OneDrive\Documents\PowerShell\Modules\Pester\5.7.1\Pester.psm1:1985
at Invoke-ScriptBlock, C:\Users\alexa\OneDrive\Documents\PowerShell\Modules\Pester\5.7.1\Pester.psm1:2160
at Invoke-Block, C:\Users\alexa\OneDrive\Documents\PowerShell\Modules\Pester\5.7.1\Pester.psm1:940
at &lt;ScriptBlock&gt;, C:\Users\alexa\OneDrive\Documents\PowerShell\Modules\Pester\5.7.1\Pester.psm1:1688
at &lt;ScriptBlock&gt;, C:\Users\alexa\OneDrive\Documents\PowerShell\Modules\Pester\5.7.1\Pester.ps1:3
at &lt;ScriptBlock&gt;, C:\Users\alexa\OneDrive\Documents\PowerShell\Modules\Pester\5.7.1\Pester.psm1:3260
at Invoke-InNewScriptScope, C:\Users\alexa\OneDrive\Documents\PowerShell\Modules\Pester\5.7.1\Pester.psm1:3267
at Run-Test, C:\Users\alexa\OneDrive\Documents\PowerShell\Modules\Pester\5.7.1\Pester.psm1:1691
at Invoke-Test, C:\Users\alexa\OneDrive\Documents\PowerShell\Modules\Pester\5.7.1\Pester.psm1:2512
at Invoke-Pester&lt;End&gt;, C:\Users\alexa\OneDrive\Documents\PowerShell\Modules\Pester\5.7.1\Pester.psm1:4960
at &lt;ScriptBlock&gt;, &lt;No file&gt;:1</stack-trace>
                    </failure>
                  </test-case>
                  <test-case description="should accept Auto parameter as switch" name="Core Runner Parameter Validation Tests.core-runner.ps1 parameter validation.should accept Auto parameter as switch" time="0.0237" asserts="0" success="False" result="Failure" executed="True">
                    <failure>
                      <message>Expected no exception to be thrown, but an exception "The term 'C:\Users\alexa\OneDrive\Documents\0. wizzense\opentofu-lab-automation/aither-core/core-runner.ps1' is not recognized as a name of a cmdlet, function, script file, or executable program.
Check the spelling of the name, or if a path was included, verify that the path is correct and try again." was thrown from C:\Users\alexa\OneDrive\Documents\0. wizzense\AitherZero\tests\unit\modules\CoreApp\CoreRunner.Tests.ps1:136 char:17
    +             { &amp; $script:CoreRunnerScript -Auto -WhatIf } | Should -No …
    +                 ~~~~~~~~~~~~~~~~~~~~~~~~.</message>
                      <stack-trace>at { &amp; $script:CoreRunnerScript -Auto -WhatIf } | Should -Not -Throw, C:\Users\alexa\OneDrive\Documents\0. wizzense\AitherZero\tests\unit\modules\CoreApp\CoreRunner.Tests.ps1:136
at Invoke-Assertion, C:\Users\alexa\OneDrive\Documents\PowerShell\Modules\Pester\5.7.1\Pester.psm1:8250
at Should&lt;End&gt;, C:\Users\alexa\OneDrive\Documents\PowerShell\Modules\Pester\5.7.1\Pester.psm1:8193
at &lt;ScriptBlock&gt;, C:\Users\alexa\OneDrive\Documents\0. wizzense\AitherZero\tests\unit\modules\CoreApp\CoreRunner.Tests.ps1:136
at &lt;ScriptBlock&gt;, C:\Users\alexa\OneDrive\Documents\PowerShell\Modules\Pester\5.7.1\Pester.psm1:2024
at &lt;ScriptBlock&gt;, C:\Users\alexa\OneDrive\Documents\PowerShell\Modules\Pester\5.7.1\Pester.psm1:1985
at Invoke-ScriptBlock, C:\Users\alexa\OneDrive\Documents\PowerShell\Modules\Pester\5.7.1\Pester.psm1:2157
at Invoke-TestItem, C:\Users\alexa\OneDrive\Documents\PowerShell\Modules\Pester\5.7.1\Pester.psm1:1199
at Invoke-Block, C:\Users\alexa\OneDrive\Documents\PowerShell\Modules\Pester\5.7.1\Pester.psm1:835
at &lt;ScriptBlock&gt;, C:\Users\alexa\OneDrive\Documents\PowerShell\Modules\Pester\5.7.1\Pester.psm1:893
at &lt;ScriptBlock&gt;, C:\Users\alexa\OneDrive\Documents\PowerShell\Modules\Pester\5.7.1\Pester.psm1:2024
at &lt;ScriptBlock&gt;, C:\Users\alexa\OneDrive\Documents\PowerShell\Modules\Pester\5.7.1\Pester.psm1:1985
at Invoke-ScriptBlock, C:\Users\alexa\OneDrive\Documents\PowerShell\Modules\Pester\5.7.1\Pester.psm1:2160
at Invoke-Block, C:\Users\alexa\OneDrive\Documents\PowerShell\Modules\Pester\5.7.1\Pester.psm1:940
at &lt;ScriptBlock&gt;, C:\Users\alexa\OneDrive\Documents\PowerShell\Modules\Pester\5.7.1\Pester.psm1:893
at &lt;ScriptBlock&gt;, C:\Users\alexa\OneDrive\Documents\PowerShell\Modules\Pester\5.7.1\Pester.psm1:2024
at &lt;ScriptBlock&gt;, C:\Users\alexa\OneDrive\Documents\PowerShell\Modules\Pester\5.7.1\Pester.psm1:1985
at Invoke-ScriptBlock, C:\Users\alexa\OneDrive\Documents\PowerShell\Modules\Pester\5.7.1\Pester.psm1:2160
at Invoke-Block, C:\Users\alexa\OneDrive\Documents\PowerShell\Modules\Pester\5.7.1\Pester.psm1:940
at &lt;ScriptBlock&gt;, C:\Users\alexa\OneDrive\Documents\PowerShell\Modules\Pester\5.7.1\Pester.psm1:893
at &lt;ScriptBlock&gt;, C:\Users\alexa\OneDrive\Documents\PowerShell\Modules\Pester\5.7.1\Pester.psm1:2024
at &lt;ScriptBlock&gt;, C:\Users\alexa\OneDrive\Documents\PowerShell\Modules\Pester\5.7.1\Pester.psm1:1985
at Invoke-ScriptBlock, C:\Users\alexa\OneDrive\Documents\PowerShell\Modules\Pester\5.7.1\Pester.psm1:2160
at Invoke-Block, C:\Users\alexa\OneDrive\Documents\PowerShell\Modules\Pester\5.7.1\Pester.psm1:940
at &lt;ScriptBlock&gt;, C:\Users\alexa\OneDrive\Documents\PowerShell\Modules\Pester\5.7.1\Pester.psm1:1688
at &lt;ScriptBlock&gt;, C:\Users\alexa\OneDrive\Documents\PowerShell\Modules\Pester\5.7.1\Pester.ps1:3
at &lt;ScriptBlock&gt;, C:\Users\alexa\OneDrive\Documents\PowerShell\Modules\Pester\5.7.1\Pester.psm1:3260
at Invoke-InNewScriptScope, C:\Users\alexa\OneDrive\Documents\PowerShell\Modules\Pester\5.7.1\Pester.psm1:3267
at Run-Test, C:\Users\alexa\OneDrive\Documents\PowerShell\Modules\Pester\5.7.1\Pester.psm1:1691
at Invoke-Test, C:\Users\alexa\OneDrive\Documents\PowerShell\Modules\Pester\5.7.1\Pester.psm1:2512
at Invoke-Pester&lt;End&gt;, C:\Users\alexa\OneDrive\Documents\PowerShell\Modules\Pester\5.7.1\Pester.psm1:4960
at &lt;ScriptBlock&gt;, &lt;No file&gt;:1</stack-trace>
                    </failure>
                  </test-case>
                  <test-case description="should accept Scripts parameter" name="Core Runner Parameter Validation Tests.core-runner.ps1 parameter validation.should accept Scripts parameter" time="0.0263" asserts="0" success="False" result="Failure" executed="True">
                    <failure>
                      <message>Expected no exception to be thrown, but an exception "The term 'C:\Users\alexa\OneDrive\Documents\0. wizzense\opentofu-lab-automation/aither-core/core-runner.ps1' is not recognized as a name of a cmdlet, function, script file, or executable program.
Check the spelling of the name, or if a path was included, verify that the path is correct and try again." was thrown from C:\Users\alexa\OneDrive\Documents\0. wizzense\AitherZero\tests\unit\modules\CoreApp\CoreRunner.Tests.ps1:140 char:17
    +             { &amp; $script:CoreRunnerScript -Scripts 'test-script' -What …
    +                 ~~~~~~~~~~~~~~~~~~~~~~~~.</message>
                      <stack-trace>at { &amp; $script:CoreRunnerScript -Scripts 'test-script' -WhatIf } | Should -Not -Throw, C:\Users\alexa\OneDrive\Documents\0. wizzense\AitherZero\tests\unit\modules\CoreApp\CoreRunner.Tests.ps1:140
at Invoke-Assertion, C:\Users\alexa\OneDrive\Documents\PowerShell\Modules\Pester\5.7.1\Pester.psm1:8250
at Should&lt;End&gt;, C:\Users\alexa\OneDrive\Documents\PowerShell\Modules\Pester\5.7.1\Pester.psm1:8193
at &lt;ScriptBlock&gt;, C:\Users\alexa\OneDrive\Documents\0. wizzense\AitherZero\tests\unit\modules\CoreApp\CoreRunner.Tests.ps1:140
at &lt;ScriptBlock&gt;, C:\Users\alexa\OneDrive\Documents\PowerShell\Modules\Pester\5.7.1\Pester.psm1:2024
at &lt;ScriptBlock&gt;, C:\Users\alexa\OneDrive\Documents\PowerShell\Modules\Pester\5.7.1\Pester.psm1:1985
at Invoke-ScriptBlock, C:\Users\alexa\OneDrive\Documents\PowerShell\Modules\Pester\5.7.1\Pester.psm1:2157
at Invoke-TestItem, C:\Users\alexa\OneDrive\Documents\PowerShell\Modules\Pester\5.7.1\Pester.psm1:1199
at Invoke-Block, C:\Users\alexa\OneDrive\Documents\PowerShell\Modules\Pester\5.7.1\Pester.psm1:835
at &lt;ScriptBlock&gt;, C:\Users\alexa\OneDrive\Documents\PowerShell\Modules\Pester\5.7.1\Pester.psm1:893
at &lt;ScriptBlock&gt;, C:\Users\alexa\OneDrive\Documents\PowerShell\Modules\Pester\5.7.1\Pester.psm1:2024
at &lt;ScriptBlock&gt;, C:\Users\alexa\OneDrive\Documents\PowerShell\Modules\Pester\5.7.1\Pester.psm1:1985
at Invoke-ScriptBlock, C:\Users\alexa\OneDrive\Documents\PowerShell\Modules\Pester\5.7.1\Pester.psm1:2160
at Invoke-Block, C:\Users\alexa\OneDrive\Documents\PowerShell\Modules\Pester\5.7.1\Pester.psm1:940
at &lt;ScriptBlock&gt;, C:\Users\alexa\OneDrive\Documents\PowerShell\Modules\Pester\5.7.1\Pester.psm1:893
at &lt;ScriptBlock&gt;, C:\Users\alexa\OneDrive\Documents\PowerShell\Modules\Pester\5.7.1\Pester.psm1:2024
at &lt;ScriptBlock&gt;, C:\Users\alexa\OneDrive\Documents\PowerShell\Modules\Pester\5.7.1\Pester.psm1:1985
at Invoke-ScriptBlock, C:\Users\alexa\OneDrive\Documents\PowerShell\Modules\Pester\5.7.1\Pester.psm1:2160
at Invoke-Block, C:\Users\alexa\OneDrive\Documents\PowerShell\Modules\Pester\5.7.1\Pester.psm1:940
at &lt;ScriptBlock&gt;, C:\Users\alexa\OneDrive\Documents\PowerShell\Modules\Pester\5.7.1\Pester.psm1:893
at &lt;ScriptBlock&gt;, C:\Users\alexa\OneDrive\Documents\PowerShell\Modules\Pester\5.7.1\Pester.psm1:2024
at &lt;ScriptBlock&gt;, C:\Users\alexa\OneDrive\Documents\PowerShell\Modules\Pester\5.7.1\Pester.psm1:1985
at Invoke-ScriptBlock, C:\Users\alexa\OneDrive\Documents\PowerShell\Modules\Pester\5.7.1\Pester.psm1:2160
at Invoke-Block, C:\Users\alexa\OneDrive\Documents\PowerShell\Modules\Pester\5.7.1\Pester.psm1:940
at &lt;ScriptBlock&gt;, C:\Users\alexa\OneDrive\Documents\PowerShell\Modules\Pester\5.7.1\Pester.psm1:1688
at &lt;ScriptBlock&gt;, C:\Users\alexa\OneDrive\Documents\PowerShell\Modules\Pester\5.7.1\Pester.ps1:3
at &lt;ScriptBlock&gt;, C:\Users\alexa\OneDrive\Documents\PowerShell\Modules\Pester\5.7.1\Pester.psm1:3260
at Invoke-InNewScriptScope, C:\Users\alexa\OneDrive\Documents\PowerShell\Modules\Pester\5.7.1\Pester.psm1:3267
at Run-Test, C:\Users\alexa\OneDrive\Documents\PowerShell\Modules\Pester\5.7.1\Pester.psm1:1691
at Invoke-Test, C:\Users\alexa\OneDrive\Documents\PowerShell\Modules\Pester\5.7.1\Pester.psm1:2512
at Invoke-Pester&lt;End&gt;, C:\Users\alexa\OneDrive\Documents\PowerShell\Modules\Pester\5.7.1\Pester.psm1:4960
at &lt;ScriptBlock&gt;, &lt;No file&gt;:1</stack-trace>
                    </failure>
                  </test-case>
                  <test-case description="should accept Force parameter as switch" name="Core Runner Parameter Validation Tests.core-runner.ps1 parameter validation.should accept Force parameter as switch" time="0.0254" asserts="0" success="False" result="Failure" executed="True">
                    <failure>
                      <message>Expected no exception to be thrown, but an exception "The term 'C:\Users\alexa\OneDrive\Documents\0. wizzense\opentofu-lab-automation/aither-core/core-runner.ps1' is not recognized as a name of a cmdlet, function, script file, or executable program.
Check the spelling of the name, or if a path was included, verify that the path is correct and try again." was thrown from C:\Users\alexa\OneDrive\Documents\0. wizzense\AitherZero\tests\unit\modules\CoreApp\CoreRunner.Tests.ps1:144 char:17
    +             { &amp; $script:CoreRunnerScript -Force -Scripts "0200_Get-Sy …
    +                 ~~~~~~~~~~~~~~~~~~~~~~~~.</message>
                      <stack-trace>at { &amp; $script:CoreRunnerScript -Force -Scripts "0200_Get-SystemInfo" -WhatIf } | Should -Not -Throw, C:\Users\alexa\OneDrive\Documents\0. wizzense\AitherZero\tests\unit\modules\CoreApp\CoreRunner.Tests.ps1:144
at Invoke-Assertion, C:\Users\alexa\OneDrive\Documents\PowerShell\Modules\Pester\5.7.1\Pester.psm1:8250
at Should&lt;End&gt;, C:\Users\alexa\OneDrive\Documents\PowerShell\Modules\Pester\5.7.1\Pester.psm1:8193
at &lt;ScriptBlock&gt;, C:\Users\alexa\OneDrive\Documents\0. wizzense\AitherZero\tests\unit\modules\CoreApp\CoreRunner.Tests.ps1:144
at &lt;ScriptBlock&gt;, C:\Users\alexa\OneDrive\Documents\PowerShell\Modules\Pester\5.7.1\Pester.psm1:2024
at &lt;ScriptBlock&gt;, C:\Users\alexa\OneDrive\Documents\PowerShell\Modules\Pester\5.7.1\Pester.psm1:1985
at Invoke-ScriptBlock, C:\Users\alexa\OneDrive\Documents\PowerShell\Modules\Pester\5.7.1\Pester.psm1:2157
at Invoke-TestItem, C:\Users\alexa\OneDrive\Documents\PowerShell\Modules\Pester\5.7.1\Pester.psm1:1199
at Invoke-Block, C:\Users\alexa\OneDrive\Documents\PowerShell\Modules\Pester\5.7.1\Pester.psm1:835
at &lt;ScriptBlock&gt;, C:\Users\alexa\OneDrive\Documents\PowerShell\Modules\Pester\5.7.1\Pester.psm1:893
at &lt;ScriptBlock&gt;, C:\Users\alexa\OneDrive\Documents\PowerShell\Modules\Pester\5.7.1\Pester.psm1:2024
at &lt;ScriptBlock&gt;, C:\Users\alexa\OneDrive\Documents\PowerShell\Modules\Pester\5.7.1\Pester.psm1:1985
at Invoke-ScriptBlock, C:\Users\alexa\OneDrive\Documents\PowerShell\Modules\Pester\5.7.1\Pester.psm1:2160
at Invoke-Block, C:\Users\alexa\OneDrive\Documents\PowerShell\Modules\Pester\5.7.1\Pester.psm1:940
at &lt;ScriptBlock&gt;, C:\Users\alexa\OneDrive\Documents\PowerShell\Modules\Pester\5.7.1\Pester.psm1:893
at &lt;ScriptBlock&gt;, C:\Users\alexa\OneDrive\Documents\PowerShell\Modules\Pester\5.7.1\Pester.psm1:2024
at &lt;ScriptBlock&gt;, C:\Users\alexa\OneDrive\Documents\PowerShell\Modules\Pester\5.7.1\Pester.psm1:1985
at Invoke-ScriptBlock, C:\Users\alexa\OneDrive\Documents\PowerShell\Modules\Pester\5.7.1\Pester.psm1:2160
at Invoke-Block, C:\Users\alexa\OneDrive\Documents\PowerShell\Modules\Pester\5.7.1\Pester.psm1:940
at &lt;ScriptBlock&gt;, C:\Users\alexa\OneDrive\Documents\PowerShell\Modules\Pester\5.7.1\Pester.psm1:893
at &lt;ScriptBlock&gt;, C:\Users\alexa\OneDrive\Documents\PowerShell\Modules\Pester\5.7.1\Pester.psm1:2024
at &lt;ScriptBlock&gt;, C:\Users\alexa\OneDrive\Documents\PowerShell\Modules\Pester\5.7.1\Pester.psm1:1985
at Invoke-ScriptBlock, C:\Users\alexa\OneDrive\Documents\PowerShell\Modules\Pester\5.7.1\Pester.psm1:2160
at Invoke-Block, C:\Users\alexa\OneDrive\Documents\PowerShell\Modules\Pester\5.7.1\Pester.psm1:940
at &lt;ScriptBlock&gt;, C:\Users\alexa\OneDrive\Documents\PowerShell\Modules\Pester\5.7.1\Pester.psm1:1688
at &lt;ScriptBlock&gt;, C:\Users\alexa\OneDrive\Documents\PowerShell\Modules\Pester\5.7.1\Pester.ps1:3
at &lt;ScriptBlock&gt;, C:\Users\alexa\OneDrive\Documents\PowerShell\Modules\Pester\5.7.1\Pester.psm1:3260
at Invoke-InNewScriptScope, C:\Users\alexa\OneDrive\Documents\PowerShell\Modules\Pester\5.7.1\Pester.psm1:3267
at Run-Test, C:\Users\alexa\OneDrive\Documents\PowerShell\Modules\Pester\5.7.1\Pester.psm1:1691
at Invoke-Test, C:\Users\alexa\OneDrive\Documents\PowerShell\Modules\Pester\5.7.1\Pester.psm1:2512
at Invoke-Pester&lt;End&gt;, C:\Users\alexa\OneDrive\Documents\PowerShell\Modules\Pester\5.7.1\Pester.psm1:4960
at &lt;ScriptBlock&gt;, &lt;No file&gt;:1</stack-trace>
                    </failure>
                  </test-case>
                  <test-case description="should accept NonInteractive parameter as switch" name="Core Runner Parameter Validation Tests.core-runner.ps1 parameter validation.should accept NonInteractive parameter as switch" time="0.0256" asserts="0" success="False" result="Failure" executed="True">
                    <failure>
                      <message>Expected no exception to be thrown, but an exception "The term 'C:\Users\alexa\OneDrive\Documents\0. wizzense\opentofu-lab-automation/aither-core/core-runner.ps1' is not recognized as a name of a cmdlet, function, script file, or executable program.
[...]
at Invoke-InNewScriptScope, C:\Users\alexa\OneDrive\Documents\PowerShell\Modules\Pester\5.7.1\Pester.psm1:3267
at Run-Test, C:\Users\alexa\OneDrive\Documents\PowerShell\Modules\Pester\5.7.1\Pester.psm1:1691
at Invoke-Test, C:\Users\alexa\OneDrive\Documents\PowerShell\Modules\Pester\5.7.1\Pester.psm1:2512
at Invoke-Pester&lt;End&gt;, C:\Users\alexa\OneDrive\Documents\PowerShell\Modules\Pester\5.7.1\Pester.psm1:4960
at &lt;ScriptBlock&gt;, &lt;No file&gt;:1</stack-trace>
                    </failure>
                  </test-case>
                </results>
              </test-suite>
              <test-suite type="TestFixture" name="Module Integration Tests.Cross-Module Configuration Consistency" executed="True" result="Failure" success="False" time="0.2781" asserts="0" description="Module Integration Tests.Cross-Module Configuration Consistency">
                <results>
                  <test-case description="Should use consistent path handling" name="Module Integration Tests.Cross-Module Configuration Consistency.Should use consistent path handling" time="0.0168" asserts="0" success="True" result="Success" executed="True" />
                  <test-case description="Should handle cross-platform operations" name="Module Integration Tests.Cross-Module Configuration Consistency.Should handle cross-platform operations" time="0.015" asserts="0" success="False" result="Failure" executed="True">
                    <failure>
                      <message>SessionStateUnauthorizedAccessException: Cannot overwrite variable IsWindows because it is read-only or constant.</message>
                      <stack-trace>at &lt;ScriptBlock&gt;, C:\Users\alexa\OneDrive\Documents\0. wizzense\AitherZero\tests\integration\ModuleIntegration.Tests.ps1:135
at &lt;ScriptBlock&gt;, C:\Users\alexa\OneDrive\Documents\PowerShell\Modules\Pester\5.7.1\Pester.psm1:2024
at &lt;ScriptBlock&gt;, C:\Users\alexa\OneDrive\Documents\PowerShell\Modules\Pester\5.7.1\Pester.psm1:1985
at Invoke-ScriptBlock, C:\Users\alexa\OneDrive\Documents\PowerShell\Modules\Pester\5.7.1\Pester.psm1:2157
at Invoke-TestItem, C:\Users\alexa\OneDrive\Documents\PowerShell\Modules\Pester\5.7.1\Pester.psm1:1199
at Invoke-Block, C:\Users\alexa\OneDrive\Documents\PowerShell\Modules\Pester\5.7.1\Pester.psm1:835
at &lt;ScriptBlock&gt;, C:\Users\alexa\OneDrive\Documents\PowerShell\Modules\Pester\5.7.1\Pester.psm1:893
at &lt;ScriptBlock&gt;, C:\Users\alexa\OneDrive\Documents\PowerShell\Modules\Pester\5.7.1\Pester.psm1:2024
at &lt;ScriptBlock&gt;, C:\Users\alexa\OneDrive\Documents\PowerShell\Modules\Pester\5.7.1\Pester.psm1:1985
at Invoke-ScriptBlock, C:\Users\alexa\OneDrive\Documents\PowerShell\Modules\Pester\5.7.1\Pester.psm1:2160
at Invoke-Block, C:\Users\alexa\OneDrive\Documents\PowerShell\Modules\Pester\5.7.1\Pester.psm1:940
at &lt;ScriptBlock&gt;, C:\Users\alexa\OneDrive\Documents\PowerShell\Modules\Pester\5.7.1\Pester.psm1:893
at &lt;ScriptBlock&gt;, C:\Users\alexa\OneDrive\Documents\PowerShell\Modules\Pester\5.7.1\Pester.psm1:2024
at &lt;ScriptBlock&gt;, C:\Users\alexa\OneDrive\Documents\PowerShell\Modules\Pester\5.7.1\Pester.psm1:1985
at Invoke-ScriptBlock, C:\Users\alexa\OneDrive\Documents\PowerShell\Modules\Pester\5.7.1\Pester.psm1:2160
at Invoke-Block, C:\Users\alexa\OneDrive\Documents\PowerShell\Modules\Pester\5.7.1\Pester.psm1:940
at &lt;ScriptBlock&gt;, C:\Users\alexa\OneDrive\Documents\PowerShell\Modules\Pester\5.7.1\Pester.psm1:893
at &lt;ScriptBlock&gt;, C:\Users\alexa\OneDrive\Documents\PowerShell\Modules\Pester\5.7.1\Pester.psm1:2024
at &lt;ScriptBlock&gt;, C:\Users\alexa\OneDrive\Documents\PowerShell\Modules\Pester\5.7.1\Pester.psm1:1985
at Invoke-ScriptBlock, C:\Users\alexa\OneDrive\Documents\PowerShell\Modules\Pester\5.7.1\Pester.psm1:2160
at Invoke-Block, C:\Users\alexa\OneDrive\Documents\PowerShell\Modules\Pester\5.7.1\Pester.psm1:940
at &lt;ScriptBlock&gt;, C:\Users\alexa\OneDrive\Documents\PowerShell\Modules\Pester\5.7.1\Pester.psm1:1688
at &lt;ScriptBlock&gt;, C:\Users\alexa\OneDrive\Documents\PowerShell\Modules\Pester\5.7.1\Pester.ps1:3
at &lt;ScriptBlock&gt;, C:\Users\alexa\OneDrive\Documents\PowerShell\Modules\Pester\5.7.1\Pester.psm1:3260
at Invoke-InNewScriptScope, C:\Users\alexa\OneDrive\Documents\PowerShell\Modules\Pester\5.7.1\Pester.psm1:3267
at Run-Test, C:\Users\alexa\OneDrive\Documents\PowerShell\Modules\Pester\5.7.1\Pester.psm1:1691
at Invoke-Test, C:\Users\alexa\OneDrive\Documents\PowerShell\Modules\Pester\5.7.1\Pester.psm1:2512
at Invoke-Pester&lt;End&gt;, C:\Users\alexa\OneDrive\Documents\PowerShell\Modules\Pester\5.7.1\Pester.psm1:4960
at &lt;ScriptBlock&gt;, &lt;No file&gt;:1</stack-trace>
                    </failure>
                  </test-case>
                </results>
              </test-suite>
            </results>
          </test-suite>
          <test-suite type="TestFixture" name="Workflow Integration Tests" executed="True" result="Failure" success="False" time="0.9489" asserts="0" description="Workflow Integration Tests">
            <results>
              <test-suite type="TestFixture" name="Workflow Integration Tests.Development Workflow Simulation" executed="True" result="Success" success="True" time="0.1167" asserts="0" description="Workflow Integration Tests.Development Workflow Simulation">
                <results>
                  <test-case description="Should simulate a complete development workflow" name="Workflow Integration Tests.Development Workflow Simulation.Should simulate a complete development workflow" time="0.0718" asserts="0" success="True" result="Success" executed="True" />
                  <test-case description="Should handle error scenarios gracefully" name="Workflow Integration Tests.Development Workflow Simulation.Should handle error scenarios gracefully" time="0.0374" asserts="0" success="True" result="Success" executed="True" />
                </results>
              </test-suite>
              <test-suite type="TestFixture" name="Workflow Integration Tests.Module Performance Integration" executed="True" result="Failure" success="False" time="0.661" asserts="0" description="Workflow Integration Tests.Module Performance Integration">
                <results>
                  <test-case description="Should complete integrated operations within reasonable time" name="Workflow Integration Tests.Module Performance Integration.Should complete integrated operations within reasonable time" time="0.0469" asserts="0" success="False" result="Failure" executed="True">
                    <failure>
                      <message>Expected $true, but got $false.</message>
                      <stack-trace>at $patchResult.Success | Should -Be $true, C:\Users\alexa\OneDrive\Documents\0. wizzense\AitherZero\tests\integration\ModuleIntegration.Tests.ps1:203
at Invoke-Assertion, C:\Users\alexa\OneDrive\Documents\PowerShell\Modules\Pester\5.7.1\Pester.psm1:8250
at Should&lt;End&gt;, C:\Users\alexa\OneDrive\Documents\PowerShell\Modules\Pester\5.7.1\Pester.psm1:8189
at &lt;ScriptBlock&gt;, C:\Users\alexa\OneDrive\Documents\0. wizzense\AitherZero\tests\integration\ModuleIntegration.Tests.ps1:203
at &lt;ScriptBlock&gt;, C:\Users\alexa\OneDrive\Documents\PowerShell\Modules\Pester\5.7.1\Pester.psm1:2024
at &lt;ScriptBlock&gt;, C:\Users\alexa\OneDrive\Documents\PowerShell\Modules\Pester\5.7.1\Pester.psm1:1985
at Invoke-ScriptBlock, C:\Users\alexa\OneDrive\Documents\PowerShell\Modules\Pester\5.7.1\Pester.psm1:2157
at Invoke-TestItem, C:\Users\alexa\OneDrive\Documents\PowerShell\Modules\Pester\5.7.1\Pester.psm1:1199
at Invoke-Block, C:\Users\alexa\OneDrive\Documents\PowerShell\Modules\Pester\5.7.1\Pester.psm1:835
at &lt;ScriptBlock&gt;, C:\Users\alexa\OneDrive\Documents\PowerShell\Modules\Pester\5.7.1\Pester.psm1:893
at &lt;ScriptBlock&gt;, C:\Users\alexa\OneDrive\Documents\PowerShell\Modules\Pester\5.7.1\Pester.psm1:2024
at &lt;ScriptBlock&gt;, C:\Users\alexa\OneDrive\Documents\PowerShell\Modules\Pester\5.7.1\Pester.psm1:1985
at Invoke-ScriptBlock, C:\Users\alexa\OneDrive\Documents\PowerShell\Modules\Pester\5.7.1\Pester.psm1:2160
at Invoke-Block, C:\Users\alexa\OneDrive\Documents\PowerShell\Modules\Pester\5.7.1\Pester.psm1:940
at &lt;ScriptBlock&gt;, C:\Users\alexa\OneDrive\Documents\PowerShell\Modules\Pester\5.7.1\Pester.psm1:893
at &lt;ScriptBlock&gt;, C:\Users\alexa\OneDrive\Documents\PowerShell\Modules\Pester\5.7.1\Pester.psm1:2024
at &lt;ScriptBlock&gt;, C:\Users\alexa\OneDrive\Documents\PowerShell\Modules\Pester\5.7.1\Pester.psm1:1985
at Invoke-ScriptBlock, C:\Users\alexa\OneDrive\Documents\PowerShell\Modules\Pester\5.7.1\Pester.psm1:2160
at Invoke-Block, C:\Users\alexa\OneDrive\Documents\PowerShell\Modules\Pester\5.7.1\Pester.psm1:940
at &lt;ScriptBlock&gt;, C:\Users\alexa\OneDrive\Documents\PowerShell\Modules\Pester\5.7.1\Pester.psm1:893
at &lt;ScriptBlock&gt;, C:\Users\alexa\OneDrive\Documents\PowerShell\Modules\Pester\5.7.1\Pester.psm1:2024
at &lt;ScriptBlock&gt;, C:\Users\alexa\OneDrive\Documents\PowerShell\Modules\Pester\5.7.1\Pester.psm1:1985
at Invoke-ScriptBlock, C:\Users\alexa\OneDrive\Documents\PowerShell\Modules\Pester\5.7.1\Pester.psm1:2160
at Invoke-Block, C:\Users\alexa\OneDrive\Documents\PowerShell\Modules\Pester\5.7.1\Pester.psm1:940
at &lt;ScriptBlock&gt;, C:\Users\alexa\OneDrive\Documents\PowerShell\Modules\Pester\5.7.1\Pester.psm1:1688
at &lt;ScriptBlock&gt;, C:\Users\alexa\OneDrive\Documents\PowerShell\Modules\Pester\5.7.1\Pester.ps1:3
at &lt;ScriptBlock&gt;, C:\Users\alexa\OneDrive\Documents\PowerShell\Modules\Pester\5.7.1\Pester.psm1:3260
at Invoke-InNewScriptScope, C:\Users\alexa\OneDrive\Documents\PowerShell\Modules\Pester\5.7.1\Pester.psm1:3267
at Run-Test, C:\Users\alexa\OneDrive\Documents\PowerShell\Modules\Pester\5.7.1\Pester.psm1:1691
at Invoke-Test, C:\Users\alexa\OneDrive\Documents\PowerShell\Modules\Pester\5.7.1\Pester.psm1:2512
at Invoke-Pester&lt;End&gt;, C:\Users\alexa\OneDrive\Documents\PowerShell\Modules\Pester\5.7.1\Pester.psm1:4960
at &lt;ScriptBlock&gt;, &lt;No file&gt;:1</stack-trace>
                    </failure>
                  </test-case>
                  <test-case description="Should handle concurrent module operations" name="Workflow Integration Tests.Module Performance Integration.Should handle concurrent module operations" time="0.4923" asserts="0" success="False" result="Failure" executed="True">
                    <failure>
                      <message>Expected a collection with size 3, but got an empty collection.</message>
                      <stack-trace>at $results | Should -HaveCount 3, C:\Users\alexa\OneDrive\Documents\0. wizzense\AitherZero\tests\integration\ModuleIntegration.Tests.ps1:236
at Invoke-Assertion, C:\Users\alexa\OneDrive\Documents\PowerShell\Modules\Pester\5.7.1\Pester.psm1:8250
at Should&lt;End&gt;, C:\Users\alexa\OneDrive\Documents\PowerShell\Modules\Pester\5.7.1\Pester.psm1:8186
at &lt;ScriptBlock&gt;, C:\Users\alexa\OneDrive\Documents\0. wizzense\AitherZero\tests\integration\ModuleIntegration.Tests.ps1:236
at &lt;ScriptBlock&gt;, C:\Users\alexa\OneDrive\Documents\PowerShell\Modules\Pester\5.7.1\Pester.psm1:2024
at &lt;ScriptBlock&gt;, C:\Users\alexa\OneDrive\Documents\PowerShell\Modules\Pester\5.7.1\Pester.psm1:1985
at Invoke-ScriptBlock, C:\Users\alexa\OneDrive\Documents\PowerShell\Modules\Pester\5.7.1\Pester.psm1:2157
at Invoke-TestItem, C:\Users\alexa\OneDrive\Documents\PowerShell\Modules\Pester\5.7.1\Pester.psm1:1199
at Invoke-Block, C:\Users\alexa\OneDrive\Documents\PowerShell\Modules\Pester\5.7.1\Pester.psm1:835
at &lt;ScriptBlock&gt;, C:\Users\alexa\OneDrive\Documents\PowerShell\Modules\Pester\5.7.1\Pester.psm1:893
at &lt;ScriptBlock&gt;, C:\Users\alexa\OneDrive\Documents\PowerShell\Modules\Pester\5.7.1\Pester.psm1:2024
at &lt;ScriptBlock&gt;, C:\Users\alexa\OneDrive\Documents\PowerShell\Modules\Pester\5.7.1\Pester.psm1:1985
at Invoke-ScriptBlock, C:\Users\alexa\OneDrive\Documents\PowerShell\Modules\Pester\5.7.1\Pester.psm1:2160
at Invoke-Block, C:\Users\alexa\OneDrive\Documents\PowerShell\Modules\Pester\5.7.1\Pester.psm1:940
at &lt;ScriptBlock&gt;, C:\Users\alexa\OneDrive\Documents\PowerShell\Modules\Pester\5.7.1\Pester.psm1:893
at &lt;ScriptBlock&gt;, C:\Users\alexa\OneDrive\Documents\PowerShell\Modules\Pester\5.7.1\Pester.psm1:2024
at &lt;ScriptBlock&gt;, C:\Users\alexa\OneDrive\Documents\PowerShell\Modules\Pester\5.7.1\Pester.psm1:1985
at Invoke-ScriptBlock, C:\Users\alexa\OneDrive\Documents\PowerShell\Modules\Pester\5.7.1\Pester.psm1:2160
at Invoke-Block, C:\Users\alexa\OneDrive\Documents\PowerShell\Modules\Pester\5.7.1\Pester.psm1:940
at &lt;ScriptBlock&gt;, C:\Users\alexa\OneDrive\Documents\PowerShell\Modules\Pester\5.7.1\Pester.psm1:893
at &lt;ScriptBlock&gt;, C:\Users\alexa\OneDrive\Documents\PowerShell\Modules\Pester\5.7.1\Pester.psm1:2024
at &lt;ScriptBlock&gt;, C:\Users\alexa\OneDrive\Documents\PowerShell\Modules\Pester\5.7.1\Pester.psm1:1985
at Invoke-ScriptBlock, C:\Users\alexa\OneDrive\Documents\PowerShell\Modules\Pester\5.7.1\Pester.psm1:2160
at Invoke-Block, C:\Users\alexa\OneDrive\Documents\PowerShell\Modules\Pester\5.7.1\Pester.psm1:940
at &lt;ScriptBlock&gt;, C:\Users\alexa\OneDrive\Documents\PowerShell\Modules\Pester\5.7.1\Pester.psm1:1688
at &lt;ScriptBlock&gt;, C:\Users\alexa\OneDrive\Documents\PowerShell\Modules\Pester\5.7.1\Pester.ps1:3
at &lt;ScriptBlock&gt;, C:\Users\alexa\OneDrive\Documents\PowerShell\Modules\Pester\5.7.1\Pester.psm1:3260
at Invoke-InNewScriptScope, C:\Users\alexa\OneDrive\Documents\PowerShell\Modules\Pester\5.7.1\Pester.psm1:3267
at Run-Test, C:\Users\alexa\OneDrive\Documents\PowerShell\Modules\Pester\5.7.1\Pester.psm1:1691
at Invoke-Test, C:\Users\alexa\OneDrive\Documents\PowerShell\Modules\Pester\5.7.1\Pester.psm1:2512
at Invoke-Pester&lt;End&gt;, C:\Users\alexa\OneDrive\Documents\PowerShell\Modules\Pester\5.7.1\Pester.psm1:4960
at &lt;ScriptBlock&gt;, &lt;No file&gt;:1</stack-trace>
                    </failure>
                  </test-case>
                </results>
              </test-suite>
            </results>
          </test-suite>
          <test-suite type="TestFixture" name="Configuration and Environment Integration" executed="True" result="Failure" success="False" time="1.0359" asserts="0" description="Configuration and Environment Integration">
            <results>
              <test-suite type="TestFixture" name="Configuration and Environment Integration.Configuration File Validation" executed="True" result="Success" success="True" time="0.0444" asserts="0" description="Configuration and Environment Integration.Configuration File Validation">
                <results>
                  <test-case description="Should validate core configuration files" name="Configuration and Environment Integration.Configuration File Validation.Should validate core configuration files" time="0.0189" asserts="0" success="True" result="Success" executed="True" />
                  <test-case description="Should validate module manifest files" name="Configuration and Environment Integration.Configuration File Validation.Should validate module manifest files" time="0.0188" asserts="0" success="True" result="Success" executed="True" />
                </results>
              </test-suite>
              <test-suite type="TestFixture" name="Configuration and Environment Integration.Environment Consistency" executed="True" result="Failure" success="False" time="0.0814" asserts="0" description="Configuration and Environment Integration.Environment Consistency">
                <results>
                  <test-case description="Should maintain consistent environment variables" name="Configuration and Environment Integration.Environment Consistency.Should maintain consistent environment variables" time="0.0136" asserts="0" success="True" result="Success" executed="True" />
                  <test-case description="Should handle workspace paths consistently" name="Configuration and Environment Integration.Environment Consistency.Should handle workspace paths consistently" time="0.0186" asserts="0" success="False" result="Failure" executed="True">
                    <failure>
                      <message>Expected $true, because Workspace should exist, but got $false.</message>
                      <stack-trace>at Test-Path $workspacePath | Should -Be $true -Because "Workspace should exist", C:\Users\alexa\OneDrive\Documents\0. wizzense\AitherZero\tests\integration\ModuleIntegration.Tests.ps1:280
at Invoke-Assertion, C:\Users\alexa\OneDrive\Documents\PowerShell\Modules\Pester\5.7.1\Pester.psm1:8250
at Should&lt;End&gt;, C:\Users\alexa\OneDrive\Documents\PowerShell\Modules\Pester\5.7.1\Pester.psm1:8189
at &lt;ScriptBlock&gt;, C:\Users\alexa\OneDrive\Documents\0. wizzense\AitherZero\tests\integration\ModuleIntegration.Tests.ps1:280
at &lt;ScriptBlock&gt;, C:\Users\alexa\OneDrive\Documents\PowerShell\Modules\Pester\5.7.1\Pester.psm1:2024
at &lt;ScriptBlock&gt;, C:\Users\alexa\OneDrive\Documents\PowerShell\Modules\Pester\5.7.1\Pester.psm1:1985
at Invoke-ScriptBlock, C:\Users\alexa\OneDrive\Documents\PowerShell\Modules\Pester\5.7.1\Pester.psm1:2157
at Invoke-TestItem, C:\Users\alexa\OneDrive\Documents\PowerShell\Modules\Pester\5.7.1\Pester.psm1:1199
at Invoke-Block, C:\Users\alexa\OneDrive\Documents\PowerShell\Modules\Pester\5.7.1\Pester.psm1:835
at &lt;ScriptBlock&gt;, C:\Users\alexa\OneDrive\Documents\PowerShell\Modules\Pester\5.7.1\Pester.psm1:893
at &lt;ScriptBlock&gt;, C:\Users\alexa\OneDrive\Documents\PowerShell\Modules\Pester\5.7.1\Pester.psm1:2024
at &lt;ScriptBlock&gt;, C:\Users\alexa\OneDrive\Documents\PowerShell\Modules\Pester\5.7.1\Pester.psm1:1985
at Invoke-ScriptBlock, C:\Users\alexa\OneDrive\Documents\PowerShell\Modules\Pester\5.7.1\Pester.psm1:2160
at Invoke-Block, C:\Users\alexa\OneDrive\Documents\PowerShell\Modules\Pester\5.7.1\Pester.psm1:940
at &lt;ScriptBlock&gt;, C:\Users\alexa\OneDrive\Documents\PowerShell\Modules\Pester\5.7.1\Pester.psm1:893
at &lt;ScriptBlock&gt;, C:\Users\alexa\OneDrive\Documents\PowerShell\Modules\Pester\5.7.1\Pester.psm1:2024
at &lt;ScriptBlock&gt;, C:\Users\alexa\OneDrive\Documents\PowerShell\Modules\Pester\5.7.1\Pester.psm1:1985
at Invoke-ScriptBlock, C:\Users\alexa\OneDrive\Documents\PowerShell\Modules\Pester\5.7.1\Pester.psm1:2160
at Invoke-Block, C:\Users\alexa\OneDrive\Documents\PowerShell\Modules\Pester\5.7.1\Pester.psm1:940
at &lt;ScriptBlock&gt;, C:\Users\alexa\OneDrive\Documents\PowerShell\Modules\Pester\5.7.1\Pester.psm1:893
at &lt;ScriptBlock&gt;, C:\Users\alexa\OneDrive\Documents\PowerShell\Modules\Pester\5.7.1\Pester.psm1:2024
at &lt;ScriptBlock&gt;, C:\Users\alexa\OneDrive\Documents\PowerShell\Modules\Pester\5.7.1\Pester.psm1:1985
at Invoke-ScriptBlock, C:\Users\alexa\OneDrive\Documents\PowerShell\Modules\Pester\5.7.1\Pester.psm1:2160
at Invoke-Block, C:\Users\alexa\OneDrive\Documents\PowerShell\Modules\Pester\5.7.1\Pester.psm1:940
at &lt;ScriptBlock&gt;, C:\Users\alexa\OneDrive\Documents\PowerShell\Modules\Pester\5.7.1\Pester.psm1:1688
at &lt;ScriptBlock&gt;, C:\Users\alexa\OneDrive\Documents\PowerShell\Modules\Pester\5.7.1\Pester.ps1:3
at &lt;ScriptBlock&gt;, C:\Users\alexa\OneDrive\Documents\PowerShell\Modules\Pester\5.7.1\Pester.psm1:3260
at Invoke-InNewScriptScope, C:\Users\alexa\OneDrive\Documents\PowerShell\Modules\Pester\5.7.1\Pester.psm1:3267
at Run-Test, C:\Users\alexa\OneDrive\Documents\PowerShell\Modules\Pester\5.7.1\Pester.psm1:1691
at Invoke-Test, C:\Users\alexa\OneDrive\Documents\PowerShell\Modules\Pester\5.7.1\Pester.psm1:2512
at Invoke-Pester&lt;End&gt;, C:\Users\alexa\OneDrive\Documents\PowerShell\Modules\Pester\5.7.1\Pester.psm1:4960
at &lt;ScriptBlock&gt;, &lt;No file&gt;:1</stack-trace>
                    </failure>
                  </test-case>
                </results>
              </test-suite>
            </results>
          </test-suite>
        </results>
      </test-suite>
    </results>
  </test-suite>
</test-results>