<?xml version="1.0" encoding="utf-8" standalone="no"?>
<test-results xmlns:xsi="http://www.w3.org/2001/XMLSchema-instance" xsi:noNamespaceSchemaLocation="nunit_schema_2.5.xsd" name="Pester" total="11" errors="0" failures="11" not-run="0" inconclusive="0" ignored="0" skipped="0" invalid="0" date="2025-07-09" time="05:21:17">
  <environment user-domain="" os-version="6.8.0-1027-azure" nunit-version="2.5.8.0" platform="Linux" machine-name="codespaces-6c6eb1" user="codespace" clr-version="9.0.4" cwd="/workspaces/AitherZero" />
  <culture-info current-culture="" current-uiculture="" />
  <test-suite type="TestFixture" name="Pester" executed="True" result="Failure" success="False" time="0.2943" asserts="0" description="Pester">
    <results>
      <test-suite type="TestFixture" name="/workspaces/AitherZero/tests/integration/ModuleCommunication.Integration.Tests.ps1" executed="True" result="Failure" success="False" time="0.2943" asserts="0" description="/workspaces/AitherZero/tests/integration/ModuleCommunication.Integration.Tests.ps1">
        <results>
          <test-suite type="TestFixture" name="Module Communication and APIs Integration Tests" executed="True" result="Failure" success="False" time="0" asserts="0" description="Module Communication and APIs Integration Tests">
            <results>
              <test-suite type="TestFixture" name="Module Communication and APIs Integration Tests.Inter-Module API Communication" executed="True" result="Failure" success="False" time="0" asserts="0" description="Module Communication and APIs Integration Tests.Inter-Module API Communication">
                <results>
                  <test-case description="Should register and discover module APIs" name="Module Communication and APIs Integration Tests.Inter-Module API Communication.Should register and discover module APIs" time="0" asserts="0" success="False" result="Failure" executed="True">
                    <failure>
                      <message>This test should run but it did not. Most likely a setup in some parent block failed.</message>
                      <stack-trace />
                    </failure>
                  </test-case>
                  <test-case description="Should execute API calls between modules" name="Module Communication and APIs Integration Tests.Inter-Module API Communication.Should execute API calls between modules" time="0" asserts="0" success="False" result="Failure" executed="True">
                    <failure>
                      <message>This test should run but it did not. Most likely a setup in some parent block failed.</message>
                      <stack-trace />
                    </failure>
                  </test-case>
                  <test-case description="Should handle API authentication and authorization" name="Module Communication and APIs Integration Tests.Inter-Module API Communication.Should handle API authentication and authorization" time="0" asserts="0" success="False" result="Failure" executed="True">
                    <failure>
                      <message>This test should run but it did not. Most likely a setup in some parent block failed.</message>
                      <stack-trace />
                    </failure>
                  </test-case>
                </results>
              </test-suite>
              <test-suite type="TestFixture" name="Module Communication and APIs Integration Tests.Event-Driven Communication" executed="True" result="Failure" success="False" time="0" asserts="0" description="Module Communication and APIs Integration Tests.Event-Driven Communication">
                <results>
                  <test-case description="Should handle event publishing and subscription" name="Module Communication and APIs Integration Tests.Event-Driven Communication.Should handle event publishing and subscription" time="0" asserts="0" success="False" result="Failure" executed="True">
                    <failure>
                      <message>This test should run but it did not. Most likely a setup in some parent block failed.</message>
                      <stack-trace />
                    </failure>
                  </test-case>
                  <test-case description="Should handle event filtering and prioritization" name="Module Communication and APIs Integration Tests.Event-Driven Communication.Should handle event filtering and prioritization" time="0" asserts="0" success="False" result="Failure" executed="True">
                    <failure>
                      <message>This test should run but it did not. Most likely a setup in some parent block failed.</message>
                      <stack-trace />
                    </failure>
                  </test-case>
                </results>
              </test-suite>
              <test-suite type="TestFixture" name="Module Communication and APIs Integration Tests.Message Queue and Processing" executed="True" result="Failure" success="False" time="0" asserts="0" description="Module Communication and APIs Integration Tests.Message Queue and Processing">
                <results>
                  <test-case description="Should handle message queuing and processing" name="Module Communication and APIs Integration Tests.Message Queue and Processing.Should handle message queuing and processing" time="0" asserts="0" success="False" result="Failure" executed="True">
                    <failure>
                      <message>This test should run but it did not. Most likely a setup in some parent block failed.</message>
                      <stack-trace />
                    </failure>
                  </test-case>
                  <test-case description="Should handle message retry and error handling" name="Module Communication and APIs Integration Tests.Message Queue and Processing.Should handle message retry and error handling" time="0" asserts="0" success="False" result="Failure" executed="True">
                    <failure>
                      <message>This test should run but it did not. Most likely a setup in some parent block failed.</message>
                      <stack-trace />
                    </failure>
                  </test-case>
                </results>
              </test-suite>
              <test-suite type="TestFixture" name="Module Communication and APIs Integration Tests.Circuit Breaker and Resilience Patterns" executed="True" result="Failure" success="False" time="0" asserts="0" description="Module Communication and APIs Integration Tests.Circuit Breaker and Resilience Patterns">
                <results>
                  <test-case description="Should handle circuit breaker pattern for failing services" name="Module Communication and APIs Integration Tests.Circuit Breaker and Resilience Patterns.Should handle circuit breaker pattern for failing services" time="0" asserts="0" success="False" result="Failure" executed="True">
                    <failure>
                      <message>This test should run but it did not. Most likely a setup in some parent block failed.</message>
                      <stack-trace />
                    </failure>
                  </test-case>
                  <test-case description="Should handle timeout and retry patterns" name="Module Communication and APIs Integration Tests.Circuit Breaker and Resilience Patterns.Should handle timeout and retry patterns" time="0" asserts="0" success="False" result="Failure" executed="True">
                    <failure>
                      <message>This test should run but it did not. Most likely a setup in some parent block failed.</message>
                      <stack-trace />
                    </failure>
                  </test-case>
                </results>
              </test-suite>
              <test-suite type="TestFixture" name="Module Communication and APIs Integration Tests.Performance and Scalability" executed="True" result="Failure" success="False" time="0" asserts="0" description="Module Communication and APIs Integration Tests.Performance and Scalability">
                <results>
                  <test-case description="Should handle high-volume API communication" name="Module Communication and APIs Integration Tests.Performance and Scalability.Should handle high-volume API communication" time="0" asserts="0" success="False" result="Failure" executed="True">
                    <failure>
                      <message>This test should run but it did not. Most likely a setup in some parent block failed.</message>
                      <stack-trace />
                    </failure>
                  </test-case>
                  <test-case description="Should handle concurrent event processing" name="Module Communication and APIs Integration Tests.Performance and Scalability.Should handle concurrent event processing" time="0" asserts="0" success="False" result="Failure" executed="True">
                    <failure>
                      <message>This test should run but it did not. Most likely a setup in some parent block failed.</message>
                      <stack-trace />
                    </failure>
                  </test-case>
                </results>
              </test-suite>
            </results>
          </test-suite>
        </results>
      </test-suite>
    </results>
  </test-suite>
</test-results>