<?xml version="1.0" encoding="utf-8" standalone="no"?>
<test-results xmlns:xsi="http://www.w3.org/2001/XMLSchema-instance" xsi:noNamespaceSchemaLocation="nunit_schema_2.5.xsd" name="Pester" total="15" errors="0" failures="7" not-run="0" inconclusive="0" ignored="0" skipped="0" invalid="0" date="2025-07-08" time="15:27:37">
  <environment machine-name="codespaces-6c6eb1" clr-version="9.0.4" user-domain="" nunit-version="2.5.8.0" cwd="/workspaces/AitherZero" os-version="6.8.0-1027-azure" user="codespace" platform="Linux" />
  <culture-info current-culture="" current-uiculture="" />
  <test-suite type="TestFixture" name="Pester" executed="True" result="Failure" success="False" time="0.4326" asserts="0" description="Pester">
    <results>
      <test-suite type="TestFixture" name="/workspaces/AitherZero/aither-core/modules/SecureCredentials/tests/SecureCredentials.Tests.ps1" executed="True" result="Failure" success="False" time="0.4326" asserts="0" description="/workspaces/AitherZero/aither-core/modules/SecureCredentials/tests/SecureCredentials.Tests.ps1">
        <results>
          <test-suite type="TestFixture" name="SecureCredentials Module - Core Functionality" executed="True" result="Failure" success="False" time="0.1307" asserts="0" description="SecureCredentials Module - Core Functionality">
            <results>
              <test-suite type="TestFixture" name="SecureCredentials Module - Core Functionality.Module Import and Structure" executed="True" result="Failure" success="False" time="0.0515" asserts="0" description="SecureCredentials Module - Core Functionality.Module Import and Structure">
                <results>
                  <test-case description="Should import the module successfully" name="SecureCredentials Module - Core Functionality.Module Import and Structure.Should import the module successfully" time="0.009" asserts="0" success="False" result="Failure" executed="True">
                    <failure>
                      <message>Expected a value, but got $null or empty.</message>
                      <stack-trace>at Get-Module -Name "SecureCredentials" | Should -Not -BeNullOrEmpty, /workspaces/AitherZero/aither-core/modules/SecureCredentials/tests/SecureCredentials.Tests.ps1:48
at &lt;ScriptBlock&gt;, /workspaces/AitherZero/aither-core/modules/SecureCredentials/tests/SecureCredentials.Tests.ps1:48</stack-trace>
                    </failure>
                  </test-case>
                  <test-case description="Should export expected functions" name="SecureCredentials Module - Core Functionality.Module Import and Structure.Should export expected functions" time="0.0192" asserts="0" success="False" result="Failure" executed="True">
                    <failure>
                      <message>Expected 'New-SecureCredential' to be found in collection $null, but it was not found.</message>
                      <stack-trace>at $exportedFunctions | Should -Contain $function, /workspaces/AitherZero/aither-core/modules/SecureCredentials/tests/SecureCredentials.Tests.ps1:67
at &lt;ScriptBlock&gt;, /workspaces/AitherZero/aither-core/modules/SecureCredentials/tests/SecureCredentials.Tests.ps1:67</stack-trace>
                    </failure>
                  </test-case>
                  <test-case description="Should require PowerShell 7.0 or higher" name="SecureCredentials Module - Core Functionality.Module Import and Structure.Should require PowerShell 7.0 or higher" time="0.0111" asserts="0" success="False" result="Failure" executed="True">
                    <failure>
                      <message>Expected the actual value to be greater than or equal to 7.0, but got $null.</message>
                      <stack-trace>at $module.PowerShellVersion | Should -BeGreaterOrEqual ([Version]"7.0"), /workspaces/AitherZero/aither-core/modules/SecureCredentials/tests/SecureCredentials.Tests.ps1:73
at &lt;ScriptBlock&gt;, /workspaces/AitherZero/aither-core/modules/SecureCredentials/tests/SecureCredentials.Tests.ps1:73</stack-trace>
                    </failure>
                  </test-case>
                  <test-case description="Should have proper module metadata" name="SecureCredentials Module - Core Functionality.Module Import and Structure.Should have proper module metadata" time="0.0082" asserts="0" success="False" result="Failure" executed="True">
                    <failure>
                      <message>Expected a value, but got $null or empty.</message>
                      <stack-trace>at $module | Should -Not -BeNullOrEmpty, /workspaces/AitherZero/aither-core/modules/SecureCredentials/tests/SecureCredentials.Tests.ps1:78
at &lt;ScriptBlock&gt;, /workspaces/AitherZero/aither-core/modules/SecureCredentials/tests/SecureCredentials.Tests.ps1:78</stack-trace>
                    </failure>
                  </test-case>
                </results>
              </test-suite>
              <test-suite type="TestFixture" name="SecureCredentials Module - Core Functionality.Core Functionality" executed="True" result="Failure" success="False" time="0.0673" asserts="0" description="SecureCredentials Module - Core Functionality.Core Functionality">
                <results>
                  <test-case description="Should execute core functions without errors" name="SecureCredentials Module - Core Functionality.Core Functionality.Should execute core functions without errors" time="0.0119" asserts="0" success="False" result="Failure" executed="True">
                    <failure>
                      <message>Expected a value, but got $null or empty.</message>
                      <stack-trace>at $functions | Should -Not -BeNullOrEmpty, /workspaces/AitherZero/aither-core/modules/SecureCredentials/tests/SecureCredentials.Tests.ps1:86
at &lt;ScriptBlock&gt;, /workspaces/AitherZero/aither-core/modules/SecureCredentials/tests/SecureCredentials.Tests.ps1:86</stack-trace>
                    </failure>
                  </test-case>
                </results>
              </test-suite>
              <test-suite type="TestFixture" name="SecureCredentials Module - Core Functionality.Error Handling" executed="True" result="Success" success="True" time="0.0918" asserts="0" description="SecureCredentials Module - Core Functionality.Error Handling">
                <results>
                  <test-case description="Should handle errors gracefully" name="SecureCredentials Module - Core Functionality.Error Handling.Should handle errors gracefully" time="0.0207" asserts="0" success="True" result="Success" executed="True" />
                </results>
              </test-suite>
              <test-suite type="TestFixture" name="SecureCredentials Module - Core Functionality.Integration with AitherZero Framework" executed="True" result="Success" success="True" time="0.1094" asserts="0" description="SecureCredentials Module - Core Functionality.Integration with AitherZero Framework">
                <results>
                  <test-case description="Should integrate with logging system" name="SecureCredentials Module - Core Functionality.Integration with AitherZero Framework.Should integrate with logging system" time="0.005" asserts="0" success="True" result="Success" executed="True" />
                  <test-case description="Should handle configuration properly" name="SecureCredentials Module - Core Functionality.Integration with AitherZero Framework.Should handle configuration properly" time="0.0044" asserts="0" success="True" result="Success" executed="True" />
                  <test-case description="Should support cross-platform operation" name="SecureCredentials Module - Core Functionality.Integration with AitherZero Framework.Should support cross-platform operation" time="0.0044" asserts="0" success="True" result="Success" executed="True" />
                </results>
              </test-suite>
              <test-suite type="TestFixture" name="SecureCredentials Module - Core Functionality.Performance and Reliability" executed="True" result="Success" success="True" time="0.1272" asserts="0" description="SecureCredentials Module - Core Functionality.Performance and Reliability">
                <results>
                  <test-case description="Should execute core functions within acceptable time limits" name="SecureCredentials Module - Core Functionality.Performance and Reliability.Should execute core functions within acceptable time limits" time="0.0048" asserts="0" success="True" result="Success" executed="True" />
                  <test-case description="Should handle concurrent operations safely" name="SecureCredentials Module - Core Functionality.Performance and Reliability.Should handle concurrent operations safely" time="0.0048" asserts="0" success="True" result="Success" executed="True" />
                  <test-case description="Should gracefully handle resource constraints" name="SecureCredentials Module - Core Functionality.Performance and Reliability.Should gracefully handle resource constraints" time="0.0043" asserts="0" success="True" result="Success" executed="True" />
                </results>
              </test-suite>
            </results>
          </test-suite>
          <test-suite type="TestFixture" name="SecureCredentials Module - Advanced Scenarios" executed="True" result="Failure" success="False" time="0.1973" asserts="0" description="SecureCredentials Module - Advanced Scenarios">
            <results>
              <test-suite type="TestFixture" name="SecureCredentials Module - Advanced Scenarios.Edge Cases and Boundary Conditions" executed="True" result="Success" success="True" time="0.034" asserts="0" description="SecureCredentials Module - Advanced Scenarios.Edge Cases and Boundary Conditions">
                <results>
                  <test-case description="Should handle edge cases properly" name="SecureCredentials Module - Advanced Scenarios.Edge Cases and Boundary Conditions.Should handle edge cases properly" time="0.0304" asserts="0" success="True" result="Success" executed="True" />
                </results>
              </test-suite>
              <test-suite type="TestFixture" name="SecureCredentials Module - Advanced Scenarios.Integration Testing" executed="True" result="Failure" success="False" time="0.047" asserts="0" description="SecureCredentials Module - Advanced Scenarios.Integration Testing">
                <results>
                  <test-case description="Should integrate with other modules" name="SecureCredentials Module - Advanced Scenarios.Integration Testing.Should integrate with other modules" time="0.0093" asserts="0" success="False" result="Failure" executed="True">
                    <failure>
                      <message>Expected a value, but got $null or empty.</message>
                      <stack-trace>at $moduleInfo | Should -Not -BeNullOrEmpty, /workspaces/AitherZero/aither-core/modules/SecureCredentials/tests/SecureCredentials.Tests.ps1:1765
at &lt;ScriptBlock&gt;, /workspaces/AitherZero/aither-core/modules/SecureCredentials/tests/SecureCredentials.Tests.ps1:1765</stack-trace>
                    </failure>
                  </test-case>
                </results>
              </test-suite>
              <test-suite type="TestFixture" name="SecureCredentials Module - Advanced Scenarios.Regression Testing" executed="True" result="Failure" success="False" time="0.0623" asserts="0" description="SecureCredentials Module - Advanced Scenarios.Regression Testing">
                <results>
                  <test-case description="Should not regress existing functionality" name="SecureCredentials Module - Advanced Scenarios.Regression Testing.Should not regress existing functionality" time="0.0107" asserts="0" success="False" result="Failure" executed="True">
                    <failure>
                      <message>Expected the actual value to be greater than 0, but got 0.</message>
                      <stack-trace>at $exportedFunctions.Count | Should -BeGreaterThan 0, /workspaces/AitherZero/aither-core/modules/SecureCredentials/tests/SecureCredentials.Tests.ps1:1785
at &lt;ScriptBlock&gt;, /workspaces/AitherZero/aither-core/modules/SecureCredentials/tests/SecureCredentials.Tests.ps1:1785</stack-trace>
                    </failure>
                  </test-case>
                </results>
              </test-suite>
            </results>
          </test-suite>
        </results>
      </test-suite>
    </results>
  </test-suite>
</test-results>