<?xml version="1.0" encoding="utf-8" standalone="no"?>
<test-results xmlns:xsi="http://www.w3.org/2001/XMLSchema-instance" xsi:noNamespaceSchemaLocation="nunit_schema_2.5.xsd" name="Pester" total="21" errors="0" failures="3" not-run="0" inconclusive="0" ignored="0" skipped="0" invalid="0" date="2025-07-09" time="16:27:25">
  <environment platform="Linux" machine-name="codespaces-6c6eb1" user="codespace" clr-version="9.0.4" os-version="6.8.0-1027-azure" nunit-version="2.5.8.0" user-domain="" cwd="/workspaces/AitherZero" />
  <culture-info current-culture="" current-uiculture="" />
  <test-suite type="TestFixture" name="Pester" executed="True" result="Failure" success="False" time="1.231" asserts="0" description="Pester">
    <results>
      <test-suite type="TestFixture" name="/workspaces/AitherZero/aither-core/modules/OrchestrationEngine/tests/OrchestrationEngine.Tests.ps1" executed="True" result="Failure" success="False" time="1.231" asserts="0" description="/workspaces/AitherZero/aither-core/modules/OrchestrationEngine/tests/OrchestrationEngine.Tests.ps1">
        <results>
          <test-suite type="TestFixture" name="OrchestrationEngine Module Tests" executed="True" result="Failure" success="False" time="0.5722" asserts="0" description="OrchestrationEngine Module Tests">
            <results>
              <test-suite type="TestFixture" name="OrchestrationEngine Module Tests.Module Import and Structure" executed="True" result="Success" success="True" time="0.1811" asserts="0" description="OrchestrationEngine Module Tests.Module Import and Structure">
                <results>
                  <test-case description="Should import the module successfully" name="OrchestrationEngine Module Tests.Module Import and Structure.Should import the module successfully" time="0.1067" asserts="0" success="True" result="Success" executed="True" />
                  <test-case description="Should export core playbook functions" name="OrchestrationEngine Module Tests.Module Import and Structure.Should export core playbook functions" time="0.0193" asserts="0" success="True" result="Success" executed="True" />
                  <test-case description="Should export step creation functions" name="OrchestrationEngine Module Tests.Module Import and Structure.Should export step creation functions" time="0.0099" asserts="0" success="True" result="Success" executed="True" />
                </results>
              </test-suite>
              <test-suite type="TestFixture" name="OrchestrationEngine Module Tests.Playbook Definition Operations" executed="True" result="Failure" success="False" time="0.3219" asserts="0" description="OrchestrationEngine Module Tests.Playbook Definition Operations">
                <results>
                  <test-case description="Should create a new playbook definition" name="OrchestrationEngine Module Tests.Playbook Definition Operations.Should create a new playbook definition" time="0.0524" asserts="0" success="True" result="Success" executed="True" />
                  <test-case description="Should validate a playbook definition" name="OrchestrationEngine Module Tests.Playbook Definition Operations.Should validate a playbook definition" time="0.0567" asserts="0" success="False" result="Failure" executed="True">
                    <failure>
                      <message>Expected no exception to be thrown, but an exception "A parameter cannot be found that matches parameter name 'PlaybookDefinition'." was thrown from /workspaces/AitherZero/aither-core/modules/OrchestrationEngine/tests/OrchestrationEngine.Tests.ps1:99 char:47
    + …             { Validate-PlaybookDefinition -PlaybookDefinition $testPl …
    +                                             ~~~~~~~~~~~~~~~~~~~.</message>
                      <stack-trace>at { Validate-PlaybookDefinition -PlaybookDefinition $testPlaybook } | Should -Not -Throw, /workspaces/AitherZero/aither-core/modules/OrchestrationEngine/tests/OrchestrationEngine.Tests.ps1:99
at &lt;ScriptBlock&gt;, /workspaces/AitherZero/aither-core/modules/OrchestrationEngine/tests/OrchestrationEngine.Tests.ps1:99</stack-trace>
                    </failure>
                  </test-case>
                  <test-case description="Should handle playbook definition with steps" name="OrchestrationEngine Module Tests.Playbook Definition Operations.Should handle playbook definition with steps" time="0.0261" asserts="0" success="True" result="Success" executed="True" />
                </results>
              </test-suite>
              <test-suite type="TestFixture" name="OrchestrationEngine Module Tests.Step Creation Functions" executed="True" result="Success" success="True" time="0.3531" asserts="0" description="OrchestrationEngine Module Tests.Step Creation Functions">
                <results>
                  <test-case description="Should create script steps" name="OrchestrationEngine Module Tests.Step Creation Functions.Should create script steps" time="0.0082" asserts="0" success="True" result="Success" executed="True" />
                  <test-case description="Should create conditional steps" name="OrchestrationEngine Module Tests.Step Creation Functions.Should create conditional steps" time="0.0084" asserts="0" success="True" result="Success" executed="True" />
                  <test-case description="Should create parallel steps" name="OrchestrationEngine Module Tests.Step Creation Functions.Should create parallel steps" time="0.0082" asserts="0" success="True" result="Success" executed="True" />
                </results>
              </test-suite>
              <test-suite type="TestFixture" name="OrchestrationEngine Module Tests.Workflow Execution" executed="True" result="Failure" success="False" time="0.4321" asserts="0" description="OrchestrationEngine Module Tests.Workflow Execution">
                <results>
                  <test-case description="Should handle workflow execution gracefully" name="OrchestrationEngine Module Tests.Workflow Execution.Should handle workflow execution gracefully" time="0.0483" asserts="0" success="True" result="Success" executed="True" />
                  <test-case description="Should provide workflow status" name="OrchestrationEngine Module Tests.Workflow Execution.Should provide workflow status" time="0.0092" asserts="0" success="True" result="Success" executed="True" />
                  <test-case description="Should handle workflow stopping" name="OrchestrationEngine Module Tests.Workflow Execution.Should handle workflow stopping" time="0.0152" asserts="0" success="False" result="Failure" executed="True">
                    <failure>
                      <message>Expected no exception to be thrown, but an exception "Cannot process command because of one or more missing mandatory parameters: WorkflowId." was thrown from /workspaces/AitherZero/aither-core/modules/OrchestrationEngine/tests/OrchestrationEngine.Tests.ps1:146 char:15
    +             { Stop-PlaybookWorkflow } | Should -Not -Throw
    +               ~~~~~~~~~~~~~~~~~~~~~.</message>
                      <stack-trace>at { Stop-PlaybookWorkflow } | Should -Not -Throw, /workspaces/AitherZero/aither-core/modules/OrchestrationEngine/tests/OrchestrationEngine.Tests.ps1:146
at &lt;ScriptBlock&gt;, /workspaces/AitherZero/aither-core/modules/OrchestrationEngine/tests/OrchestrationEngine.Tests.ps1:146</stack-trace>
                    </failure>
                  </test-case>
                </results>
              </test-suite>
              <test-suite type="TestFixture" name="OrchestrationEngine Module Tests.Import/Export Operations" executed="True" result="Success" success="True" time="0.4644" asserts="0" description="OrchestrationEngine Module Tests.Import/Export Operations">
                <results>
                  <test-case description="Should handle playbook import" name="OrchestrationEngine Module Tests.Import/Export Operations.Should handle playbook import" time="0.0145" asserts="0" success="True" result="Success" executed="True" />
                  <test-case description="Should handle missing playbook gracefully" name="OrchestrationEngine Module Tests.Import/Export Operations.Should handle missing playbook gracefully" time="0.0127" asserts="0" success="True" result="Success" executed="True" />
                </results>
              </test-suite>
              <test-suite type="TestFixture" name="OrchestrationEngine Module Tests.Error Handling and Validation" executed="True" result="Failure" success="False" time="0.5033" asserts="0" description="OrchestrationEngine Module Tests.Error Handling and Validation">
                <results>
                  <test-case description="Should handle invalid playbook definitions gracefully" name="OrchestrationEngine Module Tests.Error Handling and Validation.Should handle invalid playbook definitions gracefully" time="0.0215" asserts="0" success="False" result="Failure" executed="True">
                    <failure>
                      <message>Expected no exception to be thrown, but an exception "Cannot bind argument to parameter 'Name' because it is an empty string." was thrown from /workspaces/AitherZero/aither-core/modules/OrchestrationEngine/tests/OrchestrationEngine.Tests.ps1:163 char:44
    +             { New-PlaybookDefinition -Name "" -Description "Invalid e …
    +                                            ~~.</message>
                      <stack-trace>at { New-PlaybookDefinition -Name "" -Description "Invalid empty name" } | Should -Not -Throw, /workspaces/AitherZero/aither-core/modules/OrchestrationEngine/tests/OrchestrationEngine.Tests.ps1:163
at &lt;ScriptBlock&gt;, /workspaces/AitherZero/aither-core/modules/OrchestrationEngine/tests/OrchestrationEngine.Tests.ps1:163</stack-trace>
                    </failure>
                  </test-case>
                  <test-case description="Should handle invalid step definitions gracefully" name="OrchestrationEngine Module Tests.Error Handling and Validation.Should handle invalid step definitions gracefully" time="0.0061" asserts="0" success="True" result="Success" executed="True" />
                  <test-case description="Should provide meaningful error information" name="OrchestrationEngine Module Tests.Error Handling and Validation.Should provide meaningful error information" time="0.006" asserts="0" success="True" result="Success" executed="True" />
                </results>
              </test-suite>
              <test-suite type="TestFixture" name="OrchestrationEngine Module Tests.Module Integration" executed="True" result="Success" success="True" time="0.5203" asserts="0" description="OrchestrationEngine Module Tests.Module Integration">
                <results>
                  <test-case description="Should integrate with logging system" name="OrchestrationEngine Module Tests.Module Integration.Should integrate with logging system" time="0.0071" asserts="0" success="True" result="Success" executed="True" />
                  <test-case description="Should handle module dependencies gracefully" name="OrchestrationEngine Module Tests.Module Integration.Should handle module dependencies gracefully" time="0.0053" asserts="0" success="True" result="Success" executed="True" />
                </results>
              </test-suite>
              <test-suite type="TestFixture" name="OrchestrationEngine Module Tests.Performance and Reliability" executed="True" result="Success" success="True" time="0.558" asserts="0" description="OrchestrationEngine Module Tests.Performance and Reliability">
                <results>
                  <test-case description="Should execute operations within reasonable time" name="OrchestrationEngine Module Tests.Performance and Reliability.Should execute operations within reasonable time" time="0.0222" asserts="0" success="True" result="Success" executed="True" />
                  <test-case description="Should handle multiple operations" name="OrchestrationEngine Module Tests.Performance and Reliability.Should handle multiple operations" time="0.0097" asserts="0" success="True" result="Success" executed="True" />
                </results>
              </test-suite>
            </results>
          </test-suite>
        </results>
      </test-suite>
    </results>
  </test-suite>
</test-results>