<?xml version="1.0" encoding="utf-8" standalone="no"?>
<test-results xmlns:xsi="http://www.w3.org/2001/XMLSchema-instance" xsi:noNamespaceSchemaLocation="nunit_schema_2.5.xsd" name="Pester" total="77" errors="0" failures="41" not-run="0" inconclusive="0" ignored="0" skipped="0" invalid="0" date="2025-07-09" time="16:34:29">
  <environment nunit-version="2.5.8.0" os-version="6.8.0-1027-azure" user-domain="" platform="Linux" cwd="/workspaces/AitherZero" user="codespace" clr-version="9.0.4" machine-name="codespaces-6c6eb1" />
  <culture-info current-culture="" current-uiculture="" />
  <test-suite type="TestFixture" name="Pester" executed="True" result="Failure" success="False" time="4.8941" asserts="0" description="Pester">
    <results>
      <test-suite type="TestFixture" name="/workspaces/AitherZero/aither-core/modules/DevEnvironment/tests/DevEnvironment.Tests.ps1" executed="True" result="Failure" success="False" time="4.8941" asserts="0" description="/workspaces/AitherZero/aither-core/modules/DevEnvironment/tests/DevEnvironment.Tests.ps1">
        <results>
          <test-suite type="TestFixture" name="DevEnvironment Module Structure" executed="True" result="Success" success="True" time="0.2472" asserts="0" description="DevEnvironment Module Structure">
            <results>
              <test-suite type="TestFixture" name="DevEnvironment Module Structure.Module Files and Manifest" executed="True" result="Success" success="True" time="0.1866" asserts="0" description="DevEnvironment Module Structure.Module Files and Manifest">
                <results>
                  <test-case description="Should have a module manifest file" name="DevEnvironment Module Structure.Module Files and Manifest.Should have a module manifest file" time="0.0995" asserts="0" success="True" result="Success" executed="True" />
                  <test-case description="Should have a module script file" name="DevEnvironment Module Structure.Module Files and Manifest.Should have a module script file" time="0.0076" asserts="0" success="True" result="Success" executed="True" />
                  <test-case description="Should have a Public functions directory" name="DevEnvironment Module Structure.Module Files and Manifest.Should have a Public functions directory" time="0.0395" asserts="0" success="True" result="Success" executed="True" />
                  <test-case description="Should have README documentation" name="DevEnvironment Module Structure.Module Files and Manifest.Should have README documentation" time="0.0066" asserts="0" success="True" result="Success" executed="True" />
                  <test-case description="Should have test files" name="DevEnvironment Module Structure.Module Files and Manifest.Should have test files" time="0.0079" asserts="0" success="True" result="Success" executed="True" />
                </results>
              </test-suite>
              <test-suite type="TestFixture" name="DevEnvironment Module Structure.Module Manifest Validation" executed="True" result="Success" success="True" time="0.2344" asserts="0" description="DevEnvironment Module Structure.Module Manifest Validation">
                <results>
                  <test-case description="Should have correct module version format" name="DevEnvironment Module Structure.Module Manifest Validation.Should have correct module version format" time="0.0111" asserts="0" success="True" result="Success" executed="True" />
                  <test-case description="Should require PowerShell 7.0 or higher" name="DevEnvironment Module Structure.Module Manifest Validation.Should require PowerShell 7.0 or higher" time="0.01" asserts="0" success="True" result="Success" executed="True" />
                  <test-case description="Should export the expected functions" name="DevEnvironment Module Structure.Module Manifest Validation.Should export the expected functions" time="0.0186" asserts="0" success="True" result="Success" executed="True" />
                </results>
              </test-suite>
            </results>
          </test-suite>
          <test-suite type="TestFixture" name="Core DevEnvironment Functions" executed="True" result="Failure" success="False" time="1.2425" asserts="0" description="Core DevEnvironment Functions">
            <results>
              <test-suite type="TestFixture" name="Core DevEnvironment Functions.Function Availability" executed="True" result="Success" success="True" time="0.1401" asserts="0" description="Core DevEnvironment Functions.Function Availability">
                <results>
                  <test-case description="Should export Initialize-DevEnvironment function" name="Core DevEnvironment Functions.Function Availability.Should export Initialize-DevEnvironment function" time="0.049" asserts="0" success="True" result="Success" executed="True" />
                  <test-case description="Should export Get-DevEnvironmentStatus function" name="Core DevEnvironment Functions.Function Availability.Should export Get-DevEnvironmentStatus function" time="0.0305" asserts="0" success="True" result="Success" executed="True" />
                  <test-case description="Should export Test-DevEnvironment function" name="Core DevEnvironment Functions.Function Availability.Should export Test-DevEnvironment function" time="0.0291" asserts="0" success="True" result="Success" executed="True" />
                  <test-case description="Should export Optimize-PlatformEnvironment function" name="Core DevEnvironment Functions.Function Availability.Should export Optimize-PlatformEnvironment function" time="0.0265" asserts="0" success="True" result="Success" executed="True" />
                </results>
              </test-suite>
              <test-suite type="TestFixture" name="Core DevEnvironment Functions.Get-DevEnvironmentStatus Function" executed="True" result="Failure" success="False" time="0.3246" asserts="0" description="Core DevEnvironment Functions.Get-DevEnvironmentStatus Function">
                <results>
                  <test-case description="Should return a valid status object" name="Core DevEnvironment Functions.Get-DevEnvironmentStatus Function.Should return a valid status object" time="0.0717" asserts="0" success="False" result="Failure" executed="True">
                    <failure>
                      <message>CommandNotFoundException: The term 'Write-CustomLog' is not recognized as a name of a cmdlet, function, script file, or executable program.
Check the spelling of the name, or if a path was included, verify that the path is correct and try again.</message>
                      <stack-trace>at Get-DevEnvironmentStatus, /workspaces/AitherZero/aither-core/modules/DevEnvironment/Public/Get-DevEnvironmentStatus.ps1:17
at &lt;ScriptBlock&gt;, /workspaces/AitherZero/aither-core/modules/DevEnvironment/tests/DevEnvironment.Tests.ps1:130</stack-trace>
                    </failure>
                  </test-case>
                  <test-case description="Should include PowerShell version information" name="Core DevEnvironment Functions.Get-DevEnvironmentStatus Function.Should include PowerShell version information" time="0.0331" asserts="0" success="False" result="Failure" executed="True">
                    <failure>
                      <message>CommandNotFoundException: The term 'Write-CustomLog' is not recognized as a name of a cmdlet, function, script file, or executable program.
Check the spelling of the name, or if a path was included, verify that the path is correct and try again.</message>
                      <stack-trace>at Get-DevEnvironmentStatus, /workspaces/AitherZero/aither-core/modules/DevEnvironment/Public/Get-DevEnvironmentStatus.ps1:17
at &lt;ScriptBlock&gt;, /workspaces/AitherZero/aither-core/modules/DevEnvironment/tests/DevEnvironment.Tests.ps1:138</stack-trace>
                    </failure>
                  </test-case>
                  <test-case description="Should include module information" name="Core DevEnvironment Functions.Get-DevEnvironmentStatus Function.Should include module information" time="0.0357" asserts="0" success="False" result="Failure" executed="True">
                    <failure>
                      <message>CommandNotFoundException: The term 'Write-CustomLog' is not recognized as a name of a cmdlet, function, script file, or executable program.
Check the spelling of the name, or if a path was included, verify that the path is correct and try again.</message>
                      <stack-trace>at Get-DevEnvironmentStatus, /workspaces/AitherZero/aither-core/modules/DevEnvironment/Public/Get-DevEnvironmentStatus.ps1:17
at &lt;ScriptBlock&gt;, /workspaces/AitherZero/aither-core/modules/DevEnvironment/tests/DevEnvironment.Tests.ps1:144</stack-trace>
                    </failure>
                  </test-case>
                  <test-case description="Should support metrics inclusion" name="Core DevEnvironment Functions.Get-DevEnvironmentStatus Function.Should support metrics inclusion" time="0.0388" asserts="0" success="False" result="Failure" executed="True">
                    <failure>
                      <message>CommandNotFoundException: The term 'Write-CustomLog' is not recognized as a name of a cmdlet, function, script file, or executable program.
Check the spelling of the name, or if a path was included, verify that the path is correct and try again.</message>
                      <stack-trace>at Get-DevEnvironmentStatus, /workspaces/AitherZero/aither-core/modules/DevEnvironment/Public/Get-DevEnvironmentStatus.ps1:17
at &lt;ScriptBlock&gt;, /workspaces/AitherZero/aither-core/modules/DevEnvironment/tests/DevEnvironment.Tests.ps1:150</stack-trace>
                    </failure>
                  </test-case>
                </results>
              </test-suite>
              <test-suite type="TestFixture" name="Core DevEnvironment Functions.Test-DevEnvironment Function" executed="True" result="Success" success="True" time="0.9891" asserts="0" description="Core DevEnvironment Functions.Test-DevEnvironment Function">
                <results>
                  <test-case description="Should perform basic environment testing" name="Core DevEnvironment Functions.Test-DevEnvironment Function.Should perform basic environment testing" time="0.1514" asserts="0" success="True" result="Success" executed="True" />
                  <test-case description="Should test PowerShell environment" name="Core DevEnvironment Functions.Test-DevEnvironment Function.Should test PowerShell environment" time="0.1067" asserts="0" success="True" result="Success" executed="True" />
                  <test-case description="Should test Git environment" name="Core DevEnvironment Functions.Test-DevEnvironment Function.Should test Git environment" time="0.1087" asserts="0" success="True" result="Success" executed="True" />
                  <test-case description="Should support AI tools testing when requested" name="Core DevEnvironment Functions.Test-DevEnvironment Function.Should support AI tools testing when requested" time="0.1286" asserts="0" success="True" result="Success" executed="True" />
                  <test-case description="Should support performance metrics when requested" name="Core DevEnvironment Functions.Test-DevEnvironment Function.Should support performance metrics when requested" time="0.1626" asserts="0" success="True" result="Success" executed="True" />
                </results>
              </test-suite>
            </results>
          </test-suite>
          <test-suite type="TestFixture" name="VS Code Integration" executed="True" result="Failure" success="False" time="1.8916" asserts="0" description="VS Code Integration">
            <results>
              <test-suite type="TestFixture" name="VS Code Integration.VS Code Functions" executed="True" result="Success" success="True" time="0.1831" asserts="0" description="VS Code Integration.VS Code Functions">
                <results>
                  <test-case description="Should export Initialize-VSCodeWorkspace function" name="VS Code Integration.VS Code Functions.Should export Initialize-VSCodeWorkspace function" time="0.0433" asserts="0" success="True" result="Success" executed="True" />
                  <test-case description="Should export Test-VSCodeIntegration function" name="VS Code Integration.VS Code Functions.Should export Test-VSCodeIntegration function" time="0.0342" asserts="0" success="True" result="Success" executed="True" />
                  <test-case description="Should export Install-VSCodeExtensions function" name="VS Code Integration.VS Code Functions.Should export Install-VSCodeExtensions function" time="0.0669" asserts="0" success="True" result="Success" executed="True" />
                  <test-case description="Should export Update-VSCodeSettings function" name="VS Code Integration.VS Code Functions.Should export Update-VSCodeSettings function" time="0.0322" asserts="0" success="True" result="Success" executed="True" />
                </results>
              </test-suite>
              <test-suite type="TestFixture" name="VS Code Integration.Test-VSCodeIntegration Function" executed="True" result="Failure" success="False" time="0.5006" asserts="0" description="VS Code Integration.Test-VSCodeIntegration Function">
                <results>
                  <test-case description="Should test VS Code integration without errors" name="VS Code Integration.Test-VSCodeIntegration Function.Should test VS Code integration without errors" time="0.1039" asserts="0" success="False" result="Failure" executed="True">
                    <failure>
                      <message>Expected no exception to be thrown, but an exception "The term 'Write-CustomLog' is not recognized as a name of a cmdlet, function, script file, or executable program.
Check the spelling of the name, or if a path was included, verify that the path is correct and try again." was thrown from /workspaces/AitherZero/aither-core/modules/DevEnvironment/tests/DevEnvironment.Tests.ps1:215 char:15
    +             { Test-VSCodeIntegration } | Should -Not -Throw
    +               ~~~~~~~~~~~~~~~~~~~~~~.</message>
                      <stack-trace>at { Test-VSCodeIntegration } | Should -Not -Throw, /workspaces/AitherZero/aither-core/modules/DevEnvironment/tests/DevEnvironment.Tests.ps1:215
at &lt;ScriptBlock&gt;, /workspaces/AitherZero/aither-core/modules/DevEnvironment/tests/DevEnvironment.Tests.ps1:215</stack-trace>
                    </failure>
                  </test-case>
                  <test-case description="Should return valid integration test results" name="VS Code Integration.Test-VSCodeIntegration Function.Should return valid integration test results" time="0.065" asserts="0" success="False" result="Failure" executed="True">
                    <failure>
                      <message>CommandNotFoundException: The term 'Write-CustomLog' is not recognized as a name of a cmdlet, function, script file, or executable program.
Check the spelling of the name, or if a path was included, verify that the path is correct and try again.</message>
                      <stack-trace>at Test-VSCodeIntegration, /workspaces/AitherZero/aither-core/modules/DevEnvironment/Public/Test-VSCodeIntegration.ps1:161
at &lt;ScriptBlock&gt;, /workspaces/AitherZero/aither-core/modules/DevEnvironment/tests/DevEnvironment.Tests.ps1:219</stack-trace>
                    </failure>
                  </test-case>
                  <test-case description="Should support detailed testing mode" name="VS Code Integration.Test-VSCodeIntegration Function.Should support detailed testing mode" time="0.0706" asserts="0" success="False" result="Failure" executed="True">
                    <failure>
                      <message>Expected no exception to be thrown, but an exception "The term 'Write-CustomLog' is not recognized as a name of a cmdlet, function, script file, or executable program.
Check the spelling of the name, or if a path was included, verify that the path is correct and try again." was thrown from /workspaces/AitherZero/aither-core/modules/DevEnvironment/tests/DevEnvironment.Tests.ps1:227 char:15
    +             { Test-VSCodeIntegration -Detailed } | Should -Not -Throw
    +               ~~~~~~~~~~~~~~~~~~~~~~~~~~~~~~~~.</message>
                      <stack-trace>at { Test-VSCodeIntegration -Detailed } | Should -Not -Throw, /workspaces/AitherZero/aither-core/modules/DevEnvironment/tests/DevEnvironment.Tests.ps1:227
at &lt;ScriptBlock&gt;, /workspaces/AitherZero/aither-core/modules/DevEnvironment/tests/DevEnvironment.Tests.ps1:227</stack-trace>
                    </failure>
                  </test-case>
                  <test-case description="Should support extension checking" name="VS Code Integration.Test-VSCodeIntegration Function.Should support extension checking" time="0.0729" asserts="0" success="False" result="Failure" executed="True">
                    <failure>
                      <message>Expected no exception to be thrown, but an exception "The term 'Write-CustomLog' is not recognized as a name of a cmdlet, function, script file, or executable program.
Check the spelling of the name, or if a path was included, verify that the path is correct and try again." was thrown from /workspaces/AitherZero/aither-core/modules/DevEnvironment/tests/DevEnvironment.Tests.ps1:231 char:15
    + …           { Test-VSCodeIntegration -RequiredExtensions @('ms-vscode.p …
    +               ~~~~~~~~~~~~~~~~~~~~~~~~~~~~~~~~~~~~~~~~~~~~~~~~~~~~~~~~~.</message>
                      <stack-trace>at { Test-VSCodeIntegration -RequiredExtensions @('ms-vscode.powershell') } | Should -Not -Throw, /workspaces/AitherZero/aither-core/modules/DevEnvironment/tests/DevEnvironment.Tests.ps1:231
at &lt;ScriptBlock&gt;, /workspaces/AitherZero/aither-core/modules/DevEnvironment/tests/DevEnvironment.Tests.ps1:231</stack-trace>
                    </failure>
                  </test-case>
                </results>
              </test-suite>
              <test-suite type="TestFixture" name="VS Code Integration.Initialize-VSCodeWorkspace Function" executed="True" result="Failure" success="False" time="0.6432" asserts="0" description="VS Code Integration.Initialize-VSCodeWorkspace Function">
                <results>
                  <test-case description="Should support WhatIf mode" name="VS Code Integration.Initialize-VSCodeWorkspace Function.Should support WhatIf mode" time="0.0497" asserts="0" success="False" result="Failure" executed="True">
                    <failure>
                      <message>Expected no exception to be thrown, but an exception "The term 'Write-CustomLog' is not recognized as a name of a cmdlet, function, script file, or executable program.
Check the spelling of the name, or if a path was included, verify that the path is correct and try again." was thrown from /workspaces/AitherZero/aither-core/modules/DevEnvironment/tests/DevEnvironment.Tests.ps1:237 char:15
    +             { Initialize-VSCodeWorkspace -WhatIf } | Should -Not -Thr …
    +               ~~~~~~~~~~~~~~~~~~~~~~~~~~~~~~~~~~.</message>
                      <stack-trace>at { Initialize-VSCodeWorkspace -WhatIf } | Should -Not -Throw, /workspaces/AitherZero/aither-core/modules/DevEnvironment/tests/DevEnvironment.Tests.ps1:237
at &lt;ScriptBlock&gt;, /workspaces/AitherZero/aither-core/modules/DevEnvironment/tests/DevEnvironment.Tests.ps1:237</stack-trace>
                    </failure>
                  </test-case>
                  <test-case description="Should support workspace creation" name="VS Code Integration.Initialize-VSCodeWorkspace Function.Should support workspace creation" time="0.0444" asserts="0" success="False" result="Failure" executed="True">
                    <failure>
                      <message>Expected no exception to be thrown, but an exception "The term 'Write-CustomLog' is not recognized as a name of a cmdlet, function, script file, or executable program.
Check the spelling of the name, or if a path was included, verify that the path is correct and try again." was thrown from /workspaces/AitherZero/aither-core/modules/DevEnvironment/tests/DevEnvironment.Tests.ps1:241 char:15
    + …           { Initialize-VSCodeWorkspace -CreateWorkspaceFile -WhatIf } …
    +               ~~~~~~~~~~~~~~~~~~~~~~~~~~~~~~~~~~~~~~~~~~~~~~~~~~~~~~~.</message>
                      <stack-trace>at { Initialize-VSCodeWorkspace -CreateWorkspaceFile -WhatIf } | Should -Not -Throw, /workspaces/AitherZero/aither-core/modules/DevEnvironment/tests/DevEnvironment.Tests.ps1:241
at &lt;ScriptBlock&gt;, /workspaces/AitherZero/aither-core/modules/DevEnvironment/tests/DevEnvironment.Tests.ps1:241</stack-trace>
                    </failure>
                  </test-case>
                  <test-case description="Should support extension installation" name="VS Code Integration.Initialize-VSCodeWorkspace Function.Should support extension installation" time="0.0423" asserts="0" success="False" result="Failure" executed="True">
                    <failure>
                      <message>Expected no exception to be thrown, but an exception "The term 'Write-CustomLog' is not recognized as a name of a cmdlet, function, script file, or executable program.
Check the spelling of the name, or if a path was included, verify that the path is correct and try again." was thrown from /workspaces/AitherZero/aither-core/modules/DevEnvironment/tests/DevEnvironment.Tests.ps1:245 char:15
    + …           { Initialize-VSCodeWorkspace -InstallExtensions -WhatIf } | …
    +               ~~~~~~~~~~~~~~~~~~~~~~~~~~~~~~~~~~~~~~~~~~~~~~~~~~~~~.</message>
                      <stack-trace>at { Initialize-VSCodeWorkspace -InstallExtensions -WhatIf } | Should -Not -Throw, /workspaces/AitherZero/aither-core/modules/DevEnvironment/tests/DevEnvironment.Tests.ps1:245
at &lt;ScriptBlock&gt;, /workspaces/AitherZero/aither-core/modules/DevEnvironment/tests/DevEnvironment.Tests.ps1:245</stack-trace>
                    </failure>
                  </test-case>
                </results>
              </test-suite>
            </results>
          </test-suite>
          <test-suite type="TestFixture" name="AI Tools Integration" executed="True" result="Failure" success="False" time="2.2008" asserts="0" description="AI Tools Integration">
            <results>
              <test-suite type="TestFixture" name="AI Tools Integration.AI Tools Functions" executed="True" result="Success" success="True" time="0.1125" asserts="0" description="AI Tools Integration.AI Tools Functions">
                <results>
                  <test-case description="Should export Install-ClaudeCodeDependencies function" name="AI Tools Integration.AI Tools Functions.Should export Install-ClaudeCodeDependencies function" time="0.0555" asserts="0" success="True" result="Success" executed="True" />
                  <test-case description="Should export Install-GeminiCLIDependencies function" name="AI Tools Integration.AI Tools Functions.Should export Install-GeminiCLIDependencies function" time="0.0487" asserts="0" success="True" result="Success" executed="True" />
                </results>
              </test-suite>
              <test-suite type="TestFixture" name="AI Tools Integration.Claude Code Dependencies" executed="True" result="Failure" success="False" time="0.2226" asserts="0" description="AI Tools Integration.Claude Code Dependencies">
                <results>
                  <test-case description="Should support WhatIf mode for dependency installation" name="AI Tools Integration.Claude Code Dependencies.Should support WhatIf mode for dependency installation" time="0.0594" asserts="0" success="False" result="Failure" executed="True">
                    <failure>
                      <message>Expected no exception to be thrown, but an exception "The term 'Write-CustomLog' is not recognized as a name of a cmdlet, function, script file, or executable program.
Check the spelling of the name, or if a path was included, verify that the path is correct and try again." was thrown from /workspaces/AitherZero/aither-core/modules/DevEnvironment/tests/DevEnvironment.Tests.ps1:263 char:15
    +             { Install-ClaudeCodeDependencies -WhatIf } | Should -Not  …
    +               ~~~~~~~~~~~~~~~~~~~~~~~~~~~~~~~~~~~~~~.</message>
                      <stack-trace>at { Install-ClaudeCodeDependencies -WhatIf } | Should -Not -Throw, /workspaces/AitherZero/aither-core/modules/DevEnvironment/tests/DevEnvironment.Tests.ps1:263
at &lt;ScriptBlock&gt;, /workspaces/AitherZero/aither-core/modules/DevEnvironment/tests/DevEnvironment.Tests.ps1:263</stack-trace>
                    </failure>
                  </test-case>
                  <test-case description="Should detect platform requirements" name="AI Tools Integration.Claude Code Dependencies.Should detect platform requirements" time="0.0434" asserts="0" success="False" result="Failure" executed="True">
                    <failure>
                      <message>Expected no exception to be thrown, but an exception "The term 'Write-CustomLog' is not recognized as a name of a cmdlet, function, script file, or executable program.
Check the spelling of the name, or if a path was included, verify that the path is correct and try again." was thrown from /workspaces/AitherZero/aither-core/modules/DevEnvironment/tests/DevEnvironment.Tests.ps1:268 char:15
    +             { Install-ClaudeCodeDependencies -WhatIf } | Should -Not  …
    +               ~~~~~~~~~~~~~~~~~~~~~~~~~~~~~~~~~~~~~~.</message>
                      <stack-trace>at { Install-ClaudeCodeDependencies -WhatIf } | Should -Not -Throw, /workspaces/AitherZero/aither-core/modules/DevEnvironment/tests/DevEnvironment.Tests.ps1:268
at &lt;ScriptBlock&gt;, /workspaces/AitherZero/aither-core/modules/DevEnvironment/tests/DevEnvironment.Tests.ps1:268</stack-trace>
                    </failure>
                  </test-case>
                </results>
              </test-suite>
              <test-suite type="TestFixture" name="AI Tools Integration.Integration with AIToolsIntegration Module" executed="True" result="Success" success="True" time="0.3021" asserts="0" description="AI Tools Integration.Integration with AIToolsIntegration Module">
                <results>
                  <test-case description="Should be able to use AIToolsIntegration functions if available" name="AI Tools Integration.Integration with AIToolsIntegration Module.Should be able to use AIToolsIntegration functions if available" time="0.0722" asserts="0" success="True" result="Success" executed="True" />
                </results>
              </test-suite>
            </results>
          </test-suite>
          <test-suite type="TestFixture" name="Platform Optimization" executed="True" result="Failure" success="False" time="2.5074" asserts="0" description="Platform Optimization">
            <results>
              <test-suite type="TestFixture" name="Platform Optimization.Platform Detection" executed="True" result="Success" success="True" time="0.062" asserts="0" description="Platform Optimization.Platform Detection">
                <results>
                  <test-case description="Should correctly detect current platform" name="Platform Optimization.Platform Detection.Should correctly detect current platform" time="0.0397" asserts="0" success="True" result="Success" executed="True" />
                </results>
              </test-suite>
              <test-suite type="TestFixture" name="Platform Optimization.Optimize-PlatformEnvironment Function" executed="True" result="Failure" success="False" time="0.2998" asserts="0" description="Platform Optimization.Optimize-PlatformEnvironment Function">
                <results>
                  <test-case description="Should support WhatIf mode" name="Platform Optimization.Optimize-PlatformEnvironment Function.Should support WhatIf mode" time="0.0625" asserts="0" success="False" result="Failure" executed="True">
                    <failure>
                      <message>Expected no exception to be thrown, but an exception "The term 'Write-CustomLog' is not recognized as a name of a cmdlet, function, script file, or executable program.
Check the spelling of the name, or if a path was included, verify that the path is correct and try again." was thrown from /workspaces/AitherZero/aither-core/modules/DevEnvironment/tests/DevEnvironment.Tests.ps1:292 char:15
    +             { Optimize-PlatformEnvironment -WhatIf } | Should -Not -T …
    +               ~~~~~~~~~~~~~~~~~~~~~~~~~~~~~~~~~~~~.</message>
                      <stack-trace>at { Optimize-PlatformEnvironment -WhatIf } | Should -Not -Throw, /workspaces/AitherZero/aither-core/modules/DevEnvironment/tests/DevEnvironment.Tests.ps1:292
at &lt;ScriptBlock&gt;, /workspaces/AitherZero/aither-core/modules/DevEnvironment/tests/DevEnvironment.Tests.ps1:292</stack-trace>
                    </failure>
                  </test-case>
                  <test-case description="Should support platform-specific optimization" name="Platform Optimization.Optimize-PlatformEnvironment Function.Should support platform-specific optimization" time="0.0406" asserts="0" success="False" result="Failure" executed="True">
                    <failure>
                      <message>Expected no exception to be thrown, but an exception "The term 'Write-CustomLog' is not recognized as a name of a cmdlet, function, script file, or executable program.
Check the spelling of the name, or if a path was included, verify that the path is correct and try again." was thrown from /workspaces/AitherZero/aither-core/modules/DevEnvironment/tests/DevEnvironment.Tests.ps1:297 char:15
    + …           { Optimize-PlatformEnvironment -Platform $platform -WhatIf  …
    +               ~~~~~~~~~~~~~~~~~~~~~~~~~~~~~~~~~~~~~~~~~~~~~~~~~~~~~~~~.</message>
                      <stack-trace>at { Optimize-PlatformEnvironment -Platform $platform -WhatIf } | Should -Not -Throw, /workspaces/AitherZero/aither-core/modules/DevEnvironment/tests/DevEnvironment.Tests.ps1:297
at &lt;ScriptBlock&gt;, /workspaces/AitherZero/aither-core/modules/DevEnvironment/tests/DevEnvironment.Tests.ps1:297</stack-trace>
                    </failure>
                  </test-case>
                  <test-case description="Should support performance tuning options" name="Platform Optimization.Optimize-PlatformEnvironment Function.Should support performance tuning options" time="0.0418" asserts="0" success="False" result="Failure" executed="True">
                    <failure>
                      <message>Expected no exception to be thrown, but an exception "The term 'Write-CustomLog' is not recognized as a name of a cmdlet, function, script file, or executable program.
Check the spelling of the name, or if a path was included, verify that the path is correct and try again." was thrown from /workspaces/AitherZero/aither-core/modules/DevEnvironment/tests/DevEnvironment.Tests.ps1:301 char:15
    + …           { Optimize-PlatformEnvironment -IncludePerformanceTuning -W …
    +               ~~~~~~~~~~~~~~~~~~~~~~~~~~~~~~~~~~~~~~~~~~~~~~~~~~~~~~~~~.</message>
                      <stack-trace>at { Optimize-PlatformEnvironment -IncludePerformanceTuning -WhatIf } | Should -Not -Throw, /workspaces/AitherZero/aither-core/modules/DevEnvironment/tests/DevEnvironment.Tests.ps1:301
at &lt;ScriptBlock&gt;, /workspaces/AitherZero/aither-core/modules/DevEnvironment/tests/DevEnvironment.Tests.ps1:301</stack-trace>
                    </failure>
                  </test-case>
                  <test-case description="Should support development tools configuration" name="Platform Optimization.Optimize-PlatformEnvironment Function.Should support development tools configuration" time="0.0424" asserts="0" success="False" result="Failure" executed="True">
                    <failure>
                      <message>Expected no exception to be thrown, but an exception "The term 'Write-CustomLog' is not recognized as a name of a cmdlet, function, script file, or executable program.
Check the spelling of the name, or if a path was included, verify that the path is correct and try again." was thrown from /workspaces/AitherZero/aither-core/modules/DevEnvironment/tests/DevEnvironment.Tests.ps1:305 char:15
    + …           { Optimize-PlatformEnvironment -ConfigureDevelopmentTools - …
    +               ~~~~~~~~~~~~~~~~~~~~~~~~~~~~~~~~~~~~~~~~~~~~~~~~~~~~~~~~~.</message>
                      <stack-trace>at { Optimize-PlatformEnvironment -ConfigureDevelopmentTools -WhatIf } | Should -Not -Throw, /workspaces/AitherZero/aither-core/modules/DevEnvironment/tests/DevEnvironment.Tests.ps1:305
at &lt;ScriptBlock&gt;, /workspaces/AitherZero/aither-core/modules/DevEnvironment/tests/DevEnvironment.Tests.ps1:305</stack-trace>
                    </failure>
                  </test-case>
                  <test-case description="Should return optimization results" name="Platform Optimization.Optimize-PlatformEnvironment Function.Should return optimization results" time="0.0432" asserts="0" success="False" result="Failure" executed="True">
                    <failure>
                      <message>CommandNotFoundException: The term 'Write-CustomLog' is not recognized as a name of a cmdlet, function, script file, or executable program.
Check the spelling of the name, or if a path was included, verify that the path is correct and try again.</message>
                      <stack-trace>at Optimize-PlatformEnvironment&lt;Begin&gt;, /workspaces/AitherZero/aither-core/modules/DevEnvironment/Public/Optimize-PlatformEnvironment.ps1:80
at &lt;ScriptBlock&gt;, /workspaces/AitherZero/aither-core/modules/DevEnvironment/tests/DevEnvironment.Tests.ps1:309</stack-trace>
                    </failure>
                  </test-case>
                </results>
              </test-suite>
            </results>
          </test-suite>
          <test-suite type="TestFixture" name="Cross-Platform Compatibility" executed="True" result="Success" success="True" time="2.5714" asserts="0" description="Cross-Platform Compatibility">
            <results>
              <test-suite type="TestFixture" name="Cross-Platform Compatibility.Path Handling" executed="True" result="Success" success="True" time="0.023" asserts="0" description="Cross-Platform Compatibility.Path Handling">
                <results>
                  <test-case description="Should handle paths correctly on current platform" name="Cross-Platform Compatibility.Path Handling.Should handle paths correctly on current platform" time="0.01" asserts="0" success="True" result="Success" executed="True" />
                  <test-case description="Should use platform-appropriate path separators" name="Cross-Platform Compatibility.Path Handling.Should use platform-appropriate path separators" time="0.0069" asserts="0" success="True" result="Success" executed="True" />
                </results>
              </test-suite>
              <test-suite type="TestFixture" name="Cross-Platform Compatibility.Command Availability" executed="True" result="Success" success="True" time="0.0586" asserts="0" description="Cross-Platform Compatibility.Command Availability">
                <results>
                  <test-case description="Should detect PowerShell correctly on all platforms" name="Cross-Platform Compatibility.Command Availability.Should detect PowerShell correctly on all platforms" time="0.0104" asserts="0" success="True" result="Success" executed="True" />
                  <test-case description="Should handle platform-specific commands gracefully" name="Cross-Platform Compatibility.Command Availability.Should handle platform-specific commands gracefully" time="0.0192" asserts="0" success="True" result="Success" executed="True" />
                </results>
              </test-suite>
            </results>
          </test-suite>
          <test-suite type="TestFixture" name="Error Handling and Resilience" executed="True" result="Failure" success="False" time="2.9676" asserts="0" description="Error Handling and Resilience">
            <results>
              <test-suite type="TestFixture" name="Error Handling and Resilience.Function Parameter Validation" executed="True" result="Failure" success="False" time="0.1583" asserts="0" description="Error Handling and Resilience.Function Parameter Validation">
                <results>
                  <test-case description="Should validate parameters correctly in Initialize-DevEnvironment" name="Error Handling and Resilience.Function Parameter Validation.Should validate parameters correctly in Initialize-DevEnvironment" time="0.0515" asserts="0" success="False" result="Failure" executed="True">
                    <failure>
                      <message>Expected no exception to be thrown, but an exception "The term 'Write-CustomLog' is not recognized as a name of a cmdlet, function, script file, or executable program.
Check the spelling of the name, or if a path was included, verify that the path is correct and try again." was thrown from /workspaces/AitherZero/aither-core/modules/DevEnvironment/tests/DevEnvironment.Tests.ps1:360 char:15
    +             { Initialize-DevEnvironment -WhatIf } | Should -Not -Thro …
    +               ~~~~~~~~~~~~~~~~~~~~~~~~~~~~~~~~~.</message>
                      <stack-trace>at { Initialize-DevEnvironment -WhatIf } | Should -Not -Throw, /workspaces/AitherZero/aither-core/modules/DevEnvironment/tests/DevEnvironment.Tests.ps1:360
at &lt;ScriptBlock&gt;, /workspaces/AitherZero/aither-core/modules/DevEnvironment/tests/DevEnvironment.Tests.ps1:360</stack-trace>
                    </failure>
                  </test-case>
                  <test-case description="Should validate parameters correctly in Test-DevEnvironment" name="Error Handling and Resilience.Function Parameter Validation.Should validate parameters correctly in Test-DevEnvironment" time="0.0855" asserts="0" success="True" result="Success" executed="True" />
                  <test-case description="Should validate parameters correctly in Optimize-PlatformEnvironment" name="Error Handling and Resilience.Function Parameter Validation.Should validate parameters correctly in Optimize-PlatformEnvironment" time="0.0157" asserts="0" success="True" result="Success" executed="True" />
                </results>
              </test-suite>
              <test-suite type="TestFixture" name="Error Handling and Resilience.Graceful Degradation" executed="True" result="Failure" success="False" time="0.3907" asserts="0" description="Error Handling and Resilience.Graceful Degradation">
                <results>
                  <test-case description="Should handle missing VS Code gracefully" name="Error Handling and Resilience.Graceful Degradation.Should handle missing VS Code gracefully" time="0.0713" asserts="0" success="False" result="Failure" executed="True">
                    <failure>
                      <message>Expected no exception to be thrown, but an exception "The term 'Write-CustomLog' is not recognized as a name of a cmdlet, function, script file, or executable program.
Check the spelling of the name, or if a path was included, verify that the path is correct and try again." was thrown from /workspaces/AitherZero/aither-core/modules/DevEnvironment/tests/DevEnvironment.Tests.ps1:375 char:15
    +             { Test-VSCodeIntegration } | Should -Not -Throw
    +               ~~~~~~~~~~~~~~~~~~~~~~.</message>
                      <stack-trace>at { Test-VSCodeIntegration } | Should -Not -Throw, /workspaces/AitherZero/aither-core/modules/DevEnvironment/tests/DevEnvironment.Tests.ps1:375
at &lt;ScriptBlock&gt;, /workspaces/AitherZero/aither-core/modules/DevEnvironment/tests/DevEnvironment.Tests.ps1:375</stack-trace>
                    </failure>
                  </test-case>
                  <test-case description="Should handle missing Node.js gracefully" name="Error Handling and Resilience.Graceful Degradation.Should handle missing Node.js gracefully" time="0.0425" asserts="0" success="False" result="Failure" executed="True">
                    <failure>
                      <message>Expected no exception to be thrown, but an exception "The term 'Write-CustomLog' is not recognized as a name of a cmdlet, function, script file, or executable program.
Check the spelling of the name, or if a path was included, verify that the path is correct and try again." was thrown from /workspaces/AitherZero/aither-core/modules/DevEnvironment/tests/DevEnvironment.Tests.ps1:380 char:15
    +             { Install-ClaudeCodeDependencies -WhatIf } | Should -Not  …
    +               ~~~~~~~~~~~~~~~~~~~~~~~~~~~~~~~~~~~~~~.</message>
                      <stack-trace>at { Install-ClaudeCodeDependencies -WhatIf } | Should -Not -Throw, /workspaces/AitherZero/aither-core/modules/DevEnvironment/tests/DevEnvironment.Tests.ps1:380
at &lt;ScriptBlock&gt;, /workspaces/AitherZero/aither-core/modules/DevEnvironment/tests/DevEnvironment.Tests.ps1:380</stack-trace>
                    </failure>
                  </test-case>
                  <test-case description="Should handle missing Git gracefully" name="Error Handling and Resilience.Graceful Degradation.Should handle missing Git gracefully" time="0.112" asserts="0" success="True" result="Success" executed="True" />
                </results>
              </test-suite>
            </results>
          </test-suite>
          <test-suite type="TestFixture" name="Integration with Other Modules" executed="True" result="Failure" success="False" time="3.9062" asserts="0" description="Integration with Other Modules">
            <results>
              <test-suite type="TestFixture" name="Integration with Other Modules.Logging Integration" executed="True" result="Failure" success="False" time="0.1354" asserts="0" description="Integration with Other Modules.Logging Integration">
                <results>
                  <test-case description="Should use Write-CustomLog function if available" name="Integration with Other Modules.Logging Integration.Should use Write-CustomLog function if available" time="0.0841" asserts="0" success="True" result="Success" executed="True" />
                  <test-case description="Should have fallback logging if Logging module unavailable" name="Integration with Other Modules.Logging Integration.Should have fallback logging if Logging module unavailable" time="0.0455" asserts="0" success="False" result="Failure" executed="True">
                    <failure>
                      <message>Expected no exception to be thrown, but an exception "The term 'Write-CustomLog' is not recognized as a name of a cmdlet, function, script file, or executable program.
Check the spelling of the name, or if a path was included, verify that the path is correct and try again." was thrown from /workspaces/AitherZero/aither-core/modules/DevEnvironment/tests/DevEnvironment.Tests.ps1:401 char:15
    +             { Get-DevEnvironmentStatus } | Should -Not -Throw
    +               ~~~~~~~~~~~~~~~~~~~~~~~~.</message>
                      <stack-trace>at { Get-DevEnvironmentStatus } | Should -Not -Throw, /workspaces/AitherZero/aither-core/modules/DevEnvironment/tests/DevEnvironment.Tests.ps1:401
at &lt;ScriptBlock&gt;, /workspaces/AitherZero/aither-core/modules/DevEnvironment/tests/DevEnvironment.Tests.ps1:401</stack-trace>
                    </failure>
                  </test-case>
                </results>
              </test-suite>
              <test-suite type="TestFixture" name="Integration with Other Modules.AIToolsIntegration Module" executed="True" result="Success" success="True" time="0.9334" asserts="0" description="Integration with Other Modules.AIToolsIntegration Module">
                <results>
                  <test-case description="Should integrate with AIToolsIntegration if available" name="Integration with Other Modules.AIToolsIntegration Module.Should integrate with AIToolsIntegration if available" time="0.7923" asserts="0" success="True" result="Success" executed="True" />
                </results>
              </test-suite>
            </results>
          </test-suite>
          <test-suite type="TestFixture" name="Performance and Resource Usage" executed="True" result="Failure" success="False" time="3.9943" asserts="0" description="Performance and Resource Usage">
            <results>
              <test-suite type="TestFixture" name="Performance and Resource Usage.Module Loading Performance" executed="True" result="Success" success="True" time="0.0305" asserts="0" description="Performance and Resource Usage.Module Loading Performance">
                <results>
                  <test-case description="Should load module in reasonable time" name="Performance and Resource Usage.Module Loading Performance.Should load module in reasonable time" time="0.025" asserts="0" success="True" result="Success" executed="True" />
                </results>
              </test-suite>
              <test-suite type="TestFixture" name="Performance and Resource Usage.Memory Usage" executed="True" result="Failure" success="False" time="0.081" asserts="0" description="Performance and Resource Usage.Memory Usage">
                <results>
                  <test-case description="Should not consume excessive memory" name="Performance and Resource Usage.Memory Usage.Should not consume excessive memory" time="0.0429" asserts="0" success="False" result="Failure" executed="True">
                    <failure>
                      <message>CommandNotFoundException: The term 'Write-CustomLog' is not recognized as a name of a cmdlet, function, script file, or executable program.
Check the spelling of the name, or if a path was included, verify that the path is correct and try again.</message>
                      <stack-trace>at Get-DevEnvironmentStatus, /workspaces/AitherZero/aither-core/modules/DevEnvironment/Public/Get-DevEnvironmentStatus.ps1:17
at &lt;ScriptBlock&gt;, /workspaces/AitherZero/aither-core/modules/DevEnvironment/tests/DevEnvironment.Tests.ps1:432</stack-trace>
                    </failure>
                  </test-case>
                </results>
              </test-suite>
            </results>
          </test-suite>
          <test-suite type="TestFixture" name="Documentation and Help" executed="True" result="Failure" success="False" time="4.2537" asserts="0" description="Documentation and Help">
            <results>
              <test-suite type="TestFixture" name="Documentation and Help.Function Help" executed="True" result="Failure" success="False" time="0.228" asserts="0" description="Documentation and Help.Function Help">
                <results>
                  <test-case description="Should have help documentation for Initialize-DevEnvironment" name="Documentation and Help.Function Help.Should have help documentation for Initialize-DevEnvironment" time="0.0268" asserts="0" success="False" result="Failure" executed="True">
                    <failure>
                      <message>ValidationMetadataException: The argument is null or empty. Provide an argument that is not null or empty, and then try the command again.
ParameterBindingValidationException: Cannot validate argument on parameter 'Name'. The argument is null or empty. Provide an argument that is not null or empty, and then try the command again.</message>
                      <stack-trace>at &lt;ScriptBlock&gt;, /workspaces/AitherZero/aither-core/modules/DevEnvironment/tests/DevEnvironment.Tests.ps1:458</stack-trace>
                    </failure>
                  </test-case>
                  <test-case description="Should have parameter documentation for Initialize-DevEnvironment" name="Documentation and Help.Function Help.Should have parameter documentation for Initialize-DevEnvironment" time="0.0142" asserts="0" success="False" result="Failure" executed="True">
                    <failure>
                      <message>ValidationMetadataException: The argument is null or empty. Provide an argument that is not null or empty, and then try the command again.
ParameterBindingValidationException: Cannot validate argument on parameter 'Name'. The argument is null or empty. Provide an argument that is not null or empty, and then try the command again.</message>
                      <stack-trace>at &lt;ScriptBlock&gt;, /workspaces/AitherZero/aither-core/modules/DevEnvironment/tests/DevEnvironment.Tests.ps1:464</stack-trace>
                    </failure>
                  </test-case>
                  <test-case description="Should have examples for Initialize-DevEnvironment" name="Documentation and Help.Function Help.Should have examples for Initialize-DevEnvironment" time="0.0098" asserts="0" success="False" result="Failure" executed="True">
                    <failure>
                      <message>ValidationMetadataException: The argument is null or empty. Provide an argument that is not null or empty, and then try the command again.
ParameterBindingValidationException: Cannot validate argument on parameter 'Name'. The argument is null or empty. Provide an argument that is not null or empty, and then try the command again.</message>
                      <stack-trace>at &lt;ScriptBlock&gt;, /workspaces/AitherZero/aither-core/modules/DevEnvironment/tests/DevEnvironment.Tests.ps1:473</stack-trace>
                    </failure>
                  </test-case>
                  <test-case description="Should have help documentation for Get-DevEnvironmentStatus" name="Documentation and Help.Function Help.Should have help documentation for Get-DevEnvironmentStatus" time="0.0124" asserts="0" success="False" result="Failure" executed="True">
                    <failure>
                      <message>ValidationMetadataException: The argument is null or empty. Provide an argument that is not null or empty, and then try the command again.
ParameterBindingValidationException: Cannot validate argument on parameter 'Name'. The argument is null or empty. Provide an argument that is not null or empty, and then try the command again.</message>
                      <stack-trace>at &lt;ScriptBlock&gt;, /workspaces/AitherZero/aither-core/modules/DevEnvironment/tests/DevEnvironment.Tests.ps1:458</stack-trace>
                    </failure>
                  </test-case>
                  <test-case description="Should have parameter documentation for Get-DevEnvironmentStatus" name="Documentation and Help.Function Help.Should have parameter documentation for Get-DevEnvironmentStatus" time="0.0101" asserts="0" success="False" result="Failure" executed="True">
                    <failure>
                      <message>ValidationMetadataException: The argument is null or empty. Provide an argument that is not null or empty, and then try the command again.
ParameterBindingValidationException: Cannot validate argument on parameter 'Name'. The argument is null or empty. Provide an argument that is not null or empty, and then try the command again.</message>
                      <stack-trace>at &lt;ScriptBlock&gt;, /workspaces/AitherZero/aither-core/modules/DevEnvironment/tests/DevEnvironment.Tests.ps1:464</stack-trace>
                    </failure>
                  </test-case>
                  <test-case description="Should have examples for Get-DevEnvironmentStatus" name="Documentation and Help.Function Help.Should have examples for Get-DevEnvironmentStatus" time="0.0091" asserts="0" success="False" result="Failure" executed="True">
                    <failure>
                      <message>ValidationMetadataException: The argument is null or empty. Provide an argument that is not null or empty, and then try the command again.
ParameterBindingValidationException: Cannot validate argument on parameter 'Name'. The argument is null or empty. Provide an argument that is not null or empty, and then try the command again.</message>
                      <stack-trace>at &lt;ScriptBlock&gt;, /workspaces/AitherZero/aither-core/modules/DevEnvironment/tests/DevEnvironment.Tests.ps1:473</stack-trace>
                    </failure>
                  </test-case>
                  <test-case description="Should have help documentation for Test-DevEnvironment" name="Documentation and Help.Function Help.Should have help documentation for Test-DevEnvironment" time="0.009" asserts="0" success="False" result="Failure" executed="True">
                    <failure>
                      <message>ValidationMetadataException: The argument is null or empty. Provide an argument that is not null or empty, and then try the command again.
ParameterBindingValidationException: Cannot validate argument on parameter 'Name'. The argument is null or empty. Provide an argument that is not null or empty, and then try the command again.</message>
                      <stack-trace>at &lt;ScriptBlock&gt;, /workspaces/AitherZero/aither-core/modules/DevEnvironment/tests/DevEnvironment.Tests.ps1:458</stack-trace>
                    </failure>
                  </test-case>
                  <test-case description="Should have parameter documentation for Test-DevEnvironment" name="Documentation and Help.Function Help.Should have parameter documentation for Test-DevEnvironment" time="0.0144" asserts="0" success="False" result="Failure" executed="True">
                    <failure>
                      <message>ValidationMetadataException: The argument is null or empty. Provide an argument that is not null or empty, and then try the command again.
ParameterBindingValidationException: Cannot validate argument on parameter 'Name'. The argument is null or empty. Provide an argument that is not null or empty, and then try the command again.</message>
                      <stack-trace>at &lt;ScriptBlock&gt;, /workspaces/AitherZero/aither-core/modules/DevEnvironment/tests/DevEnvironment.Tests.ps1:464</stack-trace>
                    </failure>
                  </test-case>
                  <test-case description="Should have examples for Test-DevEnvironment" name="Documentation and Help.Function Help.Should have examples for Test-DevEnvironment" time="0.0096" asserts="0" success="False" result="Failure" executed="True">
                    <failure>
                      <message>ValidationMetadataException: The argument is null or empty. Provide an argument that is not null or empty, and then try the command again.
ParameterBindingValidationException: Cannot validate argument on parameter 'Name'. The argument is null or empty. Provide an argument that is not null or empty, and then try the command again.</message>
                      <stack-trace>at &lt;ScriptBlock&gt;, /workspaces/AitherZero/aither-core/modules/DevEnvironment/tests/DevEnvironment.Tests.ps1:473</stack-trace>
                    </failure>
                  </test-case>
                  <test-case description="Should have help documentation for Initialize-VSCodeWorkspace" name="Documentation and Help.Function Help.Should have help documentation for Initialize-VSCodeWorkspace" time="0.0098" asserts="0" success="False" result="Failure" executed="True">
                    <failure>
                      <message>ValidationMetadataException: The argument is null or empty. Provide an argument that is not null or empty, and then try the command again.
ParameterBindingValidationException: Cannot validate argument on parameter 'Name'. The argument is null or empty. Provide an argument that is not null or empty, and then try the command again.</message>
                      <stack-trace>at &lt;ScriptBlock&gt;, /workspaces/AitherZero/aither-core/modules/DevEnvironment/tests/DevEnvironment.Tests.ps1:458</stack-trace>
                    </failure>
                  </test-case>
                  <test-case description="Should have parameter documentation for Initialize-VSCodeWorkspace" name="Documentation and Help.Function Help.Should have parameter documentation for Initialize-VSCodeWorkspace" time="0.0101" asserts="0" success="False" result="Failure" executed="True">
                    <failure>
                      <message>ValidationMetadataException: The argument is null or empty. Provide an argument that is not null or empty, and then try the command again.
ParameterBindingValidationException: Cannot validate argument on parameter 'Name'. The argument is null or empty. Provide an argument that is not null or empty, and then try the command again.</message>
                      <stack-trace>at &lt;ScriptBlock&gt;, /workspaces/AitherZero/aither-core/modules/DevEnvironment/tests/DevEnvironment.Tests.ps1:464</stack-trace>
                    </failure>
                  </test-case>
                  <test-case description="Should have examples for Initialize-VSCodeWorkspace" name="Documentation and Help.Function Help.Should have examples for Initialize-VSCodeWorkspace" time="0.0103" asserts="0" success="False" result="Failure" executed="True">
                    <failure>
                      <message>ValidationMetadataException: The argument is null or empty. Provide an argument that is not null or empty, and then try the command again.
ParameterBindingValidationException: Cannot validate argument on parameter 'Name'. The argument is null or empty. Provide an argument that is not null or empty, and then try the command again.</message>
                      <stack-trace>at &lt;ScriptBlock&gt;, /workspaces/AitherZero/aither-core/modules/DevEnvironment/tests/DevEnvironment.Tests.ps1:473</stack-trace>
                    </failure>
                  </test-case>
                  <test-case description="Should have help documentation for Test-VSCodeIntegration" name="Documentation and Help.Function Help.Should have help documentation for Test-VSCodeIntegration" time="0.01" asserts="0" success="False" result="Failure" executed="True">
                    <failure>
                      <message>ValidationMetadataException: The argument is null or empty. Provide an argument that is not null or empty, and then try the command again.
ParameterBindingValidationException: Cannot validate argument on parameter 'Name'. The argument is null or empty. Provide an argument that is not null or empty, and then try the command again.</message>
                      <stack-trace>at &lt;ScriptBlock&gt;, /workspaces/AitherZero/aither-core/modules/DevEnvironment/tests/DevEnvironment.Tests.ps1:458</stack-trace>
                    </failure>
                  </test-case>
                  <test-case description="Should have parameter documentation for Test-VSCodeIntegration" name="Documentation and Help.Function Help.Should have parameter documentation for Test-VSCodeIntegration" time="0.0123" asserts="0" success="False" result="Failure" executed="True">
                    <failure>
                      <message>ValidationMetadataException: The argument is null or empty. Provide an argument that is not null or empty, and then try the command again.
ParameterBindingValidationException: Cannot validate argument on parameter 'Name'. The argument is null or empty. Provide an argument that is not null or empty, and then try the command again.</message>
                      <stack-trace>at &lt;ScriptBlock&gt;, /workspaces/AitherZero/aither-core/modules/DevEnvironment/tests/DevEnvironment.Tests.ps1:464</stack-trace>
                    </failure>
                  </test-case>
                  <test-case description="Should have examples for Test-VSCodeIntegration" name="Documentation and Help.Function Help.Should have examples for Test-VSCodeIntegration" time="0.0133" asserts="0" success="False" result="Failure" executed="True">
                    <failure>
                      <message>ValidationMetadataException: The argument is null or empty. Provide an argument that is not null or empty, and then try the command again.
ParameterBindingValidationException: Cannot validate argument on parameter 'Name'. The argument is null or empty. Provide an argument that is not null or empty, and then try the command again.</message>
                      <stack-trace>at &lt;ScriptBlock&gt;, /workspaces/AitherZero/aither-core/modules/DevEnvironment/tests/DevEnvironment.Tests.ps1:473</stack-trace>
                    </failure>
                  </test-case>
                  <test-case description="Should have help documentation for Optimize-PlatformEnvironment" name="Documentation and Help.Function Help.Should have help documentation for Optimize-PlatformEnvironment" time="0.0173" asserts="0" success="False" result="Failure" executed="True">
                    <failure>
                      <message>ValidationMetadataException: The argument is null or empty. Provide an argument that is not null or empty, and then try the command again.
ParameterBindingValidationException: Cannot validate argument on parameter 'Name'. The argument is null or empty. Provide an argument that is not null or empty, and then try the command again.</message>
                      <stack-trace>at &lt;ScriptBlock&gt;, /workspaces/AitherZero/aither-core/modules/DevEnvironment/tests/DevEnvironment.Tests.ps1:458</stack-trace>
                    </failure>
                  </test-case>
                  <test-case description="Should have parameter documentation for Optimize-PlatformEnvironment" name="Documentation and Help.Function Help.Should have parameter documentation for Optimize-PlatformEnvironment" time="0.0102" asserts="0" success="False" result="Failure" executed="True">
                    <failure>
                      <message>ValidationMetadataException: The argument is null or empty. Provide an argument that is not null or empty, and then try the command again.
ParameterBindingValidationException: Cannot validate argument on parameter 'Name'. The argument is null or empty. Provide an argument that is not null or empty, and then try the command again.</message>
                      <stack-trace>at &lt;ScriptBlock&gt;, /workspaces/AitherZero/aither-core/modules/DevEnvironment/tests/DevEnvironment.Tests.ps1:464</stack-trace>
                    </failure>
                  </test-case>
                  <test-case description="Should have examples for Optimize-PlatformEnvironment" name="Documentation and Help.Function Help.Should have examples for Optimize-PlatformEnvironment" time="0.0097" asserts="0" success="False" result="Failure" executed="True">
                    <failure>
                      <message>ValidationMetadataException: The argument is null or empty. Provide an argument that is not null or empty, and then try the command again.
ParameterBindingValidationException: Cannot validate argument on parameter 'Name'. The argument is null or empty. Provide an argument that is not null or empty, and then try the command again.</message>
                      <stack-trace>at &lt;ScriptBlock&gt;, /workspaces/AitherZero/aither-core/modules/DevEnvironment/tests/DevEnvironment.Tests.ps1:473</stack-trace>
                    </failure>
                  </test-case>
                </results>
              </test-suite>
              <test-suite type="TestFixture" name="Documentation and Help.README Documentation" executed="True" result="Success" success="True" time="0.2475" asserts="0" description="Documentation and Help.README Documentation">
                <results>
                  <test-case description="Should have comprehensive README" name="Documentation and Help.README Documentation.Should have comprehensive README" time="0.0138" asserts="0" success="True" result="Success" executed="True" />
                </results>
              </test-suite>
            </results>
          </test-suite>
        </results>
      </test-suite>
    </results>
  </test-suite>
</test-results>