<?xml version="1.0" encoding="utf-8" standalone="no"?>
<test-results xmlns:xsi="http://www.w3.org/2001/XMLSchema-instance" xsi:noNamespaceSchemaLocation="nunit_schema_2.5.xsd" name="Pester" total="28" errors="0" failures="1" not-run="0" inconclusive="0" ignored="0" skipped="2" invalid="0" date="2025-07-08" time="17:42:19">
  <environment user-domain="" platform="Linux" cwd="/workspaces/AitherZero" os-version="6.8.0-1027-azure" clr-version="9.0.4" nunit-version="2.5.8.0" user="codespace" machine-name="codespaces-6c6eb1" />
  <culture-info current-culture="" current-uiculture="" />
  <test-suite type="TestFixture" name="Pester" executed="True" result="Failure" success="False" time="2.7857" asserts="0" description="Pester">
    <results>
      <test-suite type="TestFixture" name="/workspaces/AitherZero/aither-core/modules/RemoteConnection/tests/RemoteConnection.Tests.ps1" executed="True" result="Failure" success="False" time="2.7857" asserts="0" description="/workspaces/AitherZero/aither-core/modules/RemoteConnection/tests/RemoteConnection.Tests.ps1">
        <results>
          <test-suite type="TestFixture" name="RemoteConnection Module Tests" executed="True" result="Failure" success="False" time="2.3638" asserts="0" description="RemoteConnection Module Tests">
            <results>
              <test-suite type="TestFixture" name="RemoteConnection Module Tests.Module Import and Structure" executed="True" result="Failure" success="False" time="0.1169" asserts="0" description="RemoteConnection Module Tests.Module Import and Structure">
                <results>
                  <test-case description="Should import the RemoteConnection module successfully" name="RemoteConnection Module Tests.Module Import and Structure.Should import the RemoteConnection module successfully" time="0.0102" asserts="0" success="True" result="Success" executed="True" />
                  <test-case description="Should export all required functions" name="RemoteConnection Module Tests.Module Import and Structure.Should export all required functions" time="0.039" asserts="0" success="True" result="Success" executed="True" />
                  <test-case description="Should have proper help documentation for each function" name="RemoteConnection Module Tests.Module Import and Structure.Should have proper help documentation for each function" time="0.062" asserts="0" success="False" result="Failure" executed="True">
                    <failure>
                      <message>Expected a value, but got $null or empty.</message>
                      <stack-trace>at $help.Description | Should -Not -BeNullOrEmpty, /workspaces/AitherZero/aither-core/modules/RemoteConnection/tests/RemoteConnection.Tests.ps1:73
at &lt;ScriptBlock&gt;, /workspaces/AitherZero/aither-core/modules/RemoteConnection/tests/RemoteConnection.Tests.ps1:73</stack-trace>
                    </failure>
                  </test-case>
                </results>
              </test-suite>
              <test-suite type="TestFixture" name="RemoteConnection Module Tests.Connection Configuration Management" executed="True" result="Success" success="True" time="0.5636" asserts="0" description="RemoteConnection Module Tests.Connection Configuration Management">
                <results>
                  <test-case description="Should create a new SSH connection configuration" name="RemoteConnection Module Tests.Connection Configuration Management.Should create a new SSH connection configuration" time="0.0864" asserts="0" success="True" result="Success" executed="True" />
                  <test-case description="Should create a new WinRM connection configuration" name="RemoteConnection Module Tests.Connection Configuration Management.Should create a new WinRM connection configuration" time="0.0697" asserts="0" success="True" result="Success" executed="True" />
                  <test-case description="Should retrieve an existing connection configuration" name="RemoteConnection Module Tests.Connection Configuration Management.Should retrieve an existing connection configuration" time="0.0456" asserts="0" success="True" result="Success" executed="True" />
                  <test-case description="Should retrieve all connection configurations" name="RemoteConnection Module Tests.Connection Configuration Management.Should retrieve all connection configurations" time="0.0746" asserts="0" success="True" result="Success" executed="True" />
                  <test-case description="Should filter connections by endpoint type" name="RemoteConnection Module Tests.Connection Configuration Management.Should filter connections by endpoint type" time="0.0782" asserts="0" success="True" result="Success" executed="True" />
                  <test-case description="Should remove a connection configuration" name="RemoteConnection Module Tests.Connection Configuration Management.Should remove a connection configuration" time="0.0598" asserts="0" success="True" result="Success" executed="True" />
                  <test-case description="Should handle WhatIf parameter correctly" name="RemoteConnection Module Tests.Connection Configuration Management.Should handle WhatIf parameter correctly" time="0.0251" asserts="0" success="True" result="Success" executed="True" />
                </results>
              </test-suite>
              <test-suite type="TestFixture" name="RemoteConnection Module Tests.Connection Testing" executed="True" result="Success" success="True" time="1.0997" asserts="0" description="RemoteConnection Module Tests.Connection Testing">
                <results>
                  <test-case description="Should test connection by name" name="RemoteConnection Module Tests.Connection Testing.Should test connection by name" time="0.1859" asserts="0" success="True" result="Success" executed="True" />
                  <test-case description="Should test connection by hostname and port" name="RemoteConnection Module Tests.Connection Testing.Should test connection by hostname and port" time="0.1253" asserts="0" success="True" result="Success" executed="True" />
                  <test-case description="Should support quiet mode" name="RemoteConnection Module Tests.Connection Testing.Should support quiet mode" time="0.1575" asserts="0" success="True" result="Success" executed="True" />
                  <test-case description="Should handle invalid connection names" name="RemoteConnection Module Tests.Connection Testing.Should handle invalid connection names" time="0.0475" asserts="0" success="True" result="Success" executed="True" />
                </results>
              </test-suite>
              <test-suite type="TestFixture" name="RemoteConnection Module Tests.Protocol-Specific Features" executed="True" result="Success" success="True" time="1.6126" asserts="0" description="RemoteConnection Module Tests.Protocol-Specific Features">
                <results>
                  <test-case description="Should set correct default ports for each protocol" name="RemoteConnection Module Tests.Protocol-Specific Features.Should set correct default ports for each protocol" time="0.2336" asserts="0" success="True" result="Success" executed="True" />
                  <test-case description="Should support all endpoint types" name="RemoteConnection Module Tests.Protocol-Specific Features.Should support all endpoint types" time="0.2058" asserts="0" success="True" result="Success" executed="True" />
                  <test-case description="Should add protocol-specific options" name="RemoteConnection Module Tests.Protocol-Specific Features.Should add protocol-specific options" time="0.067" asserts="0" success="True" result="Success" executed="True" />
                </results>
              </test-suite>
              <test-suite type="TestFixture" name="RemoteConnection Module Tests.Error Handling" executed="True" result="Success" success="True" time="1.7445" asserts="0" description="RemoteConnection Module Tests.Error Handling">
                <results>
                  <test-case description="Should handle invalid endpoint types" name="RemoteConnection Module Tests.Error Handling.Should handle invalid endpoint types" time="0.0063" asserts="0" success="True" result="Success" executed="True" />
                  <test-case description="Should handle invalid port ranges" name="RemoteConnection Module Tests.Error Handling.Should handle invalid port ranges" time="0.0075" asserts="0" success="True" result="Success" executed="True" />
                  <test-case description="Should handle empty or null parameters" name="RemoteConnection Module Tests.Error Handling.Should handle empty or null parameters" time="0.0076" asserts="0" success="True" result="Success" executed="True" />
                  <test-case description="Should handle duplicate connection names" name="RemoteConnection Module Tests.Error Handling.Should handle duplicate connection names" time="0.0568" asserts="0" success="True" result="Success" executed="True" />
                  <test-case description="Should allow overwriting with Force parameter" name="RemoteConnection Module Tests.Error Handling.Should allow overwriting with Force parameter" time="0.0482" asserts="0" success="True" result="Success" executed="True" />
                </results>
              </test-suite>
              <test-suite type="TestFixture" name="RemoteConnection Module Tests.Integration Tests" executed="True" result="Ignored" success="True" time="1.7577" asserts="0" description="RemoteConnection Module Tests.Integration Tests">
                <results>
                  <test-case description="Should integrate with SecureCredentials module" name="RemoteConnection Module Tests.Integration Tests.Should integrate with SecureCredentials module" time="0.0054" asserts="0" success="False" result="Ignored" executed="False" />
                  <test-case description="Should validate credentials when specified" name="RemoteConnection Module Tests.Integration Tests.Should validate credentials when specified" time="0.0025" asserts="0" success="False" result="Ignored" executed="False" />
                </results>
              </test-suite>
              <test-suite type="TestFixture" name="RemoteConnection Module Tests.Cross-Platform Compatibility" executed="True" result="Success" success="True" time="1.8546" asserts="0" description="RemoteConnection Module Tests.Cross-Platform Compatibility">
                <results>
                  <test-case description="Should handle different path separators" name="RemoteConnection Module Tests.Cross-Platform Compatibility.Should handle different path separators" time="0.0446" asserts="0" success="True" result="Success" executed="True" />
                  <test-case description="Should use correct storage locations for different platforms" name="RemoteConnection Module Tests.Cross-Platform Compatibility.Should use correct storage locations for different platforms" time="0.0457" asserts="0" success="True" result="Success" executed="True" />
                </results>
              </test-suite>
              <test-suite type="TestFixture" name="RemoteConnection Module Tests.Performance Tests" executed="True" result="Success" success="True" time="2.3566" asserts="0" description="RemoteConnection Module Tests.Performance Tests">
                <results>
                  <test-case description="Should handle creating multiple connections efficiently" name="RemoteConnection Module Tests.Performance Tests.Should handle creating multiple connections efficiently" time="0.3166" asserts="0" success="True" result="Success" executed="True" />
                  <test-case description="Should handle retrieving many connections efficiently" name="RemoteConnection Module Tests.Performance Tests.Should handle retrieving many connections efficiently" time="0.1796" asserts="0" success="True" result="Success" executed="True" />
                </results>
              </test-suite>
            </results>
          </test-suite>
        </results>
      </test-suite>
    </results>
  </test-suite>
</test-results>