<?xml version="1.0" encoding="utf-8" standalone="no"?>
<test-results xmlns:xsi="http://www.w3.org/2001/XMLSchema-instance" xsi:noNamespaceSchemaLocation="nunit_schema_2.5.xsd" name="Pester" total="27" errors="0" failures="27" not-run="0" inconclusive="0" ignored="0" skipped="0" invalid="0" date="2025-07-08" time="23:15:53">
  <environment machine-name="codespaces-6c6eb1" user="codespace" nunit-version="2.5.8.0" platform="Linux" os-version="6.8.0-1027-azure" user-domain="" cwd="/workspaces/AitherZero" clr-version="9.0.4" />
  <culture-info current-culture="" current-uiculture="" />
  <test-suite type="TestFixture" name="Pester" executed="True" result="Failure" success="False" time="0.1775" asserts="0" description="Pester">
    <results>
      <test-suite type="TestFixture" name="/workspaces/AitherZero/aither-core/modules/ISOManager/tests/ISOManager.Tests.ps1" executed="True" result="Failure" success="False" time="0.1775" asserts="0" description="/workspaces/AitherZero/aither-core/modules/ISOManager/tests/ISOManager.Tests.ps1">
        <results>
          <test-suite type="TestFixture" name="ISOManager Module Tests" executed="True" result="Failure" success="False" time="0.1177" asserts="0" description="ISOManager Module Tests">
            <results>
              <test-suite type="TestFixture" name="ISOManager Module Tests.Module Loading" executed="True" result="Failure" success="False" time="0" asserts="0" description="ISOManager Module Tests.Module Loading">
                <results>
                  <test-case description="Should load the ISOManager module successfully" name="ISOManager Module Tests.Module Loading.Should load the ISOManager module successfully" time="0" asserts="0" success="False" result="Failure" executed="True">
                    <failure>
                      <message>This test should run but it did not. Most likely a setup in some parent block failed.</message>
                      <stack-trace />
                    </failure>
                  </test-case>
                  <test-case description="Should export all expected functions" name="ISOManager Module Tests.Module Loading.Should export all expected functions" time="0" asserts="0" success="False" result="Failure" executed="True">
                    <failure>
                      <message>This test should run but it did not. Most likely a setup in some parent block failed.</message>
                      <stack-trace />
                    </failure>
                  </test-case>
                </results>
              </test-suite>
              <test-suite type="TestFixture" name="ISOManager Module Tests.New-ISORepository" executed="True" result="Failure" success="False" time="0" asserts="0" description="ISOManager Module Tests.New-ISORepository">
                <results>
                  <test-case description="Should create a new ISO repository with proper structure" name="ISOManager Module Tests.New-ISORepository.Should create a new ISO repository with proper structure" time="0" asserts="0" success="False" result="Failure" executed="True">
                    <failure>
                      <message>This test should run but it did not. Most likely a setup in some parent block failed.</message>
                      <stack-trace />
                    </failure>
                  </test-case>
                  <test-case description="Should not overwrite existing repository without Force" name="ISOManager Module Tests.New-ISORepository.Should not overwrite existing repository without Force" time="0" asserts="0" success="False" result="Failure" executed="True">
                    <failure>
                      <message>This test should run but it did not. Most likely a setup in some parent block failed.</message>
                      <stack-trace />
                    </failure>
                  </test-case>
                </results>
              </test-suite>
              <test-suite type="TestFixture" name="ISOManager Module Tests.Get-ISOMetadata" executed="True" result="Failure" success="False" time="0" asserts="0" description="ISOManager Module Tests.Get-ISOMetadata">
                <results>
                  <test-case description="Should extract metadata from test ISO file" name="ISOManager Module Tests.Get-ISOMetadata.Should extract metadata from test ISO file" time="0" asserts="0" success="False" result="Failure" executed="True">
                    <failure>
                      <message>This test should run but it did not. Most likely a setup in some parent block failed.</message>
                      <stack-trace />
                    </failure>
                  </test-case>
                  <test-case description="Should handle non-existent files gracefully" name="ISOManager Module Tests.Get-ISOMetadata.Should handle non-existent files gracefully" time="0" asserts="0" success="False" result="Failure" executed="True">
                    <failure>
                      <message>This test should run but it did not. Most likely a setup in some parent block failed.</message>
                      <stack-trace />
                    </failure>
                  </test-case>
                </results>
              </test-suite>
              <test-suite type="TestFixture" name="ISOManager Module Tests.Test-ISOIntegrity" executed="True" result="Failure" success="False" time="0" asserts="0" description="ISOManager Module Tests.Test-ISOIntegrity">
                <results>
                  <test-case description="Should validate test ISO file integrity" name="ISOManager Module Tests.Test-ISOIntegrity.Should validate test ISO file integrity" time="0" asserts="0" success="False" result="Failure" executed="True">
                    <failure>
                      <message>This test should run but it did not. Most likely a setup in some parent block failed.</message>
                      <stack-trace />
                    </failure>
                  </test-case>
                  <test-case description="Should validate with expected checksum" name="ISOManager Module Tests.Test-ISOIntegrity.Should validate with expected checksum" time="0" asserts="0" success="False" result="Failure" executed="True">
                    <failure>
                      <message>This test should run but it did not. Most likely a setup in some parent block failed.</message>
                      <stack-trace />
                    </failure>
                  </test-case>
                  <test-case description="Should fail with incorrect expected checksum" name="ISOManager Module Tests.Test-ISOIntegrity.Should fail with incorrect expected checksum" time="0" asserts="0" success="False" result="Failure" executed="True">
                    <failure>
                      <message>This test should run but it did not. Most likely a setup in some parent block failed.</message>
                      <stack-trace />
                    </failure>
                  </test-case>
                </results>
              </test-suite>
              <test-suite type="TestFixture" name="ISOManager Module Tests.Get-ISOInventory" executed="True" result="Failure" success="False" time="0" asserts="0" description="ISOManager Module Tests.Get-ISOInventory">
                <results>
                  <test-case description="Should return inventory of all ISO files" name="ISOManager Module Tests.Get-ISOInventory.Should return inventory of all ISO files" time="0" asserts="0" success="False" result="Failure" executed="True">
                    <failure>
                      <message>This test should run but it did not. Most likely a setup in some parent block failed.</message>
                      <stack-trace />
                    </failure>
                  </test-case>
                  <test-case description="Should filter inventory by ISO type" name="ISOManager Module Tests.Get-ISOInventory.Should filter inventory by ISO type" time="0" asserts="0" success="False" result="Failure" executed="True">
                    <failure>
                      <message>This test should run but it did not. Most likely a setup in some parent block failed.</message>
                      <stack-trace />
                    </failure>
                  </test-case>
                  <test-case description="Should include metadata when requested" name="ISOManager Module Tests.Get-ISOInventory.Should include metadata when requested" time="0" asserts="0" success="False" result="Failure" executed="True">
                    <failure>
                      <message>This test should run but it did not. Most likely a setup in some parent block failed.</message>
                      <stack-trace />
                    </failure>
                  </test-case>
                </results>
              </test-suite>
              <test-suite type="TestFixture" name="ISOManager Module Tests.Export-ISOInventory and Import-ISOInventory" executed="True" result="Failure" success="False" time="0" asserts="0" description="ISOManager Module Tests.Export-ISOInventory and Import-ISOInventory">
                <results>
                  <test-case description="Should export inventory to JSON format" name="ISOManager Module Tests.Export-ISOInventory and Import-ISOInventory.Should export inventory to JSON format" time="0" asserts="0" success="False" result="Failure" executed="True">
                    <failure>
                      <message>This test should run but it did not. Most likely a setup in some parent block failed.</message>
                      <stack-trace />
                    </failure>
                  </test-case>
                  <test-case description="Should export inventory to CSV format" name="ISOManager Module Tests.Export-ISOInventory and Import-ISOInventory.Should export inventory to CSV format" time="0" asserts="0" success="False" result="Failure" executed="True">
                    <failure>
                      <message>This test should run but it did not. Most likely a setup in some parent block failed.</message>
                      <stack-trace />
                    </failure>
                  </test-case>
                  <test-case description="Should import inventory from JSON file" name="ISOManager Module Tests.Export-ISOInventory and Import-ISOInventory.Should import inventory from JSON file" time="0" asserts="0" success="False" result="Failure" executed="True">
                    <failure>
                      <message>This test should run but it did not. Most likely a setup in some parent block failed.</message>
                      <stack-trace />
                    </failure>
                  </test-case>
                </results>
              </test-suite>
              <test-suite type="TestFixture" name="ISOManager Module Tests.Remove-ISOFile" executed="True" result="Failure" success="False" time="0" asserts="0" description="ISOManager Module Tests.Remove-ISOFile">
                <results>
                  <test-case description="Should remove ISO file successfully" name="ISOManager Module Tests.Remove-ISOFile.Should remove ISO file successfully" time="0" asserts="0" success="False" result="Failure" executed="True">
                    <failure>
                      <message>This test should run but it did not. Most likely a setup in some parent block failed.</message>
                      <stack-trace />
                    </failure>
                  </test-case>
                  <test-case description="Should create backup before removal when requested" name="ISOManager Module Tests.Remove-ISOFile.Should create backup before removal when requested" time="0" asserts="0" success="False" result="Failure" executed="True">
                    <failure>
                      <message>This test should run but it did not. Most likely a setup in some parent block failed.</message>
                      <stack-trace />
                    </failure>
                  </test-case>
                </results>
              </test-suite>
              <test-suite type="TestFixture" name="ISOManager Module Tests.Sync-ISORepository" executed="True" result="Failure" success="False" time="0" asserts="0" description="ISOManager Module Tests.Sync-ISORepository">
                <results>
                  <test-case description="Should synchronize repository successfully" name="ISOManager Module Tests.Sync-ISORepository.Should synchronize repository successfully" time="0" asserts="0" success="False" result="Failure" executed="True">
                    <failure>
                      <message>This test should run but it did not. Most likely a setup in some parent block failed.</message>
                      <stack-trace />
                    </failure>
                  </test-case>
                  <test-case description="Should update repository statistics" name="ISOManager Module Tests.Sync-ISORepository.Should update repository statistics" time="0" asserts="0" success="False" result="Failure" executed="True">
                    <failure>
                      <message>This test should run but it did not. Most likely a setup in some parent block failed.</message>
                      <stack-trace />
                    </failure>
                  </test-case>
                </results>
              </test-suite>
              <test-suite type="TestFixture" name="ISOManager Module Tests.Optimize-ISOStorage" executed="True" result="Failure" success="False" time="0" asserts="0" description="ISOManager Module Tests.Optimize-ISOStorage">
                <results>
                  <test-case description="Should perform dry run optimization" name="ISOManager Module Tests.Optimize-ISOStorage.Should perform dry run optimization" time="0" asserts="0" success="False" result="Failure" executed="True">
                    <failure>
                      <message>This test should run but it did not. Most likely a setup in some parent block failed.</message>
                      <stack-trace />
                    </failure>
                  </test-case>
                  <test-case description="Should remove duplicates when requested" name="ISOManager Module Tests.Optimize-ISOStorage.Should remove duplicates when requested" time="0" asserts="0" success="False" result="Failure" executed="True">
                    <failure>
                      <message>This test should run but it did not. Most likely a setup in some parent block failed.</message>
                      <stack-trace />
                    </failure>
                  </test-case>
                </results>
              </test-suite>
              <test-suite type="TestFixture" name="ISOManager Module Tests.Error Handling" executed="True" result="Failure" success="False" time="0" asserts="0" description="ISOManager Module Tests.Error Handling">
                <results>
                  <test-case description="Should handle invalid repository paths gracefully" name="ISOManager Module Tests.Error Handling.Should handle invalid repository paths gracefully" time="0" asserts="0" success="False" result="Failure" executed="True">
                    <failure>
                      <message>This test should run but it did not. Most likely a setup in some parent block failed.</message>
                      <stack-trace />
                    </failure>
                  </test-case>
                  <test-case description="Should handle corrupted repository configuration" name="ISOManager Module Tests.Error Handling.Should handle corrupted repository configuration" time="0" asserts="0" success="False" result="Failure" executed="True">
                    <failure>
                      <message>This test should run but it did not. Most likely a setup in some parent block failed.</message>
                      <stack-trace />
                    </failure>
                  </test-case>
                </results>
              </test-suite>
              <test-suite type="TestFixture" name="ISOManager Module Tests.Cross-Platform Compatibility" executed="True" result="Failure" success="False" time="0" asserts="0" description="ISOManager Module Tests.Cross-Platform Compatibility">
                <results>
                  <test-case description="Should work with cross-platform paths" name="ISOManager Module Tests.Cross-Platform Compatibility.Should work with cross-platform paths" time="0" asserts="0" success="False" result="Failure" executed="True">
                    <failure>
                      <message>This test should run but it did not. Most likely a setup in some parent block failed.</message>
                      <stack-trace />
                    </failure>
                  </test-case>
                  <test-case description="Should handle different file systems correctly" name="ISOManager Module Tests.Cross-Platform Compatibility.Should handle different file systems correctly" time="0" asserts="0" success="False" result="Failure" executed="True">
                    <failure>
                      <message>This test should run but it did not. Most likely a setup in some parent block failed.</message>
                      <stack-trace />
                    </failure>
                  </test-case>
                </results>
              </test-suite>
              <test-suite type="TestFixture" name="ISOManager Module Tests.Performance Tests" executed="True" result="Failure" success="False" time="0" asserts="0" description="ISOManager Module Tests.Performance Tests">
                <results>
                  <test-case description="Should handle large inventories efficiently" name="ISOManager Module Tests.Performance Tests.Should handle large inventories efficiently" time="0" asserts="0" success="False" result="Failure" executed="True">
                    <failure>
                      <message>This test should run but it did not. Most likely a setup in some parent block failed.</message>
                      <stack-trace />
                    </failure>
                  </test-case>
                  <test-case description="Should process metadata extraction within reasonable time" name="ISOManager Module Tests.Performance Tests.Should process metadata extraction within reasonable time" time="0" asserts="0" success="False" result="Failure" executed="True">
                    <failure>
                      <message>This test should run but it did not. Most likely a setup in some parent block failed.</message>
                      <stack-trace />
                    </failure>
                  </test-case>
                </results>
              </test-suite>
            </results>
          </test-suite>
        </results>
      </test-suite>
    </results>
  </test-suite>
</test-results>