<?xml version="1.0" encoding="utf-8" standalone="no"?>
<test-results xmlns:xsi="http://www.w3.org/2001/XMLSchema-instance" xsi:noNamespaceSchemaLocation="nunit_schema_2.5.xsd" name="Pester" total="22" errors="0" failures="1" not-run="0" inconclusive="0" ignored="0" skipped="0" invalid="0" date="2025-07-08" time="16:49:43">
  <environment cwd="/workspaces/AitherZero" machine-name="codespaces-6c6eb1" user="codespace" user-domain="" os-version="6.8.0-1027-azure" platform="Linux" clr-version="9.0.4" nunit-version="2.5.8.0" />
  <culture-info current-culture="" current-uiculture="" />
  <test-suite type="TestFixture" name="Pester" executed="True" result="Failure" success="False" time="0.454" asserts="0" description="Pester">
    <results>
      <test-suite type="TestFixture" name="/workspaces/AitherZero/aither-core/modules/ProgressTracking/tests/ProgressTracking.Tests.ps1" executed="True" result="Failure" success="False" time="0.454" asserts="0" description="/workspaces/AitherZero/aither-core/modules/ProgressTracking/tests/ProgressTracking.Tests.ps1">
        <results>
          <test-suite type="TestFixture" name="ProgressTracking Module Tests" executed="True" result="Failure" success="False" time="0.3731" asserts="0" description="ProgressTracking Module Tests">
            <results>
              <test-suite type="TestFixture" name="ProgressTracking Module Tests.Module Loading" executed="True" result="Success" success="True" time="0.0624" asserts="0" description="ProgressTracking Module Tests.Module Loading">
                <results>
                  <test-case description="Should import module successfully" name="ProgressTracking Module Tests.Module Loading.Should import module successfully" time="0.0088" asserts="0" success="True" result="Success" executed="True" />
                  <test-case description="Should have valid manifest" name="ProgressTracking Module Tests.Module Loading.Should have valid manifest" time="0.0105" asserts="0" success="True" result="Success" executed="True" />
                  <test-case description="Should export expected functions" name="ProgressTracking Module Tests.Module Loading.Should export expected functions" time="0.0347" asserts="0" success="True" result="Success" executed="True" />
                </results>
              </test-suite>
              <test-suite type="TestFixture" name="ProgressTracking Module Tests.Show-SimpleProgress Function Tests" executed="True" result="Success" success="True" time="0.1238" asserts="0" description="ProgressTracking Module Tests.Show-SimpleProgress Function Tests">
                <results>
                  <test-case description="Should display Start progress correctly" name="ProgressTracking Module Tests.Show-SimpleProgress Function Tests.Should display Start progress correctly" time="0.02" asserts="0" success="True" result="Success" executed="True" />
                  <test-case description="Should display Update progress correctly" name="ProgressTracking Module Tests.Show-SimpleProgress Function Tests.Should display Update progress correctly" time="0.0058" asserts="0" success="True" result="Success" executed="True" />
                  <test-case description="Should display Complete progress correctly" name="ProgressTracking Module Tests.Show-SimpleProgress Function Tests.Should display Complete progress correctly" time="0.0053" asserts="0" success="True" result="Success" executed="True" />
                  <test-case description="Should default to Update type when not specified" name="ProgressTracking Module Tests.Show-SimpleProgress Function Tests.Should default to Update type when not specified" time="0.0051" asserts="0" success="True" result="Success" executed="True" />
                  <test-case description="Should validate Type parameter values" name="ProgressTracking Module Tests.Show-SimpleProgress Function Tests.Should validate Type parameter values" time="0.006" asserts="0" success="True" result="Success" executed="True" />
                </results>
              </test-suite>
              <test-suite type="TestFixture" name="ProgressTracking Module Tests.Progress Operation Tests" executed="True" result="Success" success="True" time="0.1875" asserts="0" description="ProgressTracking Module Tests.Progress Operation Tests">
                <results>
                  <test-case description="Should start a progress operation successfully" name="ProgressTracking Module Tests.Progress Operation Tests.Should start a progress operation successfully" time="0.026" asserts="0" success="True" result="Success" executed="True" />
                  <test-case description="Should update progress operation successfully" name="ProgressTracking Module Tests.Progress Operation Tests.Should update progress operation successfully" time="0.0159" asserts="0" success="True" result="Success" executed="True" />
                  <test-case description="Should complete progress operation successfully" name="ProgressTracking Module Tests.Progress Operation Tests.Should complete progress operation successfully" time="0.0103" asserts="0" success="True" result="Success" executed="True" />
                  <test-case description="Should handle invalid operation ID gracefully" name="ProgressTracking Module Tests.Progress Operation Tests.Should handle invalid operation ID gracefully" time="0.0059" asserts="0" success="True" result="Success" executed="True" />
                </results>
              </test-suite>
              <test-suite type="TestFixture" name="ProgressTracking Module Tests.Multi-Progress Tests" executed="True" result="Success" success="True" time="0.2147" asserts="0" description="ProgressTracking Module Tests.Multi-Progress Tests">
                <results>
                  <test-case description="Should start multiple progress operations" name="ProgressTracking Module Tests.Multi-Progress Tests.Should start multiple progress operations" time="0.0135" asserts="0" success="True" result="Success" executed="True" />
                </results>
              </test-suite>
              <test-suite type="TestFixture" name="ProgressTracking Module Tests.Progress Logging Tests" executed="True" result="Success" success="True" time="0.2612" asserts="0" description="ProgressTracking Module Tests.Progress Logging Tests">
                <results>
                  <test-case description="Should add warnings to progress operation" name="ProgressTracking Module Tests.Progress Logging Tests.Should add warnings to progress operation" time="0.0157" asserts="0" success="True" result="Success" executed="True" />
                  <test-case description="Should add errors to progress operation" name="ProgressTracking Module Tests.Progress Logging Tests.Should add errors to progress operation" time="0.0068" asserts="0" success="True" result="Success" executed="True" />
                  <test-case description="Should write progress log messages" name="ProgressTracking Module Tests.Progress Logging Tests.Should write progress log messages" time="0.0108" asserts="0" success="True" result="Success" executed="True" />
                </results>
              </test-suite>
              <test-suite type="TestFixture" name="ProgressTracking Module Tests.Active Operations Management" executed="True" result="Success" success="True" time="0.2831" asserts="0" description="ProgressTracking Module Tests.Active Operations Management">
                <results>
                  <test-case description="Should track active operations" name="ProgressTracking Module Tests.Active Operations Management.Should track active operations" time="0.0086" asserts="0" success="True" result="Success" executed="True" />
                  <test-case description="Should remove operations when completed" name="ProgressTracking Module Tests.Active Operations Management.Should remove operations when completed" time="0.0078" asserts="0" success="True" result="Success" executed="True" />
                </results>
              </test-suite>
              <test-suite type="TestFixture" name="ProgressTracking Module Tests.Integration Tests" executed="True" result="Success" success="True" time="0.3067" asserts="0" description="ProgressTracking Module Tests.Integration Tests">
                <results>
                  <test-case description="Should work with Logging module if available" name="ProgressTracking Module Tests.Integration Tests.Should work with Logging module if available" time="0.0102" asserts="0" success="True" result="Success" executed="True" />
                </results>
              </test-suite>
              <test-suite type="TestFixture" name="ProgressTracking Module Tests.Error Handling" executed="True" result="Failure" success="False" time="0.3529" asserts="0" description="ProgressTracking Module Tests.Error Handling">
                <results>
                  <test-case description="Should handle missing operation ID gracefully" name="ProgressTracking Module Tests.Error Handling.Should handle missing operation ID gracefully" time="0.0184" asserts="0" success="True" result="Success" executed="True" />
                  <test-case description="Should handle invalid parameters gracefully" name="ProgressTracking Module Tests.Error Handling.Should handle invalid parameters gracefully" time="0.0117" asserts="0" success="False" result="Failure" executed="True">
                    <failure>
                      <message>Expected no exception to be thrown, but an exception "Cannot validate argument on parameter 'OperationName'. The argument is null or empty. Provide an argument that is not null or empty, and then try the command again." was thrown from /workspaces/AitherZero/aither-core/modules/ProgressTracking/tests/ProgressTracking.Tests.ps1:153 char:54
    +             { Start-ProgressOperation -OperationName "" -TotalSteps 0 …
    +                                                      ~~.</message>
                      <stack-trace>at { Start-ProgressOperation -OperationName "" -TotalSteps 0 } | Should -Not -Throw, /workspaces/AitherZero/aither-core/modules/ProgressTracking/tests/ProgressTracking.Tests.ps1:153
at &lt;ScriptBlock&gt;, /workspaces/AitherZero/aither-core/modules/ProgressTracking/tests/ProgressTracking.Tests.ps1:153</stack-trace>
                    </failure>
                  </test-case>
                </results>
              </test-suite>
              <test-suite type="TestFixture" name="ProgressTracking Module Tests.Cross-Platform Compatibility" executed="True" result="Success" success="True" time="0.367" asserts="0" description="ProgressTracking Module Tests.Cross-Platform Compatibility">
                <results>
                  <test-case description="Should work on current platform" name="ProgressTracking Module Tests.Cross-Platform Compatibility.Should work on current platform" time="0.0086" asserts="0" success="True" result="Success" executed="True" />
                </results>
              </test-suite>
            </results>
          </test-suite>
        </results>
      </test-suite>
    </results>
  </test-suite>
</test-results>