<?xml version="1.0" encoding="utf-8" standalone="no"?>
<test-results xmlns:xsi="http://www.w3.org/2001/XMLSchema-instance" xsi:noNamespaceSchemaLocation="nunit_schema_2.5.xsd" name="Pester" total="22" errors="0" failures="11" not-run="0" inconclusive="0" ignored="0" skipped="0" invalid="0" date="2025-07-08" time="16:49:38">
  <environment cwd="/workspaces/AitherZero" machine-name="codespaces-6c6eb1" user="codespace" user-domain="" os-version="6.8.0-1027-azure" platform="Linux" clr-version="9.0.4" nunit-version="2.5.8.0" />
  <culture-info current-culture="" current-uiculture="" />
  <test-suite type="TestFixture" name="Pester" executed="True" result="Failure" success="False" time="1.5738" asserts="0" description="Pester">
    <results>
      <test-suite type="TestFixture" name="/workspaces/AitherZero/aither-core/modules/OrchestrationEngine/tests/OrchestrationEngine.Tests.ps1" executed="True" result="Failure" success="False" time="1.5738" asserts="0" description="/workspaces/AitherZero/aither-core/modules/OrchestrationEngine/tests/OrchestrationEngine.Tests.ps1">
        <results>
          <test-suite type="TestFixture" name="OrchestrationEngine Management Module - Core Functionality" executed="True" result="Failure" success="False" time="0.6301" asserts="0" description="OrchestrationEngine Management Module - Core Functionality">
            <results>
              <test-suite type="TestFixture" name="OrchestrationEngine Management Module - Core Functionality.Module Import and Structure" executed="True" result="Failure" success="False" time="0.0262" asserts="0" description="OrchestrationEngine Management Module - Core Functionality.Module Import and Structure">
                <results>
                  <test-case description="Should import the management module successfully" name="OrchestrationEngine Management Module - Core Functionality.Module Import and Structure.Should import the management module successfully" time="0.0061" asserts="0" success="True" result="Success" executed="True" />
                  <test-case description="Should export management functions" name="OrchestrationEngine Management Module - Core Functionality.Module Import and Structure.Should export management functions" time="0.0139" asserts="0" success="False" result="Failure" executed="True">
                    <failure>
                      <message>Expected a value, because Management module should export management-related functions, but got $null or empty.</message>
                      <stack-trace>at $foundFunctions | Should -Not -BeNullOrEmpty -Because "Management module should export management-related functions", /workspaces/AitherZero/aither-core/modules/OrchestrationEngine/tests/OrchestrationEngine.Tests.ps1:77
at &lt;ScriptBlock&gt;, /workspaces/AitherZero/aither-core/modules/OrchestrationEngine/tests/OrchestrationEngine.Tests.ps1:77</stack-trace>
                    </failure>
                  </test-case>
                </results>
              </test-suite>
              <test-suite type="TestFixture" name="OrchestrationEngine Management Module - Core Functionality.Resource Management Operations" executed="True" result="Failure" success="False" time="0.1868" asserts="0" description="OrchestrationEngine Management Module - Core Functionality.Resource Management Operations">
                <results>
                  <test-case description="Should initialize management state properly" name="OrchestrationEngine Management Module - Core Functionality.Resource Management Operations.Should initialize management state properly" time="0.0354" asserts="0" success="False" result="Failure" executed="True">
                    <failure>
                      <message>Expected no exception to be thrown, but an exception "The term 'Start-OrchestrationEngineManagement' is not recognized as a name of a cmdlet, function, script file, or executable program.
Check the spelling of the name, or if a path was included, verify that the path is correct and try again." was thrown from /workspaces/AitherZero/aither-core/modules/OrchestrationEngine/tests/OrchestrationEngine.Tests.ps1:84 char:15
    +             { Start-OrchestrationEngineManagement -TestMode } | Shoul …
    +               ~~~~~~~~~~~~~~~~~~~~~~~~~~~~~~~~~~~.</message>
                      <stack-trace>at { Start-OrchestrationEngineManagement -TestMode } | Should -Not -Throw, /workspaces/AitherZero/aither-core/modules/OrchestrationEngine/tests/OrchestrationEngine.Tests.ps1:84
at &lt;ScriptBlock&gt;, /workspaces/AitherZero/aither-core/modules/OrchestrationEngine/tests/OrchestrationEngine.Tests.ps1:84</stack-trace>
                    </failure>
                  </test-case>
                  <test-case description="Should track resource state accurately" name="OrchestrationEngine Management Module - Core Functionality.Resource Management Operations.Should track resource state accurately" time="0.0431" asserts="0" success="False" result="Failure" executed="True">
                    <failure>
                      <message>CommandNotFoundException: The term 'Get-OrchestrationEngineStatus' is not recognized as a name of a cmdlet, function, script file, or executable program.
Check the spelling of the name, or if a path was included, verify that the path is correct and try again.</message>
                      <stack-trace>at &lt;ScriptBlock&gt;, /workspaces/AitherZero/aither-core/modules/OrchestrationEngine/tests/OrchestrationEngine.Tests.ps1:89</stack-trace>
                    </failure>
                  </test-case>
                  <test-case description="Should handle configuration changes safely" name="OrchestrationEngine Management Module - Core Functionality.Resource Management Operations.Should handle configuration changes safely" time="0.0348" asserts="0" success="False" result="Failure" executed="True">
                    <failure>
                      <message>Expected no exception to be thrown, but an exception "The term 'Set-OrchestrationEngineConfiguration' is not recognized as a name of a cmdlet, function, script file, or executable program.
Check the spelling of the name, or if a path was included, verify that the path is correct and try again." was thrown from /workspaces/AitherZero/aither-core/modules/OrchestrationEngine/tests/OrchestrationEngine.Tests.ps1:97 char:15
    +             { Set-OrchestrationEngineConfiguration -Configuration $te …
    +               ~~~~~~~~~~~~~~~~~~~~~~~~~~~~~~~~~~~~.</message>
                      <stack-trace>at { Set-OrchestrationEngineConfiguration -Configuration $testConfig } | Should -Not -Throw, /workspaces/AitherZero/aither-core/modules/OrchestrationEngine/tests/OrchestrationEngine.Tests.ps1:97
at &lt;ScriptBlock&gt;, /workspaces/AitherZero/aither-core/modules/OrchestrationEngine/tests/OrchestrationEngine.Tests.ps1:97</stack-trace>
                    </failure>
                  </test-case>
                  <test-case description="Should execute operations with proper validation" name="OrchestrationEngine Management Module - Core Functionality.Resource Management Operations.Should execute operations with proper validation" time="0.0418" asserts="0" success="False" result="Failure" executed="True">
                    <failure>
                      <message>CommandNotFoundException: The term 'Invoke-OrchestrationEngineOperation' is not recognized as a name of a cmdlet, function, script file, or executable program.
Check the spelling of the name, or if a path was included, verify that the path is correct and try again.</message>
                      <stack-trace>at &lt;ScriptBlock&gt;, /workspaces/AitherZero/aither-core/modules/OrchestrationEngine/tests/OrchestrationEngine.Tests.ps1:102</stack-trace>
                    </failure>
                  </test-case>
                </results>
              </test-suite>
              <test-suite type="TestFixture" name="OrchestrationEngine Management Module - Core Functionality.State Management and Persistence" executed="True" result="Failure" success="False" time="0.2666" asserts="0" description="OrchestrationEngine Management Module - Core Functionality.State Management and Persistence">
                <results>
                  <test-case description="Should maintain consistent state across operations" name="OrchestrationEngine Management Module - Core Functionality.State Management and Persistence.Should maintain consistent state across operations" time="0.0311" asserts="0" success="False" result="Failure" executed="True">
                    <failure>
                      <message>CommandNotFoundException: The term 'Get-OrchestrationEngineStatus' is not recognized as a name of a cmdlet, function, script file, or executable program.
Check the spelling of the name, or if a path was included, verify that the path is correct and try again.</message>
                      <stack-trace>at &lt;ScriptBlock&gt;, /workspaces/AitherZero/aither-core/modules/OrchestrationEngine/tests/OrchestrationEngine.Tests.ps1:110</stack-trace>
                    </failure>
                  </test-case>
                  <test-case description="Should persist state information properly" name="OrchestrationEngine Management Module - Core Functionality.State Management and Persistence.Should persist state information properly" time="0.0309" asserts="0" success="False" result="Failure" executed="True">
                    <failure>
                      <message>CommandNotFoundException: The term 'Export-OrchestrationEngineState' is not recognized as a name of a cmdlet, function, script file, or executable program.
Check the spelling of the name, or if a path was included, verify that the path is correct and try again.</message>
                      <stack-trace>at &lt;ScriptBlock&gt;, /workspaces/AitherZero/aither-core/modules/OrchestrationEngine/tests/OrchestrationEngine.Tests.ps1:120</stack-trace>
                    </failure>
                  </test-case>
                  <test-case description="Should restore state from persistence" name="OrchestrationEngine Management Module - Core Functionality.State Management and Persistence.Should restore state from persistence" time="0.0043" asserts="0" success="True" result="Success" executed="True" />
                </results>
              </test-suite>
              <test-suite type="TestFixture" name="OrchestrationEngine Management Module - Core Functionality.Error Handling and Recovery" executed="True" result="Success" success="True" time="0.4231" asserts="0" description="OrchestrationEngine Management Module - Core Functionality.Error Handling and Recovery">
                <results>
                  <test-case description="Should handle invalid operations gracefully" name="OrchestrationEngine Management Module - Core Functionality.Error Handling and Recovery.Should handle invalid operations gracefully" time="0.0302" asserts="0" success="True" result="Success" executed="True" />
                  <test-case description="Should provide meaningful error messages" name="OrchestrationEngine Management Module - Core Functionality.Error Handling and Recovery.Should provide meaningful error messages" time="0.0306" asserts="0" success="True" result="Success" executed="True" />
                  <test-case description="Should support rollback operations when possible" name="OrchestrationEngine Management Module - Core Functionality.Error Handling and Recovery.Should support rollback operations when possible" time="0.0902" asserts="0" success="True" result="Success" executed="True" />
                </results>
              </test-suite>
              <test-suite type="TestFixture" name="OrchestrationEngine Management Module - Core Functionality.Event Coordination and Workflow" executed="True" result="Failure" success="False" time="0.6244" asserts="0" description="OrchestrationEngine Management Module - Core Functionality.Event Coordination and Workflow">
                <results>
                  <test-case description="Should publish management events" name="OrchestrationEngine Management Module - Core Functionality.Event Coordination and Workflow.Should publish management events" time="0.0721" asserts="0" success="True" result="Success" executed="True" />
                  <test-case description="Should coordinate with other management modules" name="OrchestrationEngine Management Module - Core Functionality.Event Coordination and Workflow.Should coordinate with other management modules" time="0.0422" asserts="0" success="False" result="Failure" executed="True">
                    <failure>
                      <message>CommandNotFoundException: The term 'Test-OrchestrationEngineCoordination' is not recognized as a name of a cmdlet, function, script file, or executable program.
Check the spelling of the name, or if a path was included, verify that the path is correct and try again.</message>
                      <stack-trace>at &lt;ScriptBlock&gt;, /workspaces/AitherZero/aither-core/modules/OrchestrationEngine/tests/OrchestrationEngine.Tests.ps1:168</stack-trace>
                    </failure>
                  </test-case>
                  <test-case description="Should handle workflow execution properly" name="OrchestrationEngine Management Module - Core Functionality.Event Coordination and Workflow.Should handle workflow execution properly" time="0.0814" asserts="0" success="True" result="Success" executed="True" />
                </results>
              </test-suite>
            </results>
          </test-suite>
          <test-suite type="TestFixture" name="OrchestrationEngine Management Module - Advanced Scenarios" executed="True" result="Failure" success="False" time="1.4534" asserts="0" description="OrchestrationEngine Management Module - Advanced Scenarios">
            <results>
              <test-suite type="TestFixture" name="OrchestrationEngine Management Module - Advanced Scenarios.Concurrent Operations" executed="True" result="Failure" success="False" time="0.4703" asserts="0" description="OrchestrationEngine Management Module - Advanced Scenarios.Concurrent Operations">
                <results>
                  <test-case description="Should handle multiple concurrent management requests" name="OrchestrationEngine Management Module - Advanced Scenarios.Concurrent Operations.Should handle multiple concurrent management requests" time="0.4039" asserts="0" success="False" result="Failure" executed="True">
                    <failure>
                      <message>Expected a collection with size 3, but got an empty collection.</message>
                      <stack-trace>at $results | Should -HaveCount 3, /workspaces/AitherZero/aither-core/modules/OrchestrationEngine/tests/OrchestrationEngine.Tests.ps1:197
at &lt;ScriptBlock&gt;, /workspaces/AitherZero/aither-core/modules/OrchestrationEngine/tests/OrchestrationEngine.Tests.ps1:197</stack-trace>
                    </failure>
                  </test-case>
                  <test-case description="Should maintain consistency under concurrent access" name="OrchestrationEngine Management Module - Advanced Scenarios.Concurrent Operations.Should maintain consistency under concurrent access" time="0.0582" asserts="0" success="False" result="Failure" executed="True">
                    <failure>
                      <message>CommandNotFoundException: The term 'Get-OrchestrationEngineStatus' is not recognized as a name of a cmdlet, function, script file, or executable program.
Check the spelling of the name, or if a path was included, verify that the path is correct and try again.</message>
                      <stack-trace>at &lt;ScriptBlock&gt;, /workspaces/AitherZero/aither-core/modules/OrchestrationEngine/tests/OrchestrationEngine.Tests.ps1:202</stack-trace>
                    </failure>
                  </test-case>
                </results>
              </test-suite>
              <test-suite type="TestFixture" name="OrchestrationEngine Management Module - Advanced Scenarios.Performance and Scalability" executed="True" result="Failure" success="False" time="0.6086" asserts="0" description="OrchestrationEngine Management Module - Advanced Scenarios.Performance and Scalability">
                <results>
                  <test-case description="Should execute management operations within acceptable time limits" name="OrchestrationEngine Management Module - Advanced Scenarios.Performance and Scalability.Should execute management operations within acceptable time limits" time="0.0467" asserts="0" success="False" result="Failure" executed="True">
                    <failure>
                      <message>CommandNotFoundException: The term 'Get-OrchestrationEngineStatus' is not recognized as a name of a cmdlet, function, script file, or executable program.
Check the spelling of the name, or if a path was included, verify that the path is correct and try again.</message>
                      <stack-trace>at &lt;ScriptBlock&gt;, /workspaces/AitherZero/aither-core/modules/OrchestrationEngine/tests/OrchestrationEngine.Tests.ps1:213</stack-trace>
                    </failure>
                  </test-case>
                  <test-case description="Should handle large-scale operations efficiently" name="OrchestrationEngine Management Module - Advanced Scenarios.Performance and Scalability.Should handle large-scale operations efficiently" time="0.0846" asserts="0" success="True" result="Success" executed="True" />
                </results>
              </test-suite>
              <test-suite type="TestFixture" name="OrchestrationEngine Management Module - Advanced Scenarios.Integration with AitherZero Framework" executed="True" result="Success" success="True" time="0.8173" asserts="0" description="OrchestrationEngine Management Module - Advanced Scenarios.Integration with AitherZero Framework">
                <results>
                  <test-case description="Should integrate with centralized logging" name="OrchestrationEngine Management Module - Advanced Scenarios.Integration with AitherZero Framework.Should integrate with centralized logging" time="0.0215" asserts="0" success="True" result="Success" executed="True" />
                  <test-case description="Should respect framework configuration" name="OrchestrationEngine Management Module - Advanced Scenarios.Integration with AitherZero Framework.Should respect framework configuration" time="0.0862" asserts="0" success="True" result="Success" executed="True" />
                  <test-case description="Should support framework-wide operations" name="OrchestrationEngine Management Module - Advanced Scenarios.Integration with AitherZero Framework.Should support framework-wide operations" time="0.0911" asserts="0" success="True" result="Success" executed="True" />
                </results>
              </test-suite>
            </results>
          </test-suite>
        </results>
      </test-suite>
    </results>
  </test-suite>
</test-results>