<?xml version="1.0" encoding="utf-8" standalone="no"?>
<test-results xmlns:xsi="http://www.w3.org/2001/XMLSchema-instance" xsi:noNamespaceSchemaLocation="nunit_schema_2.5.xsd" name="Pester" total="15" errors="0" failures="3" not-run="23" inconclusive="0" ignored="0" skipped="0" invalid="0" date="2025-07-08" time="15:27:38">
  <environment machine-name="codespaces-6c6eb1" clr-version="9.0.4" user-domain="" nunit-version="2.5.8.0" cwd="/workspaces/AitherZero" os-version="6.8.0-1027-azure" user="codespace" platform="Linux" />
  <culture-info current-culture="" current-uiculture="" />
  <test-suite type="TestFixture" name="Pester" executed="True" result="Failure" success="False" time="1.5966" asserts="0" description="Pester">
    <results>
      <test-suite type="TestFixture" name="/workspaces/AitherZero/aither-core/modules/SecurityAutomation/tests/SecurityAutomation.Tests.ps1" executed="True" result="Failure" success="False" time="1.5966" asserts="0" description="/workspaces/AitherZero/aither-core/modules/SecurityAutomation/tests/SecurityAutomation.Tests.ps1">
        <results>
          <test-suite type="TestFixture" name="SecurityAutomation Module - Core Functionality" executed="True" result="Failure" success="False" time="0.971" asserts="0" description="SecurityAutomation Module - Core Functionality">
            <results>
              <test-suite type="TestFixture" name="SecurityAutomation Module - Core Functionality.Module Import and Structure" executed="True" result="Failure" success="False" time="0.0686" asserts="0" description="SecurityAutomation Module - Core Functionality.Module Import and Structure">
                <results>
                  <test-case description="Should import the module successfully" name="SecurityAutomation Module - Core Functionality.Module Import and Structure.Should import the module successfully" time="0.0073" asserts="0" success="True" result="Success" executed="True" />
                  <test-case description="Should export expected functions" name="SecurityAutomation Module - Core Functionality.Module Import and Structure.Should export expected functions" time="0.0341" asserts="0" success="False" result="Failure" executed="True">
                    <failure>
                      <message>Expected 'New-JEAEndpoint' to be found in collection @('Disable-WeakProtocols', 'Enable-ADSmartCardLogon', 'Enable-AdvancedAuditPolicy', 'Enable-CertificateAutoEnrollment', 'Enable-CredentialGuard', 'Enable-DNSSECValidation', 'Enable-PowerShellRemotingSSL', 'Get-ADDelegationRisks', 'Get-ADSecurityAssessment', 'Install-EnterpriseCA', ...10 more), but it was not found.</message>
                      <stack-trace>at $exportedFunctions | Should -Contain $function, /workspaces/AitherZero/aither-core/modules/SecurityAutomation/tests/SecurityAutomation.Tests.ps1:89
at &lt;ScriptBlock&gt;, /workspaces/AitherZero/aither-core/modules/SecurityAutomation/tests/SecurityAutomation.Tests.ps1:89</stack-trace>
                    </failure>
                  </test-case>
                  <test-case description="Should require PowerShell 7.0 or higher" name="SecurityAutomation Module - Core Functionality.Module Import and Structure.Should require PowerShell 7.0 or higher" time="0.0157" asserts="0" success="True" result="Success" executed="True" />
                  <test-case description="Should have proper module metadata" name="SecurityAutomation Module - Core Functionality.Module Import and Structure.Should have proper module metadata" time="0.0065" asserts="0" success="True" result="Success" executed="True" />
                </results>
              </test-suite>
              <test-suite type="TestFixture" name="SecurityAutomation Module - Core Functionality.Core Functionality" executed="True" result="Success" success="True" time="0.8238" asserts="0" description="SecurityAutomation Module - Core Functionality.Core Functionality">
                <results>
                  <test-case description="Should execute core functions without errors" name="SecurityAutomation Module - Core Functionality.Core Functionality.Should execute core functions without errors" time="0.7511" asserts="0" success="True" result="Success" executed="True" />
                </results>
              </test-suite>
              <test-suite type="TestFixture" name="SecurityAutomation Module - Core Functionality.Error Handling" executed="True" result="Failure" success="False" time="0.9056" asserts="0" description="SecurityAutomation Module - Core Functionality.Error Handling">
                <results>
                  <test-case description="Should handle errors gracefully" name="SecurityAutomation Module - Core Functionality.Error Handling.Should handle errors gracefully" time="0.0721" asserts="0" success="False" result="Failure" executed="True">
                    <failure>
                      <message>ValidationMetadataException: The argument is null. Provide a valid value for the argument, and then try running the command again.
ParameterBindingValidationException: Cannot validate argument on parameter 'Fixture'. The argument is null. Provide a valid value for the argument, and then try running the command again.</message>
                      <stack-trace>at &lt;ScriptBlock&gt;, /workspaces/AitherZero/aither-core/modules/SecurityAutomation/tests/SecurityAutomation.Tests.ps1:277
at &lt;ScriptBlock&gt;, /workspaces/AitherZero/aither-core/modules/SecurityAutomation/tests/SecurityAutomation.Tests.ps1:124</stack-trace>
                    </failure>
                  </test-case>
                </results>
              </test-suite>
              <test-suite type="TestFixture" name="SecurityAutomation Module - Core Functionality.Integration with AitherZero Framework" executed="True" result="Success" success="True" time="0.9397" asserts="0" description="SecurityAutomation Module - Core Functionality.Integration with AitherZero Framework">
                <results>
                  <test-case description="Should integrate with logging system" name="SecurityAutomation Module - Core Functionality.Integration with AitherZero Framework.Should integrate with logging system" time="0.0196" asserts="0" success="True" result="Success" executed="True" />
                  <test-case description="Should handle configuration properly" name="SecurityAutomation Module - Core Functionality.Integration with AitherZero Framework.Should handle configuration properly" time="0.0051" asserts="0" success="True" result="Success" executed="True" />
                  <test-case description="Should support cross-platform operation" name="SecurityAutomation Module - Core Functionality.Integration with AitherZero Framework.Should support cross-platform operation" time="0.0046" asserts="0" success="True" result="Success" executed="True" />
                </results>
              </test-suite>
              <test-suite type="TestFixture" name="SecurityAutomation Module - Core Functionality.Performance and Reliability" executed="True" result="Success" success="True" time="0.9668" asserts="0" description="SecurityAutomation Module - Core Functionality.Performance and Reliability">
                <results>
                  <test-case description="Should execute core functions within acceptable time limits" name="SecurityAutomation Module - Core Functionality.Performance and Reliability.Should execute core functions within acceptable time limits" time="0.0052" asserts="0" success="True" result="Success" executed="True" />
                  <test-case description="Should handle concurrent operations safely" name="SecurityAutomation Module - Core Functionality.Performance and Reliability.Should handle concurrent operations safely" time="0.0127" asserts="0" success="True" result="Success" executed="True" />
                  <test-case description="Should gracefully handle resource constraints" name="SecurityAutomation Module - Core Functionality.Performance and Reliability.Should gracefully handle resource constraints" time="0.0046" asserts="0" success="True" result="Success" executed="True" />
                </results>
              </test-suite>
            </results>
          </test-suite>
          <test-suite type="TestFixture" name="SecurityAutomation Module - Advanced Scenarios" executed="True" result="Failure" success="False" time="1.17" asserts="0" description="SecurityAutomation Module - Advanced Scenarios">
            <results>
              <test-suite type="TestFixture" name="SecurityAutomation Module - Advanced Scenarios.Edge Cases and Boundary Conditions" executed="True" result="Failure" success="False" time="0.0948" asserts="0" description="SecurityAutomation Module - Advanced Scenarios.Edge Cases and Boundary Conditions">
                <results>
                  <test-case description="Should handle edge cases properly" name="SecurityAutomation Module - Advanced Scenarios.Edge Cases and Boundary Conditions.Should handle edge cases properly" time="0.0853" asserts="0" success="False" result="Failure" executed="True">
                    <failure>
                      <message>ValidationMetadataException: The argument is null. Provide a valid value for the argument, and then try running the command again.
ParameterBindingValidationException: Cannot validate argument on parameter 'Fixture'. The argument is null. Provide a valid value for the argument, and then try running the command again.</message>
                      <stack-trace>at &lt;ScriptBlock&gt;, /workspaces/AitherZero/aither-core/modules/SecurityAutomation/tests/SecurityAutomation.Tests.ps1:1535
at &lt;ScriptBlock&gt;, /workspaces/AitherZero/aither-core/modules/SecurityAutomation/tests/SecurityAutomation.Tests.ps1:1176</stack-trace>
                    </failure>
                  </test-case>
                </results>
              </test-suite>
              <test-suite type="TestFixture" name="SecurityAutomation Module - Advanced Scenarios.Integration Testing" executed="True" result="Success" success="True" time="0.1201" asserts="0" description="SecurityAutomation Module - Advanced Scenarios.Integration Testing">
                <results>
                  <test-case description="Should integrate with other modules" name="SecurityAutomation Module - Advanced Scenarios.Integration Testing.Should integrate with other modules" time="0.0212" asserts="0" success="True" result="Success" executed="True" />
                </results>
              </test-suite>
              <test-suite type="TestFixture" name="SecurityAutomation Module - Advanced Scenarios.Regression Testing" executed="True" result="Success" success="True" time="0.1874" asserts="0" description="SecurityAutomation Module - Advanced Scenarios.Regression Testing">
                <results>
                  <test-case description="Should not regress existing functionality" name="SecurityAutomation Module - Advanced Scenarios.Regression Testing.Should not regress existing functionality" time="0.0631" asserts="0" success="True" result="Success" executed="True" />
                </results>
              </test-suite>
            </results>
          </test-suite>
        </results>
      </test-suite>
    </results>
  </test-suite>
</test-results>