<?xml version="1.0" encoding="utf-8" standalone="no"?>
<test-results xmlns:xsi="http://www.w3.org/2001/XMLSchema-instance" xsi:noNamespaceSchemaLocation="nunit_schema_2.5.xsd" name="Pester" total="22" errors="0" failures="0" not-run="0" inconclusive="0" ignored="0" skipped="0" invalid="0" date="2025-07-08" time="17:42:02">
  <environment user-domain="" platform="Linux" cwd="/workspaces/AitherZero" os-version="6.8.0-1027-azure" clr-version="9.0.4" nunit-version="2.5.8.0" user="codespace" machine-name="codespaces-6c6eb1" />
  <culture-info current-culture="" current-uiculture="" />
  <test-suite type="TestFixture" name="Pester" executed="True" result="Success" success="True" time="2.4042" asserts="0" description="Pester">
    <results>
      <test-suite type="TestFixture" name="/workspaces/AitherZero/aither-core/modules/AIToolsIntegration/tests/AIToolsIntegration.Tests.ps1" executed="True" result="Success" success="True" time="2.4042" asserts="0" description="/workspaces/AitherZero/aither-core/modules/AIToolsIntegration/tests/AIToolsIntegration.Tests.ps1">
        <results>
          <test-suite type="TestFixture" name="AIToolsIntegration Management Module - Core Functionality" executed="True" result="Success" success="True" time="0.8146" asserts="0" description="AIToolsIntegration Management Module - Core Functionality">
            <results>
              <test-suite type="TestFixture" name="AIToolsIntegration Management Module - Core Functionality.Module Import and Structure" executed="True" result="Success" success="True" time="0.1174" asserts="0" description="AIToolsIntegration Management Module - Core Functionality.Module Import and Structure">
                <results>
                  <test-case description="Should import the management module successfully" name="AIToolsIntegration Management Module - Core Functionality.Module Import and Structure.Should import the management module successfully" time="0.0688" asserts="0" success="True" result="Success" executed="True" />
                  <test-case description="Should export management functions" name="AIToolsIntegration Management Module - Core Functionality.Module Import and Structure.Should export management functions" time="0.014" asserts="0" success="True" result="Success" executed="True" />
                </results>
              </test-suite>
              <test-suite type="TestFixture" name="AIToolsIntegration Management Module - Core Functionality.Resource Management Operations" executed="True" result="Success" success="True" time="0.2444" asserts="0" description="AIToolsIntegration Management Module - Core Functionality.Resource Management Operations">
                <results>
                  <test-case description="Should initialize management state properly" name="AIToolsIntegration Management Module - Core Functionality.Resource Management Operations.Should initialize management state properly" time="0.047" asserts="0" success="True" result="Success" executed="True" />
                  <test-case description="Should track resource state accurately" name="AIToolsIntegration Management Module - Core Functionality.Resource Management Operations.Should track resource state accurately" time="0.0204" asserts="0" success="True" result="Success" executed="True" />
                  <test-case description="Should handle configuration changes safely" name="AIToolsIntegration Management Module - Core Functionality.Resource Management Operations.Should handle configuration changes safely" time="0.026" asserts="0" success="True" result="Success" executed="True" />
                  <test-case description="Should execute operations with proper validation" name="AIToolsIntegration Management Module - Core Functionality.Resource Management Operations.Should execute operations with proper validation" time="0.0266" asserts="0" success="True" result="Success" executed="True" />
                </results>
              </test-suite>
              <test-suite type="TestFixture" name="AIToolsIntegration Management Module - Core Functionality.State Management and Persistence" executed="True" result="Success" success="True" time="0.3283" asserts="0" description="AIToolsIntegration Management Module - Core Functionality.State Management and Persistence">
                <results>
                  <test-case description="Should maintain consistent state across operations" name="AIToolsIntegration Management Module - Core Functionality.State Management and Persistence.Should maintain consistent state across operations" time="0.0224" asserts="0" success="True" result="Success" executed="True" />
                  <test-case description="Should persist state information properly" name="AIToolsIntegration Management Module - Core Functionality.State Management and Persistence.Should persist state information properly" time="0.0268" asserts="0" success="True" result="Success" executed="True" />
                  <test-case description="Should restore state from persistence" name="AIToolsIntegration Management Module - Core Functionality.State Management and Persistence.Should restore state from persistence" time="0.0267" asserts="0" success="True" result="Success" executed="True" />
                </results>
              </test-suite>
              <test-suite type="TestFixture" name="AIToolsIntegration Management Module - Core Functionality.Error Handling and Recovery" executed="True" result="Success" success="True" time="0.5075" asserts="0" description="AIToolsIntegration Management Module - Core Functionality.Error Handling and Recovery">
                <results>
                  <test-case description="Should handle invalid operations gracefully" name="AIToolsIntegration Management Module - Core Functionality.Error Handling and Recovery.Should handle invalid operations gracefully" time="0.0382" asserts="0" success="True" result="Success" executed="True" />
                  <test-case description="Should provide meaningful error messages" name="AIToolsIntegration Management Module - Core Functionality.Error Handling and Recovery.Should provide meaningful error messages" time="0.0405" asserts="0" success="True" result="Success" executed="True" />
                  <test-case description="Should support rollback operations when possible" name="AIToolsIntegration Management Module - Core Functionality.Error Handling and Recovery.Should support rollback operations when possible" time="0.0931" asserts="0" success="True" result="Success" executed="True" />
                </results>
              </test-suite>
              <test-suite type="TestFixture" name="AIToolsIntegration Management Module - Core Functionality.Event Coordination and Workflow" executed="True" result="Success" success="True" time="0.8079" asserts="0" description="AIToolsIntegration Management Module - Core Functionality.Event Coordination and Workflow">
                <results>
                  <test-case description="Should publish management events" name="AIToolsIntegration Management Module - Core Functionality.Event Coordination and Workflow.Should publish management events" time="0.1245" asserts="0" success="True" result="Success" executed="True" />
                  <test-case description="Should coordinate with other management modules" name="AIToolsIntegration Management Module - Core Functionality.Event Coordination and Workflow.Should coordinate with other management modules" time="0.0378" asserts="0" success="True" result="Success" executed="True" />
                  <test-case description="Should handle workflow execution properly" name="AIToolsIntegration Management Module - Core Functionality.Event Coordination and Workflow.Should handle workflow execution properly" time="0.131" asserts="0" success="True" result="Success" executed="True" />
                </results>
              </test-suite>
            </results>
          </test-suite>
          <test-suite type="TestFixture" name="AIToolsIntegration Management Module - Advanced Scenarios" executed="True" result="Success" success="True" time="1.9003" asserts="0" description="AIToolsIntegration Management Module - Advanced Scenarios">
            <results>
              <test-suite type="TestFixture" name="AIToolsIntegration Management Module - Advanced Scenarios.Concurrent Operations" executed="True" result="Success" success="True" time="0.6727" asserts="0" description="AIToolsIntegration Management Module - Advanced Scenarios.Concurrent Operations">
                <results>
                  <test-case description="Should handle multiple concurrent management requests" name="AIToolsIntegration Management Module - Advanced Scenarios.Concurrent Operations.Should handle multiple concurrent management requests" time="0.6337" asserts="0" success="True" result="Success" executed="True" />
                  <test-case description="Should maintain consistency under concurrent access" name="AIToolsIntegration Management Module - Advanced Scenarios.Concurrent Operations.Should maintain consistency under concurrent access" time="0.0329" asserts="0" success="True" result="Success" executed="True" />
                </results>
              </test-suite>
              <test-suite type="TestFixture" name="AIToolsIntegration Management Module - Advanced Scenarios.Performance and Scalability" executed="True" result="Success" success="True" time="0.8328" asserts="0" description="AIToolsIntegration Management Module - Advanced Scenarios.Performance and Scalability">
                <results>
                  <test-case description="Should execute management operations within acceptable time limits" name="AIToolsIntegration Management Module - Advanced Scenarios.Performance and Scalability.Should execute management operations within acceptable time limits" time="0.0086" asserts="0" success="True" result="Success" executed="True" />
                  <test-case description="Should handle large-scale operations efficiently" name="AIToolsIntegration Management Module - Advanced Scenarios.Performance and Scalability.Should handle large-scale operations efficiently" time="0.1251" asserts="0" success="True" result="Success" executed="True" />
                </results>
              </test-suite>
              <test-suite type="TestFixture" name="AIToolsIntegration Management Module - Advanced Scenarios.Integration with AitherZero Framework" executed="True" result="Success" success="True" time="1.0798" asserts="0" description="AIToolsIntegration Management Module - Advanced Scenarios.Integration with AitherZero Framework">
                <results>
                  <test-case description="Should integrate with centralized logging" name="AIToolsIntegration Management Module - Advanced Scenarios.Integration with AitherZero Framework.Should integrate with centralized logging" time="0.0063" asserts="0" success="True" result="Success" executed="True" />
                  <test-case description="Should respect framework configuration" name="AIToolsIntegration Management Module - Advanced Scenarios.Integration with AitherZero Framework.Should respect framework configuration" time="0.1227" asserts="0" success="True" result="Success" executed="True" />
                  <test-case description="Should support framework-wide operations" name="AIToolsIntegration Management Module - Advanced Scenarios.Integration with AitherZero Framework.Should support framework-wide operations" time="0.1116" asserts="0" success="True" result="Success" executed="True" />
                </results>
              </test-suite>
            </results>
          </test-suite>
        </results>
      </test-suite>
    </results>
  </test-suite>
</test-results>