<?xml version="1.0" encoding="utf-8" standalone="no"?>
<test-results xmlns:xsi="http://www.w3.org/2001/XMLSchema-instance" xsi:noNamespaceSchemaLocation="nunit_schema_2.5.xsd" name="Pester" total="35" errors="0" failures="35" not-run="0" inconclusive="0" ignored="0" skipped="0" invalid="0" date="2025-07-08" time="16:49:33">
  <environment cwd="/workspaces/AitherZero" machine-name="codespaces-6c6eb1" user="codespace" user-domain="" os-version="6.8.0-1027-azure" platform="Linux" clr-version="9.0.4" nunit-version="2.5.8.0" />
  <culture-info current-culture="" current-uiculture="" />
  <test-suite type="TestFixture" name="Pester" executed="True" result="Failure" success="False" time="0.3715" asserts="0" description="Pester">
    <results>
      <test-suite type="TestFixture" name="/workspaces/AitherZero/aither-core/modules/LabRunner/tests/LabRunner.Tests.ps1" executed="True" result="Failure" success="False" time="0.3715" asserts="0" description="/workspaces/AitherZero/aither-core/modules/LabRunner/tests/LabRunner.Tests.ps1">
        <results>
          <test-suite type="TestFixture" name="LabRunner Module Tests" executed="True" result="Failure" success="False" time="0" asserts="0" description="LabRunner Module Tests">
            <results>
              <test-suite type="TestFixture" name="LabRunner Module Tests.Module Structure and Loading" executed="True" result="Failure" success="False" time="0" asserts="0" description="LabRunner Module Tests.Module Structure and Loading">
                <results>
                  <test-case description="Should load the LabRunner module successfully" name="LabRunner Module Tests.Module Structure and Loading.Should load the LabRunner module successfully" time="0" asserts="0" success="False" result="Failure" executed="True">
                    <failure>
                      <message>This test should run but it did not. Most likely a setup in some parent block failed.</message>
                      <stack-trace />
                    </failure>
                  </test-case>
                  <test-case description="Should export all required functions" name="LabRunner Module Tests.Module Structure and Loading.Should export all required functions" time="0" asserts="0" success="False" result="Failure" executed="True">
                    <failure>
                      <message>This test should run but it did not. Most likely a setup in some parent block failed.</message>
                      <stack-trace />
                    </failure>
                  </test-case>
                  <test-case description="Should have proper module manifest" name="LabRunner Module Tests.Module Structure and Loading.Should have proper module manifest" time="0" asserts="0" success="False" result="Failure" executed="True">
                    <failure>
                      <message>This test should run but it did not. Most likely a setup in some parent block failed.</message>
                      <stack-trace />
                    </failure>
                  </test-case>
                </results>
              </test-suite>
              <test-suite type="TestFixture" name="LabRunner Module Tests.Platform Detection" executed="True" result="Failure" success="False" time="0" asserts="0" description="LabRunner Module Tests.Platform Detection">
                <results>
                  <test-case description="Should detect platform correctly" name="LabRunner Module Tests.Platform Detection.Should detect platform correctly" time="0" asserts="0" success="False" result="Failure" executed="True">
                    <failure>
                      <message>This test should run but it did not. Most likely a setup in some parent block failed.</message>
                      <stack-trace />
                    </failure>
                  </test-case>
                  <test-case description="Should return cross-platform temp path" name="LabRunner Module Tests.Platform Detection.Should return cross-platform temp path" time="0" asserts="0" success="False" result="Failure" executed="True">
                    <failure>
                      <message>This test should run but it did not. Most likely a setup in some parent block failed.</message>
                      <stack-trace />
                    </failure>
                  </test-case>
                </results>
              </test-suite>
              <test-suite type="TestFixture" name="LabRunner Module Tests.Parallel Execution Support" executed="True" result="Failure" success="False" time="0" asserts="0" description="LabRunner Module Tests.Parallel Execution Support">
                <results>
                  <test-case description="Should test parallel runner support" name="LabRunner Module Tests.Parallel Execution Support.Should test parallel runner support" time="0" asserts="0" success="False" result="Failure" executed="True">
                    <failure>
                      <message>This test should run but it did not. Most likely a setup in some parent block failed.</message>
                      <stack-trace />
                    </failure>
                  </test-case>
                  <test-case description="Should provide detailed parallel support information" name="LabRunner Module Tests.Parallel Execution Support.Should provide detailed parallel support information" time="0" asserts="0" success="False" result="Failure" executed="True">
                    <failure>
                      <message>This test should run but it did not. Most likely a setup in some parent block failed.</message>
                      <stack-trace />
                    </failure>
                  </test-case>
                  <test-case description="Should handle ThreadJob module availability" name="LabRunner Module Tests.Parallel Execution Support.Should handle ThreadJob module availability" time="0" asserts="0" success="False" result="Failure" executed="True">
                    <failure>
                      <message>This test should run but it did not. Most likely a setup in some parent block failed.</message>
                      <stack-trace />
                    </failure>
                  </test-case>
                </results>
              </test-suite>
              <test-suite type="TestFixture" name="LabRunner Module Tests.Lab Configuration Management" executed="True" result="Failure" success="False" time="0" asserts="0" description="LabRunner Module Tests.Lab Configuration Management">
                <results>
                  <test-case description="Should load lab configuration from file" name="LabRunner Module Tests.Lab Configuration Management.Should load lab configuration from file" time="0" asserts="0" success="False" result="Failure" executed="True">
                    <failure>
                      <message>This test should run but it did not. Most likely a setup in some parent block failed.</message>
                      <stack-trace />
                    </failure>
                  </test-case>
                  <test-case description="Should handle missing configuration file gracefully" name="LabRunner Module Tests.Lab Configuration Management.Should handle missing configuration file gracefully" time="0" asserts="0" success="False" result="Failure" executed="True">
                    <failure>
                      <message>This test should run but it did not. Most likely a setup in some parent block failed.</message>
                      <stack-trace />
                    </failure>
                  </test-case>
                </results>
              </test-suite>
              <test-suite type="TestFixture" name="LabRunner Module Tests.Lab Status and Monitoring" executed="True" result="Failure" success="False" time="0" asserts="0" description="LabRunner Module Tests.Lab Status and Monitoring">
                <results>
                  <test-case description="Should get lab status" name="LabRunner Module Tests.Lab Status and Monitoring.Should get lab status" time="0" asserts="0" success="False" result="Failure" executed="True">
                    <failure>
                      <message>This test should run but it did not. Most likely a setup in some parent block failed.</message>
                      <stack-trace />
                    </failure>
                  </test-case>
                  <test-case description="Should get detailed lab status" name="LabRunner Module Tests.Lab Status and Monitoring.Should get detailed lab status" time="0" asserts="0" success="False" result="Failure" executed="True">
                    <failure>
                      <message>This test should run but it did not. Most likely a setup in some parent block failed.</message>
                      <stack-trace />
                    </failure>
                  </test-case>
                </results>
              </test-suite>
              <test-suite type="TestFixture" name="LabRunner Module Tests.Lab Automation Workflow" executed="True" result="Failure" success="False" time="0" asserts="0" description="LabRunner Module Tests.Lab Automation Workflow">
                <results>
                  <test-case description="Should start lab automation with default parameters" name="LabRunner Module Tests.Lab Automation Workflow.Should start lab automation with default parameters" time="0" asserts="0" success="False" result="Failure" executed="True">
                    <failure>
                      <message>This test should run but it did not. Most likely a setup in some parent block failed.</message>
                      <stack-trace />
                    </failure>
                  </test-case>
                  <test-case description="Should handle lab automation with specific steps" name="LabRunner Module Tests.Lab Automation Workflow.Should handle lab automation with specific steps" time="0" asserts="0" success="False" result="Failure" executed="True">
                    <failure>
                      <message>This test should run but it did not. Most likely a setup in some parent block failed.</message>
                      <stack-trace />
                    </failure>
                  </test-case>
                </results>
              </test-suite>
              <test-suite type="TestFixture" name="LabRunner Module Tests.Parallel Lab Runner" executed="True" result="Failure" success="False" time="0" asserts="0" description="LabRunner Module Tests.Parallel Lab Runner">
                <results>
                  <test-case description="Should handle empty script list" name="LabRunner Module Tests.Parallel Lab Runner.Should handle empty script list" time="0" asserts="0" success="False" result="Failure" executed="True">
                    <failure>
                      <message>This test should run but it did not. Most likely a setup in some parent block failed.</message>
                      <stack-trace />
                    </failure>
                  </test-case>
                  <test-case description="Should generate deployment scripts from configuration" name="LabRunner Module Tests.Parallel Lab Runner.Should generate deployment scripts from configuration" time="0" asserts="0" success="False" result="Failure" executed="True">
                    <failure>
                      <message>This test should run but it did not. Most likely a setup in some parent block failed.</message>
                      <stack-trace />
                    </failure>
                  </test-case>
                </results>
              </test-suite>
              <test-suite type="TestFixture" name="LabRunner Module Tests.Enhanced Lab Deployment" executed="True" result="Failure" success="False" time="0" asserts="0" description="LabRunner Module Tests.Enhanced Lab Deployment">
                <results>
                  <test-case description="Should start enhanced lab deployment" name="LabRunner Module Tests.Enhanced Lab Deployment.Should start enhanced lab deployment" time="0" asserts="0" success="False" result="Failure" executed="True">
                    <failure>
                      <message>This test should run but it did not. Most likely a setup in some parent block failed.</message>
                      <stack-trace />
                    </failure>
                  </test-case>
                  <test-case description="Should handle enhanced deployment with dry run" name="LabRunner Module Tests.Enhanced Lab Deployment.Should handle enhanced deployment with dry run" time="0" asserts="0" success="False" result="Failure" executed="True">
                    <failure>
                      <message>This test should run but it did not. Most likely a setup in some parent block failed.</message>
                      <stack-trace />
                    </failure>
                  </test-case>
                </results>
              </test-suite>
              <test-suite type="TestFixture" name="LabRunner Module Tests.Cross-Platform Command Execution" executed="True" result="Failure" success="False" time="0" asserts="0" description="LabRunner Module Tests.Cross-Platform Command Execution">
                <results>
                  <test-case description="Should execute available commands" name="LabRunner Module Tests.Cross-Platform Command Execution.Should execute available commands" time="0" asserts="0" success="False" result="Failure" executed="True">
                    <failure>
                      <message>This test should run but it did not. Most likely a setup in some parent block failed.</message>
                      <stack-trace />
                    </failure>
                  </test-case>
                  <test-case description="Should handle unavailable commands with mock result" name="LabRunner Module Tests.Cross-Platform Command Execution.Should handle unavailable commands with mock result" time="0" asserts="0" success="False" result="Failure" executed="True">
                    <failure>
                      <message>This test should run but it did not. Most likely a setup in some parent block failed.</message>
                      <stack-trace />
                    </failure>
                  </test-case>
                  <test-case description="Should skip unavailable commands when requested" name="LabRunner Module Tests.Cross-Platform Command Execution.Should skip unavailable commands when requested" time="0" asserts="0" success="False" result="Failure" executed="True">
                    <failure>
                      <message>This test should run but it did not. Most likely a setup in some parent block failed.</message>
                      <stack-trace />
                    </failure>
                  </test-case>
                  <test-case description="Should throw for unavailable commands by default" name="LabRunner Module Tests.Cross-Platform Command Execution.Should throw for unavailable commands by default" time="0" asserts="0" success="False" result="Failure" executed="True">
                    <failure>
                      <message>This test should run but it did not. Most likely a setup in some parent block failed.</message>
                      <stack-trace />
                    </failure>
                  </test-case>
                </results>
              </test-suite>
              <test-suite type="TestFixture" name="LabRunner Module Tests.Lab Step Execution" executed="True" result="Failure" success="False" time="0" asserts="0" description="LabRunner Module Tests.Lab Step Execution">
                <results>
                  <test-case description="Should execute lab steps with configuration" name="LabRunner Module Tests.Lab Step Execution.Should execute lab steps with configuration" time="0" asserts="0" success="False" result="Failure" executed="True">
                    <failure>
                      <message>This test should run but it did not. Most likely a setup in some parent block failed.</message>
                      <stack-trace />
                    </failure>
                  </test-case>
                  <test-case description="Should handle lab step errors properly" name="LabRunner Module Tests.Lab Step Execution.Should handle lab step errors properly" time="0" asserts="0" success="False" result="Failure" executed="True">
                    <failure>
                      <message>This test should run but it did not. Most likely a setup in some parent block failed.</message>
                      <stack-trace />
                    </failure>
                  </test-case>
                </results>
              </test-suite>
              <test-suite type="TestFixture" name="LabRunner Module Tests.Input and Interaction" executed="True" result="Failure" success="False" time="0" asserts="0" description="LabRunner Module Tests.Input and Interaction">
                <results>
                  <test-case description="Should handle non-interactive input" name="LabRunner Module Tests.Input and Interaction.Should handle non-interactive input" time="0" asserts="0" success="False" result="Failure" executed="True">
                    <failure>
                      <message>This test should run but it did not. Most likely a setup in some parent block failed.</message>
                      <stack-trace />
                    </failure>
                  </test-case>
                  <test-case description="Should handle secure string input in non-interactive mode" name="LabRunner Module Tests.Input and Interaction.Should handle secure string input in non-interactive mode" time="0" asserts="0" success="False" result="Failure" executed="True">
                    <failure>
                      <message>This test should run but it did not. Most likely a setup in some parent block failed.</message>
                      <stack-trace />
                    </failure>
                  </test-case>
                </results>
              </test-suite>
              <test-suite type="TestFixture" name="LabRunner Module Tests.Network and Download Operations" executed="True" result="Failure" success="False" time="0" asserts="0" description="LabRunner Module Tests.Network and Download Operations">
                <results>
                  <test-case description="Should execute web requests with error handling" name="LabRunner Module Tests.Network and Download Operations.Should execute web requests with error handling" time="0" asserts="0" success="False" result="Failure" executed="True">
                    <failure>
                      <message>This test should run but it did not. Most likely a setup in some parent block failed.</message>
                      <stack-trace />
                    </failure>
                  </test-case>
                  <test-case description="Should handle web request failures" name="LabRunner Module Tests.Network and Download Operations.Should handle web request failures" time="0" asserts="0" success="False" result="Failure" executed="True">
                    <failure>
                      <message>This test should run but it did not. Most likely a setup in some parent block failed.</message>
                      <stack-trace />
                    </failure>
                  </test-case>
                </results>
              </test-suite>
              <test-suite type="TestFixture" name="LabRunner Module Tests.Error Handling and Resilience" executed="True" result="Failure" success="False" time="0" asserts="0" description="LabRunner Module Tests.Error Handling and Resilience">
                <results>
                  <test-case description="Should handle module import failures gracefully" name="LabRunner Module Tests.Error Handling and Resilience.Should handle module import failures gracefully" time="0" asserts="0" success="False" result="Failure" executed="True">
                    <failure>
                      <message>This test should run but it did not. Most likely a setup in some parent block failed.</message>
                      <stack-trace />
                    </failure>
                  </test-case>
                  <test-case description="Should provide meaningful error messages" name="LabRunner Module Tests.Error Handling and Resilience.Should provide meaningful error messages" time="0" asserts="0" success="False" result="Failure" executed="True">
                    <failure>
                      <message>This test should run but it did not. Most likely a setup in some parent block failed.</message>
                      <stack-trace />
                    </failure>
                  </test-case>
                </results>
              </test-suite>
            </results>
          </test-suite>
          <test-suite type="TestFixture" name="LabRunner Integration Tests" executed="True" result="Failure" success="False" time="0" asserts="0" description="LabRunner Integration Tests">
            <results>
              <test-suite type="TestFixture" name="LabRunner Integration Tests.Module Integration" executed="True" result="Failure" success="False" time="0" asserts="0" description="LabRunner Integration Tests.Module Integration">
                <results>
                  <test-case description="Should integrate with Logging module when available" name="LabRunner Integration Tests.Module Integration.Should integrate with Logging module when available" time="0" asserts="0" success="False" result="Failure" executed="True">
                    <failure>
                      <message>This test should run but it did not. Most likely a setup in some parent block failed.</message>
                      <stack-trace />
                    </failure>
                  </test-case>
                  <test-case description="Should integrate with ProgressTracking module when available" name="LabRunner Integration Tests.Module Integration.Should integrate with ProgressTracking module when available" time="0" asserts="0" success="False" result="Failure" executed="True">
                    <failure>
                      <message>This test should run but it did not. Most likely a setup in some parent block failed.</message>
                      <stack-trace />
                    </failure>
                  </test-case>
                </results>
              </test-suite>
              <test-suite type="TestFixture" name="LabRunner Integration Tests.Real-World Scenarios" executed="True" result="Failure" success="False" time="0" asserts="0" description="LabRunner Integration Tests.Real-World Scenarios">
                <results>
                  <test-case description="Should handle a complete lab deployment workflow" name="LabRunner Integration Tests.Real-World Scenarios.Should handle a complete lab deployment workflow" time="0" asserts="0" success="False" result="Failure" executed="True">
                    <failure>
                      <message>This test should run but it did not. Most likely a setup in some parent block failed.</message>
                      <stack-trace />
                    </failure>
                  </test-case>
                </results>
              </test-suite>
            </results>
          </test-suite>
          <test-suite type="TestFixture" name="LabRunner Performance Tests" executed="True" result="Failure" success="False" time="0" asserts="0" description="LabRunner Performance Tests">
            <results>
              <test-suite type="TestFixture" name="LabRunner Performance Tests.Performance Metrics" executed="True" result="Failure" success="False" time="0" asserts="0" description="LabRunner Performance Tests.Performance Metrics">
                <results>
                  <test-case description="Should complete parallel support test quickly" name="LabRunner Performance Tests.Performance Metrics.Should complete parallel support test quickly" time="0" asserts="0" success="False" result="Failure" executed="True">
                    <failure>
                      <message>This test should run but it did not. Most likely a setup in some parent block failed.</message>
                      <stack-trace />
                    </failure>
                  </test-case>
                  <test-case description="Should handle multiple concurrent operations efficiently" name="LabRunner Performance Tests.Performance Metrics.Should handle multiple concurrent operations efficiently" time="0" asserts="0" success="False" result="Failure" executed="True">
                    <failure>
                      <message>This test should run but it did not. Most likely a setup in some parent block failed.</message>
                      <stack-trace />
                    </failure>
                  </test-case>
                </results>
              </test-suite>
            </results>
          </test-suite>
        </results>
      </test-suite>
    </results>
  </test-suite>
</test-results>