<?xml version="1.0" encoding="utf-8" standalone="no"?>
<test-results xmlns:xsi="http://www.w3.org/2001/XMLSchema-instance" xsi:noNamespaceSchemaLocation="nunit_schema_2.5.xsd" name="Pester" total="37" errors="0" failures="0" not-run="0" inconclusive="0" ignored="0" skipped="0" invalid="0" date="2025-07-08" time="23:16:12">
  <environment machine-name="codespaces-6c6eb1" user="codespace" nunit-version="2.5.8.0" platform="Linux" os-version="6.8.0-1027-azure" user-domain="" cwd="/workspaces/AitherZero" clr-version="9.0.4" />
  <culture-info current-culture="" current-uiculture="" />
  <test-suite type="TestFixture" name="Pester" executed="True" result="Success" success="True" time="8.7869" asserts="0" description="Pester">
    <results>
      <test-suite type="TestFixture" name="/workspaces/AitherZero/aither-core/modules/SecurityAutomation/tests/SecurityAutomation.Tests.ps1" executed="True" result="Success" success="True" time="8.7869" asserts="0" description="/workspaces/AitherZero/aither-core/modules/SecurityAutomation/tests/SecurityAutomation.Tests.ps1">
        <results>
          <test-suite type="TestFixture" name="SecurityAutomation Module - Core Functionality" executed="True" result="Success" success="True" time="7.6059" asserts="0" description="SecurityAutomation Module - Core Functionality">
            <results>
              <test-suite type="TestFixture" name="SecurityAutomation Module - Core Functionality.Module Import and Structure" executed="True" result="Success" success="True" time="0.1254" asserts="0" description="SecurityAutomation Module - Core Functionality.Module Import and Structure">
                <results>
                  <test-case description="Should import the module successfully" name="SecurityAutomation Module - Core Functionality.Module Import and Structure.Should import the module successfully" time="0.0056" asserts="0" success="True" result="Success" executed="True" />
                  <test-case description="Should export expected Active Directory functions" name="SecurityAutomation Module - Core Functionality.Module Import and Structure.Should export expected Active Directory functions" time="0.0184" asserts="0" success="True" result="Success" executed="True" />
                  <test-case description="Should export expected Certificate Services functions" name="SecurityAutomation Module - Core Functionality.Module Import and Structure.Should export expected Certificate Services functions" time="0.011" asserts="0" success="True" result="Success" executed="True" />
                  <test-case description="Should export expected Endpoint Hardening functions" name="SecurityAutomation Module - Core Functionality.Module Import and Structure.Should export expected Endpoint Hardening functions" time="0.0156" asserts="0" success="True" result="Success" executed="True" />
                  <test-case description="Should export expected Network Security functions" name="SecurityAutomation Module - Core Functionality.Module Import and Structure.Should export expected Network Security functions" time="0.0105" asserts="0" success="True" result="Success" executed="True" />
                  <test-case description="Should export expected Remote Administration functions" name="SecurityAutomation Module - Core Functionality.Module Import and Structure.Should export expected Remote Administration functions" time="0.0152" asserts="0" success="True" result="Success" executed="True" />
                  <test-case description="Should export expected Privileged Access functions" name="SecurityAutomation Module - Core Functionality.Module Import and Structure.Should export expected Privileged Access functions" time="0.0093" asserts="0" success="True" result="Success" executed="True" />
                  <test-case description="Should export expected System Hardening functions" name="SecurityAutomation Module - Core Functionality.Module Import and Structure.Should export expected System Hardening functions" time="0.018" asserts="0" success="True" result="Success" executed="True" />
                  <test-case description="Should require PowerShell 7.0 or higher" name="SecurityAutomation Module - Core Functionality.Module Import and Structure.Should require PowerShell 7.0 or higher" time="0.0041" asserts="0" success="True" result="Success" executed="True" />
                  <test-case description="Should have proper module metadata" name="SecurityAutomation Module - Core Functionality.Module Import and Structure.Should have proper module metadata" time="0.0049" asserts="0" success="True" result="Success" executed="True" />
                </results>
              </test-suite>
              <test-suite type="TestFixture" name="SecurityAutomation Module - Core Functionality.Core Functionality" executed="True" result="Success" success="True" time="4.1928" asserts="0" description="SecurityAutomation Module - Core Functionality.Core Functionality">
                <results>
                  <test-case description="Should load all functions without errors" name="SecurityAutomation Module - Core Functionality.Core Functionality.Should load all functions without errors" time="0.0064" asserts="0" success="True" result="Success" executed="True" />
                  <test-case description="Should provide help for all exported functions" name="SecurityAutomation Module - Core Functionality.Core Functionality.Should provide help for all exported functions" time="2.9917" asserts="0" success="True" result="Success" executed="True" />
                  <test-case description="Should integrate with AitherZero logging system" name="SecurityAutomation Module - Core Functionality.Core Functionality.Should integrate with AitherZero logging system" time="0.0075" asserts="0" success="True" result="Success" executed="True" />
                  <test-case description="Should handle platform-specific functions appropriately" name="SecurityAutomation Module - Core Functionality.Core Functionality.Should handle platform-specific functions appropriately" time="1.0536" asserts="0" success="True" result="Success" executed="True" />
                </results>
              </test-suite>
              <test-suite type="TestFixture" name="SecurityAutomation Module - Core Functionality.Error Handling" executed="True" result="Success" success="True" time="5.8146" asserts="0" description="SecurityAutomation Module - Core Functionality.Error Handling">
                <results>
                  <test-case description="Should handle missing parameters gracefully" name="SecurityAutomation Module - Core Functionality.Error Handling.Should handle missing parameters gracefully" time="1.5781" asserts="0" success="True" result="Success" executed="True" />
                  <test-case description="Should validate input parameters" name="SecurityAutomation Module - Core Functionality.Error Handling.Should validate input parameters" time="0.017" asserts="0" success="True" result="Success" executed="True" />
                </results>
              </test-suite>
              <test-suite type="TestFixture" name="SecurityAutomation Module - Core Functionality.Security-Specific Functionality" executed="True" result="Success" success="True" time="6.1774" asserts="0" description="SecurityAutomation Module - Core Functionality.Security-Specific Functionality">
                <results>
                  <test-case description="Should support Windows-specific security features" name="SecurityAutomation Module - Core Functionality.Security-Specific Functionality.Should support Windows-specific security features" time="0.1991" asserts="0" success="True" result="Success" executed="True" />
                  <test-case description="Should support cross-platform security features where applicable" name="SecurityAutomation Module - Core Functionality.Security-Specific Functionality.Should support cross-platform security features where applicable" time="0.156" asserts="0" success="True" result="Success" executed="True" />
                </results>
              </test-suite>
              <test-suite type="TestFixture" name="SecurityAutomation Module - Core Functionality.Integration with AitherZero Framework" executed="True" result="Success" success="True" time="7.4588" asserts="0" description="SecurityAutomation Module - Core Functionality.Integration with AitherZero Framework">
                <results>
                  <test-case description="Should integrate with logging system" name="SecurityAutomation Module - Core Functionality.Integration with AitherZero Framework.Should integrate with logging system" time="0.0227" asserts="0" success="True" result="Success" executed="True" />
                  <test-case description="Should handle configuration properly" name="SecurityAutomation Module - Core Functionality.Integration with AitherZero Framework.Should handle configuration properly" time="0.0041" asserts="0" success="True" result="Success" executed="True" />
                  <test-case description="Should support appropriate error handling patterns" name="SecurityAutomation Module - Core Functionality.Integration with AitherZero Framework.Should support appropriate error handling patterns" time="1.2468" asserts="0" success="True" result="Success" executed="True" />
                </results>
              </test-suite>
              <test-suite type="TestFixture" name="SecurityAutomation Module - Core Functionality.Performance and Reliability" executed="True" result="Success" success="True" time="7.6003" asserts="0" description="SecurityAutomation Module - Core Functionality.Performance and Reliability">
                <results>
                  <test-case description="Should load within acceptable time limits" name="SecurityAutomation Module - Core Functionality.Performance and Reliability.Should load within acceptable time limits" time="0.0675" asserts="0" success="True" result="Success" executed="True" />
                  <test-case description="Should handle concurrent operations safely" name="SecurityAutomation Module - Core Functionality.Performance and Reliability.Should handle concurrent operations safely" time="0.0619" asserts="0" success="True" result="Success" executed="True" />
                  <test-case description="Should gracefully handle resource constraints" name="SecurityAutomation Module - Core Functionality.Performance and Reliability.Should gracefully handle resource constraints" time="0.0047" asserts="0" success="True" result="Success" executed="True" />
                </results>
              </test-suite>
            </results>
          </test-suite>
          <test-suite type="TestFixture" name="SecurityAutomation Module - Advanced Security Scenarios" executed="True" result="Success" success="True" time="8.2352" asserts="0" description="SecurityAutomation Module - Advanced Security Scenarios">
            <results>
              <test-suite type="TestFixture" name="SecurityAutomation Module - Advanced Security Scenarios.Active Directory Security" executed="True" result="Success" success="True" time="0.0781" asserts="0" description="SecurityAutomation Module - Advanced Security Scenarios.Active Directory Security">
                <results>
                  <test-case description="Should provide AD security assessment capabilities" name="SecurityAutomation Module - Advanced Security Scenarios.Active Directory Security.Should provide AD security assessment capabilities" time="0.0419" asserts="0" success="True" result="Success" executed="True" />
                  <test-case description="Should support password policy configuration" name="SecurityAutomation Module - Advanced Security Scenarios.Active Directory Security.Should support password policy configuration" time="0.0307" asserts="0" success="True" result="Success" executed="True" />
                </results>
              </test-suite>
              <test-suite type="TestFixture" name="SecurityAutomation Module - Advanced Security Scenarios.Certificate Services" executed="True" result="Success" success="True" time="0.189" asserts="0" description="SecurityAutomation Module - Advanced Security Scenarios.Certificate Services">
                <results>
                  <test-case description="Should provide PKI health testing" name="SecurityAutomation Module - Advanced Security Scenarios.Certificate Services.Should provide PKI health testing" time="0.0524" asserts="0" success="True" result="Success" executed="True" />
                  <test-case description="Should support certificate template management" name="SecurityAutomation Module - Advanced Security Scenarios.Certificate Services.Should support certificate template management" time="0.0529" asserts="0" success="True" result="Success" executed="True" />
                </results>
              </test-suite>
              <test-suite type="TestFixture" name="SecurityAutomation Module - Advanced Security Scenarios.Endpoint Hardening" executed="True" result="Success" success="True" time="0.2873" asserts="0" description="SecurityAutomation Module - Advanced Security Scenarios.Endpoint Hardening">
                <results>
                  <test-case description="Should support firewall profile configuration" name="SecurityAutomation Module - Advanced Security Scenarios.Endpoint Hardening.Should support firewall profile configuration" time="0.0348" asserts="0" success="True" result="Success" executed="True" />
                  <test-case description="Should support advanced audit policy configuration" name="SecurityAutomation Module - Advanced Security Scenarios.Endpoint Hardening.Should support advanced audit policy configuration" time="0.0571" asserts="0" success="True" result="Success" executed="True" />
                </results>
              </test-suite>
              <test-suite type="TestFixture" name="SecurityAutomation Module - Advanced Security Scenarios.Network Security" executed="True" result="Success" success="True" time="0.3698" asserts="0" description="SecurityAutomation Module - Advanced Security Scenarios.Network Security">
                <results>
                  <test-case description="Should support IPsec policy configuration" name="SecurityAutomation Module - Advanced Security Scenarios.Network Security.Should support IPsec policy configuration" time="0.0437" asserts="0" success="True" result="Success" executed="True" />
                  <test-case description="Should support DNS security configuration" name="SecurityAutomation Module - Advanced Security Scenarios.Network Security.Should support DNS security configuration" time="0.0337" asserts="0" success="True" result="Success" executed="True" />
                </results>
              </test-suite>
              <test-suite type="TestFixture" name="SecurityAutomation Module - Advanced Security Scenarios.Remote Administration Security" executed="True" result="Success" success="True" time="0.4487" asserts="0" description="SecurityAutomation Module - Advanced Security Scenarios.Remote Administration Security">
                <results>
                  <test-case description="Should support secure PowerShell remoting" name="SecurityAutomation Module - Advanced Security Scenarios.Remote Administration Security.Should support secure PowerShell remoting" time="0.0309" asserts="0" success="True" result="Success" executed="True" />
                  <test-case description="Should support JEA endpoint creation" name="SecurityAutomation Module - Advanced Security Scenarios.Remote Administration Security.Should support JEA endpoint creation" time="0.0424" asserts="0" success="True" result="Success" executed="True" />
                </results>
              </test-suite>
              <test-suite type="TestFixture" name="SecurityAutomation Module - Advanced Security Scenarios.System Monitoring and Inventory" executed="True" result="Success" success="True" time="0.5314" asserts="0" description="SecurityAutomation Module - Advanced Security Scenarios.System Monitoring and Inventory">
                <results>
                  <test-case description="Should provide system security inventory" name="SecurityAutomation Module - Advanced Security Scenarios.System Monitoring and Inventory.Should provide system security inventory" time="0.0431" asserts="0" success="True" result="Success" executed="True" />
                  <test-case description="Should support security event searching" name="SecurityAutomation Module - Advanced Security Scenarios.System Monitoring and Inventory.Should support security event searching" time="0.0342" asserts="0" success="True" result="Success" executed="True" />
                </results>
              </test-suite>
              <test-suite type="TestFixture" name="SecurityAutomation Module - Advanced Security Scenarios.Regression Testing" executed="True" result="Success" success="True" time="0.6242" asserts="0" description="SecurityAutomation Module - Advanced Security Scenarios.Regression Testing">
                <results>
                  <test-case description="Should not regress existing functionality" name="SecurityAutomation Module - Advanced Security Scenarios.Regression Testing.Should not regress existing functionality" time="0.0875" asserts="0" success="True" result="Success" executed="True" />
                </results>
              </test-suite>
            </results>
          </test-suite>
        </results>
      </test-suite>
    </results>
  </test-suite>
</test-results>