<?xml version="1.0" encoding="utf-8" standalone="no"?>
<test-results xmlns:xsi="http://www.w3.org/2001/XMLSchema-instance" xsi:noNamespaceSchemaLocation="nunit_schema_2.5.xsd" name="Pester" total="22" errors="0" failures="11" not-run="0" inconclusive="0" ignored="0" skipped="0" invalid="0" date="2025-07-08" time="16:49:57">
  <environment cwd="/workspaces/AitherZero" machine-name="codespaces-6c6eb1" user="codespace" user-domain="" os-version="6.8.0-1027-azure" platform="Linux" clr-version="9.0.4" nunit-version="2.5.8.0" />
  <culture-info current-culture="" current-uiculture="" />
  <test-suite type="TestFixture" name="Pester" executed="True" result="Failure" success="False" time="2.0493" asserts="0" description="Pester">
    <results>
      <test-suite type="TestFixture" name="/workspaces/AitherZero/aither-core/modules/SystemMonitoring/tests/SystemMonitoring.Tests.ps1" executed="True" result="Failure" success="False" time="2.0493" asserts="0" description="/workspaces/AitherZero/aither-core/modules/SystemMonitoring/tests/SystemMonitoring.Tests.ps1">
        <results>
          <test-suite type="TestFixture" name="SystemMonitoring Management Module - Core Functionality" executed="True" result="Failure" success="False" time="0.6951" asserts="0" description="SystemMonitoring Management Module - Core Functionality">
            <results>
              <test-suite type="TestFixture" name="SystemMonitoring Management Module - Core Functionality.Module Import and Structure" executed="True" result="Failure" success="False" time="0.0213" asserts="0" description="SystemMonitoring Management Module - Core Functionality.Module Import and Structure">
                <results>
                  <test-case description="Should import the management module successfully" name="SystemMonitoring Management Module - Core Functionality.Module Import and Structure.Should import the management module successfully" time="0.0066" asserts="0" success="True" result="Success" executed="True" />
                  <test-case description="Should export management functions" name="SystemMonitoring Management Module - Core Functionality.Module Import and Structure.Should export management functions" time="0.0102" asserts="0" success="False" result="Failure" executed="True">
                    <failure>
                      <message>Expected a value, because Management module should export management-related functions, but got $null or empty.</message>
                      <stack-trace>at $foundFunctions | Should -Not -BeNullOrEmpty -Because "Management module should export management-related functions", /workspaces/AitherZero/aither-core/modules/SystemMonitoring/tests/SystemMonitoring.Tests.ps1:77
at &lt;ScriptBlock&gt;, /workspaces/AitherZero/aither-core/modules/SystemMonitoring/tests/SystemMonitoring.Tests.ps1:77</stack-trace>
                    </failure>
                  </test-case>
                </results>
              </test-suite>
              <test-suite type="TestFixture" name="SystemMonitoring Management Module - Core Functionality.Resource Management Operations" executed="True" result="Failure" success="False" time="0.2089" asserts="0" description="SystemMonitoring Management Module - Core Functionality.Resource Management Operations">
                <results>
                  <test-case description="Should initialize management state properly" name="SystemMonitoring Management Module - Core Functionality.Resource Management Operations.Should initialize management state properly" time="0.0654" asserts="0" success="False" result="Failure" executed="True">
                    <failure>
                      <message>Expected no exception to be thrown, but an exception "The term 'Start-SystemMonitoringManagement' is not recognized as a name of a cmdlet, function, script file, or executable program.
Check the spelling of the name, or if a path was included, verify that the path is correct and try again." was thrown from /workspaces/AitherZero/aither-core/modules/SystemMonitoring/tests/SystemMonitoring.Tests.ps1:84 char:15
    +             { Start-SystemMonitoringManagement -TestMode } | Should - …
    +               ~~~~~~~~~~~~~~~~~~~~~~~~~~~~~~~~.</message>
                      <stack-trace>at { Start-SystemMonitoringManagement -TestMode } | Should -Not -Throw, /workspaces/AitherZero/aither-core/modules/SystemMonitoring/tests/SystemMonitoring.Tests.ps1:84
at &lt;ScriptBlock&gt;, /workspaces/AitherZero/aither-core/modules/SystemMonitoring/tests/SystemMonitoring.Tests.ps1:84</stack-trace>
                    </failure>
                  </test-case>
                  <test-case description="Should track resource state accurately" name="SystemMonitoring Management Module - Core Functionality.Resource Management Operations.Should track resource state accurately" time="0.0334" asserts="0" success="False" result="Failure" executed="True">
                    <failure>
                      <message>CommandNotFoundException: The term 'Get-SystemMonitoringStatus' is not recognized as a name of a cmdlet, function, script file, or executable program.
Check the spelling of the name, or if a path was included, verify that the path is correct and try again.</message>
                      <stack-trace>at &lt;ScriptBlock&gt;, /workspaces/AitherZero/aither-core/modules/SystemMonitoring/tests/SystemMonitoring.Tests.ps1:89</stack-trace>
                    </failure>
                  </test-case>
                  <test-case description="Should handle configuration changes safely" name="SystemMonitoring Management Module - Core Functionality.Resource Management Operations.Should handle configuration changes safely" time="0.0385" asserts="0" success="False" result="Failure" executed="True">
                    <failure>
                      <message>Expected no exception to be thrown, but an exception "The term 'Set-SystemMonitoringConfiguration' is not recognized as a name of a cmdlet, function, script file, or executable program.
Check the spelling of the name, or if a path was included, verify that the path is correct and try again." was thrown from /workspaces/AitherZero/aither-core/modules/SystemMonitoring/tests/SystemMonitoring.Tests.ps1:97 char:15
    +             { Set-SystemMonitoringConfiguration -Configuration $testC …
    +               ~~~~~~~~~~~~~~~~~~~~~~~~~~~~~~~~~.</message>
                      <stack-trace>at { Set-SystemMonitoringConfiguration -Configuration $testConfig } | Should -Not -Throw, /workspaces/AitherZero/aither-core/modules/SystemMonitoring/tests/SystemMonitoring.Tests.ps1:97
at &lt;ScriptBlock&gt;, /workspaces/AitherZero/aither-core/modules/SystemMonitoring/tests/SystemMonitoring.Tests.ps1:97</stack-trace>
                    </failure>
                  </test-case>
                  <test-case description="Should execute operations with proper validation" name="SystemMonitoring Management Module - Core Functionality.Resource Management Operations.Should execute operations with proper validation" time="0.0458" asserts="0" success="False" result="Failure" executed="True">
                    <failure>
                      <message>CommandNotFoundException: The term 'Invoke-SystemMonitoringOperation' is not recognized as a name of a cmdlet, function, script file, or executable program.
Check the spelling of the name, or if a path was included, verify that the path is correct and try again.</message>
                      <stack-trace>at &lt;ScriptBlock&gt;, /workspaces/AitherZero/aither-core/modules/SystemMonitoring/tests/SystemMonitoring.Tests.ps1:102</stack-trace>
                    </failure>
                  </test-case>
                </results>
              </test-suite>
              <test-suite type="TestFixture" name="SystemMonitoring Management Module - Core Functionality.State Management and Persistence" executed="True" result="Failure" success="False" time="0.2962" asserts="0" description="SystemMonitoring Management Module - Core Functionality.State Management and Persistence">
                <results>
                  <test-case description="Should maintain consistent state across operations" name="SystemMonitoring Management Module - Core Functionality.State Management and Persistence.Should maintain consistent state across operations" time="0.035" asserts="0" success="False" result="Failure" executed="True">
                    <failure>
                      <message>CommandNotFoundException: The term 'Get-SystemMonitoringStatus' is not recognized as a name of a cmdlet, function, script file, or executable program.
Check the spelling of the name, or if a path was included, verify that the path is correct and try again.</message>
                      <stack-trace>at &lt;ScriptBlock&gt;, /workspaces/AitherZero/aither-core/modules/SystemMonitoring/tests/SystemMonitoring.Tests.ps1:110</stack-trace>
                    </failure>
                  </test-case>
                  <test-case description="Should persist state information properly" name="SystemMonitoring Management Module - Core Functionality.State Management and Persistence.Should persist state information properly" time="0.0447" asserts="0" success="False" result="Failure" executed="True">
                    <failure>
                      <message>CommandNotFoundException: The term 'Export-SystemMonitoringState' is not recognized as a name of a cmdlet, function, script file, or executable program.
Check the spelling of the name, or if a path was included, verify that the path is correct and try again.</message>
                      <stack-trace>at &lt;ScriptBlock&gt;, /workspaces/AitherZero/aither-core/modules/SystemMonitoring/tests/SystemMonitoring.Tests.ps1:120</stack-trace>
                    </failure>
                  </test-case>
                  <test-case description="Should restore state from persistence" name="SystemMonitoring Management Module - Core Functionality.State Management and Persistence.Should restore state from persistence" time="0.0032" asserts="0" success="True" result="Success" executed="True" />
                </results>
              </test-suite>
              <test-suite type="TestFixture" name="SystemMonitoring Management Module - Core Functionality.Error Handling and Recovery" executed="True" result="Success" success="True" time="0.4788" asserts="0" description="SystemMonitoring Management Module - Core Functionality.Error Handling and Recovery">
                <results>
                  <test-case description="Should handle invalid operations gracefully" name="SystemMonitoring Management Module - Core Functionality.Error Handling and Recovery.Should handle invalid operations gracefully" time="0.0319" asserts="0" success="True" result="Success" executed="True" />
                  <test-case description="Should provide meaningful error messages" name="SystemMonitoring Management Module - Core Functionality.Error Handling and Recovery.Should provide meaningful error messages" time="0.0333" asserts="0" success="True" result="Success" executed="True" />
                  <test-case description="Should support rollback operations when possible" name="SystemMonitoring Management Module - Core Functionality.Error Handling and Recovery.Should support rollback operations when possible" time="0.113" asserts="0" success="True" result="Success" executed="True" />
                </results>
              </test-suite>
              <test-suite type="TestFixture" name="SystemMonitoring Management Module - Core Functionality.Event Coordination and Workflow" executed="True" result="Failure" success="False" time="0.6905" asserts="0" description="SystemMonitoring Management Module - Core Functionality.Event Coordination and Workflow">
                <results>
                  <test-case description="Should publish management events" name="SystemMonitoring Management Module - Core Functionality.Event Coordination and Workflow.Should publish management events" time="0.0731" asserts="0" success="True" result="Success" executed="True" />
                  <test-case description="Should coordinate with other management modules" name="SystemMonitoring Management Module - Core Functionality.Event Coordination and Workflow.Should coordinate with other management modules" time="0.0493" asserts="0" success="False" result="Failure" executed="True">
                    <failure>
                      <message>CommandNotFoundException: The term 'Test-SystemMonitoringCoordination' is not recognized as a name of a cmdlet, function, script file, or executable program.
Check the spelling of the name, or if a path was included, verify that the path is correct and try again.</message>
                      <stack-trace>at &lt;ScriptBlock&gt;, /workspaces/AitherZero/aither-core/modules/SystemMonitoring/tests/SystemMonitoring.Tests.ps1:168</stack-trace>
                    </failure>
                  </test-case>
                  <test-case description="Should handle workflow execution properly" name="SystemMonitoring Management Module - Core Functionality.Event Coordination and Workflow.Should handle workflow execution properly" time="0.0847" asserts="0" success="True" result="Success" executed="True" />
                </results>
              </test-suite>
            </results>
          </test-suite>
          <test-suite type="TestFixture" name="SystemMonitoring Management Module - Advanced Scenarios" executed="True" result="Failure" success="False" time="1.7704" asserts="0" description="SystemMonitoring Management Module - Advanced Scenarios">
            <results>
              <test-suite type="TestFixture" name="SystemMonitoring Management Module - Advanced Scenarios.Concurrent Operations" executed="True" result="Failure" success="False" time="0.6464" asserts="0" description="SystemMonitoring Management Module - Advanced Scenarios.Concurrent Operations">
                <results>
                  <test-case description="Should handle multiple concurrent management requests" name="SystemMonitoring Management Module - Advanced Scenarios.Concurrent Operations.Should handle multiple concurrent management requests" time="0.6112" asserts="0" success="False" result="Failure" executed="True">
                    <failure>
                      <message>Expected a collection with size 3, but got an empty collection.</message>
                      <stack-trace>at $results | Should -HaveCount 3, /workspaces/AitherZero/aither-core/modules/SystemMonitoring/tests/SystemMonitoring.Tests.ps1:197
at &lt;ScriptBlock&gt;, /workspaces/AitherZero/aither-core/modules/SystemMonitoring/tests/SystemMonitoring.Tests.ps1:197</stack-trace>
                    </failure>
                  </test-case>
                  <test-case description="Should maintain consistency under concurrent access" name="SystemMonitoring Management Module - Advanced Scenarios.Concurrent Operations.Should maintain consistency under concurrent access" time="0.0308" asserts="0" success="False" result="Failure" executed="True">
                    <failure>
                      <message>CommandNotFoundException: The term 'Get-SystemMonitoringStatus' is not recognized as a name of a cmdlet, function, script file, or executable program.
Check the spelling of the name, or if a path was included, verify that the path is correct and try again.</message>
                      <stack-trace>at &lt;ScriptBlock&gt;, /workspaces/AitherZero/aither-core/modules/SystemMonitoring/tests/SystemMonitoring.Tests.ps1:202</stack-trace>
                    </failure>
                  </test-case>
                </results>
              </test-suite>
              <test-suite type="TestFixture" name="SystemMonitoring Management Module - Advanced Scenarios.Performance and Scalability" executed="True" result="Failure" success="False" time="0.7855" asserts="0" description="SystemMonitoring Management Module - Advanced Scenarios.Performance and Scalability">
                <results>
                  <test-case description="Should execute management operations within acceptable time limits" name="SystemMonitoring Management Module - Advanced Scenarios.Performance and Scalability.Should execute management operations within acceptable time limits" time="0.0387" asserts="0" success="False" result="Failure" executed="True">
                    <failure>
                      <message>CommandNotFoundException: The term 'Get-SystemMonitoringStatus' is not recognized as a name of a cmdlet, function, script file, or executable program.
Check the spelling of the name, or if a path was included, verify that the path is correct and try again.</message>
                      <stack-trace>at &lt;ScriptBlock&gt;, /workspaces/AitherZero/aither-core/modules/SystemMonitoring/tests/SystemMonitoring.Tests.ps1:213</stack-trace>
                    </failure>
                  </test-case>
                  <test-case description="Should handle large-scale operations efficiently" name="SystemMonitoring Management Module - Advanced Scenarios.Performance and Scalability.Should handle large-scale operations efficiently" time="0.0953" asserts="0" success="True" result="Success" executed="True" />
                </results>
              </test-suite>
              <test-suite type="TestFixture" name="SystemMonitoring Management Module - Advanced Scenarios.Integration with AitherZero Framework" executed="True" result="Success" success="True" time="1.0713" asserts="0" description="SystemMonitoring Management Module - Advanced Scenarios.Integration with AitherZero Framework">
                <results>
                  <test-case description="Should integrate with centralized logging" name="SystemMonitoring Management Module - Advanced Scenarios.Integration with AitherZero Framework.Should integrate with centralized logging" time="0.0046" asserts="0" success="True" result="Success" executed="True" />
                  <test-case description="Should respect framework configuration" name="SystemMonitoring Management Module - Advanced Scenarios.Integration with AitherZero Framework.Should respect framework configuration" time="0.1154" asserts="0" success="True" result="Success" executed="True" />
                  <test-case description="Should support framework-wide operations" name="SystemMonitoring Management Module - Advanced Scenarios.Integration with AitherZero Framework.Should support framework-wide operations" time="0.148" asserts="0" success="True" result="Success" executed="True" />
                </results>
              </test-suite>
            </results>
          </test-suite>
        </results>
      </test-suite>
    </results>
  </test-suite>
</test-results>