<?xml version="1.0" encoding="utf-8" standalone="no"?>
<test-results xmlns:xsi="http://www.w3.org/2001/XMLSchema-instance" xsi:noNamespaceSchemaLocation="nunit_schema_2.5.xsd" name="Pester" total="32" errors="0" failures="4" not-run="0" inconclusive="0" ignored="0" skipped="0" invalid="0" date="2025-07-10" time="15:52:25">
  <environment os-version="6.8.0-1027-azure" user="codespace" clr-version="9.0.4" user-domain="" cwd="/workspaces/AitherZero" nunit-version="2.5.8.0" machine-name="codespaces-6c6eb1" platform="Linux" />
  <culture-info current-culture="" current-uiculture="" />
  <test-suite type="TestFixture" name="Pester" executed="True" result="Failure" success="False" time="9.811" asserts="0" description="Pester">
    <results>
      <test-suite type="TestFixture" name="/workspaces/AitherZero/aither-core/modules/PatchManager/tests/PatchManager.Tests.ps1" executed="True" result="Failure" success="False" time="9.811" asserts="0" description="/workspaces/AitherZero/aither-core/modules/PatchManager/tests/PatchManager.Tests.ps1">
        <results>
          <test-suite type="TestFixture" name="PatchManager v3.0 Module Tests" executed="True" result="Failure" success="False" time="9.415" asserts="0" description="PatchManager v3.0 Module Tests">
            <results>
              <test-suite type="TestFixture" name="PatchManager v3.0 Module Tests.Module Loading and Initialization" executed="True" result="Success" success="True" time="0.579" asserts="0" description="PatchManager v3.0 Module Tests.Module Loading and Initialization">
                <results>
                  <test-case description="Should load the module successfully" name="PatchManager v3.0 Module Tests.Module Loading and Initialization.Should load the module successfully" time="0.1239" asserts="0" success="True" result="Success" executed="True" />
                  <test-case description="Should export all expected v3.0 functions" name="PatchManager v3.0 Module Tests.Module Loading and Initialization.Should export all expected v3.0 functions" time="0.2311" asserts="0" success="True" result="Success" executed="True" />
                  <test-case description="Should maintain backward compatibility with legacy functions" name="PatchManager v3.0 Module Tests.Module Loading and Initialization.Should maintain backward compatibility with legacy functions" time="0.1905" asserts="0" success="True" result="Success" executed="True" />
                </results>
              </test-suite>
              <test-suite type="TestFixture" name="PatchManager v3.0 Module Tests.Smart Operation Mode Detection" executed="True" result="Success" success="True" time="1.2782" asserts="0" description="PatchManager v3.0 Module Tests.Smart Operation Mode Detection">
                <results>
                  <test-case description="Should detect Simple mode for low-risk operations" name="PatchManager v3.0 Module Tests.Smart Operation Mode Detection.Should detect Simple mode for low-risk operations" time="0.2659" asserts="0" success="True" result="Success" executed="True" />
                  <test-case description="Should detect Standard mode for normal operations" name="PatchManager v3.0 Module Tests.Smart Operation Mode Detection.Should detect Standard mode for normal operations" time="0.1402" asserts="0" success="True" result="Success" executed="True" />
                  <test-case description="Should detect high-risk operations requiring PR review" name="PatchManager v3.0 Module Tests.Smart Operation Mode Detection.Should detect high-risk operations requiring PR review" time="0.1754" asserts="0" success="True" result="Success" executed="True" />
                  <test-case description="Should provide confidence scores and reasoning" name="PatchManager v3.0 Module Tests.Smart Operation Mode Detection.Should provide confidence scores and reasoning" time="0.11" asserts="0" success="True" result="Success" executed="True" />
                </results>
              </test-suite>
              <test-suite type="TestFixture" name="PatchManager v3.0 Module Tests.Atomic Operations Framework" executed="True" result="Failure" success="False" time="2.4487" asserts="0" description="PatchManager v3.0 Module Tests.Atomic Operations Framework">
                <results>
                  <test-case description="Should execute simple operations atomically" name="PatchManager v3.0 Module Tests.Atomic Operations Framework.Should execute simple operations atomically" time="0.2964" asserts="0" success="True" result="Success" executed="True" />
                  <test-case description="Should validate pre-conditions before execution" name="PatchManager v3.0 Module Tests.Atomic Operations Framework.Should validate pre-conditions before execution" time="0.1757" asserts="0" success="True" result="Success" executed="True" />
                  <test-case description="Should detect merge conflicts and prevent execution" name="PatchManager v3.0 Module Tests.Atomic Operations Framework.Should detect merge conflicts and prevent execution" time="0.389" asserts="0" success="False" result="Failure" executed="True">
                    <failure>
                      <message>Expected $false, but got $true.</message>
                      <stack-trace>at $Result.Success | Should -Be $false, /workspaces/AitherZero/aither-core/modules/PatchManager/tests/PatchManager.Tests.ps1:141
at &lt;ScriptBlock&gt;, /workspaces/AitherZero/aither-core/modules/PatchManager/tests/PatchManager.Tests.ps1:141</stack-trace>
                    </failure>
                  </test-case>
                  <test-case description="Should capture initial state and provide rollback context" name="PatchManager v3.0 Module Tests.Atomic Operations Framework.Should capture initial state and provide rollback context" time="0.2941" asserts="0" success="True" result="Success" executed="True" />
                </results>
              </test-suite>
              <test-suite type="TestFixture" name="PatchManager v3.0 Module Tests.Patch Creation Workflows" executed="True" result="Success" success="True" time="3.5018" asserts="0" description="PatchManager v3.0 Module Tests.Patch Creation Workflows">
                <results>
                  <test-case description="Should create patches in dry-run mode without making changes" name="PatchManager v3.0 Module Tests.Patch Creation Workflows.Should create patches in dry-run mode without making changes" time="0.5122" asserts="0" success="True" result="Success" executed="True" />
                  <test-case description="Should respect user mode preferences" name="PatchManager v3.0 Module Tests.Patch Creation Workflows.Should respect user mode preferences" time="0.0476" asserts="0" success="True" result="Success" executed="True" />
                  <test-case description="Should apply smart recommendations when mode is Auto" name="PatchManager v3.0 Module Tests.Patch Creation Workflows.Should apply smart recommendations when mode is Auto" time="0.4868" asserts="0" success="True" result="Success" executed="True" />
                </results>
              </test-suite>
              <test-suite type="TestFixture" name="PatchManager v3.0 Module Tests.Feature Development Workflow" executed="True" result="Failure" success="False" time="4.1828" asserts="0" description="PatchManager v3.0 Module Tests.Feature Development Workflow">
                <results>
                  <test-case description="Should create feature branches with proper naming" name="PatchManager v3.0 Module Tests.Feature Development Workflow.Should create feature branches with proper naming" time="0.3239" asserts="0" success="True" result="Success" executed="True" />
                  <test-case description="Should automatically enable PR creation for features" name="PatchManager v3.0 Module Tests.Feature Development Workflow.Should automatically enable PR creation for features" time="0.3509" asserts="0" success="False" result="Failure" executed="True">
                    <failure>
                      <message>Expected $true, but got $null.</message>
                      <stack-trace>at $Result.Result.ShouldCreatePR | Should -Be $true, /workspaces/AitherZero/aither-core/modules/PatchManager/tests/PatchManager.Tests.ps1:201
at &lt;ScriptBlock&gt;, /workspaces/AitherZero/aither-core/modules/PatchManager/tests/PatchManager.Tests.ps1:201</stack-trace>
                    </failure>
                  </test-case>
                </results>
              </test-suite>
              <test-suite type="TestFixture" name="PatchManager v3.0 Module Tests.Quick Fix Workflow" executed="True" result="Success" success="True" time="4.8735" asserts="0" description="PatchManager v3.0 Module Tests.Quick Fix Workflow">
                <results>
                  <test-case description="Should handle simple fixes efficiently" name="PatchManager v3.0 Module Tests.Quick Fix Workflow.Should handle simple fixes efficiently" time="0.3447" asserts="0" success="True" result="Success" executed="True" />
                  <test-case description="Should use appropriate mode for quick fixes" name="PatchManager v3.0 Module Tests.Quick Fix Workflow.Should use appropriate mode for quick fixes" time="0.3393" asserts="0" success="True" result="Success" executed="True" />
                </results>
              </test-suite>
              <test-suite type="TestFixture" name="PatchManager v3.0 Module Tests.Hotfix Workflow" executed="True" result="Failure" success="False" time="5.5649" asserts="0" description="PatchManager v3.0 Module Tests.Hotfix Workflow">
                <results>
                  <test-case description="Should handle emergency fixes with high priority" name="PatchManager v3.0 Module Tests.Hotfix Workflow.Should handle emergency fixes with high priority" time="0.3302" asserts="0" success="False" result="Failure" executed="True">
                    <failure>
                      <message>Expected $true, but got $null.</message>
                      <stack-trace>at $Result.Result.ShouldCreatePR | Should -Be $true, /workspaces/AitherZero/aither-core/modules/PatchManager/tests/PatchManager.Tests.ps1:238
at &lt;ScriptBlock&gt;, /workspaces/AitherZero/aither-core/modules/PatchManager/tests/PatchManager.Tests.ps1:238</stack-trace>
                    </failure>
                  </test-case>
                  <test-case description="Should prioritize hotfixes appropriately" name="PatchManager v3.0 Module Tests.Hotfix Workflow.Should prioritize hotfixes appropriately" time="0.3535" asserts="0" success="True" result="Success" executed="True" />
                </results>
              </test-suite>
              <test-suite type="TestFixture" name="PatchManager v3.0 Module Tests.Git Repository Integration" executed="True" result="Success" success="True" time="6.165" asserts="0" description="PatchManager v3.0 Module Tests.Git Repository Integration">
                <results>
                  <test-case description="Should detect git repository information correctly" name="PatchManager v3.0 Module Tests.Git Repository Integration.Should detect git repository information correctly" time="0.0971" asserts="0" success="True" result="Success" executed="True" />
                  <test-case description="Should handle branch operations safely" name="PatchManager v3.0 Module Tests.Git Repository Integration.Should handle branch operations safely" time="0.4199" asserts="0" success="True" result="Success" executed="True" />
                  <test-case description="Should detect uncommitted changes appropriately" name="PatchManager v3.0 Module Tests.Git Repository Integration.Should detect uncommitted changes appropriately" time="0.0774" asserts="0" success="True" result="Success" executed="True" />
                </results>
              </test-suite>
              <test-suite type="TestFixture" name="PatchManager v3.0 Module Tests.Error Handling and Recovery" executed="True" result="Failure" success="False" time="6.5047" asserts="0" description="PatchManager v3.0 Module Tests.Error Handling and Recovery">
                <results>
                  <test-case description="Should handle invalid operations gracefully" name="PatchManager v3.0 Module Tests.Error Handling and Recovery.Should handle invalid operations gracefully" time="0.1566" asserts="0" success="True" result="Success" executed="True" />
                  <test-case description="Should provide meaningful error messages" name="PatchManager v3.0 Module Tests.Error Handling and Recovery.Should provide meaningful error messages" time="0.0171" asserts="0" success="False" result="Failure" executed="True">
                    <failure>
                      <message>ValidationMetadataException: The argument is null or empty. Provide an argument that is not null or empty, and then try the command again.
ParameterBindingValidationException: Cannot validate argument on parameter 'Description'. The argument is null or empty. Provide an argument that is not null or empty, and then try the command again.</message>
                      <stack-trace>at &lt;ScriptBlock&gt;, /workspaces/AitherZero/aither-core/modules/PatchManager/tests/PatchManager.Tests.ps1:297</stack-trace>
                    </failure>
                  </test-case>
                  <test-case description="Should maintain repository state on failure" name="PatchManager v3.0 Module Tests.Error Handling and Recovery.Should maintain repository state on failure" time="0.1611" asserts="0" success="True" result="Success" executed="True" />
                </results>
              </test-suite>
              <test-suite type="TestFixture" name="PatchManager v3.0 Module Tests.Performance and Efficiency" executed="True" result="Success" success="True" time="7.3379" asserts="0" description="PatchManager v3.0 Module Tests.Performance and Efficiency">
                <results>
                  <test-case description="Should complete operations within reasonable time" name="PatchManager v3.0 Module Tests.Performance and Efficiency.Should complete operations within reasonable time" time="0.4175" asserts="0" success="True" result="Success" executed="True" />
                  <test-case description="Should provide timing information" name="PatchManager v3.0 Module Tests.Performance and Efficiency.Should provide timing information" time="0.4092" asserts="0" success="True" result="Success" executed="True" />
                </results>
              </test-suite>
              <test-suite type="TestFixture" name="PatchManager v3.0 Module Tests.Legacy Compatibility" executed="True" result="Success" success="True" time="8.1222" asserts="0" description="PatchManager v3.0 Module Tests.Legacy Compatibility">
                <results>
                  <test-case description="Should support legacy Invoke-PatchWorkflow syntax" name="PatchManager v3.0 Module Tests.Legacy Compatibility.Should support legacy Invoke-PatchWorkflow syntax" time="0.3876" asserts="0" success="True" result="Success" executed="True" />
                  <test-case description="Should translate legacy parameters correctly" name="PatchManager v3.0 Module Tests.Legacy Compatibility.Should translate legacy parameters correctly" time="0.3904" asserts="0" success="True" result="Success" executed="True" />
                </results>
              </test-suite>
              <test-suite type="TestFixture" name="PatchManager v3.0 Module Tests.Integration with CI/CD" executed="True" result="Success" success="True" time="8.9581" asserts="0" description="PatchManager v3.0 Module Tests.Integration with CI/CD">
                <results>
                  <test-case description="Should provide CI-friendly output format" name="PatchManager v3.0 Module Tests.Integration with CI/CD.Should provide CI-friendly output format" time="0.4102" asserts="0" success="True" result="Success" executed="True" />
                  <test-case description="Should handle CI environment detection" name="PatchManager v3.0 Module Tests.Integration with CI/CD.Should handle CI environment detection" time="0.4194" asserts="0" success="True" result="Success" executed="True" />
                </results>
              </test-suite>
            </results>
          </test-suite>
        </results>
      </test-suite>
    </results>
  </test-suite>
</test-results>