<?xml version="1.0" encoding="utf-8" standalone="no"?>
<test-results xmlns:xsi="http://www.w3.org/2001/XMLSchema-instance" xsi:noNamespaceSchemaLocation="nunit_schema_2.5.xsd" name="Pester" total="33" errors="0" failures="32" not-run="0" inconclusive="0" ignored="0" skipped="0" invalid="0" date="2025-07-09" time="15:19:28">
  <environment cwd="/workspaces/AitherZero" os-version="6.8.0-1027-azure" clr-version="9.0.4" user="codespace" machine-name="codespaces-6c6eb1" nunit-version="2.5.8.0" platform="Linux" user-domain="" />
  <culture-info current-culture="" current-uiculture="" />
  <test-suite type="TestFixture" name="Pester" executed="True" result="Failure" success="False" time="4.1946" asserts="0" description="Pester">
    <results>
      <test-suite type="TestFixture" name="/workspaces/AitherZero/aither-core/modules/ModuleCommunication/tests/ModuleCommunication.Tests.ps1" executed="True" result="Failure" success="False" time="4.1946" asserts="0" description="/workspaces/AitherZero/aither-core/modules/ModuleCommunication/tests/ModuleCommunication.Tests.ps1">
        <results>
          <test-suite type="TestFixture" name="ModuleCommunication Module Tests" executed="True" result="Failure" success="False" time="3.3845" asserts="0" description="ModuleCommunication Module Tests">
            <results>
              <test-suite type="TestFixture" name="ModuleCommunication Module Tests.Module Loading" executed="True" result="Failure" success="False" time="0.25" asserts="0" description="ModuleCommunication Module Tests.Module Loading">
                <results>
                  <test-case description="Should load without errors" name="ModuleCommunication Module Tests.Module Loading.Should load without errors" time="0.1813" asserts="0" success="False" result="Failure" executed="True">
                    <failure>
                      <message>Expected a value, but got $null or empty.</message>
                      <stack-trace>at Get-Module ModuleCommunication | Should -Not -BeNullOrEmpty, /workspaces/AitherZero/aither-core/modules/ModuleCommunication/tests/ModuleCommunication.Tests.ps1:25
at &lt;ScriptBlock&gt;, /workspaces/AitherZero/aither-core/modules/ModuleCommunication/tests/ModuleCommunication.Tests.ps1:25</stack-trace>
                    </failure>
                  </test-case>
                  <test-case description="Should export all expected functions" name="ModuleCommunication Module Tests.Module Loading.Should export all expected functions" time="0.0296" asserts="0" success="False" result="Failure" executed="True">
                    <failure>
                      <message>Expected 'Submit-ModuleMessage' to be found in collection @($null), but it was not found.</message>
                      <stack-trace>at $ExportedFunctions | Should -Contain $Function, /workspaces/AitherZero/aither-core/modules/ModuleCommunication/tests/ModuleCommunication.Tests.ps1:44
at &lt;ScriptBlock&gt;, /workspaces/AitherZero/aither-core/modules/ModuleCommunication/tests/ModuleCommunication.Tests.ps1:44</stack-trace>
                    </failure>
                  </test-case>
                  <test-case description="Should have backward compatibility aliases" name="ModuleCommunication Module Tests.Module Loading.Should have backward compatibility aliases" time="0.0153" asserts="0" success="False" result="Failure" executed="True">
                    <failure>
                      <message>Expected 'Publish-ModuleMessage' to be found in collection @($null), but it was not found.</message>
                      <stack-trace>at $ExportedAliases | Should -Contain $_, /workspaces/AitherZero/aither-core/modules/ModuleCommunication/tests/ModuleCommunication.Tests.ps1:51
at &lt;ScriptBlock&gt;, /workspaces/AitherZero/aither-core/modules/ModuleCommunication/tests/ModuleCommunication.Tests.ps1:51
at &lt;ScriptBlock&gt;, /workspaces/AitherZero/aither-core/modules/ModuleCommunication/tests/ModuleCommunication.Tests.ps1:50</stack-trace>
                    </failure>
                  </test-case>
                </results>
              </test-suite>
              <test-suite type="TestFixture" name="ModuleCommunication Module Tests.Message Bus Operations" executed="True" result="Failure" success="False" time="1.8666" asserts="0" description="ModuleCommunication Module Tests.Message Bus Operations">
                <results>
                  <test-case description="Should create a new message channel" name="ModuleCommunication Module Tests.Message Bus Operations.Should create a new message channel" time="0.1851" asserts="0" success="False" result="Failure" executed="True">
                    <failure>
                      <message>CommandNotFoundException: The term 'New-MessageChannel' is not recognized as a name of a cmdlet, function, script file, or executable program.
Check the spelling of the name, or if a path was included, verify that the path is correct and try again.</message>
                      <stack-trace>at &lt;ScriptBlock&gt;, /workspaces/AitherZero/aither-core/modules/ModuleCommunication/tests/ModuleCommunication.Tests.ps1:78</stack-trace>
                    </failure>
                  </test-case>
                  <test-case description="Should get message channels" name="ModuleCommunication Module Tests.Message Bus Operations.Should get message channels" time="0.2039" asserts="0" success="False" result="Failure" executed="True">
                    <failure>
                      <message>CommandNotFoundException: The term 'New-MessageChannel' is not recognized as a name of a cmdlet, function, script file, or executable program.
Check the spelling of the name, or if a path was included, verify that the path is correct and try again.</message>
                      <stack-trace>at &lt;ScriptBlock&gt;, /workspaces/AitherZero/aither-core/modules/ModuleCommunication/tests/ModuleCommunication.Tests.ps1:85</stack-trace>
                    </failure>
                  </test-case>
                  <test-case description="Should test message channel connectivity" name="ModuleCommunication Module Tests.Message Bus Operations.Should test message channel connectivity" time="0.1959" asserts="0" success="False" result="Failure" executed="True">
                    <failure>
                      <message>CommandNotFoundException: The term 'New-MessageChannel' is not recognized as a name of a cmdlet, function, script file, or executable program.
Check the spelling of the name, or if a path was included, verify that the path is correct and try again.</message>
                      <stack-trace>at &lt;ScriptBlock&gt;, /workspaces/AitherZero/aither-core/modules/ModuleCommunication/tests/ModuleCommunication.Tests.ps1:91</stack-trace>
                    </failure>
                  </test-case>
                  <test-case description="Should remove a message channel" name="ModuleCommunication Module Tests.Message Bus Operations.Should remove a message channel" time="0.2198" asserts="0" success="False" result="Failure" executed="True">
                    <failure>
                      <message>CommandNotFoundException: The term 'New-MessageChannel' is not recognized as a name of a cmdlet, function, script file, or executable program.
Check the spelling of the name, or if a path was included, verify that the path is correct and try again.</message>
                      <stack-trace>at &lt;ScriptBlock&gt;, /workspaces/AitherZero/aither-core/modules/ModuleCommunication/tests/ModuleCommunication.Tests.ps1:98</stack-trace>
                    </failure>
                  </test-case>
                  <test-case description="Should register and unregister message handlers" name="ModuleCommunication Module Tests.Message Bus Operations.Should register and unregister message handlers" time="0.1969" asserts="0" success="False" result="Failure" executed="True">
                    <failure>
                      <message>CommandNotFoundException: The term 'New-MessageChannel' is not recognized as a name of a cmdlet, function, script file, or executable program.
Check the spelling of the name, or if a path was included, verify that the path is correct and try again.</message>
                      <stack-trace>at &lt;ScriptBlock&gt;, /workspaces/AitherZero/aither-core/modules/ModuleCommunication/tests/ModuleCommunication.Tests.ps1:104</stack-trace>
                    </failure>
                  </test-case>
                  <test-case description="Should send and receive messages" name="ModuleCommunication Module Tests.Message Bus Operations.Should send and receive messages" time="0.2041" asserts="0" success="False" result="Failure" executed="True">
                    <failure>
                      <message>CommandNotFoundException: The term 'New-MessageChannel' is not recognized as a name of a cmdlet, function, script file, or executable program.
Check the spelling of the name, or if a path was included, verify that the path is correct and try again.</message>
                      <stack-trace>at &lt;ScriptBlock&gt;, /workspaces/AitherZero/aither-core/modules/ModuleCommunication/tests/ModuleCommunication.Tests.ps1:119</stack-trace>
                    </failure>
                  </test-case>
                  <test-case description="Should get message subscriptions" name="ModuleCommunication Module Tests.Message Bus Operations.Should get message subscriptions" time="0.2023" asserts="0" success="False" result="Failure" executed="True">
                    <failure>
                      <message>CommandNotFoundException: The term 'New-MessageChannel' is not recognized as a name of a cmdlet, function, script file, or executable program.
Check the spelling of the name, or if a path was included, verify that the path is correct and try again.</message>
                      <stack-trace>at &lt;ScriptBlock&gt;, /workspaces/AitherZero/aither-core/modules/ModuleCommunication/tests/ModuleCommunication.Tests.ps1:143</stack-trace>
                    </failure>
                  </test-case>
                  <test-case description="Should clear message queue" name="ModuleCommunication Module Tests.Message Bus Operations.Should clear message queue" time="0.2022" asserts="0" success="False" result="Failure" executed="True">
                    <failure>
                      <message>CommandNotFoundException: The term 'Clear-MessageQueue' is not recognized as a name of a cmdlet, function, script file, or executable program.
Check the spelling of the name, or if a path was included, verify that the path is correct and try again.</message>
                      <stack-trace>at &lt;ScriptBlock&gt;, /workspaces/AitherZero/aither-core/modules/ModuleCommunication/tests/ModuleCommunication.Tests.ps1:158</stack-trace>
                    </failure>
                  </test-case>
                </results>
              </test-suite>
              <test-suite type="TestFixture" name="ModuleCommunication Module Tests.API Registry Operations" executed="True" result="Failure" success="False" time="2.3549" asserts="0" description="ModuleCommunication Module Tests.API Registry Operations">
                <results>
                  <test-case description="Should register a module API" name="ModuleCommunication Module Tests.API Registry Operations.Should register a module API" time="0.096" asserts="0" success="False" result="Failure" executed="True">
                    <failure>
                      <message>CommandNotFoundException: The term 'Register-ModuleAPI' is not recognized as a name of a cmdlet, function, script file, or executable program.
Check the spelling of the name, or if a path was included, verify that the path is correct and try again.</message>
                      <stack-trace>at &lt;ScriptBlock&gt;, /workspaces/AitherZero/aither-core/modules/ModuleCommunication/tests/ModuleCommunication.Tests.ps1:180</stack-trace>
                    </failure>
                  </test-case>
                  <test-case description="Should get module APIs" name="ModuleCommunication Module Tests.API Registry Operations.Should get module APIs" time="0.0931" asserts="0" success="False" result="Failure" executed="True">
                    <failure>
                      <message>CommandNotFoundException: The term 'Register-ModuleAPI' is not recognized as a name of a cmdlet, function, script file, or executable program.
Check the spelling of the name, or if a path was included, verify that the path is correct and try again.</message>
                      <stack-trace>at &lt;ScriptBlock&gt;, /workspaces/AitherZero/aither-core/modules/ModuleCommunication/tests/ModuleCommunication.Tests.ps1:193</stack-trace>
                    </failure>
                  </test-case>
                  <test-case description="Should invoke a module API" name="ModuleCommunication Module Tests.API Registry Operations.Should invoke a module API" time="0.1127" asserts="0" success="False" result="Failure" executed="True">
                    <failure>
                      <message>CommandNotFoundException: The term 'Register-ModuleAPI' is not recognized as a name of a cmdlet, function, script file, or executable program.
Check the spelling of the name, or if a path was included, verify that the path is correct and try again.</message>
                      <stack-trace>at &lt;ScriptBlock&gt;, /workspaces/AitherZero/aither-core/modules/ModuleCommunication/tests/ModuleCommunication.Tests.ps1:206</stack-trace>
                    </failure>
                  </test-case>
                  <test-case description="Should test a module API" name="ModuleCommunication Module Tests.API Registry Operations.Should test a module API" time="0.0887" asserts="0" success="False" result="Failure" executed="True">
                    <failure>
                      <message>CommandNotFoundException: The term 'Register-ModuleAPI' is not recognized as a name of a cmdlet, function, script file, or executable program.
Check the spelling of the name, or if a path was included, verify that the path is correct and try again.</message>
                      <stack-trace>at &lt;ScriptBlock&gt;, /workspaces/AitherZero/aither-core/modules/ModuleCommunication/tests/ModuleCommunication.Tests.ps1:220</stack-trace>
                    </failure>
                  </test-case>
                  <test-case description="Should unregister a module API" name="ModuleCommunication Module Tests.API Registry Operations.Should unregister a module API" time="0.0903" asserts="0" success="False" result="Failure" executed="True">
                    <failure>
                      <message>CommandNotFoundException: The term 'Register-ModuleAPI' is not recognized as a name of a cmdlet, function, script file, or executable program.
Check the spelling of the name, or if a path was included, verify that the path is correct and try again.</message>
                      <stack-trace>at &lt;ScriptBlock&gt;, /workspaces/AitherZero/aither-core/modules/ModuleCommunication/tests/ModuleCommunication.Tests.ps1:233</stack-trace>
                    </failure>
                  </test-case>
                </results>
              </test-suite>
              <test-suite type="TestFixture" name="ModuleCommunication Module Tests.Event System Operations" executed="True" result="Failure" success="False" time="2.6243" asserts="0" description="ModuleCommunication Module Tests.Event System Operations">
                <results>
                  <test-case description="Should send and receive events" name="ModuleCommunication Module Tests.Event System Operations.Should send and receive events" time="0.0654" asserts="0" success="False" result="Failure" executed="True">
                    <failure>
                      <message>CommandNotFoundException: The term 'Register-ModuleEventHandler' is not recognized as a name of a cmdlet, function, script file, or executable program.
Check the spelling of the name, or if a path was included, verify that the path is correct and try again.</message>
                      <stack-trace>at &lt;ScriptBlock&gt;, /workspaces/AitherZero/aither-core/modules/ModuleCommunication/tests/ModuleCommunication.Tests.ps1:255</stack-trace>
                    </failure>
                  </test-case>
                  <test-case description="Should get module events from history" name="ModuleCommunication Module Tests.Event System Operations.Should get module events from history" time="0.0669" asserts="0" success="False" result="Failure" executed="True">
                    <failure>
                      <message>CommandNotFoundException: The term 'Submit-ModuleEvent' is not recognized as a name of a cmdlet, function, script file, or executable program.
Check the spelling of the name, or if a path was included, verify that the path is correct and try again.</message>
                      <stack-trace>at &lt;ScriptBlock&gt;, /workspaces/AitherZero/aither-core/modules/ModuleCommunication/tests/ModuleCommunication.Tests.ps1:276</stack-trace>
                    </failure>
                  </test-case>
                  <test-case description="Should unsubscribe from events" name="ModuleCommunication Module Tests.Event System Operations.Should unsubscribe from events" time="0.0644" asserts="0" success="False" result="Failure" executed="True">
                    <failure>
                      <message>CommandNotFoundException: The term 'Register-ModuleEventHandler' is not recognized as a name of a cmdlet, function, script file, or executable program.
Check the spelling of the name, or if a path was included, verify that the path is correct and try again.</message>
                      <stack-trace>at &lt;ScriptBlock&gt;, /workspaces/AitherZero/aither-core/modules/ModuleCommunication/tests/ModuleCommunication.Tests.ps1:284</stack-trace>
                    </failure>
                  </test-case>
                  <test-case description="Should clear event history" name="ModuleCommunication Module Tests.Event System Operations.Should clear event history" time="0.0671" asserts="0" success="False" result="Failure" executed="True">
                    <failure>
                      <message>CommandNotFoundException: The term 'Submit-ModuleEvent' is not recognized as a name of a cmdlet, function, script file, or executable program.
Check the spelling of the name, or if a path was included, verify that the path is correct and try again.</message>
                      <stack-trace>at &lt;ScriptBlock&gt;, /workspaces/AitherZero/aither-core/modules/ModuleCommunication/tests/ModuleCommunication.Tests.ps1:294</stack-trace>
                    </failure>
                  </test-case>
                </results>
              </test-suite>
              <test-suite type="TestFixture" name="ModuleCommunication Module Tests.Middleware Operations" executed="True" result="Failure" success="False" time="2.9038" asserts="0" description="ModuleCommunication Module Tests.Middleware Operations">
                <results>
                  <test-case description="Should add API middleware" name="ModuleCommunication Module Tests.Middleware Operations.Should add API middleware" time="0.0952" asserts="0" success="False" result="Failure" executed="True">
                    <failure>
                      <message>CommandNotFoundException: The term 'Add-APIMiddleware' is not recognized as a name of a cmdlet, function, script file, or executable program.
Check the spelling of the name, or if a path was included, verify that the path is correct and try again.</message>
                      <stack-trace>at &lt;ScriptBlock&gt;, /workspaces/AitherZero/aither-core/modules/ModuleCommunication/tests/ModuleCommunication.Tests.ps1:318</stack-trace>
                    </failure>
                  </test-case>
                  <test-case description="Should get API middleware" name="ModuleCommunication Module Tests.Middleware Operations.Should get API middleware" time="0.0879" asserts="0" success="False" result="Failure" executed="True">
                    <failure>
                      <message>CommandNotFoundException: The term 'Add-APIMiddleware' is not recognized as a name of a cmdlet, function, script file, or executable program.
Check the spelling of the name, or if a path was included, verify that the path is correct and try again.</message>
                      <stack-trace>at &lt;ScriptBlock&gt;, /workspaces/AitherZero/aither-core/modules/ModuleCommunication/tests/ModuleCommunication.Tests.ps1:329</stack-trace>
                    </failure>
                  </test-case>
                  <test-case description="Should remove API middleware" name="ModuleCommunication Module Tests.Middleware Operations.Should remove API middleware" time="0.0914" asserts="0" success="False" result="Failure" executed="True">
                    <failure>
                      <message>CommandNotFoundException: The term 'Add-APIMiddleware' is not recognized as a name of a cmdlet, function, script file, or executable program.
Check the spelling of the name, or if a path was included, verify that the path is correct and try again.</message>
                      <stack-trace>at &lt;ScriptBlock&gt;, /workspaces/AitherZero/aither-core/modules/ModuleCommunication/tests/ModuleCommunication.Tests.ps1:340</stack-trace>
                    </failure>
                  </test-case>
                </results>
              </test-suite>
              <test-suite type="TestFixture" name="ModuleCommunication Module Tests.Performance and Monitoring" executed="True" result="Failure" success="False" time="3.063" asserts="0" description="ModuleCommunication Module Tests.Performance and Monitoring">
                <results>
                  <test-case description="Should get communication metrics" name="ModuleCommunication Module Tests.Performance and Monitoring.Should get communication metrics" time="0.0388" asserts="0" success="False" result="Failure" executed="True">
                    <failure>
                      <message>CommandNotFoundException: The term 'Get-CommunicationMetrics' is not recognized as a name of a cmdlet, function, script file, or executable program.
Check the spelling of the name, or if a path was included, verify that the path is correct and try again.</message>
                      <stack-trace>at &lt;ScriptBlock&gt;, /workspaces/AitherZero/aither-core/modules/ModuleCommunication/tests/ModuleCommunication.Tests.ps1:352</stack-trace>
                    </failure>
                  </test-case>
                  <test-case description="Should reset communication metrics" name="ModuleCommunication Module Tests.Performance and Monitoring.Should reset communication metrics" time="0.0368" asserts="0" success="False" result="Failure" executed="True">
                    <failure>
                      <message>CommandNotFoundException: The term 'Reset-CommunicationMetrics' is not recognized as a name of a cmdlet, function, script file, or executable program.
Check the spelling of the name, or if a path was included, verify that the path is correct and try again.</message>
                      <stack-trace>at &lt;ScriptBlock&gt;, /workspaces/AitherZero/aither-core/modules/ModuleCommunication/tests/ModuleCommunication.Tests.ps1:359</stack-trace>
                    </failure>
                  </test-case>
                  <test-case description="Should get communication status" name="ModuleCommunication Module Tests.Performance and Monitoring.Should get communication status" time="0.0409" asserts="0" success="False" result="Failure" executed="True">
                    <failure>
                      <message>CommandNotFoundException: The term 'Get-CommunicationStatus' is not recognized as a name of a cmdlet, function, script file, or executable program.
Check the spelling of the name, or if a path was included, verify that the path is correct and try again.</message>
                      <stack-trace>at &lt;ScriptBlock&gt;, /workspaces/AitherZero/aither-core/modules/ModuleCommunication/tests/ModuleCommunication.Tests.ps1:364</stack-trace>
                    </failure>
                  </test-case>
                  <test-case description="Should enable and disable message tracing" name="ModuleCommunication Module Tests.Performance and Monitoring.Should enable and disable message tracing" time="0.0375" asserts="0" success="False" result="Failure" executed="True">
                    <failure>
                      <message>CommandNotFoundException: The term 'Enable-MessageTracing' is not recognized as a name of a cmdlet, function, script file, or executable program.
Check the spelling of the name, or if a path was included, verify that the path is correct and try again.</message>
                      <stack-trace>at &lt;ScriptBlock&gt;, /workspaces/AitherZero/aither-core/modules/ModuleCommunication/tests/ModuleCommunication.Tests.ps1:370</stack-trace>
                    </failure>
                  </test-case>
                </results>
              </test-suite>
              <test-suite type="TestFixture" name="ModuleCommunication Module Tests.Message Processor Operations" executed="True" result="Failure" success="False" time="3.1323" asserts="0" description="ModuleCommunication Module Tests.Message Processor Operations">
                <results>
                  <test-case description="Should start and stop message processor" name="ModuleCommunication Module Tests.Message Processor Operations.Should start and stop message processor" time="0.0646" asserts="0" success="False" result="Failure" executed="True">
                    <failure>
                      <message>CommandNotFoundException: The term 'Start-MessageProcessor' is not recognized as a name of a cmdlet, function, script file, or executable program.
Check the spelling of the name, or if a path was included, verify that the path is correct and try again.</message>
                      <stack-trace>at &lt;ScriptBlock&gt;, /workspaces/AitherZero/aither-core/modules/ModuleCommunication/tests/ModuleCommunication.Tests.ps1:383</stack-trace>
                    </failure>
                  </test-case>
                </results>
              </test-suite>
              <test-suite type="TestFixture" name="ModuleCommunication Module Tests.Integration Tests" executed="True" result="Failure" success="False" time="3.2146" asserts="0" description="ModuleCommunication Module Tests.Integration Tests">
                <results>
                  <test-case description="Should run basic communication tests" name="ModuleCommunication Module Tests.Integration Tests.Should run basic communication tests" time="0.0388" asserts="0" success="False" result="Failure" executed="True">
                    <failure>
                      <message>CommandNotFoundException: The term 'Test-ModuleCommunication' is not recognized as a name of a cmdlet, function, script file, or executable program.
Check the spelling of the name, or if a path was included, verify that the path is correct and try again.</message>
                      <stack-trace>at &lt;ScriptBlock&gt;, /workspaces/AitherZero/aither-core/modules/ModuleCommunication/tests/ModuleCommunication.Tests.ps1:393</stack-trace>
                    </failure>
                  </test-case>
                  <test-case description="Should handle end-to-end message flow" name="ModuleCommunication Module Tests.Integration Tests.Should handle end-to-end message flow" time="0.0387" asserts="0" success="False" result="Failure" executed="True">
                    <failure>
                      <message>CommandNotFoundException: The term 'New-MessageChannel' is not recognized as a name of a cmdlet, function, script file, or executable program.
Check the spelling of the name, or if a path was included, verify that the path is correct and try again.</message>
                      <stack-trace>at &lt;ScriptBlock&gt;, /workspaces/AitherZero/aither-core/modules/ModuleCommunication/tests/ModuleCommunication.Tests.ps1:400</stack-trace>
                    </failure>
                  </test-case>
                </results>
              </test-suite>
              <test-suite type="TestFixture" name="ModuleCommunication Module Tests.Error Handling" executed="True" result="Failure" success="False" time="3.37" asserts="0" description="ModuleCommunication Module Tests.Error Handling">
                <results>
                  <test-case description="Should handle non-existent API calls gracefully" name="ModuleCommunication Module Tests.Error Handling.Should handle non-existent API calls gracefully" time="0.0635" asserts="0" success="True" result="Success" executed="True" />
                  <test-case description="Should handle invalid channel operations gracefully" name="ModuleCommunication Module Tests.Error Handling.Should handle invalid channel operations gracefully" time="0.0471" asserts="0" success="False" result="Failure" executed="True">
                    <failure>
                      <message>Expected no exception to be thrown, but an exception "The term 'Test-MessageChannel' is not recognized as a name of a cmdlet, function, script file, or executable program.
Check the spelling of the name, or if a path was included, verify that the path is correct and try again." was thrown from /workspaces/AitherZero/aither-core/modules/ModuleCommunication/tests/ModuleCommunication.Tests.ps1:451 char:15
    +             { Test-MessageChannel -Name "NonExistentChannel" } | Shou …
    +               ~~~~~~~~~~~~~~~~~~~.</message>
                      <stack-trace>at { Test-MessageChannel -Name "NonExistentChannel" } | Should -Not -Throw, /workspaces/AitherZero/aither-core/modules/ModuleCommunication/tests/ModuleCommunication.Tests.ps1:451
at &lt;ScriptBlock&gt;, /workspaces/AitherZero/aither-core/modules/ModuleCommunication/tests/ModuleCommunication.Tests.ps1:451</stack-trace>
                    </failure>
                  </test-case>
                  <test-case description="Should handle parameter validation errors" name="ModuleCommunication Module Tests.Error Handling.Should handle parameter validation errors" time="0.0383" asserts="0" success="False" result="Failure" executed="True">
                    <failure>
                      <message>CommandNotFoundException: The term 'Register-ModuleAPI' is not recognized as a name of a cmdlet, function, script file, or executable program.
Check the spelling of the name, or if a path was included, verify that the path is correct and try again.</message>
                      <stack-trace>at &lt;ScriptBlock&gt;, /workspaces/AitherZero/aither-core/modules/ModuleCommunication/tests/ModuleCommunication.Tests.ps1:455</stack-trace>
                    </failure>
                  </test-case>
                </results>
              </test-suite>
            </results>
          </test-suite>
        </results>
      </test-suite>
    </results>
  </test-suite>
</test-results>