<?xml version="1.0" encoding="utf-8" standalone="no"?>
<test-results xmlns:xsi="http://www.w3.org/2001/XMLSchema-instance" xsi:noNamespaceSchemaLocation="nunit_schema_2.5.xsd" name="Pester" total="71" errors="0" failures="13" not-run="0" inconclusive="0" ignored="0" skipped="0" invalid="0" date="2025-07-08" time="15:27:39">
  <environment machine-name="codespaces-6c6eb1" clr-version="9.0.4" user-domain="" nunit-version="2.5.8.0" cwd="/workspaces/AitherZero" os-version="6.8.0-1027-azure" user="codespace" platform="Linux" />
  <culture-info current-culture="" current-uiculture="" />
  <test-suite type="TestFixture" name="Pester" executed="True" result="Failure" success="False" time="20.2131" asserts="0" description="Pester">
    <results>
      <test-suite type="TestFixture" name="/workspaces/AitherZero/aither-core/modules/SetupWizard/tests/SetupWizard.Tests.ps1" executed="True" result="Failure" success="False" time="20.2131" asserts="0" description="/workspaces/AitherZero/aither-core/modules/SetupWizard/tests/SetupWizard.Tests.ps1">
        <results>
          <test-suite type="TestFixture" name="SetupWizard Module Tests" executed="True" result="Failure" success="False" time="20.0867" asserts="0" description="SetupWizard Module Tests">
            <results>
              <test-suite type="TestFixture" name="SetupWizard Module Tests.Module Loading and Initialization" executed="True" result="Success" success="True" time="0.0615" asserts="0" description="SetupWizard Module Tests.Module Loading and Initialization">
                <results>
                  <test-case description="Should import module successfully" name="SetupWizard Module Tests.Module Loading and Initialization.Should import module successfully" time="0.006" asserts="0" success="True" result="Success" executed="True" />
                  <test-case description="Should have valid manifest" name="SetupWizard Module Tests.Module Loading and Initialization.Should have valid manifest" time="0.0214" asserts="0" success="True" result="Success" executed="True" />
                  <test-case description="Should export main setup functions" name="SetupWizard Module Tests.Module Loading and Initialization.Should export main setup functions" time="0.0068" asserts="0" success="True" result="Success" executed="True" />
                  <test-case description="Should export test functions" name="SetupWizard Module Tests.Module Loading and Initialization.Should export test functions" time="0.0148" asserts="0" success="True" result="Success" executed="True" />
                </results>
              </test-suite>
              <test-suite type="TestFixture" name="SetupWizard Module Tests.Get-PlatformInfo Function Tests" executed="True" result="Success" success="True" time="0.1029" asserts="0" description="SetupWizard Module Tests.Get-PlatformInfo Function Tests">
                <results>
                  <test-case description="Should detect current platform correctly" name="SetupWizard Module Tests.Get-PlatformInfo Function Tests.Should detect current platform correctly" time="0.0183" asserts="0" success="True" result="Success" executed="True" />
                  <test-case description="Should include PowerShell version information" name="SetupWizard Module Tests.Get-PlatformInfo Function Tests.Should include PowerShell version information" time="0.0051" asserts="0" success="True" result="Success" executed="True" />
                  <test-case description="Should provide platform-specific version information" name="SetupWizard Module Tests.Get-PlatformInfo Function Tests.Should provide platform-specific version information" time="0.0134" asserts="0" success="True" result="Success" executed="True" />
                </results>
              </test-suite>
              <test-suite type="TestFixture" name="SetupWizard Module Tests.Test-PlatformRequirements Function Tests" executed="True" result="Success" success="True" time="0.1327" asserts="0" description="SetupWizard Module Tests.Test-PlatformRequirements Function Tests">
                <results>
                  <test-case description="Should test platform requirements successfully" name="SetupWizard Module Tests.Test-PlatformRequirements Function Tests.Should test platform requirements successfully" time="0.019" asserts="0" success="True" result="Success" executed="True" />
                  <test-case description="Should detect Windows-specific requirements" name="SetupWizard Module Tests.Test-PlatformRequirements Function Tests.Should detect Windows-specific requirements" time="0.0034" asserts="0" success="True" result="Success" executed="True" />
                  <test-case description="Should check execution policy on Windows" name="SetupWizard Module Tests.Test-PlatformRequirements Function Tests.Should check execution policy on Windows" time="0.0034" asserts="0" success="True" result="Success" executed="True" />
                </results>
              </test-suite>
              <test-suite type="TestFixture" name="SetupWizard Module Tests.Test-PowerShellVersion Function Tests" executed="True" result="Success" success="True" time="0.1717" asserts="0" description="SetupWizard Module Tests.Test-PowerShellVersion Function Tests">
                <results>
                  <test-case description="Should validate PowerShell version correctly" name="SetupWizard Module Tests.Test-PowerShellVersion Function Tests.Should validate PowerShell version correctly" time="0.02" asserts="0" success="True" result="Success" executed="True" />
                  <test-case description="Should pass for PowerShell 7+" name="SetupWizard Module Tests.Test-PowerShellVersion Function Tests.Should pass for PowerShell 7+" time="0.0088" asserts="0" success="True" result="Success" executed="True" />
                  <test-case description="Should detect PowerShell 7 installation on Windows" name="SetupWizard Module Tests.Test-PowerShellVersion Function Tests.Should detect PowerShell 7 installation on Windows" time="0.0056" asserts="0" success="True" result="Success" executed="True" />
                </results>
              </test-suite>
              <test-suite type="TestFixture" name="SetupWizard Module Tests.Test-GitInstallation Function Tests" executed="True" result="Success" success="True" time="0.2789" asserts="0" description="SetupWizard Module Tests.Test-GitInstallation Function Tests">
                <results>
                  <test-case description="Should test Git installation" name="SetupWizard Module Tests.Test-GitInstallation Function Tests.Should test Git installation" time="0.0428" asserts="0" success="True" result="Success" executed="True" />
                  <test-case description="Should provide installation recommendations when Git is missing" name="SetupWizard Module Tests.Test-GitInstallation Function Tests.Should provide installation recommendations when Git is missing" time="0.0204" asserts="0" success="True" result="Success" executed="True" />
                  <test-case description="Should check Git configuration when Git is available" name="SetupWizard Module Tests.Test-GitInstallation Function Tests.Should check Git configuration when Git is available" time="0.0401" asserts="0" success="True" result="Success" executed="True" />
                </results>
              </test-suite>
              <test-suite type="TestFixture" name="SetupWizard Module Tests.Test-InfrastructureTools Function Tests" executed="True" result="Success" success="True" time="2.178" asserts="0" description="SetupWizard Module Tests.Test-InfrastructureTools Function Tests">
                <results>
                  <test-case description="Should test infrastructure tools availability" name="SetupWizard Module Tests.Test-InfrastructureTools Function Tests.Should test infrastructure tools availability" time="0.6624" asserts="0" success="True" result="Success" executed="True" />
                  <test-case description="Should prefer OpenTofu over Terraform" name="SetupWizard Module Tests.Test-InfrastructureTools Function Tests.Should prefer OpenTofu over Terraform" time="0.5546" asserts="0" success="True" result="Success" executed="True" />
                  <test-case description="Should detect optional tools like Docker" name="SetupWizard Module Tests.Test-InfrastructureTools Function Tests.Should detect optional tools like Docker" time="0.6772" asserts="0" success="True" result="Success" executed="True" />
                </results>
              </test-suite>
              <test-suite type="TestFixture" name="SetupWizard Module Tests.Test-ModuleDependencies Function Tests" executed="True" result="Success" success="True" time="2.2797" asserts="0" description="SetupWizard Module Tests.Test-ModuleDependencies Function Tests">
                <results>
                  <test-case description="Should check for core modules" name="SetupWizard Module Tests.Test-ModuleDependencies Function Tests.Should check for core modules" time="0.0505" asserts="0" success="True" result="Success" executed="True" />
                  <test-case description="Should check for optional PowerShell modules" name="SetupWizard Module Tests.Test-ModuleDependencies Function Tests.Should check for optional PowerShell modules" time="0.0355" asserts="0" success="True" result="Success" executed="True" />
                </results>
              </test-suite>
              <test-suite type="TestFixture" name="SetupWizard Module Tests.Test-NetworkConnectivity Function Tests" executed="True" result="Success" success="True" time="4.1245" asserts="0" description="SetupWizard Module Tests.Test-NetworkConnectivity Function Tests">
                <results>
                  <test-case description="Should test network connectivity" name="SetupWizard Module Tests.Test-NetworkConnectivity Function Tests.Should test network connectivity" time="0.7216" asserts="0" success="True" result="Success" executed="True" />
                  <test-case description="Should check key endpoints" name="SetupWizard Module Tests.Test-NetworkConnectivity Function Tests.Should check key endpoints" time="0.5032" asserts="0" success="True" result="Success" executed="True" />
                  <test-case description="Should detect proxy configuration" name="SetupWizard Module Tests.Test-NetworkConnectivity Function Tests.Should detect proxy configuration" time="0.6155" asserts="0" success="True" result="Success" executed="True" />
                </results>
              </test-suite>
              <test-suite type="TestFixture" name="SetupWizard Module Tests.Test-SecuritySettings Function Tests" executed="True" result="Failure" success="False" time="4.5869" asserts="0" description="SetupWizard Module Tests.Test-SecuritySettings Function Tests">
                <results>
                  <test-case description="Should test security settings" name="SetupWizard Module Tests.Test-SecuritySettings Function Tests.Should test security settings" time="0.2614" asserts="0" success="False" result="Failure" executed="True">
                    <failure>
                      <message>ParameterBindingValidationException: Cannot bind argument to parameter 'Path' because it is null.</message>
                      <stack-trace>at Test-SecuritySettings, /workspaces/AitherZero/aither-core/modules/SetupWizard/SetupWizard.psm1:648
at &lt;ScriptBlock&gt;, /workspaces/AitherZero/aither-core/modules/SetupWizard/tests/SetupWizard.Tests.ps1:365</stack-trace>
                    </failure>
                  </test-case>
                  <test-case description="Should check platform-specific security features" name="SetupWizard Module Tests.Test-SecuritySettings Function Tests.Should check platform-specific security features" time="0.1954" asserts="0" success="False" result="Failure" executed="True">
                    <failure>
                      <message>ParameterBindingValidationException: Cannot bind argument to parameter 'Path' because it is null.</message>
                      <stack-trace>at Test-SecuritySettings, /workspaces/AitherZero/aither-core/modules/SetupWizard/SetupWizard.psm1:648
at &lt;ScriptBlock&gt;, /workspaces/AitherZero/aither-core/modules/SetupWizard/tests/SetupWizard.Tests.ps1:378</stack-trace>
                    </failure>
                  </test-case>
                </results>
              </test-suite>
              <test-suite type="TestFixture" name="SetupWizard Module Tests.Initialize-Configuration Function Tests" executed="True" result="Failure" success="False" time="4.747" asserts="0" description="SetupWizard Module Tests.Initialize-Configuration Function Tests">
                <results>
                  <test-case description="Should initialize configuration successfully" name="SetupWizard Module Tests.Initialize-Configuration Function Tests.Should initialize configuration successfully" time="0.0395" asserts="0" success="False" result="Failure" executed="True">
                    <failure>
                      <message>CommandNotFoundException: The term 'Initialize-Configuration' is not recognized as a name of a cmdlet, function, script file, or executable program.
Check the spelling of the name, or if a path was included, verify that the path is correct and try again.</message>
                      <stack-trace>at &lt;ScriptBlock&gt;, /workspaces/AitherZero/aither-core/modules/SetupWizard/tests/SetupWizard.Tests.ps1:394</stack-trace>
                    </failure>
                  </test-case>
                  <test-case description="Should create configuration directories" name="SetupWizard Module Tests.Initialize-Configuration Function Tests.Should create configuration directories" time="0.0447" asserts="0" success="False" result="Failure" executed="True">
                    <failure>
                      <message>CommandNotFoundException: The term 'Initialize-Configuration' is not recognized as a name of a cmdlet, function, script file, or executable program.
Check the spelling of the name, or if a path was included, verify that the path is correct and try again.</message>
                      <stack-trace>at &lt;ScriptBlock&gt;, /workspaces/AitherZero/aither-core/modules/SetupWizard/tests/SetupWizard.Tests.ps1:408</stack-trace>
                    </failure>
                  </test-case>
                  <test-case description="Should handle ConfigurationCore module if available" name="SetupWizard Module Tests.Initialize-Configuration Function Tests.Should handle ConfigurationCore module if available" time="0.0525" asserts="0" success="False" result="Failure" executed="True">
                    <failure>
                      <message>CommandNotFoundException: The term 'Initialize-Configuration' is not recognized as a name of a cmdlet, function, script file, or executable program.
Check the spelling of the name, or if a path was included, verify that the path is correct and try again.</message>
                      <stack-trace>at &lt;ScriptBlock&gt;, /workspaces/AitherZero/aither-core/modules/SetupWizard/tests/SetupWizard.Tests.ps1:420</stack-trace>
                    </failure>
                  </test-case>
                </results>
              </test-suite>
              <test-suite type="TestFixture" name="SetupWizard Module Tests.Generate-QuickStartGuide Function Tests" executed="True" result="Success" success="True" time="4.7908" asserts="0" description="SetupWizard Module Tests.Generate-QuickStartGuide Function Tests">
                <results>
                  <test-case description="Should generate quick start guide" name="SetupWizard Module Tests.Generate-QuickStartGuide Function Tests.Should generate quick start guide" time="0.0276" asserts="0" success="True" result="Success" executed="True" />
                  <test-case description="Should create guide file" name="SetupWizard Module Tests.Generate-QuickStartGuide Function Tests.Should create guide file" time="0.0114" asserts="0" success="True" result="Success" executed="True" />
                </results>
              </test-suite>
              <test-suite type="TestFixture" name="SetupWizard Module Tests.Test-SetupCompletion Function Tests" executed="True" result="Failure" success="False" time="4.8548" asserts="0" description="SetupWizard Module Tests.Test-SetupCompletion Function Tests">
                <results>
                  <test-case description="Should validate setup completion" name="SetupWizard Module Tests.Test-SetupCompletion Function Tests.Should validate setup completion" time="0.0265" asserts="0" success="True" result="Success" executed="True" />
                  <test-case description="Should count passed, failed, and warning steps" name="SetupWizard Module Tests.Test-SetupCompletion Function Tests.Should count passed, failed, and warning steps" time="0.0133" asserts="0" success="False" result="Failure" executed="True">
                    <failure>
                      <message>Expected regular expression 'Passed: 1' to match 'Setup completed with:   ✅ Passed: 2   ❌ Failed: 2   ⚠️ Warnings: 2  ⚠️ Setup completed with limited functionality Total time: 30 seconds', but it did not match.</message>
                      <stack-trace>at $result.Details -join ' ' | Should -Match "Passed: 1", /workspaces/AitherZero/aither-core/modules/SetupWizard/tests/SetupWizard.Tests.ps1:503
at &lt;ScriptBlock&gt;, /workspaces/AitherZero/aither-core/modules/SetupWizard/tests/SetupWizard.Tests.ps1:503</stack-trace>
                    </failure>
                  </test-case>
                  <test-case description="Should calculate setup duration" name="SetupWizard Module Tests.Test-SetupCompletion Function Tests.Should calculate setup duration" time="0.0059" asserts="0" success="True" result="Success" executed="True" />
                </results>
              </test-suite>
              <test-suite type="TestFixture" name="SetupWizard Module Tests.Get-SetupSteps Function Tests" executed="True" result="Success" success="True" time="4.9272" asserts="0" description="SetupWizard Module Tests.Get-SetupSteps Function Tests">
                <results>
                  <test-case description="Should return steps for minimal profile" name="SetupWizard Module Tests.Get-SetupSteps Function Tests.Should return steps for minimal profile" time="0.0213" asserts="0" success="True" result="Success" executed="True" />
                  <test-case description="Should return steps for developer profile" name="SetupWizard Module Tests.Get-SetupSteps Function Tests.Should return steps for developer profile" time="0.0176" asserts="0" success="True" result="Success" executed="True" />
                  <test-case description="Should return steps for full profile" name="SetupWizard Module Tests.Get-SetupSteps Function Tests.Should return steps for full profile" time="0.0094" asserts="0" success="True" result="Success" executed="True" />
                  <test-case description="Should handle custom profile" name="SetupWizard Module Tests.Get-SetupSteps Function Tests.Should handle custom profile" time="0.0106" asserts="0" success="True" result="Success" executed="True" />
                  <test-case description="Should fallback to minimal for unknown profile" name="SetupWizard Module Tests.Get-SetupSteps Function Tests.Should fallback to minimal for unknown profile" time="0.0059" asserts="0" success="True" result="Success" executed="True" />
                </results>
              </test-suite>
              <test-suite type="TestFixture" name="SetupWizard Module Tests.AI Tools Integration Tests" executed="True" result="Success" success="True" time="5.1769" asserts="0" description="SetupWizard Module Tests.AI Tools Integration Tests">
                <results>
                  <test-case description="Should have Test-NodeJsInstallation function" name="SetupWizard Module Tests.AI Tools Integration Tests.Should have Test-NodeJsInstallation function" time="0.0047" asserts="0" success="True" result="Success" executed="True" />
                  <test-case description="Should test Node.js installation" name="SetupWizard Module Tests.AI Tools Integration Tests.Should test Node.js installation" time="0.2216" asserts="0" success="True" result="Success" executed="True" />
                  <test-case description="Should provide platform-specific Node.js installation recommendations" name="SetupWizard Module Tests.AI Tools Integration Tests.Should provide platform-specific Node.js installation recommendations" time="0.0109" asserts="0" success="True" result="Success" executed="True" />
                </results>
              </test-suite>
              <test-suite type="TestFixture" name="SetupWizard Module Tests.Error Recovery System Tests" executed="True" result="Success" success="True" time="10.3063" asserts="0" description="SetupWizard Module Tests.Error Recovery System Tests">
                <results>
                  <test-case description="Should have Invoke-ErrorRecovery function" name="SetupWizard Module Tests.Error Recovery System Tests.Should have Invoke-ErrorRecovery function" time="0.0043" asserts="0" success="True" result="Success" executed="True" />
                  <test-case description="Should handle Node.js installation recovery" name="SetupWizard Module Tests.Error Recovery System Tests.Should handle Node.js installation recovery" time="2.5749" asserts="0" success="True" result="Success" executed="True" />
                  <test-case description="Should handle Git installation recovery" name="SetupWizard Module Tests.Error Recovery System Tests.Should handle Git installation recovery" time="2.5285" asserts="0" success="True" result="Success" executed="True" />
                  <test-case description="Should handle configuration recovery" name="SetupWizard Module Tests.Error Recovery System Tests.Should handle configuration recovery" time="0.0159" asserts="0" success="True" result="Success" executed="True" />
                  <test-case description="Should provide generic recovery for unknown steps" name="SetupWizard Module Tests.Error Recovery System Tests.Should provide generic recovery for unknown steps" time="0.0027" asserts="0" success="True" result="Success" executed="True" />
                </results>
              </test-suite>
              <test-suite type="TestFixture" name="SetupWizard Module Tests.Progress Display Tests" executed="True" result="Success" success="True" time="10.3327" asserts="0" description="SetupWizard Module Tests.Progress Display Tests">
                <results>
                  <test-case description="Should display enhanced progress correctly" name="SetupWizard Module Tests.Progress Display Tests.Should display enhanced progress correctly" time="0.0101" asserts="0" success="True" result="Success" executed="True" />
                  <test-case description="Should handle different status types" name="SetupWizard Module Tests.Progress Display Tests.Should handle different status types" time="0.0056" asserts="0" success="True" result="Success" executed="True" />
                  <test-case description="Should include error context when provided" name="SetupWizard Module Tests.Progress Display Tests.Should include error context when provided" time="0.0082" asserts="0" success="True" result="Success" executed="True" />
                </results>
              </test-suite>
              <test-suite type="TestFixture" name="SetupWizard Module Tests.System Information Tests" executed="True" result="Failure" success="False" time="10.3696" asserts="0" description="SetupWizard Module Tests.System Information Tests">
                <results>
                  <test-case description="Should gather detailed system information" name="SetupWizard Module Tests.System Information Tests.Should gather detailed system information" time="0.0217" asserts="0" success="False" result="Failure" executed="True">
                    <failure>
                      <message>Expected a value, but got $null or empty.</message>
                      <stack-trace>at $sysInfo.Network | Should -Not -BeNullOrEmpty, /workspaces/AitherZero/aither-core/modules/SetupWizard/tests/SetupWizard.Tests.ps1:731
at &lt;ScriptBlock&gt;, /workspaces/AitherZero/aither-core/modules/SetupWizard/tests/SetupWizard.Tests.ps1:731</stack-trace>
                    </failure>
                  </test-case>
                  <test-case description="Should detect current platform in system info" name="SetupWizard Module Tests.System Information Tests.Should detect current platform in system info" time="0.0026" asserts="0" success="True" result="Success" executed="True" />
                  <test-case description="Should include PowerShell details" name="SetupWizard Module Tests.System Information Tests.Should include PowerShell details" time="0.0035" asserts="0" success="True" result="Success" executed="True" />
                  <test-case description="Should test network connectivity" name="SetupWizard Module Tests.System Information Tests.Should test network connectivity" time="0.0066" asserts="0" success="False" result="Failure" executed="True">
                    <failure>
                      <message>Expected the value to have type [bool] or any of its subtypes, but got $null with type $null.</message>
                      <stack-trace>at $sysInfo.Network.InternetConnected | Should -BeOfType [bool], /workspaces/AitherZero/aither-core/modules/SetupWizard/tests/SetupWizard.Tests.ps1:750
at &lt;ScriptBlock&gt;, /workspaces/AitherZero/aither-core/modules/SetupWizard/tests/SetupWizard.Tests.ps1:750</stack-trace>
                    </failure>
                  </test-case>
                </results>
              </test-suite>
              <test-suite type="TestFixture" name="SetupWizard Module Tests.Cloud CLI Detection Tests" executed="True" result="Success" success="True" time="11.0347" asserts="0" description="SetupWizard Module Tests.Cloud CLI Detection Tests">
                <results>
                  <test-case description="Should test cloud CLI detection" name="SetupWizard Module Tests.Cloud CLI Detection Tests.Should test cloud CLI detection" time="0.3319" asserts="0" success="True" result="Success" executed="True" />
                  <test-case description="Should check multiple cloud tools" name="SetupWizard Module Tests.Cloud CLI Detection Tests.Should check multiple cloud tools" time="0.3307" asserts="0" success="True" result="Success" executed="True" />
                </results>
              </test-suite>
              <test-suite type="TestFixture" name="SetupWizard Module Tests.Development Environment Tests" executed="True" result="Success" success="True" time="11.0646" asserts="0" description="SetupWizard Module Tests.Development Environment Tests">
                <results>
                  <test-case description="Should test development environment" name="SetupWizard Module Tests.Development Environment Tests.Should test development environment" time="0.016" asserts="0" success="True" result="Success" executed="True" />
                  <test-case description="Should check for VS Code" name="SetupWizard Module Tests.Development Environment Tests.Should check for VS Code" time="0.0115" asserts="0" success="True" result="Success" executed="True" />
                </results>
              </test-suite>
              <test-suite type="TestFixture" name="SetupWizard Module Tests.License and Module Communication Tests" executed="True" result="Success" success="True" time="11.1116" asserts="0" description="SetupWizard Module Tests.License and Module Communication Tests">
                <results>
                  <test-case description="Should test license integration" name="SetupWizard Module Tests.License and Module Communication Tests.Should test license integration" time="0.0199" asserts="0" success="True" result="Success" executed="True" />
                  <test-case description="Should test module communication" name="SetupWizard Module Tests.License and Module Communication Tests.Should test module communication" time="0.0247" asserts="0" success="True" result="Success" executed="True" />
                </results>
              </test-suite>
              <test-suite type="TestFixture" name="SetupWizard Module Tests.Cross-Platform Compatibility" executed="True" result="Failure" success="False" time="11.1686" asserts="0" description="SetupWizard Module Tests.Cross-Platform Compatibility">
                <results>
                  <test-case description="Should work on current platform" name="SetupWizard Module Tests.Cross-Platform Compatibility.Should work on current platform" time="0.0074" asserts="0" success="True" result="Success" executed="True" />
                  <test-case description="Should handle platform-specific paths" name="SetupWizard Module Tests.Cross-Platform Compatibility.Should handle platform-specific paths" time="0.0312" asserts="0" success="False" result="Failure" executed="True">
                    <failure>
                      <message>CommandNotFoundException: The term 'Initialize-Configuration' is not recognized as a name of a cmdlet, function, script file, or executable program.
Check the spelling of the name, or if a path was included, verify that the path is correct and try again.</message>
                      <stack-trace>at &lt;ScriptBlock&gt;, /workspaces/AitherZero/aither-core/modules/SetupWizard/tests/SetupWizard.Tests.ps1:849</stack-trace>
                    </failure>
                  </test-case>
                  <test-case description="Should provide platform-specific recommendations" name="SetupWizard Module Tests.Cross-Platform Compatibility.Should provide platform-specific recommendations" time="0.0142" asserts="0" success="True" result="Success" executed="True" />
                </results>
              </test-suite>
              <test-suite type="TestFixture" name="SetupWizard Module Tests.Integration Tests" executed="True" result="Failure" success="False" time="19.3069" asserts="0" description="SetupWizard Module Tests.Integration Tests">
                <results>
                  <test-case description="Should run minimal setup workflow without errors" name="SetupWizard Module Tests.Integration Tests.Should run minimal setup workflow without errors" time="8.0956" asserts="0" success="True" result="Success" executed="True" />
                  <test-case description="Should handle configuration management workflow" name="SetupWizard Module Tests.Integration Tests.Should handle configuration management workflow" time="0.0311" asserts="0" success="False" result="Failure" executed="True">
                    <failure>
                      <message>CommandNotFoundException: The term 'Initialize-Configuration' is not recognized as a name of a cmdlet, function, script file, or executable program.
Check the spelling of the name, or if a path was included, verify that the path is correct and try again.</message>
                      <stack-trace>at &lt;ScriptBlock&gt;, /workspaces/AitherZero/aither-core/modules/SetupWizard/tests/SetupWizard.Tests.ps1:903</stack-trace>
                    </failure>
                  </test-case>
                </results>
              </test-suite>
              <test-suite type="TestFixture" name="SetupWizard Module Tests.Error Handling and Edge Cases" executed="True" result="Failure" success="False" time="19.8732" asserts="0" description="SetupWizard Module Tests.Error Handling and Edge Cases">
                <results>
                  <test-case description="Should handle missing module gracefully" name="SetupWizard Module Tests.Error Handling and Edge Cases.Should handle missing module gracefully" time="0.0375" asserts="0" success="True" result="Success" executed="True" />
                  <test-case description="Should handle network failures gracefully" name="SetupWizard Module Tests.Error Handling and Edge Cases.Should handle network failures gracefully" time="0.4881" asserts="0" success="True" result="Success" executed="True" />
                  <test-case description="Should handle permission issues gracefully" name="SetupWizard Module Tests.Error Handling and Edge Cases.Should handle permission issues gracefully" time="0.0341" asserts="0" success="False" result="Failure" executed="True">
                    <failure>
                      <message>Expected no exception to be thrown, but an exception "The term 'Initialize-Configuration' is not recognized as a name of a cmdlet, function, script file, or executable program.
Check the spelling of the name, or if a path was included, verify that the path is correct and try again." was thrown from /workspaces/AitherZero/aither-core/modules/SetupWizard/tests/SetupWizard.Tests.ps1:942 char:15
    +             { Initialize-Configuration -SetupState $setupState } | Sh …
    +               ~~~~~~~~~~~~~~~~~~~~~~~~.</message>
                      <stack-trace>at { Initialize-Configuration -SetupState $setupState } | Should -Not -Throw, /workspaces/AitherZero/aither-core/modules/SetupWizard/tests/SetupWizard.Tests.ps1:942
at &lt;ScriptBlock&gt;, /workspaces/AitherZero/aither-core/modules/SetupWizard/tests/SetupWizard.Tests.ps1:942</stack-trace>
                    </failure>
                  </test-case>
                  <test-case description="Should handle invalid installation profiles" name="SetupWizard Module Tests.Error Handling and Edge Cases.Should handle invalid installation profiles" time="0.004" asserts="0" success="True" result="Success" executed="True" />
                </results>
              </test-suite>
              <test-suite type="TestFixture" name="SetupWizard Module Tests.Performance and Resource Management" executed="True" result="Failure" success="False" time="20.0838" asserts="0" description="SetupWizard Module Tests.Performance and Resource Management">
                <results>
                  <test-case description="Should complete basic tests efficiently" name="SetupWizard Module Tests.Performance and Resource Management.Should complete basic tests efficiently" time="0.1987" asserts="0" success="False" result="Failure" executed="True">
                    <failure>
                      <message>ParameterBindingValidationException: Cannot bind argument to parameter 'Path' because it is null.</message>
                      <stack-trace>at Test-SecuritySettings, /workspaces/AitherZero/aither-core/modules/SetupWizard/SetupWizard.psm1:648
at &lt;ScriptBlock&gt;, /workspaces/AitherZero/aither-core/modules/SetupWizard/tests/SetupWizard.Tests.ps1:965</stack-trace>
                    </failure>
                  </test-case>
                  <test-case description="Should handle large setup state objects" name="SetupWizard Module Tests.Performance and Resource Management.Should handle large setup state objects" time="0.0094" asserts="0" success="False" result="Failure" executed="True">
                    <failure>
                      <message>Expected no exception to be thrown, but an exception "Cannot find an overload for "op_Subtraction" and the argument count: "2"." was thrown from /workspaces/AitherZero/aither-core/modules/SetupWizard/SetupWizard.psm1:954 char:5
    +     $duration = (Get-Date) - $SetupState.StartTime
    +     ~~~~~~~~~~~~~~~~~~~~~~~~~~~~~~~~~~~~~~~~~~~~~~.</message>
                      <stack-trace>at { Test-SetupCompletion -SetupState $setupState } | Should -Not -Throw, /workspaces/AitherZero/aither-core/modules/SetupWizard/tests/SetupWizard.Tests.ps1:986
at &lt;ScriptBlock&gt;, /workspaces/AitherZero/aither-core/modules/SetupWizard/tests/SetupWizard.Tests.ps1:986</stack-trace>
                    </failure>
                  </test-case>
                </results>
              </test-suite>
            </results>
          </test-suite>
        </results>
      </test-suite>
    </results>
  </test-suite>
</test-results>