<?xml version="1.0" encoding="utf-8" standalone="no"?>
<test-results xmlns:xsi="http://www.w3.org/2001/XMLSchema-instance" xsi:noNamespaceSchemaLocation="nunit_schema_2.5.xsd" name="Pester" total="32" errors="0" failures="32" not-run="0" inconclusive="0" ignored="0" skipped="0" invalid="0" date="2025-07-08" time="17:42:08">
  <environment user-domain="" platform="Linux" cwd="/workspaces/AitherZero" os-version="6.8.0-1027-azure" clr-version="9.0.4" nunit-version="2.5.8.0" user="codespace" machine-name="codespaces-6c6eb1" />
  <culture-info current-culture="" current-uiculture="" />
  <test-suite type="TestFixture" name="Pester" executed="True" result="Failure" success="False" time="0.1839" asserts="0" description="Pester">
    <results>
      <test-suite type="TestFixture" name="/workspaces/AitherZero/aither-core/modules/LicenseManager/tests/LicenseManager.Tests.ps1" executed="True" result="Failure" success="False" time="0.1839" asserts="0" description="/workspaces/AitherZero/aither-core/modules/LicenseManager/tests/LicenseManager.Tests.ps1">
        <results>
          <test-suite type="TestFixture" name="LicenseManager Module" executed="True" result="Failure" success="False" time="0" asserts="0" description="LicenseManager Module">
            <results>
              <test-suite type="TestFixture" name="LicenseManager Module.Module Import" executed="True" result="Failure" success="False" time="0" asserts="0" description="LicenseManager Module.Module Import">
                <results>
                  <test-case description="Should import successfully" name="LicenseManager Module.Module Import.Should import successfully" time="0" asserts="0" success="False" result="Failure" executed="True">
                    <failure>
                      <message>This test should run but it did not. Most likely a setup in some parent block failed.</message>
                      <stack-trace />
                    </failure>
                  </test-case>
                  <test-case description="Should export all required functions" name="LicenseManager Module.Module Import.Should export all required functions" time="0" asserts="0" success="False" result="Failure" executed="True">
                    <failure>
                      <message>This test should run but it did not. Most likely a setup in some parent block failed.</message>
                      <stack-trace />
                    </failure>
                  </test-case>
                </results>
              </test-suite>
              <test-suite type="TestFixture" name="LicenseManager Module.License Status - No License" executed="True" result="Failure" success="False" time="0" asserts="0" description="LicenseManager Module.License Status - No License">
                <results>
                  <test-case description="Should return free tier when no license exists" name="LicenseManager Module.License Status - No License.Should return free tier when no license exists" time="0" asserts="0" success="False" result="Failure" executed="True">
                    <failure>
                      <message>This test should run but it did not. Most likely a setup in some parent block failed.</message>
                      <stack-trace />
                    </failure>
                  </test-case>
                </results>
              </test-suite>
              <test-suite type="TestFixture" name="LicenseManager Module.License Installation" executed="True" result="Failure" success="False" time="0" asserts="0" description="LicenseManager Module.License Installation">
                <results>
                  <test-case description="Should install license from JSON string" name="LicenseManager Module.License Installation.Should install license from JSON string" time="0" asserts="0" success="False" result="Failure" executed="True">
                    <failure>
                      <message>This test should run but it did not. Most likely a setup in some parent block failed.</message>
                      <stack-trace />
                    </failure>
                  </test-case>
                  <test-case description="Should install license from file" name="LicenseManager Module.License Installation.Should install license from file" time="0" asserts="0" success="False" result="Failure" executed="True">
                    <failure>
                      <message>This test should run but it did not. Most likely a setup in some parent block failed.</message>
                      <stack-trace />
                    </failure>
                  </test-case>
                  <test-case description="Should install license from base64 key" name="LicenseManager Module.License Installation.Should install license from base64 key" time="0" asserts="0" success="False" result="Failure" executed="True">
                    <failure>
                      <message>This test should run but it did not. Most likely a setup in some parent block failed.</message>
                      <stack-trace />
                    </failure>
                  </test-case>
                  <test-case description="Should reject expired license" name="LicenseManager Module.License Installation.Should reject expired license" time="0" asserts="0" success="False" result="Failure" executed="True">
                    <failure>
                      <message>This test should run but it did not. Most likely a setup in some parent block failed.</message>
                      <stack-trace />
                    </failure>
                  </test-case>
                  <test-case description="Should reject invalid license format" name="LicenseManager Module.License Installation.Should reject invalid license format" time="0" asserts="0" success="False" result="Failure" executed="True">
                    <failure>
                      <message>This test should run but it did not. Most likely a setup in some parent block failed.</message>
                      <stack-trace />
                    </failure>
                  </test-case>
                  <test-case description="Should validate signature in strict mode" name="LicenseManager Module.License Installation.Should validate signature in strict mode" time="0" asserts="0" success="False" result="Failure" executed="True">
                    <failure>
                      <message>This test should run but it did not. Most likely a setup in some parent block failed.</message>
                      <stack-trace />
                    </failure>
                  </test-case>
                </results>
              </test-suite>
              <test-suite type="TestFixture" name="LicenseManager Module.License Validation" executed="True" result="Failure" success="False" time="0" asserts="0" description="LicenseManager Module.License Validation">
                <results>
                  <test-case description="Should return valid status for good license" name="LicenseManager Module.License Validation.Should return valid status for good license" time="0" asserts="0" success="False" result="Failure" executed="True">
                    <failure>
                      <message>This test should run but it did not. Most likely a setup in some parent block failed.</message>
                      <stack-trace />
                    </failure>
                  </test-case>
                  <test-case description="Should detect license corruption" name="LicenseManager Module.License Validation.Should detect license corruption" time="0" asserts="0" success="False" result="Failure" executed="True">
                    <failure>
                      <message>This test should run but it did not. Most likely a setup in some parent block failed.</message>
                      <stack-trace />
                    </failure>
                  </test-case>
                </results>
              </test-suite>
              <test-suite type="TestFixture" name="LicenseManager Module.Feature Access Testing" executed="True" result="Failure" success="False" time="0" asserts="0" description="LicenseManager Module.Feature Access Testing">
                <results>
                  <test-case description="Should grant access to pro tier features" name="LicenseManager Module.Feature Access Testing.Should grant access to pro tier features" time="0" asserts="0" success="False" result="Failure" executed="True">
                    <failure>
                      <message>This test should run but it did not. Most likely a setup in some parent block failed.</message>
                      <stack-trace />
                    </failure>
                  </test-case>
                  <test-case description="Should deny access to enterprise features" name="LicenseManager Module.Feature Access Testing.Should deny access to enterprise features" time="0" asserts="0" success="False" result="Failure" executed="True">
                    <failure>
                      <message>This test should run but it did not. Most likely a setup in some parent block failed.</message>
                      <stack-trace />
                    </failure>
                  </test-case>
                  <test-case description="Should throw on denied access when requested" name="LicenseManager Module.Feature Access Testing.Should throw on denied access when requested" time="0" asserts="0" success="False" result="Failure" executed="True">
                    <failure>
                      <message>This test should run but it did not. Most likely a setup in some parent block failed.</message>
                      <stack-trace />
                    </failure>
                  </test-case>
                  <test-case description="Should test module access" name="LicenseManager Module.Feature Access Testing.Should test module access" time="0" asserts="0" success="False" result="Failure" executed="True">
                    <failure>
                      <message>This test should run but it did not. Most likely a setup in some parent block failed.</message>
                      <stack-trace />
                    </failure>
                  </test-case>
                </results>
              </test-suite>
              <test-suite type="TestFixture" name="LicenseManager Module.Feature Registry" executed="True" result="Failure" success="False" time="0" asserts="0" description="LicenseManager Module.Feature Registry">
                <results>
                  <test-case description="Should load feature registry" name="LicenseManager Module.Feature Registry.Should load feature registry" time="0" asserts="0" success="False" result="Failure" executed="True">
                    <failure>
                      <message>This test should run but it did not. Most likely a setup in some parent block failed.</message>
                      <stack-trace />
                    </failure>
                  </test-case>
                  <test-case description="Should get feature tier requirements" name="LicenseManager Module.Feature Registry.Should get feature tier requirements" time="0" asserts="0" success="False" result="Failure" executed="True">
                    <failure>
                      <message>This test should run but it did not. Most likely a setup in some parent block failed.</message>
                      <stack-trace />
                    </failure>
                  </test-case>
                </results>
              </test-suite>
              <test-suite type="TestFixture" name="LicenseManager Module.Available Features" executed="True" result="Failure" success="False" time="0" asserts="0" description="LicenseManager Module.Available Features">
                <results>
                  <test-case description="Should list available features" name="LicenseManager Module.Available Features.Should list available features" time="0" asserts="0" success="False" result="Failure" executed="True">
                    <failure>
                      <message>This test should run but it did not. Most likely a setup in some parent block failed.</message>
                      <stack-trace />
                    </failure>
                  </test-case>
                  <test-case description="Should include locked features when requested" name="LicenseManager Module.Available Features.Should include locked features when requested" time="0" asserts="0" success="False" result="Failure" executed="True">
                    <failure>
                      <message>This test should run but it did not. Most likely a setup in some parent block failed.</message>
                      <stack-trace />
                    </failure>
                  </test-case>
                </results>
              </test-suite>
              <test-suite type="TestFixture" name="LicenseManager Module.License Information" executed="True" result="Failure" success="False" time="0" asserts="0" description="LicenseManager Module.License Information">
                <results>
                  <test-case description="Should provide detailed license information" name="LicenseManager Module.License Information.Should provide detailed license information" time="0" asserts="0" success="False" result="Failure" executed="True">
                    <failure>
                      <message>This test should run but it did not. Most likely a setup in some parent block failed.</message>
                      <stack-trace />
                    </failure>
                  </test-case>
                </results>
              </test-suite>
              <test-suite type="TestFixture" name="LicenseManager Module.License Clearing" executed="True" result="Failure" success="False" time="0" asserts="0" description="LicenseManager Module.License Clearing">
                <results>
                  <test-case description="Should clear license and revert to free tier" name="LicenseManager Module.License Clearing.Should clear license and revert to free tier" time="0" asserts="0" success="False" result="Failure" executed="True">
                    <failure>
                      <message>This test should run but it did not. Most likely a setup in some parent block failed.</message>
                      <stack-trace />
                    </failure>
                  </test-case>
                </results>
              </test-suite>
              <test-suite type="TestFixture" name="LicenseManager Module.License Generation" executed="True" result="Failure" success="False" time="0" asserts="0" description="LicenseManager Module.License Generation">
                <results>
                  <test-case description="Should generate valid test licenses" name="LicenseManager Module.License Generation.Should generate valid test licenses" time="0" asserts="0" success="False" result="Failure" executed="True">
                    <failure>
                      <message>This test should run but it did not. Most likely a setup in some parent block failed.</message>
                      <stack-trace />
                    </failure>
                  </test-case>
                  <test-case description="Should generate enterprise licenses with all features" name="LicenseManager Module.License Generation.Should generate enterprise licenses with all features" time="0" asserts="0" success="False" result="Failure" executed="True">
                    <failure>
                      <message>This test should run but it did not. Most likely a setup in some parent block failed.</message>
                      <stack-trace />
                    </failure>
                  </test-case>
                </results>
              </test-suite>
              <test-suite type="TestFixture" name="LicenseManager Module.Tier Access Logic" executed="True" result="Failure" success="False" time="0" asserts="0" description="LicenseManager Module.Tier Access Logic">
                <results>
                  <test-case description="Should correctly compare tier levels" name="LicenseManager Module.Tier Access Logic.Should correctly compare tier levels" time="0" asserts="0" success="False" result="Failure" executed="True">
                    <failure>
                      <message>This test should run but it did not. Most likely a setup in some parent block failed.</message>
                      <stack-trace />
                    </failure>
                  </test-case>
                  <test-case description="Should handle unknown tiers gracefully" name="LicenseManager Module.Tier Access Logic.Should handle unknown tiers gracefully" time="0" asserts="0" success="False" result="Failure" executed="True">
                    <failure>
                      <message>This test should run but it did not. Most likely a setup in some parent block failed.</message>
                      <stack-trace />
                    </failure>
                  </test-case>
                </results>
              </test-suite>
              <test-suite type="TestFixture" name="LicenseManager Module.Security Validation" executed="True" result="Failure" success="False" time="0" asserts="0" description="LicenseManager Module.Security Validation">
                <results>
                  <test-case description="Should detect signatures with insufficient entropy" name="LicenseManager Module.Security Validation.Should detect signatures with insufficient entropy" time="0" asserts="0" success="False" result="Failure" executed="True">
                    <failure>
                      <message>This test should run but it did not. Most likely a setup in some parent block failed.</message>
                      <stack-trace />
                    </failure>
                  </test-case>
                  <test-case description="Should validate license integrity" name="LicenseManager Module.Security Validation.Should validate license integrity" time="0" asserts="0" success="False" result="Failure" executed="True">
                    <failure>
                      <message>This test should run but it did not. Most likely a setup in some parent block failed.</message>
                      <stack-trace />
                    </failure>
                  </test-case>
                  <test-case description="Should validate canonical license data creation" name="LicenseManager Module.Security Validation.Should validate canonical license data creation" time="0" asserts="0" success="False" result="Failure" executed="True">
                    <failure>
                      <message>This test should run but it did not. Most likely a setup in some parent block failed.</message>
                      <stack-trace />
                    </failure>
                  </test-case>
                </results>
              </test-suite>
              <test-suite type="TestFixture" name="LicenseManager Module.Error Handling" executed="True" result="Failure" success="False" time="0" asserts="0" description="LicenseManager Module.Error Handling">
                <results>
                  <test-case description="Should handle missing license file gracefully" name="LicenseManager Module.Error Handling.Should handle missing license file gracefully" time="0" asserts="0" success="False" result="Failure" executed="True">
                    <failure>
                      <message>This test should run but it did not. Most likely a setup in some parent block failed.</message>
                      <stack-trace />
                    </failure>
                  </test-case>
                  <test-case description="Should handle corrupted license files" name="LicenseManager Module.Error Handling.Should handle corrupted license files" time="0" asserts="0" success="False" result="Failure" executed="True">
                    <failure>
                      <message>This test should run but it did not. Most likely a setup in some parent block failed.</message>
                      <stack-trace />
                    </failure>
                  </test-case>
                  <test-case description="Should handle feature access with invalid license" name="LicenseManager Module.Error Handling.Should handle feature access with invalid license" time="0" asserts="0" success="False" result="Failure" executed="True">
                    <failure>
                      <message>This test should run but it did not. Most likely a setup in some parent block failed.</message>
                      <stack-trace />
                    </failure>
                  </test-case>
                </results>
              </test-suite>
              <test-suite type="TestFixture" name="LicenseManager Module.Performance" executed="True" result="Failure" success="False" time="0" asserts="0" description="LicenseManager Module.Performance">
                <results>
                  <test-case description="Should complete license operations within reasonable time" name="LicenseManager Module.Performance.Should complete license operations within reasonable time" time="0" asserts="0" success="False" result="Failure" executed="True">
                    <failure>
                      <message>This test should run but it did not. Most likely a setup in some parent block failed.</message>
                      <stack-trace />
                    </failure>
                  </test-case>
                </results>
              </test-suite>
            </results>
          </test-suite>
        </results>
      </test-suite>
    </results>
  </test-suite>
</test-results>