<?xml version="1.0" encoding="utf-8" standalone="no"?>
<test-results xmlns:xsi="http://www.w3.org/2001/XMLSchema-instance" xsi:noNamespaceSchemaLocation="nunit_schema_2.5.xsd" name="Pester" total="15" errors="0" failures="2" not-run="23" inconclusive="0" ignored="0" skipped="0" invalid="0" date="2025-07-08" time="16:49:51">
  <environment cwd="/workspaces/AitherZero" machine-name="codespaces-6c6eb1" user="codespace" user-domain="" os-version="6.8.0-1027-azure" platform="Linux" clr-version="9.0.4" nunit-version="2.5.8.0" />
  <culture-info current-culture="" current-uiculture="" />
  <test-suite type="TestFixture" name="Pester" executed="True" result="Failure" success="False" time="1.0926" asserts="0" description="Pester">
    <results>
      <test-suite type="TestFixture" name="/workspaces/AitherZero/aither-core/modules/SecureCredentials/tests/SecureCredentials.Tests.ps1" executed="True" result="Failure" success="False" time="1.0926" asserts="0" description="/workspaces/AitherZero/aither-core/modules/SecureCredentials/tests/SecureCredentials.Tests.ps1">
        <results>
          <test-suite type="TestFixture" name="SecureCredentials Module - Core Functionality" executed="True" result="Failure" success="False" time="0.6257" asserts="0" description="SecureCredentials Module - Core Functionality">
            <results>
              <test-suite type="TestFixture" name="SecureCredentials Module - Core Functionality.Module Import and Structure" executed="True" result="Success" success="True" time="0.0431" asserts="0" description="SecureCredentials Module - Core Functionality.Module Import and Structure">
                <results>
                  <test-case description="Should import the module successfully" name="SecureCredentials Module - Core Functionality.Module Import and Structure.Should import the module successfully" time="0.0053" asserts="0" success="True" result="Success" executed="True" />
                  <test-case description="Should export expected functions" name="SecureCredentials Module - Core Functionality.Module Import and Structure.Should export expected functions" time="0.0221" asserts="0" success="True" result="Success" executed="True" />
                  <test-case description="Should require PowerShell 7.0 or higher" name="SecureCredentials Module - Core Functionality.Module Import and Structure.Should require PowerShell 7.0 or higher" time="0.0046" asserts="0" success="True" result="Success" executed="True" />
                  <test-case description="Should have proper module metadata" name="SecureCredentials Module - Core Functionality.Module Import and Structure.Should have proper module metadata" time="0.0059" asserts="0" success="True" result="Success" executed="True" />
                </results>
              </test-suite>
              <test-suite type="TestFixture" name="SecureCredentials Module - Core Functionality.Core Functionality" executed="True" result="Success" success="True" time="0.4667" asserts="0" description="SecureCredentials Module - Core Functionality.Core Functionality">
                <results>
                  <test-case description="Should execute core functions without errors" name="SecureCredentials Module - Core Functionality.Core Functionality.Should execute core functions without errors" time="0.4053" asserts="0" success="True" result="Success" executed="True" />
                </results>
              </test-suite>
              <test-suite type="TestFixture" name="SecureCredentials Module - Core Functionality.Error Handling" executed="True" result="Failure" success="False" time="0.5656" asserts="0" description="SecureCredentials Module - Core Functionality.Error Handling">
                <results>
                  <test-case description="Should handle errors gracefully" name="SecureCredentials Module - Core Functionality.Error Handling.Should handle errors gracefully" time="0.0881" asserts="0" success="False" result="Failure" executed="True">
                    <failure>
                      <message>ValidationMetadataException: The argument is null. Provide a valid value for the argument, and then try running the command again.
ParameterBindingValidationException: Cannot validate argument on parameter 'Fixture'. The argument is null. Provide a valid value for the argument, and then try running the command again.</message>
                      <stack-trace>at &lt;ScriptBlock&gt;, /workspaces/AitherZero/aither-core/modules/SecureCredentials/tests/SecureCredentials.Tests.ps1:233
at &lt;ScriptBlock&gt;, /workspaces/AitherZero/aither-core/modules/SecureCredentials/tests/SecureCredentials.Tests.ps1:102</stack-trace>
                    </failure>
                  </test-case>
                </results>
              </test-suite>
              <test-suite type="TestFixture" name="SecureCredentials Module - Core Functionality.Integration with AitherZero Framework" executed="True" result="Success" success="True" time="0.5941" asserts="0" description="SecureCredentials Module - Core Functionality.Integration with AitherZero Framework">
                <results>
                  <test-case description="Should integrate with logging system" name="SecureCredentials Module - Core Functionality.Integration with AitherZero Framework.Should integrate with logging system" time="0.0052" asserts="0" success="True" result="Success" executed="True" />
                  <test-case description="Should handle configuration properly" name="SecureCredentials Module - Core Functionality.Integration with AitherZero Framework.Should handle configuration properly" time="0.0141" asserts="0" success="True" result="Success" executed="True" />
                  <test-case description="Should support cross-platform operation" name="SecureCredentials Module - Core Functionality.Integration with AitherZero Framework.Should support cross-platform operation" time="0.0043" asserts="0" success="True" result="Success" executed="True" />
                </results>
              </test-suite>
              <test-suite type="TestFixture" name="SecureCredentials Module - Core Functionality.Performance and Reliability" executed="True" result="Success" success="True" time="0.6211" asserts="0" description="SecureCredentials Module - Core Functionality.Performance and Reliability">
                <results>
                  <test-case description="Should execute core functions within acceptable time limits" name="SecureCredentials Module - Core Functionality.Performance and Reliability.Should execute core functions within acceptable time limits" time="0.0141" asserts="0" success="True" result="Success" executed="True" />
                  <test-case description="Should handle concurrent operations safely" name="SecureCredentials Module - Core Functionality.Performance and Reliability.Should handle concurrent operations safely" time="0.0041" asserts="0" success="True" result="Success" executed="True" />
                  <test-case description="Should gracefully handle resource constraints" name="SecureCredentials Module - Core Functionality.Performance and Reliability.Should gracefully handle resource constraints" time="0.004" asserts="0" success="True" result="Success" executed="True" />
                </results>
              </test-suite>
            </results>
          </test-suite>
          <test-suite type="TestFixture" name="SecureCredentials Module - Advanced Scenarios" executed="True" result="Failure" success="False" time="0.8182" asserts="0" description="SecureCredentials Module - Advanced Scenarios">
            <results>
              <test-suite type="TestFixture" name="SecureCredentials Module - Advanced Scenarios.Edge Cases and Boundary Conditions" executed="True" result="Failure" success="False" time="0.1136" asserts="0" description="SecureCredentials Module - Advanced Scenarios.Edge Cases and Boundary Conditions">
                <results>
                  <test-case description="Should handle edge cases properly" name="SecureCredentials Module - Advanced Scenarios.Edge Cases and Boundary Conditions.Should handle edge cases properly" time="0.0956" asserts="0" success="False" result="Failure" executed="True">
                    <failure>
                      <message>ValidationMetadataException: The argument is null. Provide a valid value for the argument, and then try running the command again.
ParameterBindingValidationException: Cannot validate argument on parameter 'Fixture'. The argument is null. Provide a valid value for the argument, and then try running the command again.</message>
                      <stack-trace>at &lt;ScriptBlock&gt;, /workspaces/AitherZero/aither-core/modules/SecureCredentials/tests/SecureCredentials.Tests.ps1:1359
at &lt;ScriptBlock&gt;, /workspaces/AitherZero/aither-core/modules/SecureCredentials/tests/SecureCredentials.Tests.ps1:1044</stack-trace>
                    </failure>
                  </test-case>
                </results>
              </test-suite>
              <test-suite type="TestFixture" name="SecureCredentials Module - Advanced Scenarios.Integration Testing" executed="True" result="Success" success="True" time="0.1435" asserts="0" description="SecureCredentials Module - Advanced Scenarios.Integration Testing">
                <results>
                  <test-case description="Should integrate with other modules" name="SecureCredentials Module - Advanced Scenarios.Integration Testing.Should integrate with other modules" time="0.0233" asserts="0" success="True" result="Success" executed="True" />
                </results>
              </test-suite>
              <test-suite type="TestFixture" name="SecureCredentials Module - Advanced Scenarios.Regression Testing" executed="True" result="Success" success="True" time="0.1882" asserts="0" description="SecureCredentials Module - Advanced Scenarios.Regression Testing">
                <results>
                  <test-case description="Should not regress existing functionality" name="SecureCredentials Module - Advanced Scenarios.Regression Testing.Should not regress existing functionality" time="0.0402" asserts="0" success="True" result="Success" executed="True" />
                </results>
              </test-suite>
            </results>
          </test-suite>
        </results>
      </test-suite>
    </results>
  </test-suite>
</test-results>