<?xml version="1.0" encoding="utf-8" standalone="no"?>
<test-results xmlns:xsi="http://www.w3.org/2001/XMLSchema-instance" xsi:noNamespaceSchemaLocation="nunit_schema_2.5.xsd" name="Pester" total="13" errors="0" failures="0" not-run="0" inconclusive="0" ignored="0" skipped="0" invalid="0" date="2025-07-08" time="16:49:58">
  <environment cwd="/workspaces/AitherZero" machine-name="codespaces-6c6eb1" user="codespace" user-domain="" os-version="6.8.0-1027-azure" platform="Linux" clr-version="9.0.4" nunit-version="2.5.8.0" />
  <culture-info current-culture="" current-uiculture="" />
  <test-suite type="TestFixture" name="Pester" executed="True" result="Success" success="True" time="0.9612" asserts="0" description="Pester">
    <results>
      <test-suite type="TestFixture" name="/workspaces/AitherZero/aither-core/modules/TestingFramework/tests/TestingFramework.Tests.ps1" executed="True" result="Success" success="True" time="0.9612" asserts="0" description="/workspaces/AitherZero/aither-core/modules/TestingFramework/tests/TestingFramework.Tests.ps1">
        <results>
          <test-suite type="TestFixture" name="TestingFramework Module Tests" executed="True" result="Success" success="True" time="0.9071" asserts="0" description="TestingFramework Module Tests">
            <results>
              <test-suite type="TestFixture" name="TestingFramework Module Tests.Basic Functionality" executed="True" result="Success" success="True" time="0.1913" asserts="0" description="TestingFramework Module Tests.Basic Functionality">
                <results>
                  <test-case description="Should load the module successfully" name="TestingFramework Module Tests.Basic Functionality.Should load the module successfully" time="0.0042" asserts="0" success="True" result="Success" executed="True" />
                  <test-case description="Should export expected functions" name="TestingFramework Module Tests.Basic Functionality.Should export expected functions" time="0.1831" asserts="0" success="True" result="Success" executed="True" />
                </results>
              </test-suite>
              <test-suite type="TestFixture" name="TestingFramework Module Tests.Configuration Management" executed="True" result="Success" success="True" time="0.2118" asserts="0" description="TestingFramework Module Tests.Configuration Management">
                <results>
                  <test-case description="Should return valid configuration for Development profile" name="TestingFramework Module Tests.Configuration Management.Should return valid configuration for Development profile" time="0.005" asserts="0" success="True" result="Success" executed="True" />
                  <test-case description="Should return valid configuration for CI profile" name="TestingFramework Module Tests.Configuration Management.Should return valid configuration for CI profile" time="0.0058" asserts="0" success="True" result="Success" executed="True" />
                  <test-case description="Should return valid configuration for Production profile" name="TestingFramework Module Tests.Configuration Management.Should return valid configuration for Production profile" time="0.0056" asserts="0" success="True" result="Success" executed="True" />
                </results>
              </test-suite>
              <test-suite type="TestFixture" name="TestingFramework Module Tests.Module Discovery" executed="True" result="Success" success="True" time="0.4617" asserts="0" description="TestingFramework Module Tests.Module Discovery">
                <results>
                  <test-case description="Should discover project modules" name="TestingFramework Module Tests.Module Discovery.Should discover project modules" time="0.1023" asserts="0" success="True" result="Success" executed="True" />
                  <test-case description="Should include TestingFramework in discovered modules" name="TestingFramework Module Tests.Module Discovery.Should include TestingFramework in discovered modules" time="0.1342" asserts="0" success="True" result="Success" executed="True" />
                </results>
              </test-suite>
              <test-suite type="TestFixture" name="TestingFramework Module Tests.Test Execution Planning" executed="True" result="Success" success="True" time="0.7222" asserts="0" description="TestingFramework Module Tests.Test Execution Planning">
                <results>
                  <test-case description="Should create test execution plan for Quick suite" name="TestingFramework Module Tests.Test Execution Planning.Should create test execution plan for Quick suite" time="0.139" asserts="0" success="True" result="Success" executed="True" />
                  <test-case description="Should create test execution plan for All suite" name="TestingFramework Module Tests.Test Execution Planning.Should create test execution plan for All suite" time="0.1176" asserts="0" success="True" result="Success" executed="True" />
                </results>
              </test-suite>
              <test-suite type="TestFixture" name="TestingFramework Module Tests.Test Environment" executed="True" result="Success" success="True" time="0.7679" asserts="0" description="TestingFramework Module Tests.Test Environment">
                <results>
                  <test-case description="Should initialize test environment" name="TestingFramework Module Tests.Test Environment.Should initialize test environment" time="0.0419" asserts="0" success="True" result="Success" executed="True" />
                </results>
              </test-suite>
              <test-suite type="TestFixture" name="TestingFramework Module Tests.Integration Functions" executed="True" result="Success" success="True" time="0.8786" asserts="0" description="TestingFramework Module Tests.Integration Functions">
                <results>
                  <test-case description="Should provide module structure testing" name="TestingFramework Module Tests.Integration Functions.Should provide module structure testing" time="0.1069" asserts="0" success="True" result="Success" executed="True" />
                </results>
              </test-suite>
              <test-suite type="TestFixture" name="TestingFramework Module Tests.Event System" executed="True" result="Success" success="True" time="0.8922" asserts="0" description="TestingFramework Module Tests.Event System">
                <results>
                  <test-case description="Should publish test events" name="TestingFramework Module Tests.Event System.Should publish test events" time="0.005" asserts="0" success="True" result="Success" executed="True" />
                  <test-case description="Should retrieve published events" name="TestingFramework Module Tests.Event System.Should retrieve published events" time="0.0046" asserts="0" success="True" result="Success" executed="True" />
                </results>
              </test-suite>
            </results>
          </test-suite>
        </results>
      </test-suite>
    </results>
  </test-suite>
</test-results>