<?xml version="1.0" encoding="utf-8" standalone="no"?>
<test-results xmlns:xsi="http://www.w3.org/2001/XMLSchema-instance" xsi:noNamespaceSchemaLocation="nunit_schema_2.5.xsd" name="Pester" total="34" errors="0" failures="34" not-run="0" inconclusive="0" ignored="0" skipped="0" invalid="0" date="2025-07-08" time="23:15:49">
  <environment machine-name="codespaces-6c6eb1" user="codespace" nunit-version="2.5.8.0" platform="Linux" os-version="6.8.0-1027-azure" user-domain="" cwd="/workspaces/AitherZero" clr-version="9.0.4" />
  <culture-info current-culture="" current-uiculture="" />
  <test-suite type="TestFixture" name="Pester" executed="True" result="Failure" success="False" time="0.656" asserts="0" description="Pester">
    <results>
      <test-suite type="TestFixture" name="/workspaces/AitherZero/aither-core/modules/ConfigurationCore/tests/ConfigurationCore.Tests.ps1" executed="True" result="Failure" success="False" time="0.656" asserts="0" description="/workspaces/AitherZero/aither-core/modules/ConfigurationCore/tests/ConfigurationCore.Tests.ps1">
        <results>
          <test-suite type="TestFixture" name="ConfigurationCore Module Tests" executed="True" result="Failure" success="False" time="0" asserts="0" description="ConfigurationCore Module Tests">
            <results>
              <test-suite type="TestFixture" name="ConfigurationCore Module Tests.Module Import and Basic Functions" executed="True" result="Failure" success="False" time="0" asserts="0" description="ConfigurationCore Module Tests.Module Import and Basic Functions">
                <results>
                  <test-case description="Should import the module without errors" name="ConfigurationCore Module Tests.Module Import and Basic Functions.Should import the module without errors" time="0" asserts="0" success="False" result="Failure" executed="True">
                    <failure>
                      <message>This test should run but it did not. Most likely a setup in some parent block failed.</message>
                      <stack-trace />
                    </failure>
                  </test-case>
                  <test-case description="Should export all required functions" name="ConfigurationCore Module Tests.Module Import and Basic Functions.Should export all required functions" time="0" asserts="0" success="False" result="Failure" executed="True">
                    <failure>
                      <message>This test should run but it did not. Most likely a setup in some parent block failed.</message>
                      <stack-trace />
                    </failure>
                  </test-case>
                </results>
              </test-suite>
              <test-suite type="TestFixture" name="ConfigurationCore Module Tests.Configuration Store Management" executed="True" result="Failure" success="False" time="0" asserts="0" description="ConfigurationCore Module Tests.Configuration Store Management">
                <results>
                  <test-case description="Should get configuration store" name="ConfigurationCore Module Tests.Configuration Store Management.Should get configuration store" time="0" asserts="0" success="False" result="Failure" executed="True">
                    <failure>
                      <message>This test should run but it did not. Most likely a setup in some parent block failed.</message>
                      <stack-trace />
                    </failure>
                  </test-case>
                  <test-case description="Should get configuration store as JSON" name="ConfigurationCore Module Tests.Configuration Store Management.Should get configuration store as JSON" time="0" asserts="0" success="False" result="Failure" executed="True">
                    <failure>
                      <message>This test should run but it did not. Most likely a setup in some parent block failed.</message>
                      <stack-trace />
                    </failure>
                  </test-case>
                  <test-case description="Should set configuration store" name="ConfigurationCore Module Tests.Configuration Store Management.Should set configuration store" time="0" asserts="0" success="False" result="Failure" executed="True">
                    <failure>
                      <message>This test should run but it did not. Most likely a setup in some parent block failed.</message>
                      <stack-trace />
                    </failure>
                  </test-case>
                  <test-case description="Should export configuration store" name="ConfigurationCore Module Tests.Configuration Store Management.Should export configuration store" time="0" asserts="0" success="False" result="Failure" executed="True">
                    <failure>
                      <message>This test should run but it did not. Most likely a setup in some parent block failed.</message>
                      <stack-trace />
                    </failure>
                  </test-case>
                  <test-case description="Should import configuration store" name="ConfigurationCore Module Tests.Configuration Store Management.Should import configuration store" time="0" asserts="0" success="False" result="Failure" executed="True">
                    <failure>
                      <message>This test should run but it did not. Most likely a setup in some parent block failed.</message>
                      <stack-trace />
                    </failure>
                  </test-case>
                </results>
              </test-suite>
              <test-suite type="TestFixture" name="ConfigurationCore Module Tests.Module Configuration Management" executed="True" result="Failure" success="False" time="0" asserts="0" description="ConfigurationCore Module Tests.Module Configuration Management">
                <results>
                  <test-case description="Should register module configuration" name="ConfigurationCore Module Tests.Module Configuration Management.Should register module configuration" time="0" asserts="0" success="False" result="Failure" executed="True">
                    <failure>
                      <message>This test should run but it did not. Most likely a setup in some parent block failed.</message>
                      <stack-trace />
                    </failure>
                  </test-case>
                  <test-case description="Should get module configuration" name="ConfigurationCore Module Tests.Module Configuration Management.Should get module configuration" time="0" asserts="0" success="False" result="Failure" executed="True">
                    <failure>
                      <message>This test should run but it did not. Most likely a setup in some parent block failed.</message>
                      <stack-trace />
                    </failure>
                  </test-case>
                  <test-case description="Should set module configuration" name="ConfigurationCore Module Tests.Module Configuration Management.Should set module configuration" time="0" asserts="0" success="False" result="Failure" executed="True">
                    <failure>
                      <message>This test should run but it did not. Most likely a setup in some parent block failed.</message>
                      <stack-trace />
                    </failure>
                  </test-case>
                  <test-case description="Should validate module configuration" name="ConfigurationCore Module Tests.Module Configuration Management.Should validate module configuration" time="0" asserts="0" success="False" result="Failure" executed="True">
                    <failure>
                      <message>This test should run but it did not. Most likely a setup in some parent block failed.</message>
                      <stack-trace />
                    </failure>
                  </test-case>
                  <test-case description="Should merge module configuration" name="ConfigurationCore Module Tests.Module Configuration Management.Should merge module configuration" time="0" asserts="0" success="False" result="Failure" executed="True">
                    <failure>
                      <message>This test should run but it did not. Most likely a setup in some parent block failed.</message>
                      <stack-trace />
                    </failure>
                  </test-case>
                </results>
              </test-suite>
              <test-suite type="TestFixture" name="ConfigurationCore Module Tests.Environment Management" executed="True" result="Failure" success="False" time="0" asserts="0" description="ConfigurationCore Module Tests.Environment Management">
                <results>
                  <test-case description="Should get current environment" name="ConfigurationCore Module Tests.Environment Management.Should get current environment" time="0" asserts="0" success="False" result="Failure" executed="True">
                    <failure>
                      <message>This test should run but it did not. Most likely a setup in some parent block failed.</message>
                      <stack-trace />
                    </failure>
                  </test-case>
                  <test-case description="Should get all environments" name="ConfigurationCore Module Tests.Environment Management.Should get all environments" time="0" asserts="0" success="False" result="Failure" executed="True">
                    <failure>
                      <message>This test should run but it did not. Most likely a setup in some parent block failed.</message>
                      <stack-trace />
                    </failure>
                  </test-case>
                  <test-case description="Should create new environment" name="ConfigurationCore Module Tests.Environment Management.Should create new environment" time="0" asserts="0" success="False" result="Failure" executed="True">
                    <failure>
                      <message>This test should run but it did not. Most likely a setup in some parent block failed.</message>
                      <stack-trace />
                    </failure>
                  </test-case>
                  <test-case description="Should set active environment" name="ConfigurationCore Module Tests.Environment Management.Should set active environment" time="0" asserts="0" success="False" result="Failure" executed="True">
                    <failure>
                      <message>This test should run but it did not. Most likely a setup in some parent block failed.</message>
                      <stack-trace />
                    </failure>
                  </test-case>
                  <test-case description="Should copy environment settings" name="ConfigurationCore Module Tests.Environment Management.Should copy environment settings" time="0" asserts="0" success="False" result="Failure" executed="True">
                    <failure>
                      <message>This test should run but it did not. Most likely a setup in some parent block failed.</message>
                      <stack-trace />
                    </failure>
                  </test-case>
                  <test-case description="Should remove environment" name="ConfigurationCore Module Tests.Environment Management.Should remove environment" time="0" asserts="0" success="False" result="Failure" executed="True">
                    <failure>
                      <message>This test should run but it did not. Most likely a setup in some parent block failed.</message>
                      <stack-trace />
                    </failure>
                  </test-case>
                </results>
              </test-suite>
              <test-suite type="TestFixture" name="ConfigurationCore Module Tests.Schema Management" executed="True" result="Failure" success="False" time="0" asserts="0" description="ConfigurationCore Module Tests.Schema Management">
                <results>
                  <test-case description="Should get all schemas" name="ConfigurationCore Module Tests.Schema Management.Should get all schemas" time="0" asserts="0" success="False" result="Failure" executed="True">
                    <failure>
                      <message>This test should run but it did not. Most likely a setup in some parent block failed.</message>
                      <stack-trace />
                    </failure>
                  </test-case>
                  <test-case description="Should get schema with defaults" name="ConfigurationCore Module Tests.Schema Management.Should get schema with defaults" time="0" asserts="0" success="False" result="Failure" executed="True">
                    <failure>
                      <message>This test should run but it did not. Most likely a setup in some parent block failed.</message>
                      <stack-trace />
                    </failure>
                  </test-case>
                </results>
              </test-suite>
              <test-suite type="TestFixture" name="ConfigurationCore Module Tests.Configuration Validation" executed="True" result="Failure" success="False" time="0" asserts="0" description="ConfigurationCore Module Tests.Configuration Validation">
                <results>
                  <test-case description="Should validate valid configuration" name="ConfigurationCore Module Tests.Configuration Validation.Should validate valid configuration" time="0" asserts="0" success="False" result="Failure" executed="True">
                    <failure>
                      <message>This test should run but it did not. Most likely a setup in some parent block failed.</message>
                      <stack-trace />
                    </failure>
                  </test-case>
                  <test-case description="Should detect missing required property" name="ConfigurationCore Module Tests.Configuration Validation.Should detect missing required property" time="0" asserts="0" success="False" result="Failure" executed="True">
                    <failure>
                      <message>This test should run but it did not. Most likely a setup in some parent block failed.</message>
                      <stack-trace />
                    </failure>
                  </test-case>
                  <test-case description="Should detect invalid enum value" name="ConfigurationCore Module Tests.Configuration Validation.Should detect invalid enum value" time="0" asserts="0" success="False" result="Failure" executed="True">
                    <failure>
                      <message>This test should run but it did not. Most likely a setup in some parent block failed.</message>
                      <stack-trace />
                    </failure>
                  </test-case>
                  <test-case description="Should detect out of range value" name="ConfigurationCore Module Tests.Configuration Validation.Should detect out of range value" time="0" asserts="0" success="False" result="Failure" executed="True">
                    <failure>
                      <message>This test should run but it did not. Most likely a setup in some parent block failed.</message>
                      <stack-trace />
                    </failure>
                  </test-case>
                </results>
              </test-suite>
              <test-suite type="TestFixture" name="ConfigurationCore Module Tests.Hot Reload Functionality" executed="True" result="Failure" success="False" time="0" asserts="0" description="ConfigurationCore Module Tests.Hot Reload Functionality">
                <results>
                  <test-case description="Should enable hot reload" name="ConfigurationCore Module Tests.Hot Reload Functionality.Should enable hot reload" time="0" asserts="0" success="False" result="Failure" executed="True">
                    <failure>
                      <message>This test should run but it did not. Most likely a setup in some parent block failed.</message>
                      <stack-trace />
                    </failure>
                  </test-case>
                  <test-case description="Should get watcher information" name="ConfigurationCore Module Tests.Hot Reload Functionality.Should get watcher information" time="0" asserts="0" success="False" result="Failure" executed="True">
                    <failure>
                      <message>This test should run but it did not. Most likely a setup in some parent block failed.</message>
                      <stack-trace />
                    </failure>
                  </test-case>
                  <test-case description="Should disable hot reload" name="ConfigurationCore Module Tests.Hot Reload Functionality.Should disable hot reload" time="0" asserts="0" success="False" result="Failure" executed="True">
                    <failure>
                      <message>This test should run but it did not. Most likely a setup in some parent block failed.</message>
                      <stack-trace />
                    </failure>
                  </test-case>
                </results>
              </test-suite>
              <test-suite type="TestFixture" name="ConfigurationCore Module Tests.Configuration Comparison" executed="True" result="Failure" success="False" time="0" asserts="0" description="ConfigurationCore Module Tests.Configuration Comparison">
                <results>
                  <test-case description="Should compare configurations" name="ConfigurationCore Module Tests.Configuration Comparison.Should compare configurations" time="0" asserts="0" success="False" result="Failure" executed="True">
                    <failure>
                      <message>This test should run but it did not. Most likely a setup in some parent block failed.</message>
                      <stack-trace />
                    </failure>
                  </test-case>
                </results>
              </test-suite>
              <test-suite type="TestFixture" name="ConfigurationCore Module Tests.Backup and Restore" executed="True" result="Failure" success="False" time="0" asserts="0" description="ConfigurationCore Module Tests.Backup and Restore">
                <results>
                  <test-case description="Should create configuration backup" name="ConfigurationCore Module Tests.Backup and Restore.Should create configuration backup" time="0" asserts="0" success="False" result="Failure" executed="True">
                    <failure>
                      <message>This test should run but it did not. Most likely a setup in some parent block failed.</message>
                      <stack-trace />
                    </failure>
                  </test-case>
                  <test-case description="Should restore configuration from backup" name="ConfigurationCore Module Tests.Backup and Restore.Should restore configuration from backup" time="0" asserts="0" success="False" result="Failure" executed="True">
                    <failure>
                      <message>This test should run but it did not. Most likely a setup in some parent block failed.</message>
                      <stack-trace />
                    </failure>
                  </test-case>
                </results>
              </test-suite>
              <test-suite type="TestFixture" name="ConfigurationCore Module Tests.Variable Expansion" executed="True" result="Failure" success="False" time="0" asserts="0" description="ConfigurationCore Module Tests.Variable Expansion">
                <results>
                  <test-case description="Should expand environment variables" name="ConfigurationCore Module Tests.Variable Expansion.Should expand environment variables" time="0" asserts="0" success="False" result="Failure" executed="True">
                    <failure>
                      <message>This test should run but it did not. Most likely a setup in some parent block failed.</message>
                      <stack-trace />
                    </failure>
                  </test-case>
                  <test-case description="Should expand platform variables" name="ConfigurationCore Module Tests.Variable Expansion.Should expand platform variables" time="0" asserts="0" success="False" result="Failure" executed="True">
                    <failure>
                      <message>This test should run but it did not. Most likely a setup in some parent block failed.</message>
                      <stack-trace />
                    </failure>
                  </test-case>
                </results>
              </test-suite>
            </results>
          </test-suite>
          <test-suite type="TestFixture" name="ConfigurationCore Integration Tests" executed="True" result="Failure" success="False" time="0" asserts="0" description="ConfigurationCore Integration Tests">
            <results>
              <test-suite type="TestFixture" name="ConfigurationCore Integration Tests.Module Integration" executed="True" result="Failure" success="False" time="0" asserts="0" description="ConfigurationCore Integration Tests.Module Integration">
                <results>
                  <test-case description="Should support module lifecycle" name="ConfigurationCore Integration Tests.Module Integration.Should support module lifecycle" time="0" asserts="0" success="False" result="Failure" executed="True">
                    <failure>
                      <message>This test should run but it did not. Most likely a setup in some parent block failed.</message>
                      <stack-trace />
                    </failure>
                  </test-case>
                  <test-case description="Should support environment-specific configuration" name="ConfigurationCore Integration Tests.Module Integration.Should support environment-specific configuration" time="0" asserts="0" success="False" result="Failure" executed="True">
                    <failure>
                      <message>This test should run but it did not. Most likely a setup in some parent block failed.</message>
                      <stack-trace />
                    </failure>
                  </test-case>
                </results>
              </test-suite>
            </results>
          </test-suite>
        </results>
      </test-suite>
    </results>
  </test-suite>
</test-results>