<?xml version="1.0" encoding="utf-8" standalone="no"?>
<test-results xmlns:xsi="http://www.w3.org/2001/XMLSchema-instance" xsi:noNamespaceSchemaLocation="nunit_schema_2.5.xsd" name="Pester" total="22" errors="0" failures="5" not-run="0" inconclusive="0" ignored="0" skipped="0" invalid="0" date="2025-07-08" time="15:27:32">
  <environment machine-name="codespaces-6c6eb1" clr-version="9.0.4" user-domain="" nunit-version="2.5.8.0" cwd="/workspaces/AitherZero" os-version="6.8.0-1027-azure" user="codespace" platform="Linux" />
  <culture-info current-culture="" current-uiculture="" />
  <test-suite type="TestFixture" name="Pester" executed="True" result="Failure" success="False" time="0.5043" asserts="0" description="Pester">
    <results>
      <test-suite type="TestFixture" name="/workspaces/AitherZero/aither-core/modules/ProgressTracking/tests/ProgressTracking.Tests.ps1" executed="True" result="Failure" success="False" time="0.5043" asserts="0" description="/workspaces/AitherZero/aither-core/modules/ProgressTracking/tests/ProgressTracking.Tests.ps1">
        <results>
          <test-suite type="TestFixture" name="ProgressTracking Module Tests" executed="True" result="Failure" success="False" time="0.4366" asserts="0" description="ProgressTracking Module Tests">
            <results>
              <test-suite type="TestFixture" name="ProgressTracking Module Tests.Module Loading" executed="True" result="Success" success="True" time="0.0524" asserts="0" description="ProgressTracking Module Tests.Module Loading">
                <results>
                  <test-case description="Should import module successfully" name="ProgressTracking Module Tests.Module Loading.Should import module successfully" time="0.0081" asserts="0" success="True" result="Success" executed="True" />
                  <test-case description="Should have valid manifest" name="ProgressTracking Module Tests.Module Loading.Should have valid manifest" time="0.0267" asserts="0" success="True" result="Success" executed="True" />
                  <test-case description="Should export expected functions" name="ProgressTracking Module Tests.Module Loading.Should export expected functions" time="0.0131" asserts="0" success="True" result="Success" executed="True" />
                </results>
              </test-suite>
              <test-suite type="TestFixture" name="ProgressTracking Module Tests.Show-SimpleProgress Function Tests" executed="True" result="Success" success="True" time="0.1236" asserts="0" description="ProgressTracking Module Tests.Show-SimpleProgress Function Tests">
                <results>
                  <test-case description="Should display Start progress correctly" name="ProgressTracking Module Tests.Show-SimpleProgress Function Tests.Should display Start progress correctly" time="0.0079" asserts="0" success="True" result="Success" executed="True" />
                  <test-case description="Should display Update progress correctly" name="ProgressTracking Module Tests.Show-SimpleProgress Function Tests.Should display Update progress correctly" time="0.005" asserts="0" success="True" result="Success" executed="True" />
                  <test-case description="Should display Complete progress correctly" name="ProgressTracking Module Tests.Show-SimpleProgress Function Tests.Should display Complete progress correctly" time="0.0147" asserts="0" success="True" result="Success" executed="True" />
                  <test-case description="Should default to Update type when not specified" name="ProgressTracking Module Tests.Show-SimpleProgress Function Tests.Should default to Update type when not specified" time="0.0083" asserts="0" success="True" result="Success" executed="True" />
                  <test-case description="Should validate Type parameter values" name="ProgressTracking Module Tests.Show-SimpleProgress Function Tests.Should validate Type parameter values" time="0.0298" asserts="0" success="True" result="Success" executed="True" />
                </results>
              </test-suite>
              <test-suite type="TestFixture" name="ProgressTracking Module Tests.Progress Operation Tests" executed="True" result="Success" success="True" time="0.2208" asserts="0" description="ProgressTracking Module Tests.Progress Operation Tests">
                <results>
                  <test-case description="Should start a progress operation successfully" name="ProgressTracking Module Tests.Progress Operation Tests.Should start a progress operation successfully" time="0.0372" asserts="0" success="True" result="Success" executed="True" />
                  <test-case description="Should update progress operation successfully" name="ProgressTracking Module Tests.Progress Operation Tests.Should update progress operation successfully" time="0.0369" asserts="0" success="True" result="Success" executed="True" />
                  <test-case description="Should complete progress operation successfully" name="ProgressTracking Module Tests.Progress Operation Tests.Should complete progress operation successfully" time="0.0105" asserts="0" success="True" result="Success" executed="True" />
                  <test-case description="Should handle invalid operation ID gracefully" name="ProgressTracking Module Tests.Progress Operation Tests.Should handle invalid operation ID gracefully" time="0.0058" asserts="0" success="True" result="Success" executed="True" />
                </results>
              </test-suite>
              <test-suite type="TestFixture" name="ProgressTracking Module Tests.Multi-Progress Tests" executed="True" result="Success" success="True" time="0.2573" asserts="0" description="ProgressTracking Module Tests.Multi-Progress Tests">
                <results>
                  <test-case description="Should start multiple progress operations" name="ProgressTracking Module Tests.Multi-Progress Tests.Should start multiple progress operations" time="0.0326" asserts="0" success="True" result="Success" executed="True" />
                </results>
              </test-suite>
              <test-suite type="TestFixture" name="ProgressTracking Module Tests.Progress Logging Tests" executed="True" result="Failure" success="False" time="0.3" asserts="0" description="ProgressTracking Module Tests.Progress Logging Tests">
                <results>
                  <test-case description="Should add warnings to progress operation" name="ProgressTracking Module Tests.Progress Logging Tests.Should add warnings to progress operation" time="0.008" asserts="0" success="True" result="Success" executed="True" />
                  <test-case description="Should add errors to progress operation" name="ProgressTracking Module Tests.Progress Logging Tests.Should add errors to progress operation" time="0.007" asserts="0" success="True" result="Success" executed="True" />
                  <test-case description="Should write progress log messages" name="ProgressTracking Module Tests.Progress Logging Tests.Should write progress log messages" time="0.0232" asserts="0" success="False" result="Failure" executed="True">
                    <failure>
                      <message>Expected no exception to be thrown, but an exception "A parameter cannot be found that matches parameter name 'OperationId'." was thrown from /workspaces/AitherZero/aither-core/modules/ProgressTracking/tests/ProgressTracking.Tests.ps1:116 char:33
    +             { Write-ProgressLog -OperationId $operationId -Message "T …
    +                                 ~~~~~~~~~~~~.</message>
                      <stack-trace>at { Write-ProgressLog -OperationId $operationId -Message "Test log message" } | Should -Not -Throw, /workspaces/AitherZero/aither-core/modules/ProgressTracking/tests/ProgressTracking.Tests.ps1:116
at &lt;ScriptBlock&gt;, /workspaces/AitherZero/aither-core/modules/ProgressTracking/tests/ProgressTracking.Tests.ps1:116</stack-trace>
                    </failure>
                  </test-case>
                </results>
              </test-suite>
              <test-suite type="TestFixture" name="ProgressTracking Module Tests.Active Operations Management" executed="True" result="Failure" success="False" time="0.378" asserts="0" description="ProgressTracking Module Tests.Active Operations Management">
                <results>
                  <test-case description="Should track active operations" name="ProgressTracking Module Tests.Active Operations Management.Should track active operations" time="0.0581" asserts="0" success="False" result="Failure" executed="True">
                    <failure>
                      <message>RuntimeException: Method invocation failed because [System.Management.Automation.PSCustomObject] does not contain a method named 'ContainsKey'.</message>
                      <stack-trace>at &lt;ScriptBlock&gt;, /workspaces/AitherZero/aither-core/modules/ProgressTracking/tests/ProgressTracking.Tests.ps1:125</stack-trace>
                    </failure>
                  </test-case>
                  <test-case description="Should remove operations when completed" name="ProgressTracking Module Tests.Active Operations Management.Should remove operations when completed" time="0.0156" asserts="0" success="False" result="Failure" executed="True">
                    <failure>
                      <message>RuntimeException: Method invocation failed because [System.Management.Automation.PSCustomObject] does not contain a method named 'ContainsKey'.</message>
                      <stack-trace>at &lt;ScriptBlock&gt;, /workspaces/AitherZero/aither-core/modules/ProgressTracking/tests/ProgressTracking.Tests.ps1:132</stack-trace>
                    </failure>
                  </test-case>
                </results>
              </test-suite>
              <test-suite type="TestFixture" name="ProgressTracking Module Tests.Integration Tests" executed="True" result="Failure" success="False" time="0.3932" asserts="0" description="ProgressTracking Module Tests.Integration Tests">
                <results>
                  <test-case description="Should work with Logging module if available" name="ProgressTracking Module Tests.Integration Tests.Should work with Logging module if available" time="0.0113" asserts="0" success="False" result="Failure" executed="True">
                    <failure>
                      <message>Expected no exception to be thrown, but an exception "A parameter cannot be found that matches parameter name 'OperationId'." was thrown from /workspaces/AitherZero/aither-core/modules/ProgressTracking/tests/ProgressTracking.Tests.ps1:140 char:37
    +                 { Write-ProgressLog -OperationId $operationId -Messag …
    +                                     ~~~~~~~~~~~~.</message>
                      <stack-trace>at { Write-ProgressLog -OperationId $operationId -Message "Integration test" } | Should -Not -Throw, /workspaces/AitherZero/aither-core/modules/ProgressTracking/tests/ProgressTracking.Tests.ps1:140
at &lt;ScriptBlock&gt;, /workspaces/AitherZero/aither-core/modules/ProgressTracking/tests/ProgressTracking.Tests.ps1:140</stack-trace>
                    </failure>
                  </test-case>
                </results>
              </test-suite>
              <test-suite type="TestFixture" name="ProgressTracking Module Tests.Error Handling" executed="True" result="Failure" success="False" time="0.4213" asserts="0" description="ProgressTracking Module Tests.Error Handling">
                <results>
                  <test-case description="Should handle missing operation ID gracefully" name="ProgressTracking Module Tests.Error Handling.Should handle missing operation ID gracefully" time="0.0151" asserts="0" success="True" result="Success" executed="True" />
                  <test-case description="Should handle invalid parameters gracefully" name="ProgressTracking Module Tests.Error Handling.Should handle invalid parameters gracefully" time="0.0092" asserts="0" success="False" result="Failure" executed="True">
                    <failure>
                      <message>Expected no exception to be thrown, but an exception "Cannot bind argument to parameter 'OperationName' because it is an empty string." was thrown from /workspaces/AitherZero/aither-core/modules/ProgressTracking/tests/ProgressTracking.Tests.ps1:153 char:54
    +             { Start-ProgressOperation -OperationName "" -TotalSteps 0 …
    +                                                      ~~.</message>
                      <stack-trace>at { Start-ProgressOperation -OperationName "" -TotalSteps 0 } | Should -Not -Throw, /workspaces/AitherZero/aither-core/modules/ProgressTracking/tests/ProgressTracking.Tests.ps1:153
at &lt;ScriptBlock&gt;, /workspaces/AitherZero/aither-core/modules/ProgressTracking/tests/ProgressTracking.Tests.ps1:153</stack-trace>
                    </failure>
                  </test-case>
                </results>
              </test-suite>
              <test-suite type="TestFixture" name="ProgressTracking Module Tests.Cross-Platform Compatibility" executed="True" result="Success" success="True" time="0.4327" asserts="0" description="ProgressTracking Module Tests.Cross-Platform Compatibility">
                <results>
                  <test-case description="Should work on current platform" name="ProgressTracking Module Tests.Cross-Platform Compatibility.Should work on current platform" time="0.0075" asserts="0" success="True" result="Success" executed="True" />
                </results>
              </test-suite>
            </results>
          </test-suite>
        </results>
      </test-suite>
    </results>
  </test-suite>
</test-results>