<?xml version="1.0" encoding="utf-8" standalone="no"?>
<test-results xmlns:xsi="http://www.w3.org/2001/XMLSchema-instance" xsi:noNamespaceSchemaLocation="nunit_schema_2.5.xsd" name="Pester" total="22" errors="0" failures="11" not-run="0" inconclusive="0" ignored="0" skipped="0" invalid="0" date="2025-07-08" time="23:16:19">
  <environment machine-name="codespaces-6c6eb1" user="codespace" nunit-version="2.5.8.0" platform="Linux" os-version="6.8.0-1027-azure" user-domain="" cwd="/workspaces/AitherZero" clr-version="9.0.4" />
  <culture-info current-culture="" current-uiculture="" />
  <test-suite type="TestFixture" name="Pester" executed="True" result="Failure" success="False" time="2.1646" asserts="0" description="Pester">
    <results>
      <test-suite type="TestFixture" name="/workspaces/AitherZero/aither-core/modules/SystemMonitoring/tests/SystemMonitoring.Tests.ps1" executed="True" result="Failure" success="False" time="2.1646" asserts="0" description="/workspaces/AitherZero/aither-core/modules/SystemMonitoring/tests/SystemMonitoring.Tests.ps1">
        <results>
          <test-suite type="TestFixture" name="SystemMonitoring Management Module - Core Functionality" executed="True" result="Failure" success="False" time="0.7918" asserts="0" description="SystemMonitoring Management Module - Core Functionality">
            <results>
              <test-suite type="TestFixture" name="SystemMonitoring Management Module - Core Functionality.Module Import and Structure" executed="True" result="Failure" success="False" time="0.0563" asserts="0" description="SystemMonitoring Management Module - Core Functionality.Module Import and Structure">
                <results>
                  <test-case description="Should import the management module successfully" name="SystemMonitoring Management Module - Core Functionality.Module Import and Structure.Should import the management module successfully" time="0.0066" asserts="0" success="True" result="Success" executed="True" />
                  <test-case description="Should export management functions" name="SystemMonitoring Management Module - Core Functionality.Module Import and Structure.Should export management functions" time="0.0423" asserts="0" success="False" result="Failure" executed="True">
                    <failure>
                      <message>Expected a value, because Management module should export management-related functions, but got $null or empty.</message>
                      <stack-trace>at $foundFunctions | Should -Not -BeNullOrEmpty -Because "Management module should export management-related functions", /workspaces/AitherZero/aither-core/modules/SystemMonitoring/tests/SystemMonitoring.Tests.ps1:79
at &lt;ScriptBlock&gt;, /workspaces/AitherZero/aither-core/modules/SystemMonitoring/tests/SystemMonitoring.Tests.ps1:79</stack-trace>
                    </failure>
                  </test-case>
                </results>
              </test-suite>
              <test-suite type="TestFixture" name="SystemMonitoring Management Module - Core Functionality.Resource Management Operations" executed="True" result="Failure" success="False" time="0.2483" asserts="0" description="SystemMonitoring Management Module - Core Functionality.Resource Management Operations">
                <results>
                  <test-case description="Should initialize management state properly" name="SystemMonitoring Management Module - Core Functionality.Resource Management Operations.Should initialize management state properly" time="0.0394" asserts="0" success="False" result="Failure" executed="True">
                    <failure>
                      <message>Expected no exception to be thrown, but an exception "The term 'Start-SystemMonitoringManagement' is not recognized as a name of a cmdlet, function, script file, or executable program.
Check the spelling of the name, or if a path was included, verify that the path is correct and try again." was thrown from /workspaces/AitherZero/aither-core/modules/SystemMonitoring/tests/SystemMonitoring.Tests.ps1:86 char:15
    +             { Start-SystemMonitoringManagement -TestMode } | Should - …
    +               ~~~~~~~~~~~~~~~~~~~~~~~~~~~~~~~~.</message>
                      <stack-trace>at { Start-SystemMonitoringManagement -TestMode } | Should -Not -Throw, /workspaces/AitherZero/aither-core/modules/SystemMonitoring/tests/SystemMonitoring.Tests.ps1:86
at &lt;ScriptBlock&gt;, /workspaces/AitherZero/aither-core/modules/SystemMonitoring/tests/SystemMonitoring.Tests.ps1:86</stack-trace>
                    </failure>
                  </test-case>
                  <test-case description="Should track resource state accurately" name="SystemMonitoring Management Module - Core Functionality.Resource Management Operations.Should track resource state accurately" time="0.05" asserts="0" success="False" result="Failure" executed="True">
                    <failure>
                      <message>CommandNotFoundException: The term 'Get-SystemMonitoringStatus' is not recognized as a name of a cmdlet, function, script file, or executable program.
Check the spelling of the name, or if a path was included, verify that the path is correct and try again.</message>
                      <stack-trace>at &lt;ScriptBlock&gt;, /workspaces/AitherZero/aither-core/modules/SystemMonitoring/tests/SystemMonitoring.Tests.ps1:91</stack-trace>
                    </failure>
                  </test-case>
                  <test-case description="Should handle configuration changes safely" name="SystemMonitoring Management Module - Core Functionality.Resource Management Operations.Should handle configuration changes safely" time="0.0579" asserts="0" success="False" result="Failure" executed="True">
                    <failure>
                      <message>Expected no exception to be thrown, but an exception "The term 'Set-SystemMonitoringConfiguration' is not recognized as a name of a cmdlet, function, script file, or executable program.
Check the spelling of the name, or if a path was included, verify that the path is correct and try again." was thrown from /workspaces/AitherZero/aither-core/modules/SystemMonitoring/tests/SystemMonitoring.Tests.ps1:99 char:15
    +             { Set-SystemMonitoringConfiguration -Configuration $testC …
    +               ~~~~~~~~~~~~~~~~~~~~~~~~~~~~~~~~~.</message>
                      <stack-trace>at { Set-SystemMonitoringConfiguration -Configuration $testConfig } | Should -Not -Throw, /workspaces/AitherZero/aither-core/modules/SystemMonitoring/tests/SystemMonitoring.Tests.ps1:99
at &lt;ScriptBlock&gt;, /workspaces/AitherZero/aither-core/modules/SystemMonitoring/tests/SystemMonitoring.Tests.ps1:99</stack-trace>
                    </failure>
                  </test-case>
                  <test-case description="Should execute operations with proper validation" name="SystemMonitoring Management Module - Core Functionality.Resource Management Operations.Should execute operations with proper validation" time="0.0373" asserts="0" success="False" result="Failure" executed="True">
                    <failure>
                      <message>CommandNotFoundException: The term 'Invoke-SystemMonitoringOperation' is not recognized as a name of a cmdlet, function, script file, or executable program.
Check the spelling of the name, or if a path was included, verify that the path is correct and try again.</message>
                      <stack-trace>at &lt;ScriptBlock&gt;, /workspaces/AitherZero/aither-core/modules/SystemMonitoring/tests/SystemMonitoring.Tests.ps1:104</stack-trace>
                    </failure>
                  </test-case>
                </results>
              </test-suite>
              <test-suite type="TestFixture" name="SystemMonitoring Management Module - Core Functionality.State Management and Persistence" executed="True" result="Failure" success="False" time="0.3547" asserts="0" description="SystemMonitoring Management Module - Core Functionality.State Management and Persistence">
                <results>
                  <test-case description="Should maintain consistent state across operations" name="SystemMonitoring Management Module - Core Functionality.State Management and Persistence.Should maintain consistent state across operations" time="0.0506" asserts="0" success="False" result="Failure" executed="True">
                    <failure>
                      <message>CommandNotFoundException: The term 'Get-SystemMonitoringStatus' is not recognized as a name of a cmdlet, function, script file, or executable program.
Check the spelling of the name, or if a path was included, verify that the path is correct and try again.</message>
                      <stack-trace>at &lt;ScriptBlock&gt;, /workspaces/AitherZero/aither-core/modules/SystemMonitoring/tests/SystemMonitoring.Tests.ps1:112</stack-trace>
                    </failure>
                  </test-case>
                  <test-case description="Should persist state information properly" name="SystemMonitoring Management Module - Core Functionality.State Management and Persistence.Should persist state information properly" time="0.0466" asserts="0" success="False" result="Failure" executed="True">
                    <failure>
                      <message>CommandNotFoundException: The term 'Export-SystemMonitoringState' is not recognized as a name of a cmdlet, function, script file, or executable program.
Check the spelling of the name, or if a path was included, verify that the path is correct and try again.</message>
                      <stack-trace>at &lt;ScriptBlock&gt;, /workspaces/AitherZero/aither-core/modules/SystemMonitoring/tests/SystemMonitoring.Tests.ps1:122</stack-trace>
                    </failure>
                  </test-case>
                  <test-case description="Should restore state from persistence" name="SystemMonitoring Management Module - Core Functionality.State Management and Persistence.Should restore state from persistence" time="0.0035" asserts="0" success="True" result="Success" executed="True" />
                </results>
              </test-suite>
              <test-suite type="TestFixture" name="SystemMonitoring Management Module - Core Functionality.Error Handling and Recovery" executed="True" result="Success" success="True" time="0.5528" asserts="0" description="SystemMonitoring Management Module - Core Functionality.Error Handling and Recovery">
                <results>
                  <test-case description="Should handle invalid operations gracefully" name="SystemMonitoring Management Module - Core Functionality.Error Handling and Recovery.Should handle invalid operations gracefully" time="0.0371" asserts="0" success="True" result="Success" executed="True" />
                  <test-case description="Should provide meaningful error messages" name="SystemMonitoring Management Module - Core Functionality.Error Handling and Recovery.Should provide meaningful error messages" time="0.0448" asserts="0" success="True" result="Success" executed="True" />
                  <test-case description="Should support rollback operations when possible" name="SystemMonitoring Management Module - Core Functionality.Error Handling and Recovery.Should support rollback operations when possible" time="0.0919" asserts="0" success="True" result="Success" executed="True" />
                </results>
              </test-suite>
              <test-suite type="TestFixture" name="SystemMonitoring Management Module - Core Functionality.Event Coordination and Workflow" executed="True" result="Failure" success="False" time="0.7864" asserts="0" description="SystemMonitoring Management Module - Core Functionality.Event Coordination and Workflow">
                <results>
                  <test-case description="Should publish management events" name="SystemMonitoring Management Module - Core Functionality.Event Coordination and Workflow.Should publish management events" time="0.0983" asserts="0" success="True" result="Success" executed="True" />
                  <test-case description="Should coordinate with other management modules" name="SystemMonitoring Management Module - Core Functionality.Event Coordination and Workflow.Should coordinate with other management modules" time="0.032" asserts="0" success="False" result="Failure" executed="True">
                    <failure>
                      <message>CommandNotFoundException: The term 'Test-SystemMonitoringCoordination' is not recognized as a name of a cmdlet, function, script file, or executable program.
Check the spelling of the name, or if a path was included, verify that the path is correct and try again.</message>
                      <stack-trace>at &lt;ScriptBlock&gt;, /workspaces/AitherZero/aither-core/modules/SystemMonitoring/tests/SystemMonitoring.Tests.ps1:170</stack-trace>
                    </failure>
                  </test-case>
                  <test-case description="Should handle workflow execution properly" name="SystemMonitoring Management Module - Core Functionality.Event Coordination and Workflow.Should handle workflow execution properly" time="0.096" asserts="0" success="True" result="Success" executed="True" />
                </results>
              </test-suite>
            </results>
          </test-suite>
          <test-suite type="TestFixture" name="SystemMonitoring Management Module - Advanced Scenarios" executed="True" result="Failure" success="False" time="1.7912" asserts="0" description="SystemMonitoring Management Module - Advanced Scenarios">
            <results>
              <test-suite type="TestFixture" name="SystemMonitoring Management Module - Advanced Scenarios.Concurrent Operations" executed="True" result="Failure" success="False" time="0.6257" asserts="0" description="SystemMonitoring Management Module - Advanced Scenarios.Concurrent Operations">
                <results>
                  <test-case description="Should handle multiple concurrent management requests" name="SystemMonitoring Management Module - Advanced Scenarios.Concurrent Operations.Should handle multiple concurrent management requests" time="0.5765" asserts="0" success="False" result="Failure" executed="True">
                    <failure>
                      <message>Expected a collection with size 3, but got an empty collection.</message>
                      <stack-trace>at $results | Should -HaveCount 3, /workspaces/AitherZero/aither-core/modules/SystemMonitoring/tests/SystemMonitoring.Tests.ps1:199
at &lt;ScriptBlock&gt;, /workspaces/AitherZero/aither-core/modules/SystemMonitoring/tests/SystemMonitoring.Tests.ps1:199</stack-trace>
                    </failure>
                  </test-case>
                  <test-case description="Should maintain consistency under concurrent access" name="SystemMonitoring Management Module - Advanced Scenarios.Concurrent Operations.Should maintain consistency under concurrent access" time="0.0347" asserts="0" success="False" result="Failure" executed="True">
                    <failure>
                      <message>CommandNotFoundException: The term 'Get-SystemMonitoringStatus' is not recognized as a name of a cmdlet, function, script file, or executable program.
Check the spelling of the name, or if a path was included, verify that the path is correct and try again.</message>
                      <stack-trace>at &lt;ScriptBlock&gt;, /workspaces/AitherZero/aither-core/modules/SystemMonitoring/tests/SystemMonitoring.Tests.ps1:204</stack-trace>
                    </failure>
                  </test-case>
                </results>
              </test-suite>
              <test-suite type="TestFixture" name="SystemMonitoring Management Module - Advanced Scenarios.Performance and Scalability" executed="True" result="Failure" success="False" time="0.7536" asserts="0" description="SystemMonitoring Management Module - Advanced Scenarios.Performance and Scalability">
                <results>
                  <test-case description="Should execute management operations within acceptable time limits" name="SystemMonitoring Management Module - Advanced Scenarios.Performance and Scalability.Should execute management operations within acceptable time limits" time="0.0419" asserts="0" success="False" result="Failure" executed="True">
                    <failure>
                      <message>CommandNotFoundException: The term 'Get-SystemMonitoringStatus' is not recognized as a name of a cmdlet, function, script file, or executable program.
Check the spelling of the name, or if a path was included, verify that the path is correct and try again.</message>
                      <stack-trace>at &lt;ScriptBlock&gt;, /workspaces/AitherZero/aither-core/modules/SystemMonitoring/tests/SystemMonitoring.Tests.ps1:215</stack-trace>
                    </failure>
                  </test-case>
                  <test-case description="Should handle large-scale operations efficiently" name="SystemMonitoring Management Module - Advanced Scenarios.Performance and Scalability.Should handle large-scale operations efficiently" time="0.0805" asserts="0" success="True" result="Success" executed="True" />
                </results>
              </test-suite>
              <test-suite type="TestFixture" name="SystemMonitoring Management Module - Advanced Scenarios.Integration with AitherZero Framework" executed="True" result="Success" success="True" time="0.9839" asserts="0" description="SystemMonitoring Management Module - Advanced Scenarios.Integration with AitherZero Framework">
                <results>
                  <test-case description="Should integrate with centralized logging" name="SystemMonitoring Management Module - Advanced Scenarios.Integration with AitherZero Framework.Should integrate with centralized logging" time="0.0038" asserts="0" success="True" result="Success" executed="True" />
                  <test-case description="Should respect framework configuration" name="SystemMonitoring Management Module - Advanced Scenarios.Integration with AitherZero Framework.Should respect framework configuration" time="0.1159" asserts="0" success="True" result="Success" executed="True" />
                  <test-case description="Should support framework-wide operations" name="SystemMonitoring Management Module - Advanced Scenarios.Integration with AitherZero Framework.Should support framework-wide operations" time="0.1051" asserts="0" success="True" result="Success" executed="True" />
                </results>
              </test-suite>
            </results>
          </test-suite>
        </results>
      </test-suite>
    </results>
  </test-suite>
</test-results>