<?xml version="1.0" encoding="utf-8" standalone="no"?>
<test-results xmlns:xsi="http://www.w3.org/2001/XMLSchema-instance" xsi:noNamespaceSchemaLocation="nunit_schema_2.5.xsd" name="Pester" total="40" errors="0" failures="36" not-run="0" inconclusive="0" ignored="0" skipped="0" invalid="0" date="2025-07-09" time="15:19:06">
  <environment os-version="6.8.0-1027-azure" machine-name="codespaces-6c6eb1" clr-version="9.0.4" nunit-version="2.5.8.0" platform="Linux" cwd="/workspaces/AitherZero" user="codespace" user-domain="" />
  <culture-info current-culture="" current-uiculture="" />
  <test-suite type="TestFixture" name="Pester" executed="True" result="Failure" success="False" time="3.1631" asserts="0" description="Pester">
    <results>
      <test-suite type="TestFixture" name="/workspaces/AitherZero/aither-core/modules/ConfigurationManager/tests/ConfigurationManager.Tests.ps1" executed="True" result="Failure" success="False" time="3.1631" asserts="0" description="/workspaces/AitherZero/aither-core/modules/ConfigurationManager/tests/ConfigurationManager.Tests.ps1">
        <results>
          <test-suite type="TestFixture" name="ConfigurationManager Module Tests" executed="True" result="Failure" success="False" time="2.5488" asserts="0" description="ConfigurationManager Module Tests">
            <results>
              <test-suite type="TestFixture" name="ConfigurationManager Module Tests.Module Loading and Initialization" executed="True" result="Failure" success="False" time="0.4109" asserts="0" description="ConfigurationManager Module Tests.Module Loading and Initialization">
                <results>
                  <test-case description="Should import module successfully" name="ConfigurationManager Module Tests.Module Loading and Initialization.Should import module successfully" time="0.1243" asserts="0" success="True" result="Success" executed="True" />
                  <test-case description="Should have valid manifest" name="ConfigurationManager Module Tests.Module Loading and Initialization.Should have valid manifest" time="0.0413" asserts="0" success="True" result="Success" executed="True" />
                  <test-case description="Should export expected functions" name="ConfigurationManager Module Tests.Module Loading and Initialization.Should export expected functions" time="0.1344" asserts="0" success="False" result="Failure" executed="True">
                    <failure>
                      <message>Expected a value, but got $null or empty.</message>
                      <stack-trace>at Get-Command $function -ErrorAction SilentlyContinue | Should -Not -BeNullOrEmpty, /workspaces/AitherZero/aither-core/modules/ConfigurationManager/tests/ConfigurationManager.Tests.ps1:28
at &lt;ScriptBlock&gt;, /workspaces/AitherZero/aither-core/modules/ConfigurationManager/tests/ConfigurationManager.Tests.ps1:28</stack-trace>
                    </failure>
                  </test-case>
                  <test-case description="Should initialize module variables" name="ConfigurationManager Module Tests.Module Loading and Initialization.Should initialize module variables" time="0.0719" asserts="0" success="False" result="Failure" executed="True">
                    <failure>
                      <message>Expected no exception to be thrown, but an exception "The term 'Test-ConfigurationManager' is not recognized as a name of a cmdlet, function, script file, or executable program.
Check the spelling of the name, or if a path was included, verify that the path is correct and try again." was thrown from /workspaces/AitherZero/aither-core/modules/ConfigurationManager/tests/ConfigurationManager.Tests.ps1:34 char:15
    +             { Test-ConfigurationManager -TestSuite Basic } | Should - …
    +               ~~~~~~~~~~~~~~~~~~~~~~~~~.</message>
                      <stack-trace>at { Test-ConfigurationManager -TestSuite Basic } | Should -Not -Throw, /workspaces/AitherZero/aither-core/modules/ConfigurationManager/tests/ConfigurationManager.Tests.ps1:34
at &lt;ScriptBlock&gt;, /workspaces/AitherZero/aither-core/modules/ConfigurationManager/tests/ConfigurationManager.Tests.ps1:34</stack-trace>
                    </failure>
                  </test-case>
                  <test-case description="Should create configuration storage directory" name="ConfigurationManager Module Tests.Module Loading and Initialization.Should create configuration storage directory" time="0.0093" asserts="0" success="True" result="Success" executed="True" />
                </results>
              </test-suite>
              <test-suite type="TestFixture" name="ConfigurationManager Module Tests.Test-ConfigurationManager Function Tests" executed="True" result="Failure" success="False" time="0.6894" asserts="0" description="ConfigurationManager Module Tests.Test-ConfigurationManager Function Tests">
                <results>
                  <test-case description="Should run basic test suite successfully" name="ConfigurationManager Module Tests.Test-ConfigurationManager Function Tests.Should run basic test suite successfully" time="0.0381" asserts="0" success="False" result="Failure" executed="True">
                    <failure>
                      <message>CommandNotFoundException: The term 'Test-ConfigurationManager' is not recognized as a name of a cmdlet, function, script file, or executable program.
Check the spelling of the name, or if a path was included, verify that the path is correct and try again.</message>
                      <stack-trace>at &lt;ScriptBlock&gt;, /workspaces/AitherZero/aither-core/modules/ConfigurationManager/tests/ConfigurationManager.Tests.ps1:46</stack-trace>
                    </failure>
                  </test-case>
                  <test-case description="Should run extended test suite successfully" name="ConfigurationManager Module Tests.Test-ConfigurationManager Function Tests.Should run extended test suite successfully" time="0.0339" asserts="0" success="False" result="Failure" executed="True">
                    <failure>
                      <message>CommandNotFoundException: The term 'Test-ConfigurationManager' is not recognized as a name of a cmdlet, function, script file, or executable program.
Check the spelling of the name, or if a path was included, verify that the path is correct and try again.</message>
                      <stack-trace>at &lt;ScriptBlock&gt;, /workspaces/AitherZero/aither-core/modules/ConfigurationManager/tests/ConfigurationManager.Tests.ps1:53</stack-trace>
                    </failure>
                  </test-case>
                  <test-case description="Should run full test suite successfully" name="ConfigurationManager Module Tests.Test-ConfigurationManager Function Tests.Should run full test suite successfully" time="0.0339" asserts="0" success="False" result="Failure" executed="True">
                    <failure>
                      <message>CommandNotFoundException: The term 'Test-ConfigurationManager' is not recognized as a name of a cmdlet, function, script file, or executable program.
Check the spelling of the name, or if a path was included, verify that the path is correct and try again.</message>
                      <stack-trace>at &lt;ScriptBlock&gt;, /workspaces/AitherZero/aither-core/modules/ConfigurationManager/tests/ConfigurationManager.Tests.ps1:60</stack-trace>
                    </failure>
                  </test-case>
                  <test-case description="Should include performance tests when requested" name="ConfigurationManager Module Tests.Test-ConfigurationManager Function Tests.Should include performance tests when requested" time="0.0417" asserts="0" success="False" result="Failure" executed="True">
                    <failure>
                      <message>CommandNotFoundException: The term 'Test-ConfigurationManager' is not recognized as a name of a cmdlet, function, script file, or executable program.
Check the spelling of the name, or if a path was included, verify that the path is correct and try again.</message>
                      <stack-trace>at &lt;ScriptBlock&gt;, /workspaces/AitherZero/aither-core/modules/ConfigurationManager/tests/ConfigurationManager.Tests.ps1:67</stack-trace>
                    </failure>
                  </test-case>
                  <test-case description="Should generate report when requested" name="ConfigurationManager Module Tests.Test-ConfigurationManager Function Tests.Should generate report when requested" time="0.0495" asserts="0" success="False" result="Failure" executed="True">
                    <failure>
                      <message>CommandNotFoundException: The term 'Test-ConfigurationManager' is not recognized as a name of a cmdlet, function, script file, or executable program.
Check the spelling of the name, or if a path was included, verify that the path is correct and try again.</message>
                      <stack-trace>at &lt;ScriptBlock&gt;, /workspaces/AitherZero/aither-core/modules/ConfigurationManager/tests/ConfigurationManager.Tests.ps1:73</stack-trace>
                    </failure>
                  </test-case>
                  <test-case description="Should validate test result structure" name="ConfigurationManager Module Tests.Test-ConfigurationManager Function Tests.Should validate test result structure" time="0.0424" asserts="0" success="False" result="Failure" executed="True">
                    <failure>
                      <message>CommandNotFoundException: The term 'Test-ConfigurationManager' is not recognized as a name of a cmdlet, function, script file, or executable program.
Check the spelling of the name, or if a path was included, verify that the path is correct and try again.</message>
                      <stack-trace>at &lt;ScriptBlock&gt;, /workspaces/AitherZero/aither-core/modules/ConfigurationManager/tests/ConfigurationManager.Tests.ps1:84</stack-trace>
                    </failure>
                  </test-case>
                  <test-case description="Should handle invalid test suite parameter" name="ConfigurationManager Module Tests.Test-ConfigurationManager Function Tests.Should handle invalid test suite parameter" time="0.0341" asserts="0" success="True" result="Success" executed="True" />
                </results>
              </test-suite>
              <test-suite type="TestFixture" name="ConfigurationManager Module Tests.Configuration Store Operations" executed="True" result="Failure" success="False" time="0.8393" asserts="0" description="ConfigurationManager Module Tests.Configuration Store Operations">
                <results>
                  <test-case description="Should handle configuration store access" name="ConfigurationManager Module Tests.Configuration Store Operations.Should handle configuration store access" time="0.0351" asserts="0" success="False" result="Failure" executed="True">
                    <failure>
                      <message>CommandNotFoundException: The term 'Test-ConfigurationManager' is not recognized as a name of a cmdlet, function, script file, or executable program.
Check the spelling of the name, or if a path was included, verify that the path is correct and try again.</message>
                      <stack-trace>at &lt;ScriptBlock&gt;, /workspaces/AitherZero/aither-core/modules/ConfigurationManager/tests/ConfigurationManager.Tests.ps1:104</stack-trace>
                    </failure>
                  </test-case>
                  <test-case description="Should verify module initialization test" name="ConfigurationManager Module Tests.Configuration Store Operations.Should verify module initialization test" time="0.0353" asserts="0" success="False" result="Failure" executed="True">
                    <failure>
                      <message>CommandNotFoundException: The term 'Test-ConfigurationManager' is not recognized as a name of a cmdlet, function, script file, or executable program.
Check the spelling of the name, or if a path was included, verify that the path is correct and try again.</message>
                      <stack-trace>at &lt;ScriptBlock&gt;, /workspaces/AitherZero/aither-core/modules/ConfigurationManager/tests/ConfigurationManager.Tests.ps1:113</stack-trace>
                    </failure>
                  </test-case>
                  <test-case description="Should test environment management" name="ConfigurationManager Module Tests.Configuration Store Operations.Should test environment management" time="0.037" asserts="0" success="False" result="Failure" executed="True">
                    <failure>
                      <message>CommandNotFoundException: The term 'Test-ConfigurationManager' is not recognized as a name of a cmdlet, function, script file, or executable program.
Check the spelling of the name, or if a path was included, verify that the path is correct and try again.</message>
                      <stack-trace>at &lt;ScriptBlock&gt;, /workspaces/AitherZero/aither-core/modules/ConfigurationManager/tests/ConfigurationManager.Tests.ps1:122</stack-trace>
                    </failure>
                  </test-case>
                  <test-case description="Should test configuration carousel operations" name="ConfigurationManager Module Tests.Configuration Store Operations.Should test configuration carousel operations" time="0.034" asserts="0" success="False" result="Failure" executed="True">
                    <failure>
                      <message>CommandNotFoundException: The term 'Test-ConfigurationManager' is not recognized as a name of a cmdlet, function, script file, or executable program.
Check the spelling of the name, or if a path was included, verify that the path is correct and try again.</message>
                      <stack-trace>at &lt;ScriptBlock&gt;, /workspaces/AitherZero/aither-core/modules/ConfigurationManager/tests/ConfigurationManager.Tests.ps1:131</stack-trace>
                    </failure>
                  </test-case>
                </results>
              </test-suite>
              <test-suite type="TestFixture" name="ConfigurationManager Module Tests.Extended Test Suite Features" executed="True" result="Failure" success="False" time="0.9683" asserts="0" description="ConfigurationManager Module Tests.Extended Test Suite Features">
                <results>
                  <test-case description="Should include repository operations in extended tests" name="ConfigurationManager Module Tests.Extended Test Suite Features.Should include repository operations in extended tests" time="0.0438" asserts="0" success="False" result="Failure" executed="True">
                    <failure>
                      <message>CommandNotFoundException: The term 'Test-ConfigurationManager' is not recognized as a name of a cmdlet, function, script file, or executable program.
Check the spelling of the name, or if a path was included, verify that the path is correct and try again.</message>
                      <stack-trace>at &lt;ScriptBlock&gt;, /workspaces/AitherZero/aither-core/modules/ConfigurationManager/tests/ConfigurationManager.Tests.ps1:142</stack-trace>
                    </failure>
                  </test-case>
                  <test-case description="Should include event system tests in extended tests" name="ConfigurationManager Module Tests.Extended Test Suite Features.Should include event system tests in extended tests" time="0.0396" asserts="0" success="False" result="Failure" executed="True">
                    <failure>
                      <message>CommandNotFoundException: The term 'Test-ConfigurationManager' is not recognized as a name of a cmdlet, function, script file, or executable program.
Check the spelling of the name, or if a path was included, verify that the path is correct and try again.</message>
                      <stack-trace>at &lt;ScriptBlock&gt;, /workspaces/AitherZero/aither-core/modules/ConfigurationManager/tests/ConfigurationManager.Tests.ps1:150</stack-trace>
                    </failure>
                  </test-case>
                  <test-case description="Should include legacy compatibility tests in extended tests" name="ConfigurationManager Module Tests.Extended Test Suite Features.Should include legacy compatibility tests in extended tests" time="0.0392" asserts="0" success="False" result="Failure" executed="True">
                    <failure>
                      <message>CommandNotFoundException: The term 'Test-ConfigurationManager' is not recognized as a name of a cmdlet, function, script file, or executable program.
Check the spelling of the name, or if a path was included, verify that the path is correct and try again.</message>
                      <stack-trace>at &lt;ScriptBlock&gt;, /workspaces/AitherZero/aither-core/modules/ConfigurationManager/tests/ConfigurationManager.Tests.ps1:158</stack-trace>
                    </failure>
                  </test-case>
                </results>
              </test-suite>
              <test-suite type="TestFixture" name="ConfigurationManager Module Tests.Full Test Suite Features" executed="True" result="Failure" success="False" time="1.0874" asserts="0" description="ConfigurationManager Module Tests.Full Test Suite Features">
                <results>
                  <test-case description="Should include security tests in full suite" name="ConfigurationManager Module Tests.Full Test Suite Features.Should include security tests in full suite" time="0.0403" asserts="0" success="False" result="Failure" executed="True">
                    <failure>
                      <message>CommandNotFoundException: The term 'Test-ConfigurationManager' is not recognized as a name of a cmdlet, function, script file, or executable program.
Check the spelling of the name, or if a path was included, verify that the path is correct and try again.</message>
                      <stack-trace>at &lt;ScriptBlock&gt;, /workspaces/AitherZero/aither-core/modules/ConfigurationManager/tests/ConfigurationManager.Tests.ps1:168</stack-trace>
                    </failure>
                  </test-case>
                  <test-case description="Should include data integrity tests in full suite" name="ConfigurationManager Module Tests.Full Test Suite Features.Should include data integrity tests in full suite" time="0.0367" asserts="0" success="False" result="Failure" executed="True">
                    <failure>
                      <message>CommandNotFoundException: The term 'Test-ConfigurationManager' is not recognized as a name of a cmdlet, function, script file, or executable program.
Check the spelling of the name, or if a path was included, verify that the path is correct and try again.</message>
                      <stack-trace>at &lt;ScriptBlock&gt;, /workspaces/AitherZero/aither-core/modules/ConfigurationManager/tests/ConfigurationManager.Tests.ps1:176</stack-trace>
                    </failure>
                  </test-case>
                  <test-case description="Should include cross-platform compatibility tests in full suite" name="ConfigurationManager Module Tests.Full Test Suite Features.Should include cross-platform compatibility tests in full suite" time="0.0367" asserts="0" success="False" result="Failure" executed="True">
                    <failure>
                      <message>CommandNotFoundException: The term 'Test-ConfigurationManager' is not recognized as a name of a cmdlet, function, script file, or executable program.
Check the spelling of the name, or if a path was included, verify that the path is correct and try again.</message>
                      <stack-trace>at &lt;ScriptBlock&gt;, /workspaces/AitherZero/aither-core/modules/ConfigurationManager/tests/ConfigurationManager.Tests.ps1:184</stack-trace>
                    </failure>
                  </test-case>
                </results>
              </test-suite>
              <test-suite type="TestFixture" name="ConfigurationManager Module Tests.Performance Testing" executed="True" result="Failure" success="False" time="1.2452" asserts="0" description="ConfigurationManager Module Tests.Performance Testing">
                <results>
                  <test-case description="Should measure configuration access performance" name="ConfigurationManager Module Tests.Performance Testing.Should measure configuration access performance" time="0.0436" asserts="0" success="False" result="Failure" executed="True">
                    <failure>
                      <message>CommandNotFoundException: The term 'Test-ConfigurationManager' is not recognized as a name of a cmdlet, function, script file, or executable program.
Check the spelling of the name, or if a path was included, verify that the path is correct and try again.</message>
                      <stack-trace>at &lt;ScriptBlock&gt;, /workspaces/AitherZero/aither-core/modules/ConfigurationManager/tests/ConfigurationManager.Tests.ps1:194</stack-trace>
                    </failure>
                  </test-case>
                  <test-case description="Should measure JSON serialization performance" name="ConfigurationManager Module Tests.Performance Testing.Should measure JSON serialization performance" time="0.0388" asserts="0" success="False" result="Failure" executed="True">
                    <failure>
                      <message>CommandNotFoundException: The term 'Test-ConfigurationManager' is not recognized as a name of a cmdlet, function, script file, or executable program.
Check the spelling of the name, or if a path was included, verify that the path is correct and try again.</message>
                      <stack-trace>at &lt;ScriptBlock&gt;, /workspaces/AitherZero/aither-core/modules/ConfigurationManager/tests/ConfigurationManager.Tests.ps1:203</stack-trace>
                    </failure>
                  </test-case>
                  <test-case description="Should measure file I/O performance" name="ConfigurationManager Module Tests.Performance Testing.Should measure file I/O performance" time="0.0341" asserts="0" success="False" result="Failure" executed="True">
                    <failure>
                      <message>CommandNotFoundException: The term 'Test-ConfigurationManager' is not recognized as a name of a cmdlet, function, script file, or executable program.
Check the spelling of the name, or if a path was included, verify that the path is correct and try again.</message>
                      <stack-trace>at &lt;ScriptBlock&gt;, /workspaces/AitherZero/aither-core/modules/ConfigurationManager/tests/ConfigurationManager.Tests.ps1:210</stack-trace>
                    </failure>
                  </test-case>
                  <test-case description="Should report reasonable performance metrics" name="ConfigurationManager Module Tests.Performance Testing.Should report reasonable performance metrics" time="0.0361" asserts="0" success="False" result="Failure" executed="True">
                    <failure>
                      <message>CommandNotFoundException: The term 'Test-ConfigurationManager' is not recognized as a name of a cmdlet, function, script file, or executable program.
Check the spelling of the name, or if a path was included, verify that the path is correct and try again.</message>
                      <stack-trace>at &lt;ScriptBlock&gt;, /workspaces/AitherZero/aither-core/modules/ConfigurationManager/tests/ConfigurationManager.Tests.ps1:217</stack-trace>
                    </failure>
                  </test-case>
                </results>
              </test-suite>
              <test-suite type="TestFixture" name="ConfigurationManager Module Tests.Error Handling" executed="True" result="Failure" success="False" time="1.3668" asserts="0" description="ConfigurationManager Module Tests.Error Handling">
                <results>
                  <test-case description="Should handle missing configuration gracefully" name="ConfigurationManager Module Tests.Error Handling.Should handle missing configuration gracefully" time="0.042" asserts="0" success="False" result="Failure" executed="True">
                    <failure>
                      <message>Expected no exception to be thrown, but an exception "The term 'Test-ConfigurationManager' is not recognized as a name of a cmdlet, function, script file, or executable program.
Check the spelling of the name, or if a path was included, verify that the path is correct and try again." was thrown from /workspaces/AitherZero/aither-core/modules/ConfigurationManager/tests/ConfigurationManager.Tests.ps1:230 char:15
    +             { Test-ConfigurationManager -TestSuite Basic } | Should - …
    +               ~~~~~~~~~~~~~~~~~~~~~~~~~.</message>
                      <stack-trace>at { Test-ConfigurationManager -TestSuite Basic } | Should -Not -Throw, /workspaces/AitherZero/aither-core/modules/ConfigurationManager/tests/ConfigurationManager.Tests.ps1:230
at &lt;ScriptBlock&gt;, /workspaces/AitherZero/aither-core/modules/ConfigurationManager/tests/ConfigurationManager.Tests.ps1:230</stack-trace>
                    </failure>
                  </test-case>
                  <test-case description="Should return error information in results when failures occur" name="ConfigurationManager Module Tests.Error Handling.Should return error information in results when failures occur" time="0.0356" asserts="0" success="False" result="Failure" executed="True">
                    <failure>
                      <message>CommandNotFoundException: The term 'Test-ConfigurationManager' is not recognized as a name of a cmdlet, function, script file, or executable program.
Check the spelling of the name, or if a path was included, verify that the path is correct and try again.</message>
                      <stack-trace>at &lt;ScriptBlock&gt;, /workspaces/AitherZero/aither-core/modules/ConfigurationManager/tests/ConfigurationManager.Tests.ps1:234</stack-trace>
                    </failure>
                  </test-case>
                  <test-case description="Should handle invalid parameters gracefully" name="ConfigurationManager Module Tests.Error Handling.Should handle invalid parameters gracefully" time="0.039" asserts="0" success="False" result="Failure" executed="True">
                    <failure>
                      <message>Expected no exception to be thrown, but an exception "The term 'Test-ConfigurationManager' is not recognized as a name of a cmdlet, function, script file, or executable program.
Check the spelling of the name, or if a path was included, verify that the path is correct and try again." was thrown from /workspaces/AitherZero/aither-core/modules/ConfigurationManager/tests/ConfigurationManager.Tests.ps1:243 char:15
    +             { Test-ConfigurationManager -TestSuite "Basic" } | Should …
    +               ~~~~~~~~~~~~~~~~~~~~~~~~~.</message>
                      <stack-trace>at { Test-ConfigurationManager -TestSuite "Basic" } | Should -Not -Throw, /workspaces/AitherZero/aither-core/modules/ConfigurationManager/tests/ConfigurationManager.Tests.ps1:243
at &lt;ScriptBlock&gt;, /workspaces/AitherZero/aither-core/modules/ConfigurationManager/tests/ConfigurationManager.Tests.ps1:243</stack-trace>
                    </failure>
                  </test-case>
                </results>
              </test-suite>
              <test-suite type="TestFixture" name="ConfigurationManager Module Tests.Integration with Logging Module" executed="True" result="Failure" success="False" time="1.4578" asserts="0" description="ConfigurationManager Module Tests.Integration with Logging Module">
                <results>
                  <test-case description="Should work with or without Logging module" name="ConfigurationManager Module Tests.Integration with Logging Module.Should work with or without Logging module" time="0.0403" asserts="0" success="False" result="Failure" executed="True">
                    <failure>
                      <message>Expected no exception to be thrown, but an exception "The term 'Test-ConfigurationManager' is not recognized as a name of a cmdlet, function, script file, or executable program.
Check the spelling of the name, or if a path was included, verify that the path is correct and try again." was thrown from /workspaces/AitherZero/aither-core/modules/ConfigurationManager/tests/ConfigurationManager.Tests.ps1:250 char:15
    +             { Test-ConfigurationManager -TestSuite Basic } | Should - …
    +               ~~~~~~~~~~~~~~~~~~~~~~~~~.</message>
                      <stack-trace>at { Test-ConfigurationManager -TestSuite Basic } | Should -Not -Throw, /workspaces/AitherZero/aither-core/modules/ConfigurationManager/tests/ConfigurationManager.Tests.ps1:250
at &lt;ScriptBlock&gt;, /workspaces/AitherZero/aither-core/modules/ConfigurationManager/tests/ConfigurationManager.Tests.ps1:250</stack-trace>
                    </failure>
                  </test-case>
                  <test-case description="Should provide fallback logging when Logging module unavailable" name="ConfigurationManager Module Tests.Integration with Logging Module.Should provide fallback logging when Logging module unavailable" time="0.0344" asserts="0" success="False" result="Failure" executed="True">
                    <failure>
                      <message>CommandNotFoundException: The term 'Test-ConfigurationManager' is not recognized as a name of a cmdlet, function, script file, or executable program.
Check the spelling of the name, or if a path was included, verify that the path is correct and try again.</message>
                      <stack-trace>at &lt;ScriptBlock&gt;, /workspaces/AitherZero/aither-core/modules/ConfigurationManager/tests/ConfigurationManager.Tests.ps1:255</stack-trace>
                    </failure>
                  </test-case>
                </results>
              </test-suite>
              <test-suite type="TestFixture" name="ConfigurationManager Module Tests.Configuration Storage and Persistence" executed="True" result="Failure" success="False" time="1.5363" asserts="0" description="ConfigurationManager Module Tests.Configuration Storage and Persistence">
                <results>
                  <test-case description="Should create configuration store file" name="ConfigurationManager Module Tests.Configuration Storage and Persistence.Should create configuration store file" time="0.0371" asserts="0" success="False" result="Failure" executed="True">
                    <failure>
                      <message>CommandNotFoundException: The term 'Test-ConfigurationManager' is not recognized as a name of a cmdlet, function, script file, or executable program.
Check the spelling of the name, or if a path was included, verify that the path is correct and try again.</message>
                      <stack-trace>at &lt;ScriptBlock&gt;, /workspaces/AitherZero/aither-core/modules/ConfigurationManager/tests/ConfigurationManager.Tests.ps1:262</stack-trace>
                    </failure>
                  </test-case>
                  <test-case description="Should persist configuration changes" name="ConfigurationManager Module Tests.Configuration Storage and Persistence.Should persist configuration changes" time="0.0358" asserts="0" success="False" result="Failure" executed="True">
                    <failure>
                      <message>CommandNotFoundException: The term 'Test-ConfigurationManager' is not recognized as a name of a cmdlet, function, script file, or executable program.
Check the spelling of the name, or if a path was included, verify that the path is correct and try again.</message>
                      <stack-trace>at &lt;ScriptBlock&gt;, /workspaces/AitherZero/aither-core/modules/ConfigurationManager/tests/ConfigurationManager.Tests.ps1:269</stack-trace>
                    </failure>
                  </test-case>
                </results>
              </test-suite>
              <test-suite type="TestFixture" name="ConfigurationManager Module Tests.Cross-Platform Compatibility" executed="True" result="Failure" success="False" time="1.6859" asserts="0" description="ConfigurationManager Module Tests.Cross-Platform Compatibility">
                <results>
                  <test-case description="Should work on current platform" name="ConfigurationManager Module Tests.Cross-Platform Compatibility.Should work on current platform" time="0.0629" asserts="0" success="False" result="Failure" executed="True">
                    <failure>
                      <message>CommandNotFoundException: The term 'Test-ConfigurationManager' is not recognized as a name of a cmdlet, function, script file, or executable program.
Check the spelling of the name, or if a path was included, verify that the path is correct and try again.</message>
                      <stack-trace>at &lt;ScriptBlock&gt;, /workspaces/AitherZero/aither-core/modules/ConfigurationManager/tests/ConfigurationManager.Tests.ps1:287</stack-trace>
                    </failure>
                  </test-case>
                  <test-case description="Should handle path operations cross-platform" name="ConfigurationManager Module Tests.Cross-Platform Compatibility.Should handle path operations cross-platform" time="0.0387" asserts="0" success="False" result="Failure" executed="True">
                    <failure>
                      <message>CommandNotFoundException: The term 'Test-ConfigurationManager' is not recognized as a name of a cmdlet, function, script file, or executable program.
Check the spelling of the name, or if a path was included, verify that the path is correct and try again.</message>
                      <stack-trace>at &lt;ScriptBlock&gt;, /workspaces/AitherZero/aither-core/modules/ConfigurationManager/tests/ConfigurationManager.Tests.ps1:292</stack-trace>
                    </failure>
                  </test-case>
                  <test-case description="Should work with PowerShell 7+" name="ConfigurationManager Module Tests.Cross-Platform Compatibility.Should work with PowerShell 7+" time="0.041" asserts="0" success="False" result="Failure" executed="True">
                    <failure>
                      <message>CommandNotFoundException: The term 'Test-ConfigurationManager' is not recognized as a name of a cmdlet, function, script file, or executable program.
Check the spelling of the name, or if a path was included, verify that the path is correct and try again.</message>
                      <stack-trace>at &lt;ScriptBlock&gt;, /workspaces/AitherZero/aither-core/modules/ConfigurationManager/tests/ConfigurationManager.Tests.ps1:304</stack-trace>
                    </failure>
                  </test-case>
                </results>
              </test-suite>
              <test-suite type="TestFixture" name="ConfigurationManager Module Tests.Report Generation" executed="True" result="Failure" success="False" time="1.7644" asserts="0" description="ConfigurationManager Module Tests.Report Generation">
                <results>
                  <test-case description="Should generate readable test reports" name="ConfigurationManager Module Tests.Report Generation.Should generate readable test reports" time="0.0384" asserts="0" success="False" result="Failure" executed="True">
                    <failure>
                      <message>CommandNotFoundException: The term 'Test-ConfigurationManager' is not recognized as a name of a cmdlet, function, script file, or executable program.
Check the spelling of the name, or if a path was included, verify that the path is correct and try again.</message>
                      <stack-trace>at &lt;ScriptBlock&gt;, /workspaces/AitherZero/aither-core/modules/ConfigurationManager/tests/ConfigurationManager.Tests.ps1:311</stack-trace>
                    </failure>
                  </test-case>
                  <test-case description="Should include all test results in report" name="ConfigurationManager Module Tests.Report Generation.Should include all test results in report" time="0.0353" asserts="0" success="False" result="Failure" executed="True">
                    <failure>
                      <message>CommandNotFoundException: The term 'Test-ConfigurationManager' is not recognized as a name of a cmdlet, function, script file, or executable program.
Check the spelling of the name, or if a path was included, verify that the path is correct and try again.</message>
                      <stack-trace>at &lt;ScriptBlock&gt;, /workspaces/AitherZero/aither-core/modules/ConfigurationManager/tests/ConfigurationManager.Tests.ps1:325</stack-trace>
                    </failure>
                  </test-case>
                </results>
              </test-suite>
              <test-suite type="TestFixture" name="ConfigurationManager Module Tests.Module Configuration State" executed="True" result="Failure" success="False" time="2.5307" asserts="0" description="ConfigurationManager Module Tests.Module Configuration State">
                <results>
                  <test-case description="Should maintain configuration state across test runs" name="ConfigurationManager Module Tests.Module Configuration State.Should maintain configuration state across test runs" time="0.0388" asserts="0" success="False" result="Failure" executed="True">
                    <failure>
                      <message>CommandNotFoundException: The term 'Test-ConfigurationManager' is not recognized as a name of a cmdlet, function, script file, or executable program.
Check the spelling of the name, or if a path was included, verify that the path is correct and try again.</message>
                      <stack-trace>at &lt;ScriptBlock&gt;, /workspaces/AitherZero/aither-core/modules/ConfigurationManager/tests/ConfigurationManager.Tests.ps1:341</stack-trace>
                    </failure>
                  </test-case>
                  <test-case description="Should handle concurrent access gracefully" name="ConfigurationManager Module Tests.Module Configuration State.Should handle concurrent access gracefully" time="0.7211" asserts="0" success="False" result="Failure" executed="True">
                    <failure>
                      <message>Expected a value, but got $null or empty.</message>
                      <stack-trace>at $result1 | Should -Not -BeNullOrEmpty, /workspaces/AitherZero/aither-core/modules/ConfigurationManager/tests/ConfigurationManager.Tests.ps1:365
at &lt;ScriptBlock&gt;, /workspaces/AitherZero/aither-core/modules/ConfigurationManager/tests/ConfigurationManager.Tests.ps1:365</stack-trace>
                    </failure>
                  </test-case>
                </results>
              </test-suite>
            </results>
          </test-suite>
        </results>
      </test-suite>
    </results>
  </test-suite>
</test-results>