<?xml version="1.0" encoding="utf-8" standalone="no"?>
<test-results xmlns:xsi="http://www.w3.org/2001/XMLSchema-instance" xsi:noNamespaceSchemaLocation="nunit_schema_2.5.xsd" name="Pester" total="44" errors="0" failures="34" not-run="0" inconclusive="0" ignored="0" skipped="0" invalid="0" date="2025-07-10" time="15:52:39">
  <environment user-domain="" user="codespace" machine-name="codespaces-6c6eb1" platform="Linux" os-version="6.8.0-1027-azure" cwd="/workspaces/AitherZero" nunit-version="2.5.8.0" clr-version="9.0.4" />
  <culture-info current-culture="" current-uiculture="" />
  <test-suite type="TestFixture" name="Pester" executed="True" result="Failure" success="False" time="3.5793" asserts="0" description="Pester">
    <results>
      <test-suite type="TestFixture" name="/workspaces/AitherZero/aither-core/modules/UtilityServices/tests/UtilityServices.Tests.ps1" executed="True" result="Failure" success="False" time="3.5793" asserts="0" description="/workspaces/AitherZero/aither-core/modules/UtilityServices/tests/UtilityServices.Tests.ps1">
        <results>
          <test-suite type="TestFixture" name="UtilityServices Module Tests" executed="True" result="Failure" success="False" time="2.8864" asserts="0" description="UtilityServices Module Tests">
            <results>
              <test-suite type="TestFixture" name="UtilityServices Module Tests.Module Loading and Initialization" executed="True" result="Failure" success="False" time="0.3714" asserts="0" description="UtilityServices Module Tests.Module Loading and Initialization">
                <results>
                  <test-case description="Should import module successfully" name="UtilityServices Module Tests.Module Loading and Initialization.Should import module successfully" time="0.1048" asserts="0" success="True" result="Success" executed="True" />
                  <test-case description="Should have valid manifest" name="UtilityServices Module Tests.Module Loading and Initialization.Should have valid manifest" time="0.0414" asserts="0" success="True" result="Success" executed="True" />
                  <test-case description="Should export expected functions" name="UtilityServices Module Tests.Module Loading and Initialization.Should export expected functions" time="0.1516" asserts="0" success="False" result="Failure" executed="True">
                    <failure>
                      <message>Expected a value, but got $null or empty.</message>
                      <stack-trace>at Get-Command $function -ErrorAction SilentlyContinue | Should -Not -BeNullOrEmpty, /workspaces/AitherZero/aither-core/modules/UtilityServices/tests/UtilityServices.Tests.ps1:37
at &lt;ScriptBlock&gt;, /workspaces/AitherZero/aither-core/modules/UtilityServices/tests/UtilityServices.Tests.ps1:37</stack-trace>
                    </failure>
                  </test-case>
                  <test-case description="Should load helper functions" name="UtilityServices Module Tests.Module Loading and Initialization.Should load helper functions" time="0.0307" asserts="0" success="True" result="Success" executed="True" />
                </results>
              </test-suite>
              <test-suite type="TestFixture" name="UtilityServices Module Tests.Test-UtilityIntegration Function Tests" executed="True" result="Failure" success="False" time="0.6603" asserts="0" description="UtilityServices Module Tests.Test-UtilityIntegration Function Tests">
                <results>
                  <test-case description="Should run basic integration test successfully" name="UtilityServices Module Tests.Test-UtilityIntegration Function Tests.Should run basic integration test successfully" time="0.045" asserts="0" success="False" result="Failure" executed="True">
                    <failure>
                      <message>CommandNotFoundException: The term 'Test-UtilityIntegration' is not recognized as a name of a cmdlet, function, script file, or executable program.
Check the spelling of the name, or if a path was included, verify that the path is correct and try again.</message>
                      <stack-trace>at &lt;ScriptBlock&gt;, /workspaces/AitherZero/aither-core/modules/UtilityServices/tests/UtilityServices.Tests.ps1:61</stack-trace>
                    </failure>
                  </test-case>
                  <test-case description="Should run standard integration test successfully" name="UtilityServices Module Tests.Test-UtilityIntegration Function Tests.Should run standard integration test successfully" time="0.0372" asserts="0" success="False" result="Failure" executed="True">
                    <failure>
                      <message>CommandNotFoundException: The term 'Test-UtilityIntegration' is not recognized as a name of a cmdlet, function, script file, or executable program.
Check the spelling of the name, or if a path was included, verify that the path is correct and try again.</message>
                      <stack-trace>at &lt;ScriptBlock&gt;, /workspaces/AitherZero/aither-core/modules/UtilityServices/tests/UtilityServices.Tests.ps1:72</stack-trace>
                    </failure>
                  </test-case>
                  <test-case description="Should run comprehensive integration test successfully" name="UtilityServices Module Tests.Test-UtilityIntegration Function Tests.Should run comprehensive integration test successfully" time="0.0383" asserts="0" success="False" result="Failure" executed="True">
                    <failure>
                      <message>CommandNotFoundException: The term 'Test-UtilityIntegration' is not recognized as a name of a cmdlet, function, script file, or executable program.
Check the spelling of the name, or if a path was included, verify that the path is correct and try again.</message>
                      <stack-trace>at &lt;ScriptBlock&gt;, /workspaces/AitherZero/aither-core/modules/UtilityServices/tests/UtilityServices.Tests.ps1:80</stack-trace>
                    </failure>
                  </test-case>
                  <test-case description="Should test specific services when requested" name="UtilityServices Module Tests.Test-UtilityIntegration Function Tests.Should test specific services when requested" time="0.0382" asserts="0" success="False" result="Failure" executed="True">
                    <failure>
                      <message>CommandNotFoundException: The term 'Test-UtilityIntegration' is not recognized as a name of a cmdlet, function, script file, or executable program.
Check the spelling of the name, or if a path was included, verify that the path is correct and try again.</message>
                      <stack-trace>at &lt;ScriptBlock&gt;, /workspaces/AitherZero/aither-core/modules/UtilityServices/tests/UtilityServices.Tests.ps1:89</stack-trace>
                    </failure>
                  </test-case>
                  <test-case description="Should validate test result structure" name="UtilityServices Module Tests.Test-UtilityIntegration Function Tests.Should validate test result structure" time="0.0444" asserts="0" success="False" result="Failure" executed="True">
                    <failure>
                      <message>CommandNotFoundException: The term 'Test-UtilityIntegration' is not recognized as a name of a cmdlet, function, script file, or executable program.
Check the spelling of the name, or if a path was included, verify that the path is correct and try again.</message>
                      <stack-trace>at &lt;ScriptBlock&gt;, /workspaces/AitherZero/aither-core/modules/UtilityServices/tests/UtilityServices.Tests.ps1:98</stack-trace>
                    </failure>
                  </test-case>
                  <test-case description="Should handle invalid test level parameter" name="UtilityServices Module Tests.Test-UtilityIntegration Function Tests.Should handle invalid test level parameter" time="0.0418" asserts="0" success="True" result="Success" executed="True" />
                  <test-case description="Should create output directory and files" name="UtilityServices Module Tests.Test-UtilityIntegration Function Tests.Should create output directory and files" time="0.0384" asserts="0" success="False" result="Failure" executed="True">
                    <failure>
                      <message>CommandNotFoundException: The term 'Test-UtilityIntegration' is not recognized as a name of a cmdlet, function, script file, or executable program.
Check the spelling of the name, or if a path was included, verify that the path is correct and try again.</message>
                      <stack-trace>at &lt;ScriptBlock&gt;, /workspaces/AitherZero/aither-core/modules/UtilityServices/tests/UtilityServices.Tests.ps1:117</stack-trace>
                    </failure>
                  </test-case>
                </results>
              </test-suite>
              <test-suite type="TestFixture" name="UtilityServices Module Tests.Service Initialization Tests" executed="True" result="Failure" success="False" time="0.7745" asserts="0" description="UtilityServices Module Tests.Service Initialization Tests">
                <results>
                  <test-case description="Should test SemanticVersioning service initialization" name="UtilityServices Module Tests.Service Initialization Tests.Should test SemanticVersioning service initialization" time="0.0334" asserts="0" success="False" result="Failure" executed="True">
                    <failure>
                      <message>Expected a value, but got $null or empty.</message>
                      <stack-trace>at $result.Functions | Should -Not -BeNullOrEmpty, /workspaces/AitherZero/aither-core/modules/UtilityServices/tests/UtilityServices.Tests.ps1:131
at &lt;ScriptBlock&gt;, /workspaces/AitherZero/aither-core/modules/UtilityServices/tests/UtilityServices.Tests.ps1:131</stack-trace>
                    </failure>
                  </test-case>
                  <test-case description="Should test ProgressTracking service initialization" name="UtilityServices Module Tests.Service Initialization Tests.Should test ProgressTracking service initialization" time="0.016" asserts="0" success="False" result="Failure" executed="True">
                    <failure>
                      <message>Expected a value, but got $null or empty.</message>
                      <stack-trace>at $result.Functions | Should -Not -BeNullOrEmpty, /workspaces/AitherZero/aither-core/modules/UtilityServices/tests/UtilityServices.Tests.ps1:139
at &lt;ScriptBlock&gt;, /workspaces/AitherZero/aither-core/modules/UtilityServices/tests/UtilityServices.Tests.ps1:139</stack-trace>
                    </failure>
                  </test-case>
                  <test-case description="Should test TestingFramework service initialization" name="UtilityServices Module Tests.Service Initialization Tests.Should test TestingFramework service initialization" time="0.0208" asserts="0" success="False" result="Failure" executed="True">
                    <failure>
                      <message>Expected a value, but got $null or empty.</message>
                      <stack-trace>at $result.Functions | Should -Not -BeNullOrEmpty, /workspaces/AitherZero/aither-core/modules/UtilityServices/tests/UtilityServices.Tests.ps1:147
at &lt;ScriptBlock&gt;, /workspaces/AitherZero/aither-core/modules/UtilityServices/tests/UtilityServices.Tests.ps1:147</stack-trace>
                    </failure>
                  </test-case>
                  <test-case description="Should test ScriptManager service initialization" name="UtilityServices Module Tests.Service Initialization Tests.Should test ScriptManager service initialization" time="0.0143" asserts="0" success="False" result="Failure" executed="True">
                    <failure>
                      <message>Expected a value, but got $null or empty.</message>
                      <stack-trace>at $result.Functions | Should -Not -BeNullOrEmpty, /workspaces/AitherZero/aither-core/modules/UtilityServices/tests/UtilityServices.Tests.ps1:155
at &lt;ScriptBlock&gt;, /workspaces/AitherZero/aither-core/modules/UtilityServices/tests/UtilityServices.Tests.ps1:155</stack-trace>
                    </failure>
                  </test-case>
                  <test-case description="Should handle service initialization failures gracefully" name="UtilityServices Module Tests.Service Initialization Tests.Should handle service initialization failures gracefully" time="0.0248" asserts="0" success="True" result="Success" executed="True" />
                </results>
              </test-suite>
              <test-suite type="TestFixture" name="UtilityServices Module Tests.Integration Testing Features" executed="True" result="Failure" success="False" time="0.9646" asserts="0" description="UtilityServices Module Tests.Integration Testing Features">
                <results>
                  <test-case description="Should test service integration comprehensively" name="UtilityServices Module Tests.Integration Testing Features.Should test service integration comprehensively" time="0.0389" asserts="0" success="False" result="Failure" executed="True">
                    <failure>
                      <message>CommandNotFoundException: The term 'Test-UtilityIntegration' is not recognized as a name of a cmdlet, function, script file, or executable program.
Check the spelling of the name, or if a path was included, verify that the path is correct and try again.</message>
                      <stack-trace>at &lt;ScriptBlock&gt;, /workspaces/AitherZero/aither-core/modules/UtilityServices/tests/UtilityServices.Tests.ps1:175</stack-trace>
                    </failure>
                  </test-case>
                  <test-case description="Should test cross-service integration" name="UtilityServices Module Tests.Integration Testing Features.Should test cross-service integration" time="0.0399" asserts="0" success="False" result="Failure" executed="True">
                    <failure>
                      <message>CommandNotFoundException: The term 'Test-UtilityIntegration' is not recognized as a name of a cmdlet, function, script file, or executable program.
Check the spelling of the name, or if a path was included, verify that the path is correct and try again.</message>
                      <stack-trace>at &lt;ScriptBlock&gt;, /workspaces/AitherZero/aither-core/modules/UtilityServices/tests/UtilityServices.Tests.ps1:189</stack-trace>
                    </failure>
                  </test-case>
                  <test-case description="Should test workflow operations in standard mode" name="UtilityServices Module Tests.Integration Testing Features.Should test workflow operations in standard mode" time="0.0664" asserts="0" success="False" result="Failure" executed="True">
                    <failure>
                      <message>CommandNotFoundException: The term 'Test-UtilityIntegration' is not recognized as a name of a cmdlet, function, script file, or executable program.
Check the spelling of the name, or if a path was included, verify that the path is correct and try again.</message>
                      <stack-trace>at &lt;ScriptBlock&gt;, /workspaces/AitherZero/aither-core/modules/UtilityServices/tests/UtilityServices.Tests.ps1:200</stack-trace>
                    </failure>
                  </test-case>
                  <test-case description="Should include comprehensive tests in comprehensive mode" name="UtilityServices Module Tests.Integration Testing Features.Should include comprehensive tests in comprehensive mode" time="0.0401" asserts="0" success="False" result="Failure" executed="True">
                    <failure>
                      <message>CommandNotFoundException: The term 'Test-UtilityIntegration' is not recognized as a name of a cmdlet, function, script file, or executable program.
Check the spelling of the name, or if a path was included, verify that the path is correct and try again.</message>
                      <stack-trace>at &lt;ScriptBlock&gt;, /workspaces/AitherZero/aither-core/modules/UtilityServices/tests/UtilityServices.Tests.ps1:210</stack-trace>
                    </failure>
                  </test-case>
                </results>
              </test-suite>
              <test-suite type="TestFixture" name="UtilityServices Module Tests.Utility Helper Functions" executed="True" result="Failure" success="False" time="1.1414" asserts="0" description="UtilityServices Module Tests.Utility Helper Functions">
                <results>
                  <test-case description="Should get utility service status" name="UtilityServices Module Tests.Utility Helper Functions.Should get utility service status" time="0.0176" asserts="0" success="True" result="Success" executed="True" />
                  <test-case description="Should get utility metrics" name="UtilityServices Module Tests.Utility Helper Functions.Should get utility metrics" time="0.0131" asserts="0" success="True" result="Success" executed="True" />
                  <test-case description="Should export utility reports" name="UtilityServices Module Tests.Utility Helper Functions.Should export utility reports" time="0.0567" asserts="0" success="True" result="Success" executed="True" />
                  <test-case description="Should handle utility configuration operations" name="UtilityServices Module Tests.Utility Helper Functions.Should handle utility configuration operations" time="0.0718" asserts="0" success="False" result="Failure" executed="True">
                    <failure>
                      <message>Expected strings to be the same, but they were different.
Expected length: 9
Actual length:   12
Strings differ at index 0.
Expected: 'TestValue'
But was:  'DefaultValue'
           ^</message>
                      <stack-trace>at $updatedConfig.TestSetting | Should -Be "TestValue", /workspaces/AitherZero/aither-core/modules/UtilityServices/tests/UtilityServices.Tests.ps1:259
at &lt;ScriptBlock&gt;, /workspaces/AitherZero/aither-core/modules/UtilityServices/tests/UtilityServices.Tests.ps1:259</stack-trace>
                    </failure>
                  </test-case>
                  <test-case description="Should handle utility event operations" name="UtilityServices Module Tests.Utility Helper Functions.Should handle utility event operations" time="0.0115" asserts="0" success="True" result="Success" executed="True" />
                </results>
              </test-suite>
              <test-suite type="TestFixture" name="UtilityServices Module Tests.Test Summary and Results" executed="True" result="Failure" success="False" time="1.3351" asserts="0" description="UtilityServices Module Tests.Test Summary and Results">
                <results>
                  <test-case description="Should generate comprehensive summary" name="UtilityServices Module Tests.Test Summary and Results.Should generate comprehensive summary" time="0.0422" asserts="0" success="False" result="Failure" executed="True">
                    <failure>
                      <message>CommandNotFoundException: The term 'Test-UtilityIntegration' is not recognized as a name of a cmdlet, function, script file, or executable program.
Check the spelling of the name, or if a path was included, verify that the path is correct and try again.</message>
                      <stack-trace>at &lt;ScriptBlock&gt;, /workspaces/AitherZero/aither-core/modules/UtilityServices/tests/UtilityServices.Tests.ps1:271</stack-trace>
                    </failure>
                  </test-case>
                  <test-case description="Should track test duration" name="UtilityServices Module Tests.Test Summary and Results.Should track test duration" time="0.0333" asserts="0" success="False" result="Failure" executed="True">
                    <failure>
                      <message>CommandNotFoundException: The term 'Test-UtilityIntegration' is not recognized as a name of a cmdlet, function, script file, or executable program.
Check the spelling of the name, or if a path was included, verify that the path is correct and try again.</message>
                      <stack-trace>at &lt;ScriptBlock&gt;, /workspaces/AitherZero/aither-core/modules/UtilityServices/tests/UtilityServices.Tests.ps1:285</stack-trace>
                    </failure>
                  </test-case>
                  <test-case description="Should collect and report errors" name="UtilityServices Module Tests.Test Summary and Results.Should collect and report errors" time="0.0573" asserts="0" success="False" result="Failure" executed="True">
                    <failure>
                      <message>CommandNotFoundException: The term 'Test-UtilityIntegration' is not recognized as a name of a cmdlet, function, script file, or executable program.
Check the spelling of the name, or if a path was included, verify that the path is correct and try again.</message>
                      <stack-trace>at &lt;ScriptBlock&gt;, /workspaces/AitherZero/aither-core/modules/UtilityServices/tests/UtilityServices.Tests.ps1:292</stack-trace>
                    </failure>
                  </test-case>
                  <test-case description="Should determine overall success correctly" name="UtilityServices Module Tests.Test Summary and Results.Should determine overall success correctly" time="0.054" asserts="0" success="False" result="Failure" executed="True">
                    <failure>
                      <message>CommandNotFoundException: The term 'Test-UtilityIntegration' is not recognized as a name of a cmdlet, function, script file, or executable program.
Check the spelling of the name, or if a path was included, verify that the path is correct and try again.</message>
                      <stack-trace>at &lt;ScriptBlock&gt;, /workspaces/AitherZero/aither-core/modules/UtilityServices/tests/UtilityServices.Tests.ps1:300</stack-trace>
                    </failure>
                  </test-case>
                </results>
              </test-suite>
              <test-suite type="TestFixture" name="UtilityServices Module Tests.Error Handling and Edge Cases" executed="True" result="Failure" success="False" time="1.4889" asserts="0" description="UtilityServices Module Tests.Error Handling and Edge Cases">
                <results>
                  <test-case description="Should handle missing services gracefully" name="UtilityServices Module Tests.Error Handling and Edge Cases.Should handle missing services gracefully" time="0.0398" asserts="0" success="False" result="Failure" executed="True">
                    <failure>
                      <message>CommandNotFoundException: The term 'Test-UtilityIntegration' is not recognized as a name of a cmdlet, function, script file, or executable program.
Check the spelling of the name, or if a path was included, verify that the path is correct and try again.</message>
                      <stack-trace>at &lt;ScriptBlock&gt;, /workspaces/AitherZero/aither-core/modules/UtilityServices/tests/UtilityServices.Tests.ps1:315</stack-trace>
                    </failure>
                  </test-case>
                  <test-case description="Should handle output path creation" name="UtilityServices Module Tests.Error Handling and Edge Cases.Should handle output path creation" time="0.0433" asserts="0" success="False" result="Failure" executed="True">
                    <failure>
                      <message>CommandNotFoundException: The term 'Test-UtilityIntegration' is not recognized as a name of a cmdlet, function, script file, or executable program.
Check the spelling of the name, or if a path was included, verify that the path is correct and try again.</message>
                      <stack-trace>at &lt;ScriptBlock&gt;, /workspaces/AitherZero/aither-core/modules/UtilityServices/tests/UtilityServices.Tests.ps1:323</stack-trace>
                    </failure>
                  </test-case>
                  <test-case description="Should handle invalid output paths gracefully" name="UtilityServices Module Tests.Error Handling and Edge Cases.Should handle invalid output paths gracefully" time="0.0452" asserts="0" success="False" result="Failure" executed="True">
                    <failure>
                      <message>Expected no exception to be thrown, but an exception "The term 'Test-UtilityIntegration' is not recognized as a name of a cmdlet, function, script file, or executable program.
Check the spelling of the name, or if a path was included, verify that the path is correct and try again." was thrown from /workspaces/AitherZero/aither-core/modules/UtilityServices/tests/UtilityServices.Tests.ps1:331 char:15
    +             { Test-UtilityIntegration -TestLevel Basic -OutputPath $i …
    +               ~~~~~~~~~~~~~~~~~~~~~~~.</message>
                      <stack-trace>at { Test-UtilityIntegration -TestLevel Basic -OutputPath $invalidPath } | Should -Not -Throw, /workspaces/AitherZero/aither-core/modules/UtilityServices/tests/UtilityServices.Tests.ps1:331
at &lt;ScriptBlock&gt;, /workspaces/AitherZero/aither-core/modules/UtilityServices/tests/UtilityServices.Tests.ps1:331</stack-trace>
                    </failure>
                  </test-case>
                  <test-case description="Should handle service initialization exceptions" name="UtilityServices Module Tests.Error Handling and Edge Cases.Should handle service initialization exceptions" time="0.018" asserts="0" success="True" result="Success" executed="True" />
                </results>
              </test-suite>
              <test-suite type="TestFixture" name="UtilityServices Module Tests.Performance and Resource Management" executed="True" result="Failure" success="False" time="2.5147" asserts="0" description="UtilityServices Module Tests.Performance and Resource Management">
                <results>
                  <test-case description="Should complete basic tests efficiently" name="UtilityServices Module Tests.Performance and Resource Management.Should complete basic tests efficiently" time="0.0438" asserts="0" success="False" result="Failure" executed="True">
                    <failure>
                      <message>CommandNotFoundException: The term 'Test-UtilityIntegration' is not recognized as a name of a cmdlet, function, script file, or executable program.
Check the spelling of the name, or if a path was included, verify that the path is correct and try again.</message>
                      <stack-trace>at &lt;ScriptBlock&gt;, /workspaces/AitherZero/aither-core/modules/UtilityServices/tests/UtilityServices.Tests.ps1:346</stack-trace>
                    </failure>
                  </test-case>
                  <test-case description="Should handle concurrent testing" name="UtilityServices Module Tests.Performance and Resource Management.Should handle concurrent testing" time="0.9342" asserts="0" success="False" result="Failure" executed="True">
                    <failure>
                      <message>Expected a value, but got $null or empty.</message>
                      <stack-trace>at $result1 | Should -Not -BeNullOrEmpty, /workspaces/AitherZero/aither-core/modules/UtilityServices/tests/UtilityServices.Tests.ps1:372
at &lt;ScriptBlock&gt;, /workspaces/AitherZero/aither-core/modules/UtilityServices/tests/UtilityServices.Tests.ps1:372</stack-trace>
                    </failure>
                  </test-case>
                  <test-case description="Should clean up resources properly" name="UtilityServices Module Tests.Performance and Resource Management.Should clean up resources properly" time="0.0411" asserts="0" success="False" result="Failure" executed="True">
                    <failure>
                      <message>CommandNotFoundException: The term 'Test-UtilityIntegration' is not recognized as a name of a cmdlet, function, script file, or executable program.
Check the spelling of the name, or if a path was included, verify that the path is correct and try again.</message>
                      <stack-trace>at &lt;ScriptBlock&gt;, /workspaces/AitherZero/aither-core/modules/UtilityServices/tests/UtilityServices.Tests.ps1:382</stack-trace>
                    </failure>
                  </test-case>
                </results>
              </test-suite>
              <test-suite type="TestFixture" name="UtilityServices Module Tests.Integration with Logging Module" executed="True" result="Failure" success="False" time="2.6045" asserts="0" description="UtilityServices Module Tests.Integration with Logging Module">
                <results>
                  <test-case description="Should work with or without Logging module" name="UtilityServices Module Tests.Integration with Logging Module.Should work with or without Logging module" time="0.0452" asserts="0" success="False" result="Failure" executed="True">
                    <failure>
                      <message>Expected no exception to be thrown, but an exception "The term 'Test-UtilityIntegration' is not recognized as a name of a cmdlet, function, script file, or executable program.
Check the spelling of the name, or if a path was included, verify that the path is correct and try again." was thrown from /workspaces/AitherZero/aither-core/modules/UtilityServices/tests/UtilityServices.Tests.ps1:391 char:15
    +             { Test-UtilityIntegration -TestLevel Basic -OutputPath $s …
    +               ~~~~~~~~~~~~~~~~~~~~~~~.</message>
                      <stack-trace>at { Test-UtilityIntegration -TestLevel Basic -OutputPath $script:TestOutputPath } | Should -Not -Throw, /workspaces/AitherZero/aither-core/modules/UtilityServices/tests/UtilityServices.Tests.ps1:391
at &lt;ScriptBlock&gt;, /workspaces/AitherZero/aither-core/modules/UtilityServices/tests/UtilityServices.Tests.ps1:391</stack-trace>
                    </failure>
                  </test-case>
                  <test-case description="Should provide fallback logging when Logging module unavailable" name="UtilityServices Module Tests.Integration with Logging Module.Should provide fallback logging when Logging module unavailable" time="0.04" asserts="0" success="False" result="Failure" executed="True">
                    <failure>
                      <message>CommandNotFoundException: The term 'Test-UtilityIntegration' is not recognized as a name of a cmdlet, function, script file, or executable program.
Check the spelling of the name, or if a path was included, verify that the path is correct and try again.</message>
                      <stack-trace>at &lt;ScriptBlock&gt;, /workspaces/AitherZero/aither-core/modules/UtilityServices/tests/UtilityServices.Tests.ps1:396</stack-trace>
                    </failure>
                  </test-case>
                </results>
              </test-suite>
              <test-suite type="TestFixture" name="UtilityServices Module Tests.Cross-Platform Compatibility" executed="True" result="Failure" success="False" time="2.7458" asserts="0" description="UtilityServices Module Tests.Cross-Platform Compatibility">
                <results>
                  <test-case description="Should work on current platform" name="UtilityServices Module Tests.Cross-Platform Compatibility.Should work on current platform" time="0.0449" asserts="0" success="False" result="Failure" executed="True">
                    <failure>
                      <message>CommandNotFoundException: The term 'Test-UtilityIntegration' is not recognized as a name of a cmdlet, function, script file, or executable program.
Check the spelling of the name, or if a path was included, verify that the path is correct and try again.</message>
                      <stack-trace>at &lt;ScriptBlock&gt;, /workspaces/AitherZero/aither-core/modules/UtilityServices/tests/UtilityServices.Tests.ps1:407</stack-trace>
                    </failure>
                  </test-case>
                  <test-case description="Should handle path operations cross-platform" name="UtilityServices Module Tests.Cross-Platform Compatibility.Should handle path operations cross-platform" time="0.0436" asserts="0" success="False" result="Failure" executed="True">
                    <failure>
                      <message>CommandNotFoundException: The term 'Test-UtilityIntegration' is not recognized as a name of a cmdlet, function, script file, or executable program.
Check the spelling of the name, or if a path was included, verify that the path is correct and try again.</message>
                      <stack-trace>at &lt;ScriptBlock&gt;, /workspaces/AitherZero/aither-core/modules/UtilityServices/tests/UtilityServices.Tests.ps1:413</stack-trace>
                    </failure>
                  </test-case>
                  <test-case description="Should work with PowerShell 7+" name="UtilityServices Module Tests.Cross-Platform Compatibility.Should work with PowerShell 7+" time="0.048" asserts="0" success="False" result="Failure" executed="True">
                    <failure>
                      <message>CommandNotFoundException: The term 'Test-UtilityIntegration' is not recognized as a name of a cmdlet, function, script file, or executable program.
Check the spelling of the name, or if a path was included, verify that the path is correct and try again.</message>
                      <stack-trace>at &lt;ScriptBlock&gt;, /workspaces/AitherZero/aither-core/modules/UtilityServices/tests/UtilityServices.Tests.ps1:423</stack-trace>
                    </failure>
                  </test-case>
                </results>
              </test-suite>
              <test-suite type="TestFixture" name="UtilityServices Module Tests.Report Generation and Output" executed="True" result="Failure" success="False" time="2.8725" asserts="0" description="UtilityServices Module Tests.Report Generation and Output">
                <results>
                  <test-case description="Should generate detailed test results" name="UtilityServices Module Tests.Report Generation and Output.Should generate detailed test results" time="0.0418" asserts="0" success="False" result="Failure" executed="True">
                    <failure>
                      <message>CommandNotFoundException: The term 'Test-UtilityIntegration' is not recognized as a name of a cmdlet, function, script file, or executable program.
Check the spelling of the name, or if a path was included, verify that the path is correct and try again.</message>
                      <stack-trace>at &lt;ScriptBlock&gt;, /workspaces/AitherZero/aither-core/modules/UtilityServices/tests/UtilityServices.Tests.ps1:430</stack-trace>
                    </failure>
                  </test-case>
                  <test-case description="Should include workflow test reports" name="UtilityServices Module Tests.Report Generation and Output.Should include workflow test reports" time="0.04" asserts="0" success="False" result="Failure" executed="True">
                    <failure>
                      <message>CommandNotFoundException: The term 'Test-UtilityIntegration' is not recognized as a name of a cmdlet, function, script file, or executable program.
Check the spelling of the name, or if a path was included, verify that the path is correct and try again.</message>
                      <stack-trace>at &lt;ScriptBlock&gt;, /workspaces/AitherZero/aither-core/modules/UtilityServices/tests/UtilityServices.Tests.ps1:441</stack-trace>
                    </failure>
                  </test-case>
                  <test-case description="Should generate readable output format" name="UtilityServices Module Tests.Report Generation and Output.Should generate readable output format" time="0.0389" asserts="0" success="False" result="Failure" executed="True">
                    <failure>
                      <message>CommandNotFoundException: The term 'Test-UtilityIntegration' is not recognized as a name of a cmdlet, function, script file, or executable program.
Check the spelling of the name, or if a path was included, verify that the path is correct and try again.</message>
                      <stack-trace>at &lt;ScriptBlock&gt;, /workspaces/AitherZero/aither-core/modules/UtilityServices/tests/UtilityServices.Tests.ps1:451</stack-trace>
                    </failure>
                  </test-case>
                </results>
              </test-suite>
            </results>
          </test-suite>
        </results>
      </test-suite>
    </results>
  </test-suite>
</test-results>