<?xml version="1.0" encoding="utf-8" standalone="no"?>
<test-results xmlns:xsi="http://www.w3.org/2001/XMLSchema-instance" xsi:noNamespaceSchemaLocation="nunit_schema_2.5.xsd" name="Aitherium Infrastructure Automation - Enhanced" total="214" errors="0" failures="123" not-run="760" inconclusive="0" ignored="0" skipped="3" invalid="0" date="2025-06-26" time="09:54:16">
  <environment platform="Microsoft Windows 11 Pro|C:\WINDOWS|\Device\Harddisk1\Partition3" nunit-version="2.5.8.0" machine-name="WZNS" user-domain="WZNS" clr-version="9.0.4" cwd="C:\Users\alexa\OneDrive\Documents\0. wizzense\AitherZero" user="alexa" os-version="10.0.26100" />
  <culture-info current-culture="en-US" current-uiculture="en-US" />
  <test-suite type="TestFixture" name="Aitherium Infrastructure Automation - Enhanced" executed="True" result="Failure" success="False" time="71.5867" asserts="0" description="Pester">
    <results>
      <test-suite type="TestFixture" name="C:\Users\alexa\OneDrive\Documents\0. wizzense\AitherZero\tests\unit\modules\CoreApp\BulletproofCoreRunner.Tests.ps1" executed="True" result="Failure" success="False" time="23.2188" asserts="0" description="C:\Users\alexa\OneDrive\Documents\0. wizzense\AitherZero\tests\unit\modules\CoreApp\BulletproofCoreRunner.Tests.ps1">
        <results>
          <test-suite type="TestFixture" name="Core Runner Bulletproof Tests" executed="True" result="Failure" success="False" time="22.5254" asserts="0" description="Core Runner Bulletproof Tests">
            <results>
              <test-suite type="TestFixture" name="Core Runner Bulletproof Tests.Script Structure and Syntax Validation" executed="True" result="Success" success="True" time="0.1996" asserts="0" description="Core Runner Bulletproof Tests.Script Structure and Syntax Validation">
                <results>
                  <test-case description="Should have valid PowerShell syntax" name="Core Runner Bulletproof Tests.Script Structure and Syntax Validation.Should have valid PowerShell syntax" time="0.0805" asserts="0" success="True" result="Success" executed="True" />
                  <test-case description="Should require PowerShell 7.0+" name="Core Runner Bulletproof Tests.Script Structure and Syntax Validation.Should require PowerShell 7.0+" time="0.0229" asserts="0" success="True" result="Success" executed="True" />
                  <test-case description="Should have CmdletBinding with SupportsShouldProcess" name="Core Runner Bulletproof Tests.Script Structure and Syntax Validation.Should have CmdletBinding with SupportsShouldProcess" time="0.0129" asserts="0" success="True" result="Success" executed="True" />
                  <test-case description="Should have comprehensive parameter definitions" name="Core Runner Bulletproof Tests.Script Structure and Syntax Validation.Should have comprehensive parameter definitions" time="0.0224" asserts="0" success="True" result="Success" executed="True" />
                  <test-case description="Should have proper help documentation" name="Core Runner Bulletproof Tests.Script Structure and Syntax Validation.Should have proper help documentation" time="0.0175" asserts="0" success="True" result="Success" executed="True" />
                </results>
              </test-suite>
              <test-suite type="TestFixture" name="Core Runner Bulletproof Tests.Non-Interactive Mode Bulletproofing" executed="True" result="Failure" success="False" time="10.5271" asserts="0" description="Core Runner Bulletproof Tests.Non-Interactive Mode Bulletproofing">
                <results>
                  <test-case description="Should exit with code 0 when no scripts specified in non-interactive mode" name="Core Runner Bulletproof Tests.Non-Interactive Mode Bulletproofing.Should exit with code 0 when no scripts specified in non-interactive mode" time="1.0929" asserts="0" success="False" result="Failure" executed="True">
                    <failure>
                      <message>Expected $true, but got $false.</message>
                      <stack-trace>at $result.Success | Should -Be $true, C:\Users\alexa\OneDrive\Documents\0. wizzense\AitherZero\tests\unit\modules\CoreApp\BulletproofCoreRunner.Tests.ps1:180
at Invoke-Assertion, C:\Users\alexa\OneDrive\Documents\PowerShell\Modules\Pester\5.7.1\Pester.psm1:8250
at Should&lt;End&gt;, C:\Users\alexa\OneDrive\Documents\PowerShell\Modules\Pester\5.7.1\Pester.psm1:8189
at &lt;ScriptBlock&gt;, C:\Users\alexa\OneDrive\Documents\0. wizzense\AitherZero\tests\unit\modules\CoreApp\BulletproofCoreRunner.Tests.ps1:180
at &lt;ScriptBlock&gt;, C:\Users\alexa\OneDrive\Documents\PowerShell\Modules\Pester\5.7.1\Pester.psm1:2024
at &lt;ScriptBlock&gt;, C:\Users\alexa\OneDrive\Documents\PowerShell\Modules\Pester\5.7.1\Pester.psm1:1985
at Invoke-ScriptBlock, C:\Users\alexa\OneDrive\Documents\PowerShell\Modules\Pester\5.7.1\Pester.psm1:2157
at Invoke-TestItem, C:\Users\alexa\OneDrive\Documents\PowerShell\Modules\Pester\5.7.1\Pester.psm1:1199
at Invoke-Block, C:\Users\alexa\OneDrive\Documents\PowerShell\Modules\Pester\5.7.1\Pester.psm1:835
at &lt;ScriptBlock&gt;, C:\Users\alexa\OneDrive\Documents\PowerShell\Modules\Pester\5.7.1\Pester.psm1:893
at &lt;ScriptBlock&gt;, C:\Users\alexa\OneDrive\Documents\PowerShell\Modules\Pester\5.7.1\Pester.psm1:2024
at &lt;ScriptBlock&gt;, C:\Users\alexa\OneDrive\Documents\PowerShell\Modules\Pester\5.7.1\Pester.psm1:1985
at Invoke-ScriptBlock, C:\Users\alexa\OneDrive\Documents\PowerShell\Modules\Pester\5.7.1\Pester.psm1:2160
at Invoke-Block, C:\Users\alexa\OneDrive\Documents\PowerShell\Modules\Pester\5.7.1\Pester.psm1:940
at &lt;ScriptBlock&gt;, C:\Users\alexa\OneDrive\Documents\PowerShell\Modules\Pester\5.7.1\Pester.psm1:893
at &lt;ScriptBlock&gt;, C:\Users\alexa\OneDrive\Documents\PowerShell\Modules\Pester\5.7.1\Pester.psm1:2024
at &lt;ScriptBlock&gt;, C:\Users\alexa\OneDrive\Documents\PowerShell\Modules\Pester\5.7.1\Pester.psm1:1985
at Invoke-ScriptBlock, C:\Users\alexa\OneDrive\Documents\PowerShell\Modules\Pester\5.7.1\Pester.psm1:2160
at Invoke-Block, C:\Users\alexa\OneDrive\Documents\PowerShell\Modules\Pester\5.7.1\Pester.psm1:940
at &lt;ScriptBlock&gt;, C:\Users\alexa\OneDrive\Documents\PowerShell\Modules\Pester\5.7.1\Pester.psm1:893
at &lt;ScriptBlock&gt;, C:\Users\alexa\OneDrive\Documents\PowerShell\Modules\Pester\5.7.1\Pester.psm1:2024
at &lt;ScriptBlock&gt;, C:\Users\alexa\OneDrive\Documents\PowerShell\Modules\Pester\5.7.1\Pester.psm1:1985
at Invoke-ScriptBlock, C:\Users\alexa\OneDrive\Documents\PowerShell\Modules\Pester\5.7.1\Pester.psm1:2160
at Invoke-Block, C:\Users\alexa\OneDrive\Documents\PowerShell\Modules\Pester\5.7.1\Pester.psm1:940
at &lt;ScriptBlock&gt;, C:\Users\alexa\OneDrive\Documents\PowerShell\Modules\Pester\5.7.1\Pester.psm1:1688
at &lt;ScriptBlock&gt;, C:\Users\alexa\OneDrive\Documents\PowerShell\Modules\Pester\5.7.1\Pester.ps1:3
at &lt;ScriptBlock&gt;, C:\Users\alexa\OneDrive\Documents\PowerShell\Modules\Pester\5.7.1\Pester.psm1:3260
at Invoke-InNewScriptScope, C:\Users\alexa\OneDrive\Documents\PowerShell\Modules\Pester\5.7.1\Pester.psm1:3267
at Run-Test, C:\Users\alexa\OneDrive\Documents\PowerShell\Modules\Pester\5.7.1\Pester.psm1:1691
at Invoke-Test, C:\Users\alexa\OneDrive\Documents\PowerShell\Modules\Pester\5.7.1\Pester.psm1:2512
at Invoke-Pester&lt;End&gt;, C:\Users\alexa\OneDrive\Documents\PowerShell\Modules\Pester\5.7.1\Pester.psm1:4960
at &lt;ScriptBlock&gt;, &lt;No file&gt;:1</stack-trace>
                    </failure>
                  </test-case>
                  <test-case description="Should handle Auto mode correctly in non-interactive mode" name="Core Runner Bulletproof Tests.Non-Interactive Mode Bulletproofing.Should handle Auto mode correctly in non-interactive mode" time="1.0368" asserts="0" success="False" result="Failure" executed="True">
                    <failure>
                      <message>Expected $true, but got $false.</message>
                      <stack-trace>at $result.Success | Should -Be $true, C:\Users\alexa\OneDrive\Documents\0. wizzense\AitherZero\tests\unit\modules\CoreApp\BulletproofCoreRunner.Tests.ps1:191
at Invoke-Assertion, C:\Users\alexa\OneDrive\Documents\PowerShell\Modules\Pester\5.7.1\Pester.psm1:8250
at Should&lt;End&gt;, C:\Users\alexa\OneDrive\Documents\PowerShell\Modules\Pester\5.7.1\Pester.psm1:8189
at &lt;ScriptBlock&gt;, C:\Users\alexa\OneDrive\Documents\0. wizzense\AitherZero\tests\unit\modules\CoreApp\BulletproofCoreRunner.Tests.ps1:191
at &lt;ScriptBlock&gt;, C:\Users\alexa\OneDrive\Documents\PowerShell\Modules\Pester\5.7.1\Pester.psm1:2024
at &lt;ScriptBlock&gt;, C:\Users\alexa\OneDrive\Documents\PowerShell\Modules\Pester\5.7.1\Pester.psm1:1985
at Invoke-ScriptBlock, C:\Users\alexa\OneDrive\Documents\PowerShell\Modules\Pester\5.7.1\Pester.psm1:2157
at Invoke-TestItem, C:\Users\alexa\OneDrive\Documents\PowerShell\Modules\Pester\5.7.1\Pester.psm1:1199
at Invoke-Block, C:\Users\alexa\OneDrive\Documents\PowerShell\Modules\Pester\5.7.1\Pester.psm1:835
at &lt;ScriptBlock&gt;, C:\Users\alexa\OneDrive\Documents\PowerShell\Modules\Pester\5.7.1\Pester.psm1:893
at &lt;ScriptBlock&gt;, C:\Users\alexa\OneDrive\Documents\PowerShell\Modules\Pester\5.7.1\Pester.psm1:2024
at &lt;ScriptBlock&gt;, C:\Users\alexa\OneDrive\Documents\PowerShell\Modules\Pester\5.7.1\Pester.psm1:1985
at Invoke-ScriptBlock, C:\Users\alexa\OneDrive\Documents\PowerShell\Modules\Pester\5.7.1\Pester.psm1:2160
at Invoke-Block, C:\Users\alexa\OneDrive\Documents\PowerShell\Modules\Pester\5.7.1\Pester.psm1:940
at &lt;ScriptBlock&gt;, C:\Users\alexa\OneDrive\Documents\PowerShell\Modules\Pester\5.7.1\Pester.psm1:893
at &lt;ScriptBlock&gt;, C:\Users\alexa\OneDrive\Documents\PowerShell\Modules\Pester\5.7.1\Pester.psm1:2024
at &lt;ScriptBlock&gt;, C:\Users\alexa\OneDrive\Documents\PowerShell\Modules\Pester\5.7.1\Pester.psm1:1985
at Invoke-ScriptBlock, C:\Users\alexa\OneDrive\Documents\PowerShell\Modules\Pester\5.7.1\Pester.psm1:2160
at Invoke-Block, C:\Users\alexa\OneDrive\Documents\PowerShell\Modules\Pester\5.7.1\Pester.psm1:940
at &lt;ScriptBlock&gt;, C:\Users\alexa\OneDrive\Documents\PowerShell\Modules\Pester\5.7.1\Pester.psm1:893
at &lt;ScriptBlock&gt;, C:\Users\alexa\OneDrive\Documents\PowerShell\Modules\Pester\5.7.1\Pester.psm1:2024
at &lt;ScriptBlock&gt;, C:\Users\alexa\OneDrive\Documents\PowerShell\Modules\Pester\5.7.1\Pester.psm1:1985
at Invoke-ScriptBlock, C:\Users\alexa\OneDrive\Documents\PowerShell\Modules\Pester\5.7.1\Pester.psm1:2160
at Invoke-Block, C:\Users\alexa\OneDrive\Documents\PowerShell\Modules\Pester\5.7.1\Pester.psm1:940
at &lt;ScriptBlock&gt;, C:\Users\alexa\OneDrive\Documents\PowerShell\Modules\Pester\5.7.1\Pester.psm1:1688
at &lt;ScriptBlock&gt;, C:\Users\alexa\OneDrive\Documents\PowerShell\Modules\Pester\5.7.1\Pester.ps1:3
at &lt;ScriptBlock&gt;, C:\Users\alexa\OneDrive\Documents\PowerShell\Modules\Pester\5.7.1\Pester.psm1:3260
at Invoke-InNewScriptScope, C:\Users\alexa\OneDrive\Documents\PowerShell\Modules\Pester\5.7.1\Pester.psm1:3267
at Run-Test, C:\Users\alexa\OneDrive\Documents\PowerShell\Modules\Pester\5.7.1\Pester.psm1:1691
at Invoke-Test, C:\Users\alexa\OneDrive\Documents\PowerShell\Modules\Pester\5.7.1\Pester.psm1:2512
at Invoke-Pester&lt;End&gt;, C:\Users\alexa\OneDrive\Documents\PowerShell\Modules\Pester\5.7.1\Pester.psm1:4960
at &lt;ScriptBlock&gt;, &lt;No file&gt;:1</stack-trace>
                    </failure>
                  </test-case>
                  <test-case description="Should handle specific script execution in non-interactive mode" name="Core Runner Bulletproof Tests.Non-Interactive Mode Bulletproofing.Should handle specific script execution in non-interactive mode" time="1.0314" asserts="0" success="False" result="Failure" executed="True">
                    <failure>
                      <message>Expected $true, but got $false.</message>
                      <stack-trace>at $result.Success | Should -Be $true, C:\Users\alexa\OneDrive\Documents\0. wizzense\AitherZero\tests\unit\modules\CoreApp\BulletproofCoreRunner.Tests.ps1:202
at Invoke-Assertion, C:\Users\alexa\OneDrive\Documents\PowerShell\Modules\Pester\5.7.1\Pester.psm1:8250
at Should&lt;End&gt;, C:\Users\alexa\OneDrive\Documents\PowerShell\Modules\Pester\5.7.1\Pester.psm1:8189
at &lt;ScriptBlock&gt;, C:\Users\alexa\OneDrive\Documents\0. wizzense\AitherZero\tests\unit\modules\CoreApp\BulletproofCoreRunner.Tests.ps1:202
at &lt;ScriptBlock&gt;, C:\Users\alexa\OneDrive\Documents\PowerShell\Modules\Pester\5.7.1\Pester.psm1:2024
at &lt;ScriptBlock&gt;, C:\Users\alexa\OneDrive\Documents\PowerShell\Modules\Pester\5.7.1\Pester.psm1:1985
at Invoke-ScriptBlock, C:\Users\alexa\OneDrive\Documents\PowerShell\Modules\Pester\5.7.1\Pester.psm1:2157
at Invoke-TestItem, C:\Users\alexa\OneDrive\Documents\PowerShell\Modules\Pester\5.7.1\Pester.psm1:1199
at Invoke-Block, C:\Users\alexa\OneDrive\Documents\PowerShell\Modules\Pester\5.7.1\Pester.psm1:835
at &lt;ScriptBlock&gt;, C:\Users\alexa\OneDrive\Documents\PowerShell\Modules\Pester\5.7.1\Pester.psm1:893
at &lt;ScriptBlock&gt;, C:\Users\alexa\OneDrive\Documents\PowerShell\Modules\Pester\5.7.1\Pester.psm1:2024
at &lt;ScriptBlock&gt;, C:\Users\alexa\OneDrive\Documents\PowerShell\Modules\Pester\5.7.1\Pester.psm1:1985
at Invoke-ScriptBlock, C:\Users\alexa\OneDrive\Documents\PowerShell\Modules\Pester\5.7.1\Pester.psm1:2160
at Invoke-Block, C:\Users\alexa\OneDrive\Documents\PowerShell\Modules\Pester\5.7.1\Pester.psm1:940
at &lt;ScriptBlock&gt;, C:\Users\alexa\OneDrive\Documents\PowerShell\Modules\Pester\5.7.1\Pester.psm1:893
at &lt;ScriptBlock&gt;, C:\Users\alexa\OneDrive\Documents\PowerShell\Modules\Pester\5.7.1\Pester.psm1:2024
at &lt;ScriptBlock&gt;, C:\Users\alexa\OneDrive\Documents\PowerShell\Modules\Pester\5.7.1\Pester.psm1:1985
at Invoke-ScriptBlock, C:\Users\alexa\OneDrive\Documents\PowerShell\Modules\Pester\5.7.1\Pester.psm1:2160
at Invoke-Block, C:\Users\alexa\OneDrive\Documents\PowerShell\Modules\Pester\5.7.1\Pester.psm1:940
at &lt;ScriptBlock&gt;, C:\Users\alexa\OneDrive\Documents\PowerShell\Modules\Pester\5.7.1\Pester.psm1:893
at &lt;ScriptBlock&gt;, C:\Users\alexa\OneDrive\Documents\PowerShell\Modules\Pester\5.7.1\Pester.psm1:2024
at &lt;ScriptBlock&gt;, C:\Users\alexa\OneDrive\Documents\PowerShell\Modules\Pester\5.7.1\Pester.psm1:1985
at Invoke-ScriptBlock, C:\Users\alexa\OneDrive\Documents\PowerShell\Modules\Pester\5.7.1\Pester.psm1:2160
at Invoke-Block, C:\Users\alexa\OneDrive\Documents\PowerShell\Modules\Pester\5.7.1\Pester.psm1:940
at &lt;ScriptBlock&gt;, C:\Users\alexa\OneDrive\Documents\PowerShell\Modules\Pester\5.7.1\Pester.psm1:1688
at &lt;ScriptBlock&gt;, C:\Users\alexa\OneDrive\Documents\PowerShell\Modules\Pester\5.7.1\Pester.ps1:3
at &lt;ScriptBlock&gt;, C:\Users\alexa\OneDrive\Documents\PowerShell\Modules\Pester\5.7.1\Pester.psm1:3260
at Invoke-InNewScriptScope, C:\Users\alexa\OneDrive\Documents\PowerShell\Modules\Pester\5.7.1\Pester.psm1:3267
at Run-Test, C:\Users\alexa\OneDrive\Documents\PowerShell\Modules\Pester\5.7.1\Pester.psm1:1691
at Invoke-Test, C:\Users\alexa\OneDrive\Documents\PowerShell\Modules\Pester\5.7.1\Pester.psm1:2512
at Invoke-Pester&lt;End&gt;, C:\Users\alexa\OneDrive\Documents\PowerShell\Modules\Pester\5.7.1\Pester.psm1:4960
at &lt;ScriptBlock&gt;, &lt;No file&gt;:1</stack-trace>
                    </failure>
                  </test-case>
                  <test-case description="Should handle missing scripts gracefully in non-interactive mode" name="Core Runner Bulletproof Tests.Non-Interactive Mode Bulletproofing.Should handle missing scripts gracefully in non-interactive mode" time="1.0223" asserts="0" success="False" result="Failure" executed="True">
                    <failure>
                      <message>Expected $true, but got $false.</message>
                      <stack-trace>at $result.Success | Should -Be $true, C:\Users\alexa\OneDrive\Documents\0. wizzense\AitherZero\tests\unit\modules\CoreApp\BulletproofCoreRunner.Tests.ps1:213
at Invoke-Assertion, C:\Users\alexa\OneDrive\Documents\PowerShell\Modules\Pester\5.7.1\Pester.psm1:8250
at Should&lt;End&gt;, C:\Users\alexa\OneDrive\Documents\PowerShell\Modules\Pester\5.7.1\Pester.psm1:8189
at &lt;ScriptBlock&gt;, C:\Users\alexa\OneDrive\Documents\0. wizzense\AitherZero\tests\unit\modules\CoreApp\BulletproofCoreRunner.Tests.ps1:213
at &lt;ScriptBlock&gt;, C:\Users\alexa\OneDrive\Documents\PowerShell\Modules\Pester\5.7.1\Pester.psm1:2024
at &lt;ScriptBlock&gt;, C:\Users\alexa\OneDrive\Documents\PowerShell\Modules\Pester\5.7.1\Pester.psm1:1985
at Invoke-ScriptBlock, C:\Users\alexa\OneDrive\Documents\PowerShell\Modules\Pester\5.7.1\Pester.psm1:2157
at Invoke-TestItem, C:\Users\alexa\OneDrive\Documents\PowerShell\Modules\Pester\5.7.1\Pester.psm1:1199
at Invoke-Block, C:\Users\alexa\OneDrive\Documents\PowerShell\Modules\Pester\5.7.1\Pester.psm1:835
at &lt;ScriptBlock&gt;, C:\Users\alexa\OneDrive\Documents\PowerShell\Modules\Pester\5.7.1\Pester.psm1:893
at &lt;ScriptBlock&gt;, C:\Users\alexa\OneDrive\Documents\PowerShell\Modules\Pester\5.7.1\Pester.psm1:2024
at &lt;ScriptBlock&gt;, C:\Users\alexa\OneDrive\Documents\PowerShell\Modules\Pester\5.7.1\Pester.psm1:1985
at Invoke-ScriptBlock, C:\Users\alexa\OneDrive\Documents\PowerShell\Modules\Pester\5.7.1\Pester.psm1:2160
at Invoke-Block, C:\Users\alexa\OneDrive\Documents\PowerShell\Modules\Pester\5.7.1\Pester.psm1:940
at &lt;ScriptBlock&gt;, C:\Users\alexa\OneDrive\Documents\PowerShell\Modules\Pester\5.7.1\Pester.psm1:893
at &lt;ScriptBlock&gt;, C:\Users\alexa\OneDrive\Documents\PowerShell\Modules\Pester\5.7.1\Pester.psm1:2024
at &lt;ScriptBlock&gt;, C:\Users\alexa\OneDrive\Documents\PowerShell\Modules\Pester\5.7.1\Pester.psm1:1985
at Invoke-ScriptBlock, C:\Users\alexa\OneDrive\Documents\PowerShell\Modules\Pester\5.7.1\Pester.psm1:2160
at Invoke-Block, C:\Users\alexa\OneDrive\Documents\PowerShell\Modules\Pester\5.7.1\Pester.psm1:940
at &lt;ScriptBlock&gt;, C:\Users\alexa\OneDrive\Documents\PowerShell\Modules\Pester\5.7.1\Pester.psm1:893
at &lt;ScriptBlock&gt;, C:\Users\alexa\OneDrive\Documents\PowerShell\Modules\Pester\5.7.1\Pester.psm1:2024
at &lt;ScriptBlock&gt;, C:\Users\alexa\OneDrive\Documents\PowerShell\Modules\Pester\5.7.1\Pester.psm1:1985
at Invoke-ScriptBlock, C:\Users\alexa\OneDrive\Documents\PowerShell\Modules\Pester\5.7.1\Pester.psm1:2160
at Invoke-Block, C:\Users\alexa\OneDrive\Documents\PowerShell\Modules\Pester\5.7.1\Pester.psm1:940
at &lt;ScriptBlock&gt;, C:\Users\alexa\OneDrive\Documents\PowerShell\Modules\Pester\5.7.1\Pester.psm1:1688
at &lt;ScriptBlock&gt;, C:\Users\alexa\OneDrive\Documents\PowerShell\Modules\Pester\5.7.1\Pester.ps1:3
at &lt;ScriptBlock&gt;, C:\Users\alexa\OneDrive\Documents\PowerShell\Modules\Pester\5.7.1\Pester.psm1:3260
at Invoke-InNewScriptScope, C:\Users\alexa\OneDrive\Documents\PowerShell\Modules\Pester\5.7.1\Pester.psm1:3267
at Run-Test, C:\Users\alexa\OneDrive\Documents\PowerShell\Modules\Pester\5.7.1\Pester.psm1:1691
at Invoke-Test, C:\Users\alexa\OneDrive\Documents\PowerShell\Modules\Pester\5.7.1\Pester.psm1:2512
at Invoke-Pester&lt;End&gt;, C:\Users\alexa\OneDrive\Documents\PowerShell\Modules\Pester\5.7.1\Pester.psm1:4960
at &lt;ScriptBlock&gt;, &lt;No file&gt;:1</stack-trace>
                    </failure>
                  </test-case>
                  <test-case description="Should handle empty script parameter gracefully" name="Core Runner Bulletproof Tests.Non-Interactive Mode Bulletproofing.Should handle empty script parameter gracefully" time="1.0182" asserts="0" success="False" result="Failure" executed="True">
                    <failure>
                      <message>Expected $true, but got $false.</message>
                      <stack-trace>at $result.Success | Should -Be $true, C:\Users\alexa\OneDrive\Documents\0. wizzense\AitherZero\tests\unit\modules\CoreApp\BulletproofCoreRunner.Tests.ps1:223
at Invoke-Assertion, C:\Users\alexa\OneDrive\Documents\PowerShell\Modules\Pester\5.7.1\Pester.psm1:8250
at Should&lt;End&gt;, C:\Users\alexa\OneDrive\Documents\PowerShell\Modules\Pester\5.7.1\Pester.psm1:8189
at &lt;ScriptBlock&gt;, C:\Users\alexa\OneDrive\Documents\0. wizzense\AitherZero\tests\unit\modules\CoreApp\BulletproofCoreRunner.Tests.ps1:223
at &lt;ScriptBlock&gt;, C:\Users\alexa\OneDrive\Documents\PowerShell\Modules\Pester\5.7.1\Pester.psm1:2024
at &lt;ScriptBlock&gt;, C:\Users\alexa\OneDrive\Documents\PowerShell\Modules\Pester\5.7.1\Pester.psm1:1985
at Invoke-ScriptBlock, C:\Users\alexa\OneDrive\Documents\PowerShell\Modules\Pester\5.7.1\Pester.psm1:2157
at Invoke-TestItem, C:\Users\alexa\OneDrive\Documents\PowerShell\Modules\Pester\5.7.1\Pester.psm1:1199
at Invoke-Block, C:\Users\alexa\OneDrive\Documents\PowerShell\Modules\Pester\5.7.1\Pester.psm1:835
at &lt;ScriptBlock&gt;, C:\Users\alexa\OneDrive\Documents\PowerShell\Modules\Pester\5.7.1\Pester.psm1:893
at &lt;ScriptBlock&gt;, C:\Users\alexa\OneDrive\Documents\PowerShell\Modules\Pester\5.7.1\Pester.psm1:2024
at &lt;ScriptBlock&gt;, C:\Users\alexa\OneDrive\Documents\PowerShell\Modules\Pester\5.7.1\Pester.psm1:1985
at Invoke-ScriptBlock, C:\Users\alexa\OneDrive\Documents\PowerShell\Modules\Pester\5.7.1\Pester.psm1:2160
at Invoke-Block, C:\Users\alexa\OneDrive\Documents\PowerShell\Modules\Pester\5.7.1\Pester.psm1:940
at &lt;ScriptBlock&gt;, C:\Users\alexa\OneDrive\Documents\PowerShell\Modules\Pester\5.7.1\Pester.psm1:893
at &lt;ScriptBlock&gt;, C:\Users\alexa\OneDrive\Documents\PowerShell\Modules\Pester\5.7.1\Pester.psm1:2024
at &lt;ScriptBlock&gt;, C:\Users\alexa\OneDrive\Documents\PowerShell\Modules\Pester\5.7.1\Pester.psm1:1985
at Invoke-ScriptBlock, C:\Users\alexa\OneDrive\Documents\PowerShell\Modules\Pester\5.7.1\Pester.psm1:2160
at Invoke-Block, C:\Users\alexa\OneDrive\Documents\PowerShell\Modules\Pester\5.7.1\Pester.psm1:940
at &lt;ScriptBlock&gt;, C:\Users\alexa\OneDrive\Documents\PowerShell\Modules\Pester\5.7.1\Pester.psm1:893
at &lt;ScriptBlock&gt;, C:\Users\alexa\OneDrive\Documents\PowerShell\Modules\Pester\5.7.1\Pester.psm1:2024
at &lt;ScriptBlock&gt;, C:\Users\alexa\OneDrive\Documents\PowerShell\Modules\Pester\5.7.1\Pester.psm1:1985
at Invoke-ScriptBlock, C:\Users\alexa\OneDrive\Documents\PowerShell\Modules\Pester\5.7.1\Pester.psm1:2160
at Invoke-Block, C:\Users\alexa\OneDrive\Documents\PowerShell\Modules\Pester\5.7.1\Pester.psm1:940
at &lt;ScriptBlock&gt;, C:\Users\alexa\OneDrive\Documents\PowerShell\Modules\Pester\5.7.1\Pester.psm1:1688
at &lt;ScriptBlock&gt;, C:\Users\alexa\OneDrive\Documents\PowerShell\Modules\Pester\5.7.1\Pester.ps1:3
at &lt;ScriptBlock&gt;, C:\Users\alexa\OneDrive\Documents\PowerShell\Modules\Pester\5.7.1\Pester.psm1:3260
at Invoke-InNewScriptScope, C:\Users\alexa\OneDrive\Documents\PowerShell\Modules\Pester\5.7.1\Pester.psm1:3267
at Run-Test, C:\Users\alexa\OneDrive\Documents\PowerShell\Modules\Pester\5.7.1\Pester.psm1:1691
at Invoke-Test, C:\Users\alexa\OneDrive\Documents\PowerShell\Modules\Pester\5.7.1\Pester.psm1:2512
at Invoke-Pester&lt;End&gt;, C:\Users\alexa\OneDrive\Documents\PowerShell\Modules\Pester\5.7.1\Pester.psm1:4960
at &lt;ScriptBlock&gt;, &lt;No file&gt;:1</stack-trace>
                    </failure>
                  </test-case>
                  <test-case description="Should maintain consistent exit codes across multiple runs" name="Core Runner Bulletproof Tests.Non-Interactive Mode Bulletproofing.Should maintain consistent exit codes across multiple runs" time="5.1152" asserts="0" success="False" result="Failure" executed="True">
                    <failure>
                      <message>Expected 0, because All runs should succeed, but got 64.</message>
                      <stack-trace>at $exitCodes[0] | Should -Be 0 -Because "All runs should succeed", C:\Users\alexa\OneDrive\Documents\0. wizzense\AitherZero\tests\unit\modules\CoreApp\BulletproofCoreRunner.Tests.ps1:238
at Invoke-Assertion, C:\Users\alexa\OneDrive\Documents\PowerShell\Modules\Pester\5.7.1\Pester.psm1:8250
at Should&lt;End&gt;, C:\Users\alexa\OneDrive\Documents\PowerShell\Modules\Pester\5.7.1\Pester.psm1:8189
at &lt;ScriptBlock&gt;, C:\Users\alexa\OneDrive\Documents\0. wizzense\AitherZero\tests\unit\modules\CoreApp\BulletproofCoreRunner.Tests.ps1:238
at &lt;ScriptBlock&gt;, C:\Users\alexa\OneDrive\Documents\PowerShell\Modules\Pester\5.7.1\Pester.psm1:2024
at &lt;ScriptBlock&gt;, C:\Users\alexa\OneDrive\Documents\PowerShell\Modules\Pester\5.7.1\Pester.psm1:1985
at Invoke-ScriptBlock, C:\Users\alexa\OneDrive\Documents\PowerShell\Modules\Pester\5.7.1\Pester.psm1:2157
at Invoke-TestItem, C:\Users\alexa\OneDrive\Documents\PowerShell\Modules\Pester\5.7.1\Pester.psm1:1199
at Invoke-Block, C:\Users\alexa\OneDrive\Documents\PowerShell\Modules\Pester\5.7.1\Pester.psm1:835
at &lt;ScriptBlock&gt;, C:\Users\alexa\OneDrive\Documents\PowerShell\Modules\Pester\5.7.1\Pester.psm1:893
at &lt;ScriptBlock&gt;, C:\Users\alexa\OneDrive\Documents\PowerShell\Modules\Pester\5.7.1\Pester.psm1:2024
at &lt;ScriptBlock&gt;, C:\Users\alexa\OneDrive\Documents\PowerShell\Modules\Pester\5.7.1\Pester.psm1:1985
at Invoke-ScriptBlock, C:\Users\alexa\OneDrive\Documents\PowerShell\Modules\Pester\5.7.1\Pester.psm1:2160
at Invoke-Block, C:\Users\alexa\OneDrive\Documents\PowerShell\Modules\Pester\5.7.1\Pester.psm1:940
at &lt;ScriptBlock&gt;, C:\Users\alexa\OneDrive\Documents\PowerShell\Modules\Pester\5.7.1\Pester.psm1:893
at &lt;ScriptBlock&gt;, C:\Users\alexa\OneDrive\Documents\PowerShell\Modules\Pester\5.7.1\Pester.psm1:2024
at &lt;ScriptBlock&gt;, C:\Users\alexa\OneDrive\Documents\PowerShell\Modules\Pester\5.7.1\Pester.psm1:1985
at Invoke-ScriptBlock, C:\Users\alexa\OneDrive\Documents\PowerShell\Modules\Pester\5.7.1\Pester.psm1:2160
at Invoke-Block, C:\Users\alexa\OneDrive\Documents\PowerShell\Modules\Pester\5.7.1\Pester.psm1:940
at &lt;ScriptBlock&gt;, C:\Users\alexa\OneDrive\Documents\PowerShell\Modules\Pester\5.7.1\Pester.psm1:893
at &lt;ScriptBlock&gt;, C:\Users\alexa\OneDrive\Documents\PowerShell\Modules\Pester\5.7.1\Pester.psm1:2024
at &lt;ScriptBlock&gt;, C:\Users\alexa\OneDrive\Documents\PowerShell\Modules\Pester\5.7.1\Pester.psm1:1985
at Invoke-ScriptBlock, C:\Users\alexa\OneDrive\Documents\PowerShell\Modules\Pester\5.7.1\Pester.psm1:2160
at Invoke-Block, C:\Users\alexa\OneDrive\Documents\PowerShell\Modules\Pester\5.7.1\Pester.psm1:940
at &lt;ScriptBlock&gt;, C:\Users\alexa\OneDrive\Documents\PowerShell\Modules\Pester\5.7.1\Pester.psm1:1688
at &lt;ScriptBlock&gt;, C:\Users\alexa\OneDrive\Documents\PowerShell\Modules\Pester\5.7.1\Pester.ps1:3
at &lt;ScriptBlock&gt;, C:\Users\alexa\OneDrive\Documents\PowerShell\Modules\Pester\5.7.1\Pester.psm1:3260
at Invoke-InNewScriptScope, C:\Users\alexa\OneDrive\Documents\PowerShell\Modules\Pester\5.7.1\Pester.psm1:3267
at Run-Test, C:\Users\alexa\OneDrive\Documents\PowerShell\Modules\Pester\5.7.1\Pester.psm1:1691
at Invoke-Test, C:\Users\alexa\OneDrive\Documents\PowerShell\Modules\Pester\5.7.1\Pester.psm1:2512
at Invoke-Pester&lt;End&gt;, C:\Users\alexa\OneDrive\Documents\PowerShell\Modules\Pester\5.7.1\Pester.psm1:4960
at &lt;ScriptBlock&gt;, &lt;No file&gt;:1</stack-trace>
                    </failure>
                  </test-case>
                </results>
              </test-suite>
              <test-suite type="TestFixture" name="Core Runner Bulletproof Tests.Error Handling and Edge Cases" executed="True" result="Failure" success="False" time="13.163" asserts="0" description="Core Runner Bulletproof Tests.Error Handling and Edge Cases">
                <results>
                  <test-case description="Should handle missing configuration files gracefully" name="Core Runner Bulletproof Tests.Error Handling and Edge Cases.Should handle missing configuration files gracefully" time="1.0297" asserts="0" success="False" result="Failure" executed="True">
                    <failure>
                      <message>Expected collection @(0, 1) to contain 64, because Should handle missing config gracefully, but it was not found.</message>
                      <stack-trace>at $result.ExitCode | Should -BeIn @(0, 1) -Because "Should handle missing config gracefully", C:\Users\alexa\OneDrive\Documents\0. wizzense\AitherZero\tests\unit\modules\CoreApp\BulletproofCoreRunner.Tests.ps1:253
at Invoke-Assertion, C:\Users\alexa\OneDrive\Documents\PowerShell\Modules\Pester\5.7.1\Pester.psm1:8250
at Should&lt;End&gt;, C:\Users\alexa\OneDrive\Documents\PowerShell\Modules\Pester\5.7.1\Pester.psm1:8193
at &lt;ScriptBlock&gt;, C:\Users\alexa\OneDrive\Documents\0. wizzense\AitherZero\tests\unit\modules\CoreApp\BulletproofCoreRunner.Tests.ps1:253
at &lt;ScriptBlock&gt;, C:\Users\alexa\OneDrive\Documents\PowerShell\Modules\Pester\5.7.1\Pester.psm1:2024
at &lt;ScriptBlock&gt;, C:\Users\alexa\OneDrive\Documents\PowerShell\Modules\Pester\5.7.1\Pester.psm1:1985
at Invoke-ScriptBlock, C:\Users\alexa\OneDrive\Documents\PowerShell\Modules\Pester\5.7.1\Pester.psm1:2157
at Invoke-TestItem, C:\Users\alexa\OneDrive\Documents\PowerShell\Modules\Pester\5.7.1\Pester.psm1:1199
at Invoke-Block, C:\Users\alexa\OneDrive\Documents\PowerShell\Modules\Pester\5.7.1\Pester.psm1:835
at &lt;ScriptBlock&gt;, C:\Users\alexa\OneDrive\Documents\PowerShell\Modules\Pester\5.7.1\Pester.psm1:893
at &lt;ScriptBlock&gt;, C:\Users\alexa\OneDrive\Documents\PowerShell\Modules\Pester\5.7.1\Pester.psm1:2024
at &lt;ScriptBlock&gt;, C:\Users\alexa\OneDrive\Documents\PowerShell\Modules\Pester\5.7.1\Pester.psm1:1985
at Invoke-ScriptBlock, C:\Users\alexa\OneDrive\Documents\PowerShell\Modules\Pester\5.7.1\Pester.psm1:2160
at Invoke-Block, C:\Users\alexa\OneDrive\Documents\PowerShell\Modules\Pester\5.7.1\Pester.psm1:940
at &lt;ScriptBlock&gt;, C:\Users\alexa\OneDrive\Documents\PowerShell\Modules\Pester\5.7.1\Pester.psm1:893
at &lt;ScriptBlock&gt;, C:\Users\alexa\OneDrive\Documents\PowerShell\Modules\Pester\5.7.1\Pester.psm1:2024
at &lt;ScriptBlock&gt;, C:\Users\alexa\OneDrive\Documents\PowerShell\Modules\Pester\5.7.1\Pester.psm1:1985
at Invoke-ScriptBlock, C:\Users\alexa\OneDrive\Documents\PowerShell\Modules\Pester\5.7.1\Pester.psm1:2160
at Invoke-Block, C:\Users\alexa\OneDrive\Documents\PowerShell\Modules\Pester\5.7.1\Pester.psm1:940
at &lt;ScriptBlock&gt;, C:\Users\alexa\OneDrive\Documents\PowerShell\Modules\Pester\5.7.1\Pester.psm1:893
at &lt;ScriptBlock&gt;, C:\Users\alexa\OneDrive\Documents\PowerShell\Modules\Pester\5.7.1\Pester.psm1:2024
at &lt;ScriptBlock&gt;, C:\Users\alexa\OneDrive\Documents\PowerShell\Modules\Pester\5.7.1\Pester.psm1:1985
at Invoke-ScriptBlock, C:\Users\alexa\OneDrive\Documents\PowerShell\Modules\Pester\5.7.1\Pester.psm1:2160
at Invoke-Block, C:\Users\alexa\OneDrive\Documents\PowerShell\Modules\Pester\5.7.1\Pester.psm1:940
at &lt;ScriptBlock&gt;, C:\Users\alexa\OneDrive\Documents\PowerShell\Modules\Pester\5.7.1\Pester.psm1:1688
at &lt;ScriptBlock&gt;, C:\Users\alexa\OneDrive\Documents\PowerShell\Modules\Pester\5.7.1\Pester.ps1:3
at &lt;ScriptBlock&gt;, C:\Users\alexa\OneDrive\Documents\PowerShell\Modules\Pester\5.7.1\Pester.psm1:3260
at Invoke-InNewScriptScope, C:\Users\alexa\OneDrive\Documents\PowerShell\Modules\Pester\5.7.1\Pester.psm1:3267
at Run-Test, C:\Users\alexa\OneDrive\Documents\PowerShell\Modules\Pester\5.7.1\Pester.psm1:1691
at Invoke-Test, C:\Users\alexa\OneDrive\Documents\PowerShell\Modules\Pester\5.7.1\Pester.psm1:2512
at Invoke-Pester&lt;End&gt;, C:\Users\alexa\OneDrive\Documents\PowerShell\Modules\Pester\5.7.1\Pester.psm1:4960
at &lt;ScriptBlock&gt;, &lt;No file&gt;:1</stack-trace>
                    </failure>
                  </test-case>
                  <test-case description="Should handle invalid verbosity levels gracefully" name="Core Runner Bulletproof Tests.Error Handling and Edge Cases.Should handle invalid verbosity levels gracefully" time="1.034" asserts="0" success="False" result="Failure" executed="True">
                    <failure>
                      <message>Expected 1, because Should reject invalid verbosity levels, but got 64.</message>
                      <stack-trace>at $result.ExitCode | Should -Be 1 -Because "Should reject invalid verbosity levels", C:\Users\alexa\OneDrive\Documents\0. wizzense\AitherZero\tests\unit\modules\CoreApp\BulletproofCoreRunner.Tests.ps1:261
at Invoke-Assertion, C:\Users\alexa\OneDrive\Documents\PowerShell\Modules\Pester\5.7.1\Pester.psm1:8250
at Should&lt;End&gt;, C:\Users\alexa\OneDrive\Documents\PowerShell\Modules\Pester\5.7.1\Pester.psm1:8189
at &lt;ScriptBlock&gt;, C:\Users\alexa\OneDrive\Documents\0. wizzense\AitherZero\tests\unit\modules\CoreApp\BulletproofCoreRunner.Tests.ps1:261
at &lt;ScriptBlock&gt;, C:\Users\alexa\OneDrive\Documents\PowerShell\Modules\Pester\5.7.1\Pester.psm1:2024
at &lt;ScriptBlock&gt;, C:\Users\alexa\OneDrive\Documents\PowerShell\Modules\Pester\5.7.1\Pester.psm1:1985
at Invoke-ScriptBlock, C:\Users\alexa\OneDrive\Documents\PowerShell\Modules\Pester\5.7.1\Pester.psm1:2157
at Invoke-TestItem, C:\Users\alexa\OneDrive\Documents\PowerShell\Modules\Pester\5.7.1\Pester.psm1:1199
at Invoke-Block, C:\Users\alexa\OneDrive\Documents\PowerShell\Modules\Pester\5.7.1\Pester.psm1:835
at &lt;ScriptBlock&gt;, C:\Users\alexa\OneDrive\Documents\PowerShell\Modules\Pester\5.7.1\Pester.psm1:893
at &lt;ScriptBlock&gt;, C:\Users\alexa\OneDrive\Documents\PowerShell\Modules\Pester\5.7.1\Pester.psm1:2024
at &lt;ScriptBlock&gt;, C:\Users\alexa\OneDrive\Documents\PowerShell\Modules\Pester\5.7.1\Pester.psm1:1985
at Invoke-ScriptBlock, C:\Users\alexa\OneDrive\Documents\PowerShell\Modules\Pester\5.7.1\Pester.psm1:2160
at Invoke-Block, C:\Users\alexa\OneDrive\Documents\PowerShell\Modules\Pester\5.7.1\Pester.psm1:940
at &lt;ScriptBlock&gt;, C:\Users\alexa\OneDrive\Documents\PowerShell\Modules\Pester\5.7.1\Pester.psm1:893
at &lt;ScriptBlock&gt;, C:\Users\alexa\OneDrive\Documents\PowerShell\Modules\Pester\5.7.1\Pester.psm1:2024
at &lt;ScriptBlock&gt;, C:\Users\alexa\OneDrive\Documents\PowerShell\Modules\Pester\5.7.1\Pester.psm1:1985
at Invoke-ScriptBlock, C:\Users\alexa\OneDrive\Documents\PowerShell\Modules\Pester\5.7.1\Pester.psm1:2160
at Invoke-Block, C:\Users\alexa\OneDrive\Documents\PowerShell\Modules\Pester\5.7.1\Pester.psm1:940
at &lt;ScriptBlock&gt;, C:\Users\alexa\OneDrive\Documents\PowerShell\Modules\Pester\5.7.1\Pester.psm1:893
at &lt;ScriptBlock&gt;, C:\Users\alexa\OneDrive\Documents\PowerShell\Modules\Pester\5.7.1\Pester.psm1:2024
at &lt;ScriptBlock&gt;, C:\Users\alexa\OneDrive\Documents\PowerShell\Modules\Pester\5.7.1\Pester.psm1:1985
at Invoke-ScriptBlock, C:\Users\alexa\OneDrive\Documents\PowerShell\Modules\Pester\5.7.1\Pester.psm1:2160
at Invoke-Block, C:\Users\alexa\OneDrive\Documents\PowerShell\Modules\Pester\5.7.1\Pester.psm1:940
at &lt;ScriptBlock&gt;, C:\Users\alexa\OneDrive\Documents\PowerShell\Modules\Pester\5.7.1\Pester.psm1:1688
at &lt;ScriptBlock&gt;, C:\Users\alexa\OneDrive\Documents\PowerShell\Modules\Pester\5.7.1\Pester.ps1:3
at &lt;ScriptBlock&gt;, C:\Users\alexa\OneDrive\Documents\PowerShell\Modules\Pester\5.7.1\Pester.psm1:3260
at Invoke-InNewScriptScope, C:\Users\alexa\OneDrive\Documents\PowerShell\Modules\Pester\5.7.1\Pester.psm1:3267
at Run-Test, C:\Users\alexa\OneDrive\Documents\PowerShell\Modules\Pester\5.7.1\Pester.psm1:1691
at Invoke-Test, C:\Users\alexa\OneDrive\Documents\PowerShell\Modules\Pester\5.7.1\Pester.psm1:2512
at Invoke-Pester&lt;End&gt;, C:\Users\alexa\OneDrive\Documents\PowerShell\Modules\Pester\5.7.1\Pester.psm1:4960
at &lt;ScriptBlock&gt;, &lt;No file&gt;:1</stack-trace>
                    </failure>
                  </test-case>
                  <test-case description="Should handle concurrent executions without conflicts" name="Core Runner Bulletproof Tests.Error Handling and Edge Cases.Should handle concurrent executions without conflicts" time="0.5607" asserts="0" success="False" result="Failure" executed="True">
                    <failure>
                      <message>Expected a collection with size 3, because All concurrent jobs should complete, but got an empty collection.</message>
                      <stack-trace>at $results | Should -HaveCount 3 -Because "All concurrent jobs should complete", C:\Users\alexa\OneDrive\Documents\0. wizzense\AitherZero\tests\unit\modules\CoreApp\BulletproofCoreRunner.Tests.ps1:281
at Invoke-Assertion, C:\Users\alexa\OneDrive\Documents\PowerShell\Modules\Pester\5.7.1\Pester.psm1:8250
at Should&lt;End&gt;, C:\Users\alexa\OneDrive\Documents\PowerShell\Modules\Pester\5.7.1\Pester.psm1:8186
at &lt;ScriptBlock&gt;, C:\Users\alexa\OneDrive\Documents\0. wizzense\AitherZero\tests\unit\modules\CoreApp\BulletproofCoreRunner.Tests.ps1:281
at &lt;ScriptBlock&gt;, C:\Users\alexa\OneDrive\Documents\PowerShell\Modules\Pester\5.7.1\Pester.psm1:2024
at &lt;ScriptBlock&gt;, C:\Users\alexa\OneDrive\Documents\PowerShell\Modules\Pester\5.7.1\Pester.psm1:1985
at Invoke-ScriptBlock, C:\Users\alexa\OneDrive\Documents\PowerShell\Modules\Pester\5.7.1\Pester.psm1:2157
at Invoke-TestItem, C:\Users\alexa\OneDrive\Documents\PowerShell\Modules\Pester\5.7.1\Pester.psm1:1199
at Invoke-Block, C:\Users\alexa\OneDrive\Documents\PowerShell\Modules\Pester\5.7.1\Pester.psm1:835
at &lt;ScriptBlock&gt;, C:\Users\alexa\OneDrive\Documents\PowerShell\Modules\Pester\5.7.1\Pester.psm1:893
at &lt;ScriptBlock&gt;, C:\Users\alexa\OneDrive\Documents\PowerShell\Modules\Pester\5.7.1\Pester.psm1:2024
at &lt;ScriptBlock&gt;, C:\Users\alexa\OneDrive\Documents\PowerShell\Modules\Pester\5.7.1\Pester.psm1:1985
at Invoke-ScriptBlock, C:\Users\alexa\OneDrive\Documents\PowerShell\Modules\Pester\5.7.1\Pester.psm1:2160
at Invoke-Block, C:\Users\alexa\OneDrive\Documents\PowerShell\Modules\Pester\5.7.1\Pester.psm1:940
at &lt;ScriptBlock&gt;, C:\Users\alexa\OneDrive\Documents\PowerShell\Modules\Pester\5.7.1\Pester.psm1:893
at &lt;ScriptBlock&gt;, C:\Users\alexa\OneDrive\Documents\PowerShell\Modules\Pester\5.7.1\Pester.psm1:2024
at &lt;ScriptBlock&gt;, C:\Users\alexa\OneDrive\Documents\PowerShell\Modules\Pester\5.7.1\Pester.psm1:1985
at Invoke-ScriptBlock, C:\Users\alexa\OneDrive\Documents\PowerShell\Modules\Pester\5.7.1\Pester.psm1:2160
at Invoke-Block, C:\Users\alexa\OneDrive\Documents\PowerShell\Modules\Pester\5.7.1\Pester.psm1:940
at &lt;ScriptBlock&gt;, C:\Users\alexa\OneDrive\Documents\PowerShell\Modules\Pester\5.7.1\Pester.psm1:893
at &lt;ScriptBlock&gt;, C:\Users\alexa\OneDrive\Documents\PowerShell\Modules\Pester\5.7.1\Pester.psm1:2024
at &lt;ScriptBlock&gt;, C:\Users\alexa\OneDrive\Documents\PowerShell\Modules\Pester\5.7.1\Pester.psm1:1985
at Invoke-ScriptBlock, C:\Users\alexa\OneDrive\Documents\PowerShell\Modules\Pester\5.7.1\Pester.psm1:2160
at Invoke-Block, C:\Users\alexa\OneDrive\Documents\PowerShell\Modules\Pester\5.7.1\Pester.psm1:940
at &lt;ScriptBlock&gt;, C:\Users\alexa\OneDrive\Documents\PowerShell\Modules\Pester\5.7.1\Pester.psm1:1688
at &lt;ScriptBlock&gt;, C:\Users\alexa\OneDrive\Documents\PowerShell\Modules\Pester\5.7.1\Pester.ps1:3
at &lt;ScriptBlock&gt;, C:\Users\alexa\OneDrive\Documents\PowerShell\Modules\Pester\5.7.1\Pester.psm1:3260
at Invoke-InNewScriptScope, C:\Users\alexa\OneDrive\Documents\PowerShell\Modules\Pester\5.7.1\Pester.psm1:3267
at Run-Test, C:\Users\alexa\OneDrive\Documents\PowerShell\Modules\Pester\5.7.1\Pester.psm1:1691
at Invoke-Test, C:\Users\alexa\OneDrive\Documents\PowerShell\Modules\Pester\5.7.1\Pester.psm1:2512
at Invoke-Pester&lt;End&gt;, C:\Users\alexa\OneDrive\Documents\PowerShell\Modules\Pester\5.7.1\Pester.psm1:4960
at &lt;ScriptBlock&gt;, &lt;No file&gt;:1</stack-trace>
                    </failure>
                  </test-case>
                </results>
              </test-suite>
              <test-suite type="TestFixture" name="Core Runner Bulletproof Tests.Performance and Reliability" executed="True" result="Failure" success="False" time="16.3173" asserts="0" description="Core Runner Bulletproof Tests.Performance and Reliability">
                <results>
                  <test-case description="Should complete basic execution within time limits" name="Core Runner Bulletproof Tests.Performance and Reliability.Should complete basic execution within time limits" time="1.0267" asserts="0" success="False" result="Failure" executed="True">
                    <failure>
                      <message>Expected $true, but got $false.</message>
                      <stack-trace>at $result.Success | Should -Be $true, C:\Users\alexa\OneDrive\Documents\0. wizzense\AitherZero\tests\unit\modules\CoreApp\BulletproofCoreRunner.Tests.ps1:293
at Invoke-Assertion, C:\Users\alexa\OneDrive\Documents\PowerShell\Modules\Pester\5.7.1\Pester.psm1:8250
at Should&lt;End&gt;, C:\Users\alexa\OneDrive\Documents\PowerShell\Modules\Pester\5.7.1\Pester.psm1:8189
at &lt;ScriptBlock&gt;, C:\Users\alexa\OneDrive\Documents\0. wizzense\AitherZero\tests\unit\modules\CoreApp\BulletproofCoreRunner.Tests.ps1:293
at &lt;ScriptBlock&gt;, C:\Users\alexa\OneDrive\Documents\PowerShell\Modules\Pester\5.7.1\Pester.psm1:2024
at &lt;ScriptBlock&gt;, C:\Users\alexa\OneDrive\Documents\PowerShell\Modules\Pester\5.7.1\Pester.psm1:1985
at Invoke-ScriptBlock, C:\Users\alexa\OneDrive\Documents\PowerShell\Modules\Pester\5.7.1\Pester.psm1:2157
at Invoke-TestItem, C:\Users\alexa\OneDrive\Documents\PowerShell\Modules\Pester\5.7.1\Pester.psm1:1199
at Invoke-Block, C:\Users\alexa\OneDrive\Documents\PowerShell\Modules\Pester\5.7.1\Pester.psm1:835
at &lt;ScriptBlock&gt;, C:\Users\alexa\OneDrive\Documents\PowerShell\Modules\Pester\5.7.1\Pester.psm1:893
at &lt;ScriptBlock&gt;, C:\Users\alexa\OneDrive\Documents\PowerShell\Modules\Pester\5.7.1\Pester.psm1:2024
at &lt;ScriptBlock&gt;, C:\Users\alexa\OneDrive\Documents\PowerShell\Modules\Pester\5.7.1\Pester.psm1:1985
at Invoke-ScriptBlock, C:\Users\alexa\OneDrive\Documents\PowerShell\Modules\Pester\5.7.1\Pester.psm1:2160
at Invoke-Block, C:\Users\alexa\OneDrive\Documents\PowerShell\Modules\Pester\5.7.1\Pester.psm1:940
at &lt;ScriptBlock&gt;, C:\Users\alexa\OneDrive\Documents\PowerShell\Modules\Pester\5.7.1\Pester.psm1:893
at &lt;ScriptBlock&gt;, C:\Users\alexa\OneDrive\Documents\PowerShell\Modules\Pester\5.7.1\Pester.psm1:2024
at &lt;ScriptBlock&gt;, C:\Users\alexa\OneDrive\Documents\PowerShell\Modules\Pester\5.7.1\Pester.psm1:1985
at Invoke-ScriptBlock, C:\Users\alexa\OneDrive\Documents\PowerShell\Modules\Pester\5.7.1\Pester.psm1:2160
at Invoke-Block, C:\Users\alexa\OneDrive\Documents\PowerShell\Modules\Pester\5.7.1\Pester.psm1:940
at &lt;ScriptBlock&gt;, C:\Users\alexa\OneDrive\Documents\PowerShell\Modules\Pester\5.7.1\Pester.psm1:893
at &lt;ScriptBlock&gt;, C:\Users\alexa\OneDrive\Documents\PowerShell\Modules\Pester\5.7.1\Pester.psm1:2024
at &lt;ScriptBlock&gt;, C:\Users\alexa\OneDrive\Documents\PowerShell\Modules\Pester\5.7.1\Pester.psm1:1985
at Invoke-ScriptBlock, C:\Users\alexa\OneDrive\Documents\PowerShell\Modules\Pester\5.7.1\Pester.psm1:2160
at Invoke-Block, C:\Users\alexa\OneDrive\Documents\PowerShell\Modules\Pester\5.7.1\Pester.psm1:940
at &lt;ScriptBlock&gt;, C:\Users\alexa\OneDrive\Documents\PowerShell\Modules\Pester\5.7.1\Pester.psm1:1688
at &lt;ScriptBlock&gt;, C:\Users\alexa\OneDrive\Documents\PowerShell\Modules\Pester\5.7.1\Pester.ps1:3
at &lt;ScriptBlock&gt;, C:\Users\alexa\OneDrive\Documents\PowerShell\Modules\Pester\5.7.1\Pester.psm1:3260
at Invoke-InNewScriptScope, C:\Users\alexa\OneDrive\Documents\PowerShell\Modules\Pester\5.7.1\Pester.psm1:3267
at Run-Test, C:\Users\alexa\OneDrive\Documents\PowerShell\Modules\Pester\5.7.1\Pester.psm1:1691
at Invoke-Test, C:\Users\alexa\OneDrive\Documents\PowerShell\Modules\Pester\5.7.1\Pester.psm1:2512
at Invoke-Pester&lt;End&gt;, C:\Users\alexa\OneDrive\Documents\PowerShell\Modules\Pester\5.7.1\Pester.psm1:4960
at &lt;ScriptBlock&gt;, &lt;No file&gt;:1</stack-trace>
                    </failure>
                  </test-case>
                  <test-case description="Should handle auto mode within reasonable time" name="Core Runner Bulletproof Tests.Performance and Reliability.Should handle auto mode within reasonable time" time="1.0198" asserts="0" success="False" result="Failure" executed="True">
                    <failure>
                      <message>Expected $true, but got $false.</message>
                      <stack-trace>at $result.Success | Should -Be $true, C:\Users\alexa\OneDrive\Documents\0. wizzense\AitherZero\tests\unit\modules\CoreApp\BulletproofCoreRunner.Tests.ps1:302
at Invoke-Assertion, C:\Users\alexa\OneDrive\Documents\PowerShell\Modules\Pester\5.7.1\Pester.psm1:8250
at Should&lt;End&gt;, C:\Users\alexa\OneDrive\Documents\PowerShell\Modules\Pester\5.7.1\Pester.psm1:8189
at &lt;ScriptBlock&gt;, C:\Users\alexa\OneDrive\Documents\0. wizzense\AitherZero\tests\unit\modules\CoreApp\BulletproofCoreRunner.Tests.ps1:302
at &lt;ScriptBlock&gt;, C:\Users\alexa\OneDrive\Documents\PowerShell\Modules\Pester\5.7.1\Pester.psm1:2024
at &lt;ScriptBlock&gt;, C:\Users\alexa\OneDrive\Documents\PowerShell\Modules\Pester\5.7.1\Pester.psm1:1985
at Invoke-ScriptBlock, C:\Users\alexa\OneDrive\Documents\PowerShell\Modules\Pester\5.7.1\Pester.psm1:2157
at Invoke-TestItem, C:\Users\alexa\OneDrive\Documents\PowerShell\Modules\Pester\5.7.1\Pester.psm1:1199
at Invoke-Block, C:\Users\alexa\OneDrive\Documents\PowerShell\Modules\Pester\5.7.1\Pester.psm1:835
at &lt;ScriptBlock&gt;, C:\Users\alexa\OneDrive\Documents\PowerShell\Modules\Pester\5.7.1\Pester.psm1:893
at &lt;ScriptBlock&gt;, C:\Users\alexa\OneDrive\Documents\PowerShell\Modules\Pester\5.7.1\Pester.psm1:2024
at &lt;ScriptBlock&gt;, C:\Users\alexa\OneDrive\Documents\PowerShell\Modules\Pester\5.7.1\Pester.psm1:1985
at Invoke-ScriptBlock, C:\Users\alexa\OneDrive\Documents\PowerShell\Modules\Pester\5.7.1\Pester.psm1:2160
at Invoke-Block, C:\Users\alexa\OneDrive\Documents\PowerShell\Modules\Pester\5.7.1\Pester.psm1:940
at &lt;ScriptBlock&gt;, C:\Users\alexa\OneDrive\Documents\PowerShell\Modules\Pester\5.7.1\Pester.psm1:893
at &lt;ScriptBlock&gt;, C:\Users\alexa\OneDrive\Documents\PowerShell\Modules\Pester\5.7.1\Pester.psm1:2024
at &lt;ScriptBlock&gt;, C:\Users\alexa\OneDrive\Documents\PowerShell\Modules\Pester\5.7.1\Pester.psm1:1985
at Invoke-ScriptBlock, C:\Users\alexa\OneDrive\Documents\PowerShell\Modules\Pester\5.7.1\Pester.psm1:2160
at Invoke-Block, C:\Users\alexa\OneDrive\Documents\PowerShell\Modules\Pester\5.7.1\Pester.psm1:940
at &lt;ScriptBlock&gt;, C:\Users\alexa\OneDrive\Documents\PowerShell\Modules\Pester\5.7.1\Pester.psm1:893
at &lt;ScriptBlock&gt;, C:\Users\alexa\OneDrive\Documents\PowerShell\Modules\Pester\5.7.1\Pester.psm1:2024
at &lt;ScriptBlock&gt;, C:\Users\alexa\OneDrive\Documents\PowerShell\Modules\Pester\5.7.1\Pester.psm1:1985
at Invoke-ScriptBlock, C:\Users\alexa\OneDrive\Documents\PowerShell\Modules\Pester\5.7.1\Pester.psm1:2160
at Invoke-Block, C:\Users\alexa\OneDrive\Documents\PowerShell\Modules\Pester\5.7.1\Pester.psm1:940
at &lt;ScriptBlock&gt;, C:\Users\alexa\OneDrive\Documents\PowerShell\Modules\Pester\5.7.1\Pester.psm1:1688
at &lt;ScriptBlock&gt;, C:\Users\alexa\OneDrive\Documents\PowerShell\Modules\Pester\5.7.1\Pester.ps1:3
at &lt;ScriptBlock&gt;, C:\Users\alexa\OneDrive\Documents\PowerShell\Modules\Pester\5.7.1\Pester.psm1:3260
at Invoke-InNewScriptScope, C:\Users\alexa\OneDrive\Documents\PowerShell\Modules\Pester\5.7.1\Pester.psm1:3267
at Run-Test, C:\Users\alexa\OneDrive\Documents\PowerShell\Modules\Pester\5.7.1\Pester.psm1:1691
at Invoke-Test, C:\Users\alexa\OneDrive\Documents\PowerShell\Modules\Pester\5.7.1\Pester.psm1:2512
at Invoke-Pester&lt;End&gt;, C:\Users\alexa\OneDrive\Documents\PowerShell\Modules\Pester\5.7.1\Pester.psm1:4960
at &lt;ScriptBlock&gt;, &lt;No file&gt;:1</stack-trace>
                    </failure>
                  </test-case>
                  <test-case description="Should be memory efficient" name="Core Runner Bulletproof Tests.Performance and Reliability.Should be memory efficient" time="1.0973" asserts="0" success="False" result="Failure" executed="True">
                    <failure>
                      <message>Expected $true, but got $false.</message>
                      <stack-trace>at $result.Success | Should -Be $true, C:\Users\alexa\OneDrive\Documents\0. wizzense\AitherZero\tests\unit\modules\CoreApp\BulletproofCoreRunner.Tests.ps1:316
at Invoke-Assertion, C:\Users\alexa\OneDrive\Documents\PowerShell\Modules\Pester\5.7.1\Pester.psm1:8250
at Should&lt;End&gt;, C:\Users\alexa\OneDrive\Documents\PowerShell\Modules\Pester\5.7.1\Pester.psm1:8189
at &lt;ScriptBlock&gt;, C:\Users\alexa\OneDrive\Documents\0. wizzense\AitherZero\tests\unit\modules\CoreApp\BulletproofCoreRunner.Tests.ps1:316
at &lt;ScriptBlock&gt;, C:\Users\alexa\OneDrive\Documents\PowerShell\Modules\Pester\5.7.1\Pester.psm1:2024
at &lt;ScriptBlock&gt;, C:\Users\alexa\OneDrive\Documents\PowerShell\Modules\Pester\5.7.1\Pester.psm1:1985
at Invoke-ScriptBlock, C:\Users\alexa\OneDrive\Documents\PowerShell\Modules\Pester\5.7.1\Pester.psm1:2157
at Invoke-TestItem, C:\Users\alexa\OneDrive\Documents\PowerShell\Modules\Pester\5.7.1\Pester.psm1:1199
at Invoke-Block, C:\Users\alexa\OneDrive\Documents\PowerShell\Modules\Pester\5.7.1\Pester.psm1:835
at &lt;ScriptBlock&gt;, C:\Users\alexa\OneDrive\Documents\PowerShell\Modules\Pester\5.7.1\Pester.psm1:893
at &lt;ScriptBlock&gt;, C:\Users\alexa\OneDrive\Documents\PowerShell\Modules\Pester\5.7.1\Pester.psm1:2024
at &lt;ScriptBlock&gt;, C:\Users\alexa\OneDrive\Documents\PowerShell\Modules\Pester\5.7.1\Pester.psm1:1985
at Invoke-ScriptBlock, C:\Users\alexa\OneDrive\Documents\PowerShell\Modules\Pester\5.7.1\Pester.psm1:2160
at Invoke-Block, C:\Users\alexa\OneDrive\Documents\PowerShell\Modules\Pester\5.7.1\Pester.psm1:940
at &lt;ScriptBlock&gt;, C:\Users\alexa\OneDrive\Documents\PowerShell\Modules\Pester\5.7.1\Pester.psm1:893
at &lt;ScriptBlock&gt;, C:\Users\alexa\OneDrive\Documents\PowerShell\Modules\Pester\5.7.1\Pester.psm1:2024
at &lt;ScriptBlock&gt;, C:\Users\alexa\OneDrive\Documents\PowerShell\Modules\Pester\5.7.1\Pester.psm1:1985
at Invoke-ScriptBlock, C:\Users\alexa\OneDrive\Documents\PowerShell\Modules\Pester\5.7.1\Pester.psm1:2160
at Invoke-Block, C:\Users\alexa\OneDrive\Documents\PowerShell\Modules\Pester\5.7.1\Pester.psm1:940
at &lt;ScriptBlock&gt;, C:\Users\alexa\OneDrive\Documents\PowerShell\Modules\Pester\5.7.1\Pester.psm1:893
at &lt;ScriptBlock&gt;, C:\Users\alexa\OneDrive\Documents\PowerShell\Modules\Pester\5.7.1\Pester.psm1:2024
at &lt;ScriptBlock&gt;, C:\Users\alexa\OneDrive\Documents\PowerShell\Modules\Pester\5.7.1\Pester.psm1:1985
at Invoke-ScriptBlock, C:\Users\alexa\OneDrive\Documents\PowerShell\Modules\Pester\5.7.1\Pester.psm1:2160
at Invoke-Block, C:\Users\alexa\OneDrive\Documents\PowerShell\Modules\Pester\5.7.1\Pester.psm1:940
at &lt;ScriptBlock&gt;, C:\Users\alexa\OneDrive\Documents\PowerShell\Modules\Pester\5.7.1\Pester.psm1:1688
at &lt;ScriptBlock&gt;, C:\Users\alexa\OneDrive\Documents\PowerShell\Modules\Pester\5.7.1\Pester.ps1:3
at &lt;ScriptBlock&gt;, C:\Users\alexa\OneDrive\Documents\PowerShell\Modules\Pester\5.7.1\Pester.psm1:3260
at Invoke-InNewScriptScope, C:\Users\alexa\OneDrive\Documents\PowerShell\Modules\Pester\5.7.1\Pester.psm1:3267
at Run-Test, C:\Users\alexa\OneDrive\Documents\PowerShell\Modules\Pester\5.7.1\Pester.psm1:1691
at Invoke-Test, C:\Users\alexa\OneDrive\Documents\PowerShell\Modules\Pester\5.7.1\Pester.psm1:2512
at Invoke-Pester&lt;End&gt;, C:\Users\alexa\OneDrive\Documents\PowerShell\Modules\Pester\5.7.1\Pester.psm1:4960
at &lt;ScriptBlock&gt;, &lt;No file&gt;:1</stack-trace>
                    </failure>
                  </test-case>
                </results>
              </test-suite>
              <test-suite type="TestFixture" name="Core Runner Bulletproof Tests.Cross-Platform Compatibility" executed="True" result="Failure" success="False" time="17.3661" asserts="0" description="Core Runner Bulletproof Tests.Cross-Platform Compatibility">
                <results>
                  <test-case description="Should work correctly on current platform" name="Core Runner Bulletproof Tests.Cross-Platform Compatibility.Should work correctly on current platform" time="1.0285" asserts="0" success="False" result="Failure" executed="True">
                    <failure>
                      <message>Expected $true, but got $false.</message>
                      <stack-trace>at $result.Success | Should -Be $true, C:\Users\alexa\OneDrive\Documents\0. wizzense\AitherZero\tests\unit\modules\CoreApp\BulletproofCoreRunner.Tests.ps1:328
at Invoke-Assertion, C:\Users\alexa\OneDrive\Documents\PowerShell\Modules\Pester\5.7.1\Pester.psm1:8250
at Should&lt;End&gt;, C:\Users\alexa\OneDrive\Documents\PowerShell\Modules\Pester\5.7.1\Pester.psm1:8189
at &lt;ScriptBlock&gt;, C:\Users\alexa\OneDrive\Documents\0. wizzense\AitherZero\tests\unit\modules\CoreApp\BulletproofCoreRunner.Tests.ps1:328
at &lt;ScriptBlock&gt;, C:\Users\alexa\OneDrive\Documents\PowerShell\Modules\Pester\5.7.1\Pester.psm1:2024
at &lt;ScriptBlock&gt;, C:\Users\alexa\OneDrive\Documents\PowerShell\Modules\Pester\5.7.1\Pester.psm1:1985
at Invoke-ScriptBlock, C:\Users\alexa\OneDrive\Documents\PowerShell\Modules\Pester\5.7.1\Pester.psm1:2157
at Invoke-TestItem, C:\Users\alexa\OneDrive\Documents\PowerShell\Modules\Pester\5.7.1\Pester.psm1:1199
at Invoke-Block, C:\Users\alexa\OneDrive\Documents\PowerShell\Modules\Pester\5.7.1\Pester.psm1:835
at &lt;ScriptBlock&gt;, C:\Users\alexa\OneDrive\Documents\PowerShell\Modules\Pester\5.7.1\Pester.psm1:893
at &lt;ScriptBlock&gt;, C:\Users\alexa\OneDrive\Documents\PowerShell\Modules\Pester\5.7.1\Pester.psm1:2024
at &lt;ScriptBlock&gt;, C:\Users\alexa\OneDrive\Documents\PowerShell\Modules\Pester\5.7.1\Pester.psm1:1985
at Invoke-ScriptBlock, C:\Users\alexa\OneDrive\Documents\PowerShell\Modules\Pester\5.7.1\Pester.psm1:2160
at Invoke-Block, C:\Users\alexa\OneDrive\Documents\PowerShell\Modules\Pester\5.7.1\Pester.psm1:940
at &lt;ScriptBlock&gt;, C:\Users\alexa\OneDrive\Documents\PowerShell\Modules\Pester\5.7.1\Pester.psm1:893
at &lt;ScriptBlock&gt;, C:\Users\alexa\OneDrive\Documents\PowerShell\Modules\Pester\5.7.1\Pester.psm1:2024
at &lt;ScriptBlock&gt;, C:\Users\alexa\OneDrive\Documents\PowerShell\Modules\Pester\5.7.1\Pester.psm1:1985
at Invoke-ScriptBlock, C:\Users\alexa\OneDrive\Documents\PowerShell\Modules\Pester\5.7.1\Pester.psm1:2160
at Invoke-Block, C:\Users\alexa\OneDrive\Documents\PowerShell\Modules\Pester\5.7.1\Pester.psm1:940
at &lt;ScriptBlock&gt;, C:\Users\alexa\OneDrive\Documents\PowerShell\Modules\Pester\5.7.1\Pester.psm1:893
at &lt;ScriptBlock&gt;, C:\Users\alexa\OneDrive\Documents\PowerShell\Modules\Pester\5.7.1\Pester.psm1:2024
at &lt;ScriptBlock&gt;, C:\Users\alexa\OneDrive\Documents\PowerShell\Modules\Pester\5.7.1\Pester.psm1:1985
at Invoke-ScriptBlock, C:\Users\alexa\OneDrive\Documents\PowerShell\Modules\Pester\5.7.1\Pester.psm1:2160
at Invoke-Block, C:\Users\alexa\OneDrive\Documents\PowerShell\Modules\Pester\5.7.1\Pester.psm1:940
at &lt;ScriptBlock&gt;, C:\Users\alexa\OneDrive\Documents\PowerShell\Modules\Pester\5.7.1\Pester.psm1:1688
at &lt;ScriptBlock&gt;, C:\Users\alexa\OneDrive\Documents\PowerShell\Modules\Pester\5.7.1\Pester.ps1:3
at &lt;ScriptBlock&gt;, C:\Users\alexa\OneDrive\Documents\PowerShell\Modules\Pester\5.7.1\Pester.psm1:3260
at Invoke-InNewScriptScope, C:\Users\alexa\OneDrive\Documents\PowerShell\Modules\Pester\5.7.1\Pester.psm1:3267
at Run-Test, C:\Users\alexa\OneDrive\Documents\PowerShell\Modules\Pester\5.7.1\Pester.psm1:1691
at Invoke-Test, C:\Users\alexa\OneDrive\Documents\PowerShell\Modules\Pester\5.7.1\Pester.psm1:2512
at Invoke-Pester&lt;End&gt;, C:\Users\alexa\OneDrive\Documents\PowerShell\Modules\Pester\5.7.1\Pester.psm1:4960
at &lt;ScriptBlock&gt;, &lt;No file&gt;:1</stack-trace>
                    </failure>
                  </test-case>
                  <test-case description="Should handle path separators correctly" name="Core Runner Bulletproof Tests.Cross-Platform Compatibility.Should handle path separators correctly" time="0.0067" asserts="0" success="True" result="Success" executed="True" />
                  <test-case description="Should use cross-platform compatible commands" name="Core Runner Bulletproof Tests.Cross-Platform Compatibility.Should use cross-platform compatible commands" time="0.0074" asserts="0" success="True" result="Success" executed="True" />
                </results>
              </test-suite>
              <test-suite type="TestFixture" name="Core Runner Bulletproof Tests.Integration Testing" executed="True" result="Failure" success="False" time="18.4184" asserts="0" description="Core Runner Bulletproof Tests.Integration Testing">
                <results>
                  <test-case description="Should integrate properly with CoreApp module" name="Core Runner Bulletproof Tests.Integration Testing.Should integrate properly with CoreApp module" time="0.0138" asserts="0" success="False" result="Ignored" executed="False" />
                  <test-case description="Should work with different configuration files" name="Core Runner Bulletproof Tests.Integration Testing.Should work with different configuration files" time="1.0302" asserts="0" success="False" result="Failure" executed="True">
                    <failure>
                      <message>Expected $true, but got $false.</message>
                      <stack-trace>at $result.Success | Should -Be $true, C:\Users\alexa\OneDrive\Documents\0. wizzense\AitherZero\tests\unit\modules\CoreApp\BulletproofCoreRunner.Tests.ps1:383
at Invoke-Assertion, C:\Users\alexa\OneDrive\Documents\PowerShell\Modules\Pester\5.7.1\Pester.psm1:8250
at Should&lt;End&gt;, C:\Users\alexa\OneDrive\Documents\PowerShell\Modules\Pester\5.7.1\Pester.psm1:8189
at &lt;ScriptBlock&gt;, C:\Users\alexa\OneDrive\Documents\0. wizzense\AitherZero\tests\unit\modules\CoreApp\BulletproofCoreRunner.Tests.ps1:383
at &lt;ScriptBlock&gt;, C:\Users\alexa\OneDrive\Documents\PowerShell\Modules\Pester\5.7.1\Pester.psm1:2024
at &lt;ScriptBlock&gt;, C:\Users\alexa\OneDrive\Documents\PowerShell\Modules\Pester\5.7.1\Pester.psm1:1985
at Invoke-ScriptBlock, C:\Users\alexa\OneDrive\Documents\PowerShell\Modules\Pester\5.7.1\Pester.psm1:2157
at Invoke-TestItem, C:\Users\alexa\OneDrive\Documents\PowerShell\Modules\Pester\5.7.1\Pester.psm1:1199
at Invoke-Block, C:\Users\alexa\OneDrive\Documents\PowerShell\Modules\Pester\5.7.1\Pester.psm1:835
at &lt;ScriptBlock&gt;, C:\Users\alexa\OneDrive\Documents\PowerShell\Modules\Pester\5.7.1\Pester.psm1:893
at &lt;ScriptBlock&gt;, C:\Users\alexa\OneDrive\Documents\PowerShell\Modules\Pester\5.7.1\Pester.psm1:2024
at &lt;ScriptBlock&gt;, C:\Users\alexa\OneDrive\Documents\PowerShell\Modules\Pester\5.7.1\Pester.psm1:1985
at Invoke-ScriptBlock, C:\Users\alexa\OneDrive\Documents\PowerShell\Modules\Pester\5.7.1\Pester.psm1:2160
at Invoke-Block, C:\Users\alexa\OneDrive\Documents\PowerShell\Modules\Pester\5.7.1\Pester.psm1:940
at &lt;ScriptBlock&gt;, C:\Users\alexa\OneDrive\Documents\PowerShell\Modules\Pester\5.7.1\Pester.psm1:893
at &lt;ScriptBlock&gt;, C:\Users\alexa\OneDrive\Documents\PowerShell\Modules\Pester\5.7.1\Pester.psm1:2024
at &lt;ScriptBlock&gt;, C:\Users\alexa\OneDrive\Documents\PowerShell\Modules\Pester\5.7.1\Pester.psm1:1985
at Invoke-ScriptBlock, C:\Users\alexa\OneDrive\Documents\PowerShell\Modules\Pester\5.7.1\Pester.psm1:2160
at Invoke-Block, C:\Users\alexa\OneDrive\Documents\PowerShell\Modules\Pester\5.7.1\Pester.psm1:940
at &lt;ScriptBlock&gt;, C:\Users\alexa\OneDrive\Documents\PowerShell\Modules\Pester\5.7.1\Pester.psm1:893
at &lt;ScriptBlock&gt;, C:\Users\alexa\OneDrive\Documents\PowerShell\Modules\Pester\5.7.1\Pester.psm1:2024
at &lt;ScriptBlock&gt;, C:\Users\alexa\OneDrive\Documents\PowerShell\Modules\Pester\5.7.1\Pester.psm1:1985
at Invoke-ScriptBlock, C:\Users\alexa\OneDrive\Documents\PowerShell\Modules\Pester\5.7.1\Pester.psm1:2160
at Invoke-Block, C:\Users\alexa\OneDrive\Documents\PowerShell\Modules\Pester\5.7.1\Pester.psm1:940
at &lt;ScriptBlock&gt;, C:\Users\alexa\OneDrive\Documents\PowerShell\Modules\Pester\5.7.1\Pester.psm1:1688
at &lt;ScriptBlock&gt;, C:\Users\alexa\OneDrive\Documents\PowerShell\Modules\Pester\5.7.1\Pester.ps1:3
at &lt;ScriptBlock&gt;, C:\Users\alexa\OneDrive\Documents\PowerShell\Modules\Pester\5.7.1\Pester.psm1:3260
at Invoke-InNewScriptScope, C:\Users\alexa\OneDrive\Documents\PowerShell\Modules\Pester\5.7.1\Pester.psm1:3267
at Run-Test, C:\Users\alexa\OneDrive\Documents\PowerShell\Modules\Pester\5.7.1\Pester.psm1:1691
at Invoke-Test, C:\Users\alexa\OneDrive\Documents\PowerShell\Modules\Pester\5.7.1\Pester.psm1:2512
at Invoke-Pester&lt;End&gt;, C:\Users\alexa\OneDrive\Documents\PowerShell\Modules\Pester\5.7.1\Pester.psm1:4960
at &lt;ScriptBlock&gt;, &lt;No file&gt;:1</stack-trace>
                    </failure>
                  </test-case>
                </results>
              </test-suite>
              <test-suite type="TestFixture" name="Core Runner Bulletproof Tests.Logging and Output Validation" executed="True" result="Failure" success="False" time="22.5052" asserts="0" description="Core Runner Bulletproof Tests.Logging and Output Validation">
                <results>
                  <test-case description="Should create proper log entries with timestamps" name="Core Runner Bulletproof Tests.Logging and Output Validation.Should create proper log entries with timestamps" time="1.0237" asserts="0" success="False" result="Failure" executed="True">
                    <failure>
                      <message>Expected $true, but got $false.</message>
                      <stack-trace>at $result.Success | Should -Be $true, C:\Users\alexa\OneDrive\Documents\0. wizzense\AitherZero\tests\unit\modules\CoreApp\BulletproofCoreRunner.Tests.ps1:397
at Invoke-Assertion, C:\Users\alexa\OneDrive\Documents\PowerShell\Modules\Pester\5.7.1\Pester.psm1:8250
at Should&lt;End&gt;, C:\Users\alexa\OneDrive\Documents\PowerShell\Modules\Pester\5.7.1\Pester.psm1:8189
at &lt;ScriptBlock&gt;, C:\Users\alexa\OneDrive\Documents\0. wizzense\AitherZero\tests\unit\modules\CoreApp\BulletproofCoreRunner.Tests.ps1:397
at &lt;ScriptBlock&gt;, C:\Users\alexa\OneDrive\Documents\PowerShell\Modules\Pester\5.7.1\Pester.psm1:2024
at &lt;ScriptBlock&gt;, C:\Users\alexa\OneDrive\Documents\PowerShell\Modules\Pester\5.7.1\Pester.psm1:1985
at Invoke-ScriptBlock, C:\Users\alexa\OneDrive\Documents\PowerShell\Modules\Pester\5.7.1\Pester.psm1:2157
at Invoke-TestItem, C:\Users\alexa\OneDrive\Documents\PowerShell\Modules\Pester\5.7.1\Pester.psm1:1199
at Invoke-Block, C:\Users\alexa\OneDrive\Documents\PowerShell\Modules\Pester\5.7.1\Pester.psm1:835
at &lt;ScriptBlock&gt;, C:\Users\alexa\OneDrive\Documents\PowerShell\Modules\Pester\5.7.1\Pester.psm1:893
at &lt;ScriptBlock&gt;, C:\Users\alexa\OneDrive\Documents\PowerShell\Modules\Pester\5.7.1\Pester.psm1:2024
at &lt;ScriptBlock&gt;, C:\Users\alexa\OneDrive\Documents\PowerShell\Modules\Pester\5.7.1\Pester.psm1:1985
at Invoke-ScriptBlock, C:\Users\alexa\OneDrive\Documents\PowerShell\Modules\Pester\5.7.1\Pester.psm1:2160
at Invoke-Block, C:\Users\alexa\OneDrive\Documents\PowerShell\Modules\Pester\5.7.1\Pester.psm1:940
at &lt;ScriptBlock&gt;, C:\Users\alexa\OneDrive\Documents\PowerShell\Modules\Pester\5.7.1\Pester.psm1:893
at &lt;ScriptBlock&gt;, C:\Users\alexa\OneDrive\Documents\PowerShell\Modules\Pester\5.7.1\Pester.psm1:2024
at &lt;ScriptBlock&gt;, C:\Users\alexa\OneDrive\Documents\PowerShell\Modules\Pester\5.7.1\Pester.psm1:1985
at Invoke-ScriptBlock, C:\Users\alexa\OneDrive\Documents\PowerShell\Modules\Pester\5.7.1\Pester.psm1:2160
at Invoke-Block, C:\Users\alexa\OneDrive\Documents\PowerShell\Modules\Pester\5.7.1\Pester.psm1:940
at &lt;ScriptBlock&gt;, C:\Users\alexa\OneDrive\Documents\PowerShell\Modules\Pester\5.7.1\Pester.psm1:893
at &lt;ScriptBlock&gt;, C:\Users\alexa\OneDrive\Documents\PowerShell\Modules\Pester\5.7.1\Pester.psm1:2024
at &lt;ScriptBlock&gt;, C:\Users\alexa\OneDrive\Documents\PowerShell\Modules\Pester\5.7.1\Pester.psm1:1985
at Invoke-ScriptBlock, C:\Users\alexa\OneDrive\Documents\PowerShell\Modules\Pester\5.7.1\Pester.psm1:2160
at Invoke-Block, C:\Users\alexa\OneDrive\Documents\PowerShell\Modules\Pester\5.7.1\Pester.psm1:940
at &lt;ScriptBlock&gt;, C:\Users\alexa\OneDrive\Documents\PowerShell\Modules\Pester\5.7.1\Pester.psm1:1688
at &lt;ScriptBlock&gt;, C:\Users\alexa\OneDrive\Documents\PowerShell\Modules\Pester\5.7.1\Pester.ps1:3
at &lt;ScriptBlock&gt;, C:\Users\alexa\OneDrive\Documents\PowerShell\Modules\Pester\5.7.1\Pester.psm1:3260
at Invoke-InNewScriptScope, C:\Users\alexa\OneDrive\Documents\PowerShell\Modules\Pester\5.7.1\Pester.psm1:3267
at Run-Test, C:\Users\alexa\OneDrive\Documents\PowerShell\Modules\Pester\5.7.1\Pester.psm1:1691
at Invoke-Test, C:\Users\alexa\OneDrive\Documents\PowerShell\Modules\Pester\5.7.1\Pester.psm1:2512
at Invoke-Pester&lt;End&gt;, C:\Users\alexa\OneDrive\Documents\PowerShell\Modules\Pester\5.7.1\Pester.psm1:4960
at &lt;ScriptBlock&gt;, &lt;No file&gt;:1</stack-trace>
                    </failure>
                  </test-case>
                  <test-case description="Should respect verbosity levels" name="Core Runner Bulletproof Tests.Logging and Output Validation.Should respect verbosity levels" time="2.0427" asserts="0" success="False" result="Failure" executed="True">
                    <failure>
                      <message>Expected $true, but got $false.</message>
                      <stack-trace>at $silentResult.Success | Should -Be $true, C:\Users\alexa\OneDrive\Documents\0. wizzense\AitherZero\tests\unit\modules\CoreApp\BulletproofCoreRunner.Tests.ps1:408
at Invoke-Assertion, C:\Users\alexa\OneDrive\Documents\PowerShell\Modules\Pester\5.7.1\Pester.psm1:8250
at Should&lt;End&gt;, C:\Users\alexa\OneDrive\Documents\PowerShell\Modules\Pester\5.7.1\Pester.psm1:8189
at &lt;ScriptBlock&gt;, C:\Users\alexa\OneDrive\Documents\0. wizzense\AitherZero\tests\unit\modules\CoreApp\BulletproofCoreRunner.Tests.ps1:408
at &lt;ScriptBlock&gt;, C:\Users\alexa\OneDrive\Documents\PowerShell\Modules\Pester\5.7.1\Pester.psm1:2024
at &lt;ScriptBlock&gt;, C:\Users\alexa\OneDrive\Documents\PowerShell\Modules\Pester\5.7.1\Pester.psm1:1985
at Invoke-ScriptBlock, C:\Users\alexa\OneDrive\Documents\PowerShell\Modules\Pester\5.7.1\Pester.psm1:2157
at Invoke-TestItem, C:\Users\alexa\OneDrive\Documents\PowerShell\Modules\Pester\5.7.1\Pester.psm1:1199
at Invoke-Block, C:\Users\alexa\OneDrive\Documents\PowerShell\Modules\Pester\5.7.1\Pester.psm1:835
at &lt;ScriptBlock&gt;, C:\Users\alexa\OneDrive\Documents\PowerShell\Modules\Pester\5.7.1\Pester.psm1:893
at &lt;ScriptBlock&gt;, C:\Users\alexa\OneDrive\Documents\PowerShell\Modules\Pester\5.7.1\Pester.psm1:2024
at &lt;ScriptBlock&gt;, C:\Users\alexa\OneDrive\Documents\PowerShell\Modules\Pester\5.7.1\Pester.psm1:1985
at Invoke-ScriptBlock, C:\Users\alexa\OneDrive\Documents\PowerShell\Modules\Pester\5.7.1\Pester.psm1:2160
at Invoke-Block, C:\Users\alexa\OneDrive\Documents\PowerShell\Modules\Pester\5.7.1\Pester.psm1:940
at &lt;ScriptBlock&gt;, C:\Users\alexa\OneDrive\Documents\PowerShell\Modules\Pester\5.7.1\Pester.psm1:893
at &lt;ScriptBlock&gt;, C:\Users\alexa\OneDrive\Documents\PowerShell\Modules\Pester\5.7.1\Pester.psm1:2024
at &lt;ScriptBlock&gt;, C:\Users\alexa\OneDrive\Documents\PowerShell\Modules\Pester\5.7.1\Pester.psm1:1985
at Invoke-ScriptBlock, C:\Users\alexa\OneDrive\Documents\PowerShell\Modules\Pester\5.7.1\Pester.psm1:2160
at Invoke-Block, C:\Users\alexa\OneDrive\Documents\PowerShell\Modules\Pester\5.7.1\Pester.psm1:940
at &lt;ScriptBlock&gt;, C:\Users\alexa\OneDrive\Documents\PowerShell\Modules\Pester\5.7.1\Pester.psm1:893
at &lt;ScriptBlock&gt;, C:\Users\alexa\OneDrive\Documents\PowerShell\Modules\Pester\5.7.1\Pester.psm1:2024
at &lt;ScriptBlock&gt;, C:\Users\alexa\OneDrive\Documents\PowerShell\Modules\Pester\5.7.1\Pester.psm1:1985
at Invoke-ScriptBlock, C:\Users\alexa\OneDrive\Documents\PowerShell\Modules\Pester\5.7.1\Pester.psm1:2160
at Invoke-Block, C:\Users\alexa\OneDrive\Documents\PowerShell\Modules\Pester\5.7.1\Pester.psm1:940
at &lt;ScriptBlock&gt;, C:\Users\alexa\OneDrive\Documents\PowerShell\Modules\Pester\5.7.1\Pester.psm1:1688
at &lt;ScriptBlock&gt;, C:\Users\alexa\OneDrive\Documents\PowerShell\Modules\Pester\5.7.1\Pester.ps1:3
at &lt;ScriptBlock&gt;, C:\Users\alexa\OneDrive\Documents\PowerShell\Modules\Pester\5.7.1\Pester.psm1:3260
at Invoke-InNewScriptScope, C:\Users\alexa\OneDrive\Documents\PowerShell\Modules\Pester\5.7.1\Pester.psm1:3267
at Run-Test, C:\Users\alexa\OneDrive\Documents\PowerShell\Modules\Pester\5.7.1\Pester.psm1:1691
at Invoke-Test, C:\Users\alexa\OneDrive\Documents\PowerShell\Modules\Pester\5.7.1\Pester.psm1:2512
at Invoke-Pester&lt;End&gt;, C:\Users\alexa\OneDrive\Documents\PowerShell\Modules\Pester\5.7.1\Pester.psm1:4960
at &lt;ScriptBlock&gt;, &lt;No file&gt;:1</stack-trace>
                    </failure>
                  </test-case>
                  <test-case description="Should include module initialization messages" name="Core Runner Bulletproof Tests.Logging and Output Validation.Should include module initialization messages" time="1.0143" asserts="0" success="False" result="Failure" executed="True">
                    <failure>
                      <message>Expected $true, but got $false.</message>
                      <stack-trace>at $result.Success | Should -Be $true, C:\Users\alexa\OneDrive\Documents\0. wizzense\AitherZero\tests\unit\modules\CoreApp\BulletproofCoreRunner.Tests.ps1:421
at Invoke-Assertion, C:\Users\alexa\OneDrive\Documents\PowerShell\Modules\Pester\5.7.1\Pester.psm1:8250
at Should&lt;End&gt;, C:\Users\alexa\OneDrive\Documents\PowerShell\Modules\Pester\5.7.1\Pester.psm1:8189
at &lt;ScriptBlock&gt;, C:\Users\alexa\OneDrive\Documents\0. wizzense\AitherZero\tests\unit\modules\CoreApp\BulletproofCoreRunner.Tests.ps1:421
at &lt;ScriptBlock&gt;, C:\Users\alexa\OneDrive\Documents\PowerShell\Modules\Pester\5.7.1\Pester.psm1:2024
at &lt;ScriptBlock&gt;, C:\Users\alexa\OneDrive\Documents\PowerShell\Modules\Pester\5.7.1\Pester.psm1:1985
at Invoke-ScriptBlock, C:\Users\alexa\OneDrive\Documents\PowerShell\Modules\Pester\5.7.1\Pester.psm1:2157
at Invoke-TestItem, C:\Users\alexa\OneDrive\Documents\PowerShell\Modules\Pester\5.7.1\Pester.psm1:1199
at Invoke-Block, C:\Users\alexa\OneDrive\Documents\PowerShell\Modules\Pester\5.7.1\Pester.psm1:835
at &lt;ScriptBlock&gt;, C:\Users\alexa\OneDrive\Documents\PowerShell\Modules\Pester\5.7.1\Pester.psm1:893
at &lt;ScriptBlock&gt;, C:\Users\alexa\OneDrive\Documents\PowerShell\Modules\Pester\5.7.1\Pester.psm1:2024
at &lt;ScriptBlock&gt;, C:\Users\alexa\OneDrive\Documents\PowerShell\Modules\Pester\5.7.1\Pester.psm1:1985
at Invoke-ScriptBlock, C:\Users\alexa\OneDrive\Documents\PowerShell\Modules\Pester\5.7.1\Pester.psm1:2160
at Invoke-Block, C:\Users\alexa\OneDrive\Documents\PowerShell\Modules\Pester\5.7.1\Pester.psm1:940
at &lt;ScriptBlock&gt;, C:\Users\alexa\OneDrive\Documents\PowerShell\Modules\Pester\5.7.1\Pester.psm1:893
at &lt;ScriptBlock&gt;, C:\Users\alexa\OneDrive\Documents\PowerShell\Modules\Pester\5.7.1\Pester.psm1:2024
at &lt;ScriptBlock&gt;, C:\Users\alexa\OneDrive\Documents\PowerShell\Modules\Pester\5.7.1\Pester.psm1:1985
at Invoke-ScriptBlock, C:\Users\alexa\OneDrive\Documents\PowerShell\Modules\Pester\5.7.1\Pester.psm1:2160
at Invoke-Block, C:\Users\alexa\OneDrive\Documents\PowerShell\Modules\Pester\5.7.1\Pester.psm1:940
at &lt;ScriptBlock&gt;, C:\Users\alexa\OneDrive\Documents\PowerShell\Modules\Pester\5.7.1\Pester.psm1:893
at &lt;ScriptBlock&gt;, C:\Users\alexa\OneDrive\Documents\PowerShell\Modules\Pester\5.7.1\Pester.psm1:2024
at &lt;ScriptBlock&gt;, C:\Users\alexa\OneDrive\Documents\PowerShell\Modules\Pester\5.7.1\Pester.psm1:1985
at Invoke-ScriptBlock, C:\Users\alexa\OneDrive\Documents\PowerShell\Modules\Pester\5.7.1\Pester.psm1:2160
at Invoke-Block, C:\Users\alexa\OneDrive\Documents\PowerShell\Modules\Pester\5.7.1\Pester.psm1:940
at &lt;ScriptBlock&gt;, C:\Users\alexa\OneDrive\Documents\PowerShell\Modules\Pester\5.7.1\Pester.psm1:1688
at &lt;ScriptBlock&gt;, C:\Users\alexa\OneDrive\Documents\PowerShell\Modules\Pester\5.7.1\Pester.ps1:3
at &lt;ScriptBlock&gt;, C:\Users\alexa\OneDrive\Documents\PowerShell\Modules\Pester\5.7.1\Pester.psm1:3260
at Invoke-InNewScriptScope, C:\Users\alexa\OneDrive\Documents\PowerShell\Modules\Pester\5.7.1\Pester.psm1:3267
at Run-Test, C:\Users\alexa\OneDrive\Documents\PowerShell\Modules\Pester\5.7.1\Pester.psm1:1691
at Invoke-Test, C:\Users\alexa\OneDrive\Documents\PowerShell\Modules\Pester\5.7.1\Pester.psm1:2512
at Invoke-Pester&lt;End&gt;, C:\Users\alexa\OneDrive\Documents\PowerShell\Modules\Pester\5.7.1\Pester.psm1:4960
at &lt;ScriptBlock&gt;, &lt;No file&gt;:1</stack-trace>
                    </failure>
                  </test-case>
                </results>
              </test-suite>
            </results>
          </test-suite>
        </results>
      </test-suite>
      <test-suite type="TestFixture" name="C:\Users\alexa\OneDrive\Documents\0. wizzense\AitherZero\tests\unit\modules\CoreApp\CoreRunner.Tests.ps1" executed="True" result="Failure" success="False" time="0.4313" asserts="0" description="C:\Users\alexa\OneDrive\Documents\0. wizzense\AitherZero\tests\unit\modules\CoreApp\CoreRunner.Tests.ps1">
        <results>
          <test-suite type="TestFixture" name="Core Runner Script Validation Tests" executed="True" result="Failure" success="False" time="0.0341" asserts="0" description="Core Runner Script Validation Tests">
            <results>
              <test-suite type="TestFixture" name="Core Runner Script Validation Tests.Script file existence and basic validation" executed="True" result="Failure" success="False" time="0.0277" asserts="0" description="Core Runner Script Validation Tests.Script file existence and basic validation">
                <results>
                  <test-case description="should have core-runner.ps1 script" name="Core Runner Script Validation Tests.Script file existence and basic validation.should have core-runner.ps1 script" time="0.0132" asserts="0" success="False" result="Failure" executed="True">
                    <failure>
                      <message>Expected path 'C:\Users\alexa\OneDrive\Documents\0. wizzense\AitherZero/aither-core/core-runner.ps1' to exist, but it did not exist.</message>
                      <stack-trace>at $script:CoreRunnerScript | Should -Exist, C:\Users\alexa\OneDrive\Documents\0. wizzense\AitherZero\tests\unit\modules\CoreApp\CoreRunner.Tests.ps1:46
at Invoke-Assertion, C:\Users\alexa\OneDrive\Documents\PowerShell\Modules\Pester\5.7.1\Pester.psm1:8250
at Should&lt;End&gt;, C:\Users\alexa\OneDrive\Documents\PowerShell\Modules\Pester\5.7.1\Pester.psm1:8193
at &lt;ScriptBlock&gt;, C:\Users\alexa\OneDrive\Documents\0. wizzense\AitherZero\tests\unit\modules\CoreApp\CoreRunner.Tests.ps1:46
at &lt;ScriptBlock&gt;, C:\Users\alexa\OneDrive\Documents\PowerShell\Modules\Pester\5.7.1\Pester.psm1:2024
at &lt;ScriptBlock&gt;, C:\Users\alexa\OneDrive\Documents\PowerShell\Modules\Pester\5.7.1\Pester.psm1:1985
at Invoke-ScriptBlock, C:\Users\alexa\OneDrive\Documents\PowerShell\Modules\Pester\5.7.1\Pester.psm1:2157
at Invoke-TestItem, C:\Users\alexa\OneDrive\Documents\PowerShell\Modules\Pester\5.7.1\Pester.psm1:1199
at Invoke-Block, C:\Users\alexa\OneDrive\Documents\PowerShell\Modules\Pester\5.7.1\Pester.psm1:835
at &lt;ScriptBlock&gt;, C:\Users\alexa\OneDrive\Documents\PowerShell\Modules\Pester\5.7.1\Pester.psm1:893
at &lt;ScriptBlock&gt;, C:\Users\alexa\OneDrive\Documents\PowerShell\Modules\Pester\5.7.1\Pester.psm1:2024
at &lt;ScriptBlock&gt;, C:\Users\alexa\OneDrive\Documents\PowerShell\Modules\Pester\5.7.1\Pester.psm1:1985
at Invoke-ScriptBlock, C:\Users\alexa\OneDrive\Documents\PowerShell\Modules\Pester\5.7.1\Pester.psm1:2160
at Invoke-Block, C:\Users\alexa\OneDrive\Documents\PowerShell\Modules\Pester\5.7.1\Pester.psm1:940
at &lt;ScriptBlock&gt;, C:\Users\alexa\OneDrive\Documents\PowerShell\Modules\Pester\5.7.1\Pester.psm1:893
at &lt;ScriptBlock&gt;, C:\Users\alexa\OneDrive\Documents\PowerShell\Modules\Pester\5.7.1\Pester.psm1:2024
at &lt;ScriptBlock&gt;, C:\Users\alexa\OneDrive\Documents\PowerShell\Modules\Pester\5.7.1\Pester.psm1:1985
at Invoke-ScriptBlock, C:\Users\alexa\OneDrive\Documents\PowerShell\Modules\Pester\5.7.1\Pester.psm1:2160
at Invoke-Block, C:\Users\alexa\OneDrive\Documents\PowerShell\Modules\Pester\5.7.1\Pester.psm1:940
at &lt;ScriptBlock&gt;, C:\Users\alexa\OneDrive\Documents\PowerShell\Modules\Pester\5.7.1\Pester.psm1:893
at &lt;ScriptBlock&gt;, C:\Users\alexa\OneDrive\Documents\PowerShell\Modules\Pester\5.7.1\Pester.psm1:2024
at &lt;ScriptBlock&gt;, C:\Users\alexa\OneDrive\Documents\PowerShell\Modules\Pester\5.7.1\Pester.psm1:1985
at Invoke-ScriptBlock, C:\Users\alexa\OneDrive\Documents\PowerShell\Modules\Pester\5.7.1\Pester.psm1:2160
at Invoke-Block, C:\Users\alexa\OneDrive\Documents\PowerShell\Modules\Pester\5.7.1\Pester.psm1:940
at &lt;ScriptBlock&gt;, C:\Users\alexa\OneDrive\Documents\PowerShell\Modules\Pester\5.7.1\Pester.psm1:1688
at &lt;ScriptBlock&gt;, C:\Users\alexa\OneDrive\Documents\PowerShell\Modules\Pester\5.7.1\Pester.ps1:3
at &lt;ScriptBlock&gt;, C:\Users\alexa\OneDrive\Documents\PowerShell\Modules\Pester\5.7.1\Pester.psm1:3260
at Invoke-InNewScriptScope, C:\Users\alexa\OneDrive\Documents\PowerShell\Modules\Pester\5.7.1\Pester.psm1:3267
at Run-Test, C:\Users\alexa\OneDrive\Documents\PowerShell\Modules\Pester\5.7.1\Pester.psm1:1691
at Invoke-Test, C:\Users\alexa\OneDrive\Documents\PowerShell\Modules\Pester\5.7.1\Pester.psm1:2512
at Invoke-Pester&lt;End&gt;, C:\Users\alexa\OneDrive\Documents\PowerShell\Modules\Pester\5.7.1\Pester.psm1:4960
at &lt;ScriptBlock&gt;, &lt;No file&gt;:1</stack-trace>
                    </failure>
                  </test-case>
                  <test-case description="should have valid PowerShell syntax in core-runner.ps1" name="Core Runner Script Validation Tests.Script file existence and basic validation.should have valid PowerShell syntax in core-runner.ps1" time="0.0097" asserts="0" success="False" result="Failure" executed="True">
                    <failure>
                      <message>Expected 0, because core-runner.ps1 should have valid PowerShell syntax, but got 1.</message>
                      <stack-trace>at $errorCount | Should -Be 0 -Because 'core-runner.ps1 should have valid PowerShell syntax', C:\Users\alexa\OneDrive\Documents\0. wizzense\AitherZero\tests\unit\modules\CoreApp\CoreRunner.Tests.ps1:54
at Invoke-Assertion, C:\Users\alexa\OneDrive\Documents\PowerShell\Modules\Pester\5.7.1\Pester.psm1:8250
at Should&lt;End&gt;, C:\Users\alexa\OneDrive\Documents\PowerShell\Modules\Pester\5.7.1\Pester.psm1:8189
at &lt;ScriptBlock&gt;, C:\Users\alexa\OneDrive\Documents\0. wizzense\AitherZero\tests\unit\modules\CoreApp\CoreRunner.Tests.ps1:54
at &lt;ScriptBlock&gt;, C:\Users\alexa\OneDrive\Documents\PowerShell\Modules\Pester\5.7.1\Pester.psm1:2024
at &lt;ScriptBlock&gt;, C:\Users\alexa\OneDrive\Documents\PowerShell\Modules\Pester\5.7.1\Pester.psm1:1985
at Invoke-ScriptBlock, C:\Users\alexa\OneDrive\Documents\PowerShell\Modules\Pester\5.7.1\Pester.psm1:2157
at Invoke-TestItem, C:\Users\alexa\OneDrive\Documents\PowerShell\Modules\Pester\5.7.1\Pester.psm1:1199
at Invoke-Block, C:\Users\alexa\OneDrive\Documents\PowerShell\Modules\Pester\5.7.1\Pester.psm1:835
at &lt;ScriptBlock&gt;, C:\Users\alexa\OneDrive\Documents\PowerShell\Modules\Pester\5.7.1\Pester.psm1:893
at &lt;ScriptBlock&gt;, C:\Users\alexa\OneDrive\Documents\PowerShell\Modules\Pester\5.7.1\Pester.psm1:2024
at &lt;ScriptBlock&gt;, C:\Users\alexa\OneDrive\Documents\PowerShell\Modules\Pester\5.7.1\Pester.psm1:1985
at Invoke-ScriptBlock, C:\Users\alexa\OneDrive\Documents\PowerShell\Modules\Pester\5.7.1\Pester.psm1:2160
at Invoke-Block, C:\Users\alexa\OneDrive\Documents\PowerShell\Modules\Pester\5.7.1\Pester.psm1:940
at &lt;ScriptBlock&gt;, C:\Users\alexa\OneDrive\Documents\PowerShell\Modules\Pester\5.7.1\Pester.psm1:893
at &lt;ScriptBlock&gt;, C:\Users\alexa\OneDrive\Documents\PowerShell\Modules\Pester\5.7.1\Pester.psm1:2024
[...]
                      <stack-trace>at $results | Should -HaveCount 3, C:\Users\alexa\OneDrive\Documents\0. wizzense\AitherZero\tests\integration\ModuleIntegration.Tests.ps1:236
at Invoke-Assertion, C:\Users\alexa\OneDrive\Documents\PowerShell\Modules\Pester\5.7.1\Pester.psm1:8250
at Should&lt;End&gt;, C:\Users\alexa\OneDrive\Documents\PowerShell\Modules\Pester\5.7.1\Pester.psm1:8186
at &lt;ScriptBlock&gt;, C:\Users\alexa\OneDrive\Documents\0. wizzense\AitherZero\tests\integration\ModuleIntegration.Tests.ps1:236
at &lt;ScriptBlock&gt;, C:\Users\alexa\OneDrive\Documents\PowerShell\Modules\Pester\5.7.1\Pester.psm1:2024
at &lt;ScriptBlock&gt;, C:\Users\alexa\OneDrive\Documents\PowerShell\Modules\Pester\5.7.1\Pester.psm1:1985
at Invoke-ScriptBlock, C:\Users\alexa\OneDrive\Documents\PowerShell\Modules\Pester\5.7.1\Pester.psm1:2157
at Invoke-TestItem, C:\Users\alexa\OneDrive\Documents\PowerShell\Modules\Pester\5.7.1\Pester.psm1:1199
at Invoke-Block, C:\Users\alexa\OneDrive\Documents\PowerShell\Modules\Pester\5.7.1\Pester.psm1:835
at &lt;ScriptBlock&gt;, C:\Users\alexa\OneDrive\Documents\PowerShell\Modules\Pester\5.7.1\Pester.psm1:893
at &lt;ScriptBlock&gt;, C:\Users\alexa\OneDrive\Documents\PowerShell\Modules\Pester\5.7.1\Pester.psm1:2024
at &lt;ScriptBlock&gt;, C:\Users\alexa\OneDrive\Documents\PowerShell\Modules\Pester\5.7.1\Pester.psm1:1985
at Invoke-ScriptBlock, C:\Users\alexa\OneDrive\Documents\PowerShell\Modules\Pester\5.7.1\Pester.psm1:2160
at Invoke-Block, C:\Users\alexa\OneDrive\Documents\PowerShell\Modules\Pester\5.7.1\Pester.psm1:940
at &lt;ScriptBlock&gt;, C:\Users\alexa\OneDrive\Documents\PowerShell\Modules\Pester\5.7.1\Pester.psm1:893
at &lt;ScriptBlock&gt;, C:\Users\alexa\OneDrive\Documents\PowerShell\Modules\Pester\5.7.1\Pester.psm1:2024
at &lt;ScriptBlock&gt;, C:\Users\alexa\OneDrive\Documents\PowerShell\Modules\Pester\5.7.1\Pester.psm1:1985
at Invoke-ScriptBlock, C:\Users\alexa\OneDrive\Documents\PowerShell\Modules\Pester\5.7.1\Pester.psm1:2160
at Invoke-Block, C:\Users\alexa\OneDrive\Documents\PowerShell\Modules\Pester\5.7.1\Pester.psm1:940
at &lt;ScriptBlock&gt;, C:\Users\alexa\OneDrive\Documents\PowerShell\Modules\Pester\5.7.1\Pester.psm1:893
at &lt;ScriptBlock&gt;, C:\Users\alexa\OneDrive\Documents\PowerShell\Modules\Pester\5.7.1\Pester.psm1:2024
at &lt;ScriptBlock&gt;, C:\Users\alexa\OneDrive\Documents\PowerShell\Modules\Pester\5.7.1\Pester.psm1:1985
at Invoke-ScriptBlock, C:\Users\alexa\OneDrive\Documents\PowerShell\Modules\Pester\5.7.1\Pester.psm1:2160
at Invoke-Block, C:\Users\alexa\OneDrive\Documents\PowerShell\Modules\Pester\5.7.1\Pester.psm1:940
at &lt;ScriptBlock&gt;, C:\Users\alexa\OneDrive\Documents\PowerShell\Modules\Pester\5.7.1\Pester.psm1:1688
at &lt;ScriptBlock&gt;, C:\Users\alexa\OneDrive\Documents\PowerShell\Modules\Pester\5.7.1\Pester.ps1:3
at &lt;ScriptBlock&gt;, C:\Users\alexa\OneDrive\Documents\PowerShell\Modules\Pester\5.7.1\Pester.psm1:3260
at Invoke-InNewScriptScope, C:\Users\alexa\OneDrive\Documents\PowerShell\Modules\Pester\5.7.1\Pester.psm1:3267
at Run-Test, C:\Users\alexa\OneDrive\Documents\PowerShell\Modules\Pester\5.7.1\Pester.psm1:1691
at Invoke-Test, C:\Users\alexa\OneDrive\Documents\PowerShell\Modules\Pester\5.7.1\Pester.psm1:2512
at Invoke-Pester&lt;End&gt;, C:\Users\alexa\OneDrive\Documents\PowerShell\Modules\Pester\5.7.1\Pester.psm1:4960
at &lt;ScriptBlock&gt;, &lt;No file&gt;:1</stack-trace>
                    </failure>
                  </test-case>
                </results>
              </test-suite>
            </results>
          </test-suite>
          <test-suite type="TestFixture" name="Configuration and Environment Integration" executed="True" result="Failure" success="False" time="1.7288" asserts="0" description="Configuration and Environment Integration">
            <results>
              <test-suite type="TestFixture" name="Configuration and Environment Integration.Configuration File Validation" executed="True" result="Success" success="True" time="0.0219" asserts="0" description="Configuration and Environment Integration.Configuration File Validation">
                <results>
                  <test-case description="Should validate core configuration files" name="Configuration and Environment Integration.Configuration File Validation.Should validate core configuration files" time="0.0078" asserts="0" success="True" result="Success" executed="True" />
                  <test-case description="Should validate module manifest files" name="Configuration and Environment Integration.Configuration File Validation.Should validate module manifest files" time="0.0071" asserts="0" success="True" result="Success" executed="True" />
                </results>
              </test-suite>
              <test-suite type="TestFixture" name="Configuration and Environment Integration.Environment Consistency" executed="True" result="Failure" success="False" time="0.0431" asserts="0" description="Configuration and Environment Integration.Environment Consistency">
                <results>
                  <test-case description="Should maintain consistent environment variables" name="Configuration and Environment Integration.Environment Consistency.Should maintain consistent environment variables" time="0.0064" asserts="0" success="True" result="Success" executed="True" />
                  <test-case description="Should handle workspace paths consistently" name="Configuration and Environment Integration.Environment Consistency.Should handle workspace paths consistently" time="0.0083" asserts="0" success="False" result="Failure" executed="True">
                    <failure>
                      <message>Expected $true, because Workspace should exist, but got $false.</message>
                      <stack-trace>at Test-Path $workspacePath | Should -Be $true -Because "Workspace should exist", C:\Users\alexa\OneDrive\Documents\0. wizzense\AitherZero\tests\integration\ModuleIntegration.Tests.ps1:280
at Invoke-Assertion, C:\Users\alexa\OneDrive\Documents\PowerShell\Modules\Pester\5.7.1\Pester.psm1:8250
at Should&lt;End&gt;, C:\Users\alexa\OneDrive\Documents\PowerShell\Modules\Pester\5.7.1\Pester.psm1:8189
at &lt;ScriptBlock&gt;, C:\Users\alexa\OneDrive\Documents\0. wizzense\AitherZero\tests\integration\ModuleIntegration.Tests.ps1:280
at &lt;ScriptBlock&gt;, C:\Users\alexa\OneDrive\Documents\PowerShell\Modules\Pester\5.7.1\Pester.psm1:2024
at &lt;ScriptBlock&gt;, C:\Users\alexa\OneDrive\Documents\PowerShell\Modules\Pester\5.7.1\Pester.psm1:1985
at Invoke-ScriptBlock, C:\Users\alexa\OneDrive\Documents\PowerShell\Modules\Pester\5.7.1\Pester.psm1:2157
at Invoke-TestItem, C:\Users\alexa\OneDrive\Documents\PowerShell\Modules\Pester\5.7.1\Pester.psm1:1199
at Invoke-Block, C:\Users\alexa\OneDrive\Documents\PowerShell\Modules\Pester\5.7.1\Pester.psm1:835
at &lt;ScriptBlock&gt;, C:\Users\alexa\OneDrive\Documents\PowerShell\Modules\Pester\5.7.1\Pester.psm1:893
at &lt;ScriptBlock&gt;, C:\Users\alexa\OneDrive\Documents\PowerShell\Modules\Pester\5.7.1\Pester.psm1:2024
at &lt;ScriptBlock&gt;, C:\Users\alexa\OneDrive\Documents\PowerShell\Modules\Pester\5.7.1\Pester.psm1:1985
at Invoke-ScriptBlock, C:\Users\alexa\OneDrive\Documents\PowerShell\Modules\Pester\5.7.1\Pester.psm1:2160
at Invoke-Block, C:\Users\alexa\OneDrive\Documents\PowerShell\Modules\Pester\5.7.1\Pester.psm1:940
at &lt;ScriptBlock&gt;, C:\Users\alexa\OneDrive\Documents\PowerShell\Modules\Pester\5.7.1\Pester.psm1:893
at &lt;ScriptBlock&gt;, C:\Users\alexa\OneDrive\Documents\PowerShell\Modules\Pester\5.7.1\Pester.psm1:2024
at &lt;ScriptBlock&gt;, C:\Users\alexa\OneDrive\Documents\PowerShell\Modules\Pester\5.7.1\Pester.psm1:1985
at Invoke-ScriptBlock, C:\Users\alexa\OneDrive\Documents\PowerShell\Modules\Pester\5.7.1\Pester.psm1:2160
at Invoke-Block, C:\Users\alexa\OneDrive\Documents\PowerShell\Modules\Pester\5.7.1\Pester.psm1:940
at &lt;ScriptBlock&gt;, C:\Users\alexa\OneDrive\Documents\PowerShell\Modules\Pester\5.7.1\Pester.psm1:893
at &lt;ScriptBlock&gt;, C:\Users\alexa\OneDrive\Documents\PowerShell\Modules\Pester\5.7.1\Pester.psm1:2024
at &lt;ScriptBlock&gt;, C:\Users\alexa\OneDrive\Documents\PowerShell\Modules\Pester\5.7.1\Pester.psm1:1985
at Invoke-ScriptBlock, C:\Users\alexa\OneDrive\Documents\PowerShell\Modules\Pester\5.7.1\Pester.psm1:2160
at Invoke-Block, C:\Users\alexa\OneDrive\Documents\PowerShell\Modules\Pester\5.7.1\Pester.psm1:940
at &lt;ScriptBlock&gt;, C:\Users\alexa\OneDrive\Documents\PowerShell\Modules\Pester\5.7.1\Pester.psm1:1688
at &lt;ScriptBlock&gt;, C:\Users\alexa\OneDrive\Documents\PowerShell\Modules\Pester\5.7.1\Pester.ps1:3
at &lt;ScriptBlock&gt;, C:\Users\alexa\OneDrive\Documents\PowerShell\Modules\Pester\5.7.1\Pester.psm1:3260
at Invoke-InNewScriptScope, C:\Users\alexa\OneDrive\Documents\PowerShell\Modules\Pester\5.7.1\Pester.psm1:3267
at Run-Test, C:\Users\alexa\OneDrive\Documents\PowerShell\Modules\Pester\5.7.1\Pester.psm1:1691
at Invoke-Test, C:\Users\alexa\OneDrive\Documents\PowerShell\Modules\Pester\5.7.1\Pester.psm1:2512
at Invoke-Pester&lt;End&gt;, C:\Users\alexa\OneDrive\Documents\PowerShell\Modules\Pester\5.7.1\Pester.psm1:4960
at &lt;ScriptBlock&gt;, &lt;No file&gt;:1</stack-trace>
                    </failure>
                  </test-case>
                </results>
              </test-suite>
            </results>
          </test-suite>
        </results>
      </test-suite>
      <test-suite type="TestFixture" name="C:\Users\alexa\OneDrive\Documents\0. wizzense\AitherZero\tests\integration\cross-module\CrossModuleIntegration.Tests.ps1" executed="True" result="Failure" success="False" time="3.1326" asserts="0" description="C:\Users\alexa\OneDrive\Documents\0. wizzense\AitherZero\tests\integration\cross-module\CrossModuleIntegration.Tests.ps1">
        <results>
          <test-suite type="TestFixture" name="Cross-Module Communication" executed="True" result="Failure" success="False" time="0.1851" asserts="0" description="Cross-Module Communication">
            <results>
              <test-suite type="TestFixture" name="Cross-Module Communication.When modules communicate with each other" executed="True" result="Failure" success="False" time="0.179" asserts="0" description="Cross-Module Communication.When modules communicate with each other">
                <results>
                  <test-case description="Should allow Logging integration across all modules" name="Cross-Module Communication.When modules communicate with each other.Should allow Logging integration across all modules" time="0.0212" asserts="0" success="True" result="Success" executed="True" />
                  <test-case description="Should support parallel execution of module functions" name="Cross-Module Communication.When modules communicate with each other.Should support parallel execution of module functions" time="0.0338" asserts="0" success="False" result="Failure" executed="True">
                    <failure>
                      <message>RuntimeException: The value of the using variable '$using:ParallelLogFunction' cannot be retrieved because it has not been set in the local session.</message>
                      <stack-trace>at Invoke-ParallelForEach&lt;End&gt;, C:\Users\alexa\OneDrive\Documents\0. wizzense\AitherZero\aither-core\modules\ParallelExecution\ParallelExecution.psm1:149
at &lt;ScriptBlock&gt;, C:\Users\alexa\OneDrive\Documents\0. wizzense\AitherZero\tests\integration\cross-module\CrossModuleIntegration.Tests.ps1:90
at &lt;ScriptBlock&gt;, C:\Users\alexa\OneDrive\Documents\PowerShell\Modules\Pester\5.7.1\Pester.psm1:2024
at &lt;ScriptBlock&gt;, C:\Users\alexa\OneDrive\Documents\PowerShell\Modules\Pester\5.7.1\Pester.psm1:1985
at Invoke-ScriptBlock, C:\Users\alexa\OneDrive\Documents\PowerShell\Modules\Pester\5.7.1\Pester.psm1:2157
at Invoke-TestItem, C:\Users\alexa\OneDrive\Documents\PowerShell\Modules\Pester\5.7.1\Pester.psm1:1199
at Invoke-Block, C:\Users\alexa\OneDrive\Documents\PowerShell\Modules\Pester\5.7.1\Pester.psm1:835
at &lt;ScriptBlock&gt;, C:\Users\alexa\OneDrive\Documents\PowerShell\Modules\Pester\5.7.1\Pester.psm1:893
at &lt;ScriptBlock&gt;, C:\Users\alexa\OneDrive\Documents\PowerShell\Modules\Pester\5.7.1\Pester.psm1:2024
at &lt;ScriptBlock&gt;, C:\Users\alexa\OneDrive\Documents\PowerShell\Modules\Pester\5.7.1\Pester.psm1:1985
at Invoke-ScriptBlock, C:\Users\alexa\OneDrive\Documents\PowerShell\Modules\Pester\5.7.1\Pester.psm1:2160
at Invoke-Block, C:\Users\alexa\OneDrive\Documents\PowerShell\Modules\Pester\5.7.1\Pester.psm1:940
at &lt;ScriptBlock&gt;, C:\Users\alexa\OneDrive\Documents\PowerShell\Modules\Pester\5.7.1\Pester.psm1:893
at &lt;ScriptBlock&gt;, C:\Users\alexa\OneDrive\Documents\PowerShell\Modules\Pester\5.7.1\Pester.psm1:2024
at &lt;ScriptBlock&gt;, C:\Users\alexa\OneDrive\Documents\PowerShell\Modules\Pester\5.7.1\Pester.psm1:1985
at Invoke-ScriptBlock, C:\Users\alexa\OneDrive\Documents\PowerShell\Modules\Pester\5.7.1\Pester.psm1:2160
at Invoke-Block, C:\Users\alexa\OneDrive\Documents\PowerShell\Modules\Pester\5.7.1\Pester.psm1:940
at &lt;ScriptBlock&gt;, C:\Users\alexa\OneDrive\Documents\PowerShell\Modules\Pester\5.7.1\Pester.psm1:893
at &lt;ScriptBlock&gt;, C:\Users\alexa\OneDrive\Documents\PowerShell\Modules\Pester\5.7.1\Pester.psm1:2024
at &lt;ScriptBlock&gt;, C:\Users\alexa\OneDrive\Documents\PowerShell\Modules\Pester\5.7.1\Pester.psm1:1985
at Invoke-ScriptBlock, C:\Users\alexa\OneDrive\Documents\PowerShell\Modules\Pester\5.7.1\Pester.psm1:2160
at Invoke-Block, C:\Users\alexa\OneDrive\Documents\PowerShell\Modules\Pester\5.7.1\Pester.psm1:940
at &lt;ScriptBlock&gt;, C:\Users\alexa\OneDrive\Documents\PowerShell\Modules\Pester\5.7.1\Pester.psm1:1688
at &lt;ScriptBlock&gt;, C:\Users\alexa\OneDrive\Documents\PowerShell\Modules\Pester\5.7.1\Pester.ps1:3
at &lt;ScriptBlock&gt;, C:\Users\alexa\OneDrive\Documents\PowerShell\Modules\Pester\5.7.1\Pester.psm1:3260
at Invoke-InNewScriptScope, C:\Users\alexa\OneDrive\Documents\PowerShell\Modules\Pester\5.7.1\Pester.psm1:3267
at Run-Test, C:\Users\alexa\OneDrive\Documents\PowerShell\Modules\Pester\5.7.1\Pester.psm1:1691
at Invoke-Test, C:\Users\alexa\OneDrive\Documents\PowerShell\Modules\Pester\5.7.1\Pester.psm1:2512
at Invoke-Pester&lt;End&gt;, C:\Users\alexa\OneDrive\Documents\PowerShell\Modules\Pester\5.7.1\Pester.psm1:4960
at &lt;ScriptBlock&gt;, &lt;No file&gt;:1</stack-trace>
                    </failure>
                  </test-case>
                  <test-case description="Should handle error propagation across modules" name="Cross-Module Communication.When modules communicate with each other.Should handle error propagation across modules" time="0.1193" asserts="0" success="True" result="Success" executed="True" />
                </results>
              </test-suite>
            </results>
          </test-suite>
          <test-suite type="TestFixture" name="Configuration System Integration" executed="True" result="Success" success="True" time="0.2195" asserts="0" description="Configuration System Integration">
            <results>
              <test-suite type="TestFixture" name="Configuration System Integration.When modules access configuration" executed="True" result="Success" success="True" time="0.0282" asserts="0" description="Configuration System Integration.When modules access configuration">
                <results>
                  <test-case description="Should load shared configuration successfully" name="Configuration System Integration.When modules access configuration.Should load shared configuration successfully" time="0.0112" asserts="0" success="True" result="Success" executed="True" />
                  <test-case description="Should handle configuration validation across modules" name="Configuration System Integration.When modules access configuration.Should handle configuration validation across modules" time="0.0055" asserts="0" success="True" result="Success" executed="True" />
                </results>
              </test-suite>
            </results>
          </test-suite>
          <test-suite type="TestFixture" name="Workflow Integration Testing" executed="True" result="Success" success="True" time="0.7485" asserts="0" description="Workflow Integration Testing">
            <results>
              <test-suite type="TestFixture" name="Workflow Integration Testing.When executing complete workflows" executed="True" result="Success" success="True" time="0.5245" asserts="0" description="Workflow Integration Testing.When executing complete workflows">
                <results>
                  <test-case description="Should execute a basic development workflow" name="Workflow Integration Testing.When executing complete workflows.Should execute a basic development workflow" time="0.3669" asserts="0" success="True" result="Success" executed="True" />
                  <test-case description="Should handle backup and restoration workflow" name="Workflow Integration Testing.When executing complete workflows.Should handle backup and restoration workflow" time="0.0091" asserts="0" success="True" result="Success" executed="True" />
                  <test-case description="Should support script management workflow" name="Workflow Integration Testing.When executing complete workflows.Should support script management workflow" time="0.1439" asserts="0" success="True" result="Success" executed="True" />
                </results>
              </test-suite>
            </results>
          </test-suite>
          <test-suite type="TestFixture" name="Error Handling Integration" executed="True" result="Success" success="True" time="0.9534" asserts="0" description="Error Handling Integration">
            <results>
              <test-suite type="TestFixture" name="Error Handling Integration.When errors occur across module boundaries" executed="True" result="Success" success="True" time="0.1942" asserts="0" description="Error Handling Integration.When errors occur across module boundaries">
                <results>
                  <test-case description="Should propagate errors consistently" name="Error Handling Integration.When errors occur across module boundaries.Should propagate errors consistently" time="0.1821" asserts="0" success="True" result="Success" executed="True" />
                  <test-case description="Should maintain system stability during errors" name="Error Handling Integration.When errors occur across module boundaries.Should maintain system stability during errors" time="0.0074" asserts="0" success="True" result="Success" executed="True" />
                </results>
              </test-suite>
            </results>
          </test-suite>
          <test-suite type="TestFixture" name="Performance Integration" executed="True" result="Success" success="True" time="2.4941" asserts="0" description="Performance Integration">
            <results>
              <test-suite type="TestFixture" name="Performance Integration.When testing integrated performance" executed="True" result="Success" success="True" time="1.5355" asserts="0" description="Performance Integration.When testing integrated performance">
                <results>
                  <test-case description="Should maintain acceptable performance under load" name="Performance Integration.When testing integrated performance.Should maintain acceptable performance under load" time="0.4278" asserts="0" success="True" result="Success" executed="True" />
                  <test-case description="Should use memory efficiently in integrated scenarios" name="Performance Integration.When testing integrated performance.Should use memory efficiently in integrated scenarios" time="1.1032" asserts="0" success="True" result="Success" executed="True" />
                </results>
              </test-suite>
            </results>
          </test-suite>
        </results>
      </test-suite>
    </results>
  </test-suite>
</test-results>