<?xml version="1.0" encoding="UTF-8" standalone="no"?>
<!DOCTYPE report PUBLIC "-//JACOCO//DTD Report 1.1//EN" "report.dtd"[]>
<report name="Pester (10/28/2025 21:23:26)">
  <sessioninfo id="this" start="1761686606662" dump="1761686606827" />
  <package name="domains/ai-agents">
    <class name="domains/ai-agents/AIWorkflowOrchestrator" sourcefilename="ai-agents/AIWorkflowOrchestrator.psm1">
      <method name="&lt;script&gt;" desc="()" line="14">
        <counter type="INSTRUCTION" missed="7" covered="0" />
        <counter type="LINE" missed="7" covered="0" />
        <counter type="METHOD" missed="1" covered="0" />
      </method>
      <method name="Write-WorkflowLog" desc="()" line="25">
        <counter type="INSTRUCTION" missed="3" covered="0" />
        <counter type="LINE" missed="3" covered="0" />
        <counter type="METHOD" missed="1" covered="0" />
      </method>
      <method name="Initialize-AIWorkflowOrchestrator" desc="()" line="42">
        <counter type="INSTRUCTION" missed="34" covered="0" />
        <counter type="LINE" missed="30" covered="0" />
        <counter type="METHOD" missed="1" covered="0" />
      </method>
      <method name="Start-AIWorkflow" desc="()" line="121">
        <counter type="INSTRUCTION" missed="137" covered="0" />
        <counter type="LINE" missed="80" covered="0" />
        <counter type="METHOD" missed="1" covered="0" />
      </method>
      <method name="Get-WorkflowStatus" desc="()" line="260">
        <counter type="INSTRUCTION" missed="27" covered="0" />
        <counter type="LINE" missed="14" covered="0" />
        <counter type="METHOD" missed="1" covered="0" />
      </method>
      <method name="Wait-AIWorkflow" desc="()" line="303">
        <counter type="INSTRUCTION" missed="14" covered="0" />
        <counter type="LINE" missed="12" covered="0" />
        <counter type="METHOD" missed="1" covered="0" />
      </method>
      <method name="Stop-AIWorkflow" desc="()" line="343">
        <counter type="INSTRUCTION" missed="11" covered="0" />
        <counter type="LINE" missed="11" covered="0" />
        <counter type="METHOD" missed="1" covered="0" />
      </method>
      <method name="Get-EstimatedDuration" desc="()" line="373">
        <counter type="INSTRUCTION" missed="8" covered="0" />
        <counter type="LINE" missed="8" covered="0" />
        <counter type="METHOD" missed="1" covered="0" />
      </method>
      <method name="Execute-WorkflowTasks" desc="()" line="390">
        <counter type="INSTRUCTION" missed="19" covered="0" />
        <counter type="LINE" missed="18" covered="0" />
        <counter type="METHOD" missed="1" covered="0" />
      </method>
      <method name="Invoke-AgentTask" desc="()" line="429">
        <counter type="INSTRUCTION" missed="5" covered="0" />
        <counter type="LINE" missed="5" covered="0" />
        <counter type="METHOD" missed="1" covered="0" />
      </method>
      <method name="Invoke-ResultAggregation" desc="()" line="441">
        <counter type="INSTRUCTION" missed="6" covered="0" />
        <counter type="LINE" missed="5" covered="0" />
        <counter type="METHOD" missed="1" covered="0" />
      </method>
      <counter type="INSTRUCTION" missed="271" covered="0" />
      <counter type="LINE" missed="193" covered="0" />
      <counter type="METHOD" missed="11" covered="0" />
      <counter type="CLASS" missed="1" covered="0" />
    </class>
    <class name="domains/ai-agents/ClaudeCodeIntegration" sourcefilename="ai-agents/ClaudeCodeIntegration.psm1">
      <method name="&lt;script&gt;" desc="()" line="14">
        <counter type="INSTRUCTION" missed="30" covered="0" />
        <counter type="LINE" missed="19" covered="0" />
        <counter type="METHOD" missed="1" covered="0" />
      </method>
      <method name="Write-ClaudeLog" desc="()" line="30">
        <counter type="INSTRUCTION" missed="3" covered="0" />
        <counter type="LINE" missed="3" covered="0" />
        <counter type="METHOD" missed="1" covered="0" />
      </method>
      <method name="Initialize-ClaudeCodeIntegration" desc="()" line="59">
        <counter type="INSTRUCTION" missed="31" covered="0" />
        <counter type="LINE" missed="29" covered="0" />
        <counter type="METHOD" missed="1" covered="0" />
      </method>
      <method name="Invoke-ClaudeCodeCLI" desc="()" line="136">
        <counter type="INSTRUCTION" missed="47" covered="0" />
        <counter type="LINE" missed="41" covered="0" />
        <counter type="METHOD" missed="1" covered="0" />
      </method>
      <method name="Invoke-ClaudeCodeAPI" desc="()" line="233">
        <counter type="INSTRUCTION" missed="23" covered="0" />
        <counter type="LINE" missed="21" covered="0" />
        <counter type="METHOD" missed="1" covered="0" />
      </method>
      <method name="Send-ClaudeMessage" desc="()" line="302">
        <counter type="INSTRUCTION" missed="35" covered="0" />
        <counter type="LINE" missed="31" covered="0" />
        <counter type="METHOD" missed="1" covered="0" />
      </method>
      <method name="Get-ClaudeCodeAnalysis" desc="()" line="388">
        <counter type="INSTRUCTION" missed="39" covered="0" />
        <counter type="LINE" missed="31" covered="0" />
        <counter type="METHOD" missed="1" covered="0" />
      </method>
      <counter type="INSTRUCTION" missed="208" covered="0" />
      <counter type="LINE" missed="175" covered="0" />
      <counter type="METHOD" missed="7" covered="0" />
      <counter type="CLASS" missed="1" covered="0" />
    </class>
    <class name="domains/ai-agents/CopilotOrchestrator" sourcefilename="ai-agents/CopilotOrchestrator.psm1">
      <method name="&lt;script&gt;" desc="()" line="13">
        <counter type="INSTRUCTION" missed="19" covered="0" />
        <counter type="LINE" missed="19" covered="0" />
        <counter type="METHOD" missed="1" covered="0" />
      </method>
      <method name="Write-CopilotLog" desc="()" line="42">
        <counter type="INSTRUCTION" missed="8" covered="0" />
        <counter type="LINE" missed="8" covered="0" />
        <counter type="METHOD" missed="1" covered="0" />
      </method>
      <method name="Initialize-CopilotOrchestrator" desc="()" line="65">
        <counter type="INSTRUCTION" missed="40" covered="0" />
        <counter type="LINE" missed="39" covered="0" />
        <counter type="METHOD" missed="1" covered="0" />
      </method>
      <method name="Get-WorkflowConfiguration" desc="()" line="136">
        <counter type="INSTRUCTION" missed="47" covered="0" />
        <counter type="LINE" missed="37" covered="0" />
        <counter type="METHOD" missed="1" covered="0" />
      </method>
      <method name="Start-AutomatedCopilotWorkflow" desc="()" line="204">
        <counter type="INSTRUCTION" missed="65" covered="0" />
        <counter type="LINE" missed="49" covered="0" />
        <counter type="METHOD" missed="1" covered="0" />
      </method>
      <method name="Get-ApplicableWorkflows" desc="()" line="313">
        <counter type="INSTRUCTION" missed="19" covered="0" />
        <counter type="LINE" missed="17" covered="0" />
        <counter type="METHOD" missed="1" covered="0" />
      </method>
      <method name="Start-WorkflowJob" desc="()" line="364">
        <counter type="INSTRUCTION" missed="19" covered="0" />
        <counter type="LINE" missed="19" covered="0" />
        <counter type="METHOD" missed="1" covered="0" />
      </method>
      <method name="Invoke-WorkflowAction" desc="()" line="415">
        <counter type="INSTRUCTION" missed="8" covered="0" />
        <counter type="LINE" missed="8" covered="0" />
        <counter type="METHOD" missed="1" covered="0" />
      </method>
      <method name="Invoke-CodeAnalysis" desc="()" line="451">
        <counter type="INSTRUCTION" missed="5" covered="0" />
        <counter type="LINE" missed="1" covered="0" />
        <counter type="METHOD" missed="1" covered="0" />
      </method>
      <method name="Invoke-FeedbackGeneration" desc="()" line="462">
        <counter type="INSTRUCTION" missed="5" covered="0" />
        <counter type="LINE" missed="1" covered="0" />
        <counter type="METHOD" missed="1" covered="0" />
      </method>
      <method name="Invoke-SecurityScan" desc="()" line="473">
        <counter type="INSTRUCTION" missed="5" covered="0" />
        <counter type="LINE" missed="1" covered="0" />
        <counter type="METHOD" missed="1" covered="0" />
      </method>
      <method name="Invoke-TestGeneration" desc="()" line="484">
        <counter type="INSTRUCTION" missed="5" covered="0" />
        <counter type="LINE" missed="1" covered="0" />
        <counter type="METHOD" missed="1" covered="0" />
      </method>
      <method name="Invoke-CoverageAnalysis" desc="()" line="495">
        <counter type="INSTRUCTION" missed="4" covered="0" />
        <counter type="LINE" missed="1" covered="0" />
        <counter type="METHOD" missed="1" covered="0" />
      </method>
      <method name="Invoke-DocumentationGeneration" desc="()" line="506">
        <counter type="INSTRUCTION" missed="5" covered="0" />
        <counter type="LINE" missed="1" covered="0" />
        <counter type="METHOD" missed="1" covered="0" />
      </method>
      <method name="Get-WorkflowResult" desc="()" line="517">
        <counter type="INSTRUCTION" missed="7" covered="0" />
        <counter type="LINE" missed="5" covered="0" />
        <counter type="METHOD" missed="1" covered="0" />
      </method>
      <method name="Get-WorkflowSummary" desc="()" line="533">
        <counter type="INSTRUCTION" missed="16" covered="0" />
        <counter type="LINE" missed="6" covered="0" />
        <counter type="METHOD" missed="1" covered="0" />
      </method>
      <method name="Merge-Configuration" desc="()" line="550">
        <counter type="INSTRUCTION" missed="6" covered="0" />
        <counter type="LINE" missed="6" covered="0" />
        <counter type="METHOD" missed="1" covered="0" />
      </method>
      <method name="Get-CopilotStatus" desc="()" line="568">
        <counter type="INSTRUCTION" missed="6" covered="0" />
        <counter type="LINE" missed="6" covered="0" />
        <counter type="METHOD" missed="1" covered="0" />
      </method>
      <counter type="INSTRUCTION" missed="289" covered="0" />
      <counter type="LINE" missed="225" covered="0" />
      <counter type="METHOD" missed="18" covered="0" />
      <counter type="CLASS" missed="1" covered="0" />
    </class>
    <sourcefile name="ai-agents/AIWorkflowOrchestrator.psm1">
      <line nr="14" mi="1" ci="0" mb="0" cb="0" />
      <line nr="15" mi="1" ci="0" mb="0" cb="0" />
      <line nr="16" mi="1" ci="0" mb="0" cb="0" />
      <line nr="19" mi="1" ci="0" mb="0" cb="0" />
      <line nr="20" mi="1" ci="0" mb="0" cb="0" />
      <line nr="25" mi="1" ci="0" mb="0" cb="0" />
      <line nr="26" mi="1" ci="0" mb="0" cb="0" />
      <line nr="28" mi="1" ci="0" mb="0" cb="0" />
      <line nr="42" mi="1" ci="0" mb="0" cb="0" />
      <line nr="45" mi="1" ci="0" mb="0" cb="0" />
      <line nr="49" mi="1" ci="0" mb="0" cb="0" />
      <line nr="51" mi="1" ci="0" mb="0" cb="0" />
      <line nr="52" mi="1" ci="0" mb="0" cb="0" />
      <line nr="54" mi="1" ci="0" mb="0" cb="0" />
      <line nr="55" mi="1" ci="0" mb="0" cb="0" />
      <line nr="56" mi="1" ci="0" mb="0" cb="0" />
      <line nr="57" mi="1" ci="0" mb="0" cb="0" />
      <line nr="58" mi="1" ci="0" mb="0" cb="0" />
      <line nr="59" mi="2" ci="0" mb="0" cb="0" />
      <line nr="61" mi="1" ci="0" mb="0" cb="0" />
      <line nr="65" mi="1" ci="0" mb="0" cb="0" />
      <line nr="66" mi="1" ci="0" mb="0" cb="0" />
      <line nr="67" mi="1" ci="0" mb="0" cb="0" />
      <line nr="68" mi="1" ci="0" mb="0" cb="0" />
      <line nr="69" mi="1" ci="0" mb="0" cb="0" />
      <line nr="70" mi="2" ci="0" mb="0" cb="0" />
      <line nr="72" mi="1" ci="0" mb="0" cb="0" />
      <line nr="76" mi="1" ci="0" mb="0" cb="0" />
      <line nr="77" mi="1" ci="0" mb="0" cb="0" />
      <line nr="78" mi="1" ci="0" mb="0" cb="0" />
      <line nr="79" mi="1" ci="0" mb="0" cb="0" />
      <line nr="80" mi="1" ci="0" mb="0" cb="0" />
      <line nr="81" mi="2" ci="0" mb="0" cb="0" />
      <line nr="83" mi="1" ci="0" mb="0" cb="0" />
      <line nr="89" mi="2" ci="0" mb="0" cb="0" />
      <line nr="90" mi="1" ci="0" mb="0" cb="0" />
      <line nr="93" mi="1" ci="0" mb="0" cb="0" />
      <line nr="94" mi="1" ci="0" mb="0" cb="0" />
      <line nr="121" mi="1" ci="0" mb="0" cb="0" />
      <line nr="123" mi="1" ci="0" mb="0" cb="0" />
      <line nr="127" mi="1" ci="0" mb="0" cb="0" />
      <line nr="128" mi="1" ci="0" mb="0" cb="0" />
      <line nr="129" mi="1" ci="0" mb="0" cb="0" />
      <line nr="130" mi="1" ci="0" mb="0" cb="0" />
      <line nr="131" mi="4" ci="0" mb="0" cb="0" />
      <line nr="132" mi="4" ci="0" mb="0" cb="0" />
      <line nr="133" mi="4" ci="0" mb="0" cb="0" />
      <line nr="135" mi="1" ci="0" mb="0" cb="0" />
      <line nr="137" mi="1" ci="0" mb="0" cb="0" />
      <line nr="138" mi="1" ci="0" mb="0" cb="0" />
      <line nr="139" mi="1" ci="0" mb="0" cb="0" />
      <line nr="140" mi="4" ci="0" mb="0" cb="0" />
      <line nr="141" mi="4" ci="0" mb="0" cb="0" />
      <line nr="142" mi="4" ci="0" mb="0" cb="0" />
      <line nr="143" mi="4" ci="0" mb="0" cb="0" />
      <line nr="145" mi="1" ci="0" mb="0" cb="0" />
      <line nr="147" mi="1" ci="0" mb="0" cb="0" />
      <line nr="148" mi="1" ci="0" mb="0" cb="0" />
      <line nr="149" mi="1" ci="0" mb="0" cb="0" />
      <line nr="150" mi="4" ci="0" mb="0" cb="0" />
      <line nr="151" mi="4" ci="0" mb="0" cb="0" />
      <line nr="152" mi="4" ci="0" mb="0" cb="0" />
      <line nr="154" mi="1" ci="0" mb="0" cb="0" />
      <line nr="156" mi="1" ci="0" mb="0" cb="0" />
      <line nr="157" mi="1" ci="0" mb="0" cb="0" />
      <line nr="158" mi="1" ci="0" mb="0" cb="0" />
      <line nr="159" mi="4" ci="0" mb="0" cb="0" />
      <line nr="160" mi="4" ci="0" mb="0" cb="0" />
      <line nr="161" mi="4" ci="0" mb="0" cb="0" />
      <line nr="163" mi="1" ci="0" mb="0" cb="0" />
      <line nr="165" mi="1" ci="0" mb="0" cb="0" />
      <line nr="166" mi="1" ci="0" mb="0" cb="0" />
      <line nr="167" mi="1" ci="0" mb="0" cb="0" />
      <line nr="168" mi="4" ci="0" mb="0" cb="0" />
      <line nr="169" mi="4" ci="0" mb="0" cb="0" />
      <line nr="170" mi="4" ci="0" mb="0" cb="0" />
      <line nr="172" mi="1" ci="0" mb="0" cb="0" />
      <line nr="174" mi="1" ci="0" mb="0" cb="0" />
      <line nr="175" mi="1" ci="0" mb="0" cb="0" />
      <line nr="176" mi="1" ci="0" mb="0" cb="0" />
      <line nr="177" mi="4" ci="0" mb="0" cb="0" />
      <line nr="178" mi="4" ci="0" mb="0" cb="0" />
      <line nr="179" mi="4" ci="0" mb="0" cb="0" />
      <line nr="181" mi="1" ci="0" mb="0" cb="0" />
      <line nr="185" mi="1" ci="0" mb="0" cb="0" />
      <line nr="186" mi="1" ci="0" mb="0" cb="0" />
      <line nr="187" mi="1" ci="0" mb="0" cb="0" />
      <line nr="191" mi="1" ci="0" mb="0" cb="0" />
      <line nr="192" mi="1" ci="0" mb="0" cb="0" />
      <line nr="193" mi="1" ci="0" mb="0" cb="0" />
      <line nr="194" mi="1" ci="0" mb="0" cb="0" />
      <line nr="195" mi="1" ci="0" mb="0" cb="0" />
      <line nr="196" mi="1" ci="0" mb="0" cb="0" />
      <line nr="197" mi="1" ci="0" mb="0" cb="0" />
      <line nr="198" mi="1" ci="0" mb="0" cb="0" />
      <line nr="199" mi="1" ci="0" mb="0" cb="0" />
      <line nr="200" mi="1" ci="0" mb="0" cb="0" />
      <line nr="201" mi="1" ci="0" mb="0" cb="0" />
      <line nr="205" mi="1" ci="0" mb="0" cb="0" />
      <line nr="206" mi="1" ci="0" mb="0" cb="0" />
      <line nr="207" mi="1" ci="0" mb="0" cb="0" />
      <line nr="208" mi="1" ci="0" mb="0" cb="0" />
      <line nr="209" mi="1" ci="0" mb="0" cb="0" />
      <line nr="210" mi="1" ci="0" mb="0" cb="0" />
      <line nr="211" mi="1" ci="0" mb="0" cb="0" />
      <line nr="212" mi="1" ci="0" mb="0" cb="0" />
      <line nr="213" mi="1" ci="0" mb="0" cb="0" />
      <line nr="216" mi="1" ci="0" mb="0" cb="0" />
      <line nr="219" mi="1" ci="0" mb="0" cb="0" />
      <line nr="222" mi="1" ci="0" mb="0" cb="0" />
      <line nr="226" mi="1" ci="0" mb="0" cb="0" />
      <line nr="228" mi="1" ci="0" mb="0" cb="0" />
      <line nr="232" mi="1" ci="0" mb="0" cb="0" />
      <line nr="234" mi="1" ci="0" mb="0" cb="0" />
      <line nr="235" mi="1" ci="0" mb="0" cb="0" />
      <line nr="236" mi="1" ci="0" mb="0" cb="0" />
      <line nr="237" mi="1" ci="0" mb="0" cb="0" />
      <line nr="241" mi="1" ci="0" mb="0" cb="0" />
      <line nr="260" mi="1" ci="0" mb="0" cb="0" />
      <line nr="261" mi="1" ci="0" mb="0" cb="0" />
      <line nr="262" mi="1" ci="0" mb="0" cb="0" />
      <line nr="263" mi="1" ci="0" mb="0" cb="0" />
      <line nr="264" mi="1" ci="0" mb="0" cb="0" />
      <line nr="268" mi="4" ci="0" mb="0" cb="0" />
      <line nr="269" mi="1" ci="0" mb="0" cb="0" />
      <line nr="270" mi="4" ci="0" mb="0" cb="0" />
      <line nr="272" mi="1" ci="0" mb="0" cb="0" />
      <line nr="276" mi="2" ci="0" mb="0" cb="0" />
      <line nr="277" mi="4" ci="0" mb="0" cb="0" />
      <line nr="278" mi="1" ci="0" mb="0" cb="0" />
      <line nr="279" mi="4" ci="0" mb="0" cb="0" />
      <line nr="280" mi="1" ci="0" mb="0" cb="0" />
      <line nr="303" mi="1" ci="0" mb="0" cb="0" />
      <line nr="305" mi="1" ci="0" mb="0" cb="0" />
      <line nr="306" mi="1" ci="0" mb="0" cb="0" />
      <line nr="309" mi="1" ci="0" mb="0" cb="0" />
      <line nr="311" mi="1" ci="0" mb="0" cb="0" />
      <line nr="312" mi="1" ci="0" mb="0" cb="0" />
      <line nr="315" mi="2" ci="0" mb="0" cb="0" />
      <line nr="316" mi="2" ci="0" mb="0" cb="0" />
      <line nr="317" mi="1" ci="0" mb="0" cb="0" />
      <line nr="320" mi="1" ci="0" mb="0" cb="0" />
      <line nr="324" mi="1" ci="0" mb="0" cb="0" />
      <line nr="325" mi="1" ci="0" mb="0" cb="0" />
      <line nr="343" mi="1" ci="0" mb="0" cb="0" />
      <line nr="345" mi="1" ci="0" mb="0" cb="0" />
      <line nr="346" mi="1" ci="0" mb="0" cb="0" />
      <line nr="347" mi="1" ci="0" mb="0" cb="0" />
      <line nr="353" mi="1" ci="0" mb="0" cb="0" />
      <line nr="354" mi="1" ci="0" mb="0" cb="0" />
      <line nr="355" mi="1" ci="0" mb="0" cb="0" />
      <line nr="359" mi="1" ci="0" mb="0" cb="0" />
      <line nr="360" mi="1" ci="0" mb="0" cb="0" />
      <line nr="362" mi="1" ci="0" mb="0" cb="0" />
      <line nr="365" mi="1" ci="0" mb="0" cb="0" />
      <line nr="373" mi="1" ci="0" mb="0" cb="0" />
      <line nr="374" mi="1" ci="0" mb="0" cb="0" />
      <line nr="375" mi="1" ci="0" mb="0" cb="0" />
      <line nr="376" mi="1" ci="0" mb="0" cb="0" />
      <line nr="377" mi="1" ci="0" mb="0" cb="0" />
      <line nr="378" mi="1" ci="0" mb="0" cb="0" />
      <line nr="379" mi="1" ci="0" mb="0" cb="0" />
      <line nr="382" mi="1" ci="0" mb="0" cb="0" />
      <line nr="390" mi="2" ci="0" mb="0" cb="0" />
      <line nr="392" mi="1" ci="0" mb="0" cb="0" />
      <line nr="393" mi="1" ci="0" mb="0" cb="0" />
      <line nr="394" mi="1" ci="0" mb="0" cb="0" />
      <line nr="398" mi="1" ci="0" mb="0" cb="0" />
      <line nr="400" mi="1" ci="0" mb="0" cb="0" />
      <line nr="401" mi="1" ci="0" mb="0" cb="0" />
      <line nr="402" mi="1" ci="0" mb="0" cb="0" />
      <line nr="403" mi="1" ci="0" mb="0" cb="0" />
      <line nr="406" mi="1" ci="0" mb="0" cb="0" />
      <line nr="407" mi="1" ci="0" mb="0" cb="0" />
      <line nr="408" mi="1" ci="0" mb="0" cb="0" />
      <line nr="413" mi="1" ci="0" mb="0" cb="0" />
      <line nr="414" mi="1" ci="0" mb="0" cb="0" />
      <line nr="415" mi="1" ci="0" mb="0" cb="0" />
      <line nr="418" mi="1" ci="0" mb="0" cb="0" />
      <line nr="419" mi="1" ci="0" mb="0" cb="0" />
      <line nr="420" mi="1" ci="0" mb="0" cb="0" />
      <line nr="429" mi="1" ci="0" mb="0" cb="0" />
      <line nr="430" mi="1" ci="0" mb="0" cb="0" />
      <line nr="431" mi="1" ci="0" mb="0" cb="0" />
      <line nr="432" mi="1" ci="0" mb="0" cb="0" />
      <line nr="433" mi="1" ci="0" mb="0" cb="0" />
      <line nr="441" mi="1" ci="0" mb="0" cb="0" />
      <line nr="442" mi="1" ci="0" mb="0" cb="0" />
      <line nr="443" mi="2" ci="0" mb="0" cb="0" />
      <line nr="444" mi="1" ci="0" mb="0" cb="0" />
      <line nr="445" mi="1" ci="0" mb="0" cb="0" />
      <line nr="450" mi="1" ci="0" mb="0" cb="0" />
      <line nr="451" mi="1" ci="0" mb="0" cb="0" />
      <counter type="INSTRUCTION" missed="271" covered="0" />
      <counter type="LINE" missed="193" covered="0" />
      <counter type="METHOD" missed="11" covered="0" />
      <counter type="CLASS" missed="1" covered="0" />
    </sourcefile>
    <sourcefile name="ai-agents/ClaudeCodeIntegration.psm1">
      <line nr="14" mi="1" ci="0" mb="0" cb="0" />
      <line nr="15" mi="1" ci="0" mb="0" cb="0" />
      <line nr="16" mi="1" ci="0" mb="0" cb="0" />
      <line nr="17" mi="1" ci="0" mb="0" cb="0" />
      <line nr="20" mi="1" ci="0" mb="0" cb="0" />
      <line nr="21" mi="1" ci="0" mb="0" cb="0" />
      <line nr="30" mi="1" ci="0" mb="0" cb="0" />
      <line nr="31" mi="1" ci="0" mb="0" cb="0" />
      <line nr="33" mi="1" ci="0" mb="0" cb="0" />
      <line nr="59" mi="1" ci="0" mb="0" cb="0" />
      <line nr="63" mi="1" ci="0" mb="0" cb="0" />
      <line nr="64" mi="2" ci="0" mb="0" cb="0" />
      <line nr="65" mi="1" ci="0" mb="0" cb="0" />
      <line nr="66" mi="1" ci="0" mb="0" cb="0" />
      <line nr="70" mi="1" ci="0" mb="0" cb="0" />
      <line nr="73" mi="1" ci="0" mb="0" cb="0" />
      <line nr="74" mi="1" ci="0" mb="0" cb="0" />
      <line nr="75" mi="1" ci="0" mb="0" cb="0" />
      <line nr="76" mi="1" ci="0" mb="0" cb="0" />
      <line nr="78" mi="1" ci="0" mb="0" cb="0" />
      <line nr="79" mi="1" ci="0" mb="0" cb="0" />
      <line nr="80" mi="1" ci="0" mb="0" cb="0" />
      <line nr="81" mi="1" ci="0" mb="0" cb="0" />
      <line nr="82" mi="1" ci="0" mb="0" cb="0" />
      <line nr="88" mi="1" ci="0" mb="0" cb="0" />
      <line nr="89" mi="1" ci="0" mb="0" cb="0" />
      <line nr="90" mi="1" ci="0" mb="0" cb="0" />
      <line nr="91" mi="1" ci="0" mb="0" cb="0" />
      <line nr="92" mi="1" ci="0" mb="0" cb="0" />
      <line nr="94" mi="1" ci="0" mb="0" cb="0" />
      <line nr="98" mi="1" ci="0" mb="0" cb="0" />
      <line nr="99" mi="2" ci="0" mb="0" cb="0" />
      <line nr="100" mi="1" ci="0" mb="0" cb="0" />
      <line nr="101" mi="1" ci="0" mb="0" cb="0" />
      <line nr="104" mi="1" ci="0" mb="0" cb="0" />
      <line nr="105" mi="1" ci="0" mb="0" cb="0" />
      <line nr="108" mi="1" ci="0" mb="0" cb="0" />
      <line nr="109" mi="1" ci="0" mb="0" cb="0" />
      <line nr="136" mi="1" ci="0" mb="0" cb="0" />
      <line nr="137" mi="1" ci="0" mb="0" cb="0" />
      <line nr="138" mi="1" ci="0" mb="0" cb="0" />
      <line nr="141" mi="2" ci="0" mb="0" cb="0" />
      <line nr="144" mi="1" ci="0" mb="0" cb="0" />
      <line nr="145" mi="1" ci="0" mb="0" cb="0" />
      <line nr="146" mi="2" ci="0" mb="0" cb="0" />
      <line nr="147" mi="1" ci="0" mb="0" cb="0" />
      <line nr="148" mi="1" ci="0" mb="0" cb="0" />
      <line nr="149" mi="1" ci="0" mb="0" cb="0" />
      <line nr="150" mi="1" ci="0" mb="0" cb="0" />
      <line nr="151" mi="1" ci="0" mb="0" cb="0" />
      <line nr="153" mi="1" ci="0" mb="0" cb="0" />
      <line nr="154" mi="1" ci="0" mb="0" cb="0" />
      <line nr="156" mi="1" ci="0" mb="0" cb="0" />
      <line nr="157" mi="1" ci="0" mb="0" cb="0" />
      <line nr="159" mi="1" ci="0" mb="0" cb="0" />
      <line nr="160" mi="2" ci="0" mb="0" cb="0" />
      <line nr="162" mi="1" ci="0" mb="0" cb="0" />
      <line nr="163" mi="2" ci="0" mb="0" cb="0" />
      <line nr="166" mi="1" ci="0" mb="0" cb="0" />
      <line nr="167" mi="1" ci="0" mb="0" cb="0" />
      <line nr="168" mi="1" ci="0" mb="0" cb="0" />
      <line nr="170" mi="1" ci="0" mb="0" cb="0" />
      <line nr="171" mi="1" ci="0" mb="0" cb="0" />
      <line nr="172" mi="1" ci="0" mb="0" cb="0" />
      <line nr="175" mi="1" ci="0" mb="0" cb="0" />
      <line nr="176" mi="1" ci="0" mb="0" cb="0" />
      <line nr="177" mi="1" ci="0" mb="0" cb="0" />
      <line nr="178" mi="1" ci="0" mb="0" cb="0" />
      <line nr="179" mi="1" ci="0" mb="0" cb="0" />
      <line nr="182" mi="1" ci="0" mb="0" cb="0" />
      <line nr="183" mi="1" ci="0" mb="0" cb="0" />
      <line nr="185" mi="2" ci="0" mb="0" cb="0" />
      <line nr="186" mi="1" ci="0" mb="0" cb="0" />
      <line nr="187" mi="2" ci="0" mb="0" cb="0" />
      <line nr="191" mi="1" ci="0" mb="0" cb="0" />
      <line nr="194" mi="1" ci="0" mb="0" cb="0" />
      <line nr="197" mi="1" ci="0" mb="0" cb="0" />
      <line nr="198" mi="1" ci="0" mb="0" cb="0" />
      <line nr="200" mi="1" ci="0" mb="0" cb="0" />
      <line nr="233" mi="1" ci="0" mb="0" cb="0" />
      <line nr="234" mi="1" ci="0" mb="0" cb="0" />
      <line nr="235" mi="1" ci="0" mb="0" cb="0" />
      <line nr="238" mi="1" ci="0" mb="0" cb="0" />
      <line nr="241" mi="1" ci="0" mb="0" cb="0" />
      <line nr="243" mi="1" ci="0" mb="0" cb="0" />
      <line nr="244" mi="1" ci="0" mb="0" cb="0" />
      <line nr="245" mi="1" ci="0" mb="0" cb="0" />
      <line nr="246" mi="1" ci="0" mb="0" cb="0" />
      <line nr="249" mi="1" ci="0" mb="0" cb="0" />
      <line nr="251" mi="1" ci="0" mb="0" cb="0" />
      <line nr="252" mi="1" ci="0" mb="0" cb="0" />
      <line nr="253" mi="1" ci="0" mb="0" cb="0" />
      <line nr="254" mi="1" ci="0" mb="0" cb="0" />
      <line nr="255" mi="1" ci="0" mb="0" cb="0" />
      <line nr="258" mi="2" ci="0" mb="0" cb="0" />
      <line nr="259" mi="2" ci="0" mb="0" cb="0" />
      <line nr="262" mi="1" ci="0" mb="0" cb="0" />
      <line nr="264" mi="1" ci="0" mb="0" cb="0" />
      <line nr="265" mi="1" ci="0" mb="0" cb="0" />
      <line nr="268" mi="1" ci="0" mb="0" cb="0" />
      <line nr="302" mi="2" ci="0" mb="0" cb="0" />
      <line nr="305" mi="2" ci="0" mb="0" cb="0" />
      <line nr="307" mi="1" ci="0" mb="0" cb="0" />
      <line nr="309" mi="1" ci="0" mb="0" cb="0" />
      <line nr="310" mi="1" ci="0" mb="0" cb="0" />
      <line nr="311" mi="1" ci="0" mb="0" cb="0" />
      <line nr="312" mi="1" ci="0" mb="0" cb="0" />
      <line nr="316" mi="1" ci="0" mb="0" cb="0" />
      <line nr="317" mi="1" ci="0" mb="0" cb="0" />
      <line nr="318" mi="1" ci="0" mb="0" cb="0" />
      <line nr="319" mi="1" ci="0" mb="0" cb="0" />
      <line nr="322" mi="1" ci="0" mb="0" cb="0" />
      <line nr="323" mi="1" ci="0" mb="0" cb="0" />
      <line nr="326" mi="1" ci="0" mb="0" cb="0" />
      <line nr="328" mi="1" ci="0" mb="0" cb="0" />
      <line nr="329" mi="1" ci="0" mb="0" cb="0" />
      <line nr="330" mi="1" ci="0" mb="0" cb="0" />
      <line nr="331" mi="1" ci="0" mb="0" cb="0" />
      <line nr="332" mi="1" ci="0" mb="0" cb="0" />
      <line nr="335" mi="1" ci="0" mb="0" cb="0" />
      <line nr="337" mi="1" ci="0" mb="0" cb="0" />
      <line nr="339" mi="2" ci="0" mb="0" cb="0" />
      <line nr="340" mi="1" ci="0" mb="0" cb="0" />
      <line nr="341" mi="2" ci="0" mb="0" cb="0" />
      <line nr="344" mi="1" ci="0" mb="0" cb="0" />
      <line nr="346" mi="1" ci="0" mb="0" cb="0" />
      <line nr="347" mi="1" ci="0" mb="0" cb="0" />
      <line nr="348" mi="1" ci="0" mb="0" cb="0" />
      <line nr="349" mi="1" ci="0" mb="0" cb="0" />
      <line nr="353" mi="1" ci="0" mb="0" cb="0" />
      <line nr="357" mi="1" ci="0" mb="0" cb="0" />
      <line nr="388" mi="1" ci="0" mb="0" cb="0" />
      <line nr="392" mi="2" ci="0" mb="0" cb="0" />
      <line nr="393" mi="1" ci="0" mb="0" cb="0" />
      <line nr="394" mi="1" ci="0" mb="0" cb="0" />
      <line nr="397" mi="1" ci="0" mb="0" cb="0" />
      <line nr="398" mi="1" ci="0" mb="0" cb="0" />
      <line nr="402" mi="1" ci="0" mb="0" cb="0" />
      <line nr="403" mi="1" ci="0" mb="0" cb="0" />
      <line nr="414" mi="1" ci="0" mb="0" cb="0" />
      <line nr="425" mi="1" ci="0" mb="0" cb="0" />
      <line nr="436" mi="1" ci="0" mb="0" cb="0" />
      <line nr="447" mi="1" ci="0" mb="0" cb="0" />
      <line nr="458" mi="1" ci="0" mb="0" cb="0" />
      <line nr="471" mi="1" ci="0" mb="0" cb="0" />
      <line nr="483" mi="1" ci="0" mb="0" cb="0" />
      <line nr="485" mi="1" ci="0" mb="0" cb="0" />
      <line nr="489" mi="1" ci="0" mb="0" cb="0" />
      <line nr="490" mi="1" ci="0" mb="0" cb="0" />
      <line nr="491" mi="1" ci="0" mb="0" cb="0" />
      <line nr="492" mi="2" ci="0" mb="0" cb="0" />
      <line nr="493" mi="1" ci="0" mb="0" cb="0" />
      <line nr="494" mi="2" ci="0" mb="0" cb="0" />
      <line nr="500" mi="1" ci="0" mb="0" cb="0" />
      <line nr="501" mi="2" ci="0" mb="0" cb="0" />
      <line nr="505" mi="1" ci="0" mb="0" cb="0" />
      <line nr="506" mi="1" ci="0" mb="0" cb="0" />
      <line nr="511" mi="3" ci="0" mb="0" cb="0" />
      <line nr="520" mi="1" ci="0" mb="0" cb="0" />
      <line nr="556" mi="1" ci="0" mb="0" cb="0" />
      <line nr="558" mi="1" ci="0" mb="0" cb="0" />
      <line nr="559" mi="3" ci="0" mb="0" cb="0" />
      <line nr="560" mi="2" ci="0" mb="0" cb="0" />
      <line nr="561" mi="3" ci="0" mb="0" cb="0" />
      <line nr="562" mi="2" ci="0" mb="0" cb="0" />
      <line nr="563" mi="2" ci="0" mb="0" cb="0" />
      <line nr="564" mi="2" ci="0" mb="0" cb="0" />
      <line nr="565" mi="2" ci="0" mb="0" cb="0" />
      <line nr="567" mi="1" ci="0" mb="0" cb="0" />
      <line nr="568" mi="1" ci="0" mb="0" cb="0" />
      <line nr="571" mi="1" ci="0" mb="0" cb="0" />
      <line nr="573" mi="3" ci="0" mb="0" cb="0" />
      <line nr="574" mi="1" ci="0" mb="0" cb="0" />
      <line nr="576" mi="2" ci="0" mb="0" cb="0" />
      <line nr="577" mi="2" ci="0" mb="0" cb="0" />
      <counter type="INSTRUCTION" missed="208" covered="0" />
      <counter type="LINE" missed="175" covered="0" />
      <counter type="METHOD" missed="7" covered="0" />
      <counter type="CLASS" missed="1" covered="0" />
    </sourcefile>
    <sourcefile name="ai-agents/CopilotOrchestrator.psm1">
      <line nr="13" mi="1" ci="0" mb="0" cb="0" />
      <line nr="14" mi="1" ci="0" mb="0" cb="0" />
      <line nr="15" mi="1" ci="0" mb="0" cb="0" />
      <line nr="16" mi="1" ci="0" mb="0" cb="0" />
      <line nr="17" mi="1" ci="0" mb="0" cb="0" />
      <line nr="18" mi="1" ci="0" mb="0" cb="0" />
      <line nr="19" mi="1" ci="0" mb="0" cb="0" />
      <line nr="20" mi="1" ci="0" mb="0" cb="0" />
      <line nr="21" mi="1" ci="0" mb="0" cb="0" />
      <line nr="22" mi="1" ci="0" mb="0" cb="0" />
      <line nr="27" mi="1" ci="0" mb="0" cb="0" />
      <line nr="28" mi="1" ci="0" mb="0" cb="0" />
      <line nr="29" mi="1" ci="0" mb="0" cb="0" />
      <line nr="30" mi="1" ci="0" mb="0" cb="0" />
      <line nr="33" mi="1" ci="0" mb="0" cb="0" />
      <line nr="34" mi="1" ci="0" mb="0" cb="0" />
      <line nr="35" mi="1" ci="0" mb="0" cb="0" />
      <line nr="42" mi="1" ci="0" mb="0" cb="0" />
      <line nr="43" mi="1" ci="0" mb="0" cb="0" />
      <line nr="45" mi="1" ci="0" mb="0" cb="0" />
      <line nr="46" mi="1" ci="0" mb="0" cb="0" />
      <line nr="47" mi="1" ci="0" mb="0" cb="0" />
      <line nr="48" mi="1" ci="0" mb="0" cb="0" />
      <line nr="49" mi="1" ci="0" mb="0" cb="0" />
      <line nr="51" mi="1" ci="0" mb="0" cb="0" />
      <line nr="65" mi="1" ci="0" mb="0" cb="0" />
      <line nr="68" mi="1" ci="0" mb="0" cb="0" />
      <line nr="72" mi="1" ci="0" mb="0" cb="0" />
      <line nr="73" mi="1" ci="0" mb="0" cb="0" />
      <line nr="74" mi="1" ci="0" mb="0" cb="0" />
      <line nr="75" mi="1" ci="0" mb="0" cb="0" />
      <line nr="76" mi="1" ci="0" mb="0" cb="0" />
      <line nr="77" mi="1" ci="0" mb="0" cb="0" />
      <line nr="78" mi="1" ci="0" mb="0" cb="0" />
      <line nr="80" mi="1" ci="0" mb="0" cb="0" />
      <line nr="81" mi="1" ci="0" mb="0" cb="0" />
      <line nr="82" mi="1" ci="0" mb="0" cb="0" />
      <line nr="83" mi="1" ci="0" mb="0" cb="0" />
      <line nr="84" mi="1" ci="0" mb="0" cb="0" />
      <line nr="85" mi="1" ci="0" mb="0" cb="0" />
      <line nr="87" mi="1" ci="0" mb="0" cb="0" />
      <line nr="88" mi="1" ci="0" mb="0" cb="0" />
      <line nr="89" mi="1" ci="0" mb="0" cb="0" />
      <line nr="90" mi="1" ci="0" mb="0" cb="0" />
      <line nr="91" mi="1" ci="0" mb="0" cb="0" />
      <line nr="93" mi="1" ci="0" mb="0" cb="0" />
      <line nr="94" mi="1" ci="0" mb="0" cb="0" />
      <line nr="95" mi="1" ci="0" mb="0" cb="0" />
      <line nr="96" mi="1" ci="0" mb="0" cb="0" />
      <line nr="97" mi="1" ci="0" mb="0" cb="0" />
      <line nr="98" mi="1" ci="0" mb="0" cb="0" />
      <line nr="103" mi="1" ci="0" mb="0" cb="0" />
      <line nr="106" mi="1" ci="0" mb="0" cb="0" />
      <line nr="108" mi="1" ci="0" mb="0" cb="0" />
      <line nr="109" mi="1" ci="0" mb="0" cb="0" />
      <line nr="110" mi="1" ci="0" mb="0" cb="0" />
      <line nr="111" mi="1" ci="0" mb="0" cb="0" />
      <line nr="112" mi="1" ci="0" mb="0" cb="0" />
      <line nr="114" mi="1" ci="0" mb="0" cb="0" />
      <line nr="118" mi="1" ci="0" mb="0" cb="0" />
      <line nr="119" mi="2" ci="0" mb="0" cb="0" />
      <line nr="121" mi="1" ci="0" mb="0" cb="0" />
      <line nr="124" mi="1" ci="0" mb="0" cb="0" />
      <line nr="125" mi="1" ci="0" mb="0" cb="0" />
      <line nr="136" mi="1" ci="0" mb="0" cb="0" />
      <line nr="137" mi="1" ci="0" mb="0" cb="0" />
      <line nr="138" mi="1" ci="0" mb="0" cb="0" />
      <line nr="139" mi="1" ci="0" mb="0" cb="0" />
      <line nr="140" mi="1" ci="0" mb="0" cb="0" />
      <line nr="141" mi="2" ci="0" mb="0" cb="0" />
      <line nr="142" mi="2" ci="0" mb="0" cb="0" />
      <line nr="143" mi="1" ci="0" mb="0" cb="0" />
      <line nr="145" mi="1" ci="0" mb="0" cb="0" />
      <line nr="146" mi="1" ci="0" mb="0" cb="0" />
      <line nr="147" mi="1" ci="0" mb="0" cb="0" />
      <line nr="148" mi="1" ci="0" mb="0" cb="0" />
      <line nr="149" mi="2" ci="0" mb="0" cb="0" />
      <line nr="150" mi="2" ci="0" mb="0" cb="0" />
      <line nr="151" mi="1" ci="0" mb="0" cb="0" />
      <line nr="153" mi="1" ci="0" mb="0" cb="0" />
      <line nr="154" mi="1" ci="0" mb="0" cb="0" />
      <line nr="155" mi="1" ci="0" mb="0" cb="0" />
      <line nr="156" mi="1" ci="0" mb="0" cb="0" />
      <line nr="157" mi="2" ci="0" mb="0" cb="0" />
      <line nr="158" mi="2" ci="0" mb="0" cb="0" />
      <line nr="159" mi="1" ci="0" mb="0" cb="0" />
      <line nr="161" mi="1" ci="0" mb="0" cb="0" />
      <line nr="162" mi="1" ci="0" mb="0" cb="0" />
      <line nr="163" mi="1" ci="0" mb="0" cb="0" />
      <line nr="164" mi="1" ci="0" mb="0" cb="0" />
      <line nr="165" mi="2" ci="0" mb="0" cb="0" />
      <line nr="166" mi="2" ci="0" mb="0" cb="0" />
      <line nr="167" mi="1" ci="0" mb="0" cb="0" />
      <line nr="169" mi="1" ci="0" mb="0" cb="0" />
      <line nr="170" mi="1" ci="0" mb="0" cb="0" />
      <line nr="171" mi="1" ci="0" mb="0" cb="0" />
      <line nr="172" mi="1" ci="0" mb="0" cb="0" />
      <line nr="173" mi="2" ci="0" mb="0" cb="0" />
      <line nr="174" mi="2" ci="0" mb="0" cb="0" />
      <line nr="175" mi="1" ci="0" mb="0" cb="0" />
      <line nr="179" mi="1" ci="0" mb="0" cb="0" />
      <line nr="204" mi="1" ci="0" mb="0" cb="0" />
      <line nr="205" mi="1" ci="0" mb="0" cb="0" />
      <line nr="206" mi="1" ci="0" mb="0" cb="0" />
      <line nr="209" mi="1" ci="0" mb="0" cb="0" />
      <line nr="213" mi="1" ci="0" mb="0" cb="0" />
      <line nr="215" mi="1" ci="0" mb="0" cb="0" />
      <line nr="216" mi="1" ci="0" mb="0" cb="0" />
      <line nr="217" mi="1" ci="0" mb="0" cb="0" />
      <line nr="220" mi="2" ci="0" mb="0" cb="0" />
      <line nr="222" mi="1" ci="0" mb="0" cb="0" />
      <line nr="223" mi="1" ci="0" mb="0" cb="0" />
      <line nr="224" mi="1" ci="0" mb="0" cb="0" />
      <line nr="225" mi="3" ci="0" mb="0" cb="0" />
      <line nr="227" mi="1" ci="0" mb="0" cb="0" />
      <line nr="231" mi="1" ci="0" mb="0" cb="0" />
      <line nr="232" mi="1" ci="0" mb="0" cb="0" />
      <line nr="234" mi="3" ci="0" mb="0" cb="0" />
      <line nr="236" mi="1" ci="0" mb="0" cb="0" />
      <line nr="237" mi="3" ci="0" mb="0" cb="0" />
      <line nr="238" mi="1" ci="0" mb="0" cb="0" />
      <line nr="239" mi="3" ci="0" mb="0" cb="0" />
      <line nr="241" mi="1" ci="0" mb="0" cb="0" />
      <line nr="245" mi="1" ci="0" mb="0" cb="0" />
      <line nr="246" mi="1" ci="0" mb="0" cb="0" />
      <line nr="247" mi="1" ci="0" mb="0" cb="0" />
      <line nr="248" mi="2" ci="0" mb="0" cb="0" />
      <line nr="253" mi="1" ci="0" mb="0" cb="0" />
      <line nr="254" mi="1" ci="0" mb="0" cb="0" />
      <line nr="256" mi="1" ci="0" mb="0" cb="0" />
      <line nr="257" mi="1" ci="0" mb="0" cb="0" />
      <line nr="259" mi="1" ci="0" mb="0" cb="0" />
      <line nr="260" mi="1" ci="0" mb="0" cb="0" />
      <line nr="261" mi="1" ci="0" mb="0" cb="0" />
      <line nr="262" mi="1" ci="0" mb="0" cb="0" />
      <line nr="267" mi="3" ci="0" mb="0" cb="0" />
      <line nr="269" mi="1" ci="0" mb="0" cb="0" />
      <line nr="270" mi="1" ci="0" mb="0" cb="0" />
      <line nr="275" mi="1" ci="0" mb="0" cb="0" />
      <line nr="276" mi="1" ci="0" mb="0" cb="0" />
      <line nr="277" mi="1" ci="0" mb="0" cb="0" />
      <line nr="279" mi="1" ci="0" mb="0" cb="0" />
      <line nr="281" mi="2" ci="0" mb="0" cb="0" />
      <line nr="283" mi="2" ci="0" mb="0" cb="0" />
      <line nr="288" mi="1" ci="0" mb="0" cb="0" />
      <line nr="289" mi="3" ci="0" mb="0" cb="0" />
      <line nr="292" mi="1" ci="0" mb="0" cb="0" />
      <line nr="294" mi="1" ci="0" mb="0" cb="0" />
      <line nr="297" mi="1" ci="0" mb="0" cb="0" />
      <line nr="298" mi="1" ci="0" mb="0" cb="0" />
      <line nr="313" mi="1" ci="0" mb="0" cb="0" />
      <line nr="315" mi="1" ci="0" mb="0" cb="0" />
      <line nr="317" mi="1" ci="0" mb="0" cb="0" />
      <line nr="320" mi="1" ci="0" mb="0" cb="0" />
      <line nr="322" mi="1" ci="0" mb="0" cb="0" />
      <line nr="325" mi="1" ci="0" mb="0" cb="0" />
      <line nr="326" mi="2" ci="0" mb="0" cb="0" />
      <line nr="327" mi="2" ci="0" mb="0" cb="0" />
      <line nr="328" mi="1" ci="0" mb="0" cb="0" />
      <line nr="329" mi="1" ci="0" mb="0" cb="0" />
      <line nr="331" mi="1" ci="0" mb="0" cb="0" />
      <line nr="332" mi="1" ci="0" mb="0" cb="0" />
      <line nr="338" mi="1" ci="0" mb="0" cb="0" />
      <line nr="339" mi="1" ci="0" mb="0" cb="0" />
      <line nr="344" mi="1" ci="0" mb="0" cb="0" />
      <line nr="345" mi="1" ci="0" mb="0" cb="0" />
      <line nr="350" mi="1" ci="0" mb="0" cb="0" />
      <line nr="364" mi="1" ci="0" mb="0" cb="0" />
      <line nr="368" mi="1" ci="0" mb="0" cb="0" />
      <line nr="369" mi="1" ci="0" mb="0" cb="0" />
      <line nr="374" mi="1" ci="0" mb="0" cb="0" />
      <line nr="376" mi="1" ci="0" mb="0" cb="0" />
      <line nr="377" mi="1" ci="0" mb="0" cb="0" />
      <line nr="378" mi="1" ci="0" mb="0" cb="0" />
      <line nr="381" mi="1" ci="0" mb="0" cb="0" />
      <line nr="382" mi="1" ci="0" mb="0" cb="0" />
      <line nr="383" mi="1" ci="0" mb="0" cb="0" />
      <line nr="384" mi="1" ci="0" mb="0" cb="0" />
      <line nr="385" mi="1" ci="0" mb="0" cb="0" />
      <line nr="389" mi="1" ci="0" mb="0" cb="0" />
      <line nr="390" mi="1" ci="0" mb="0" cb="0" />
      <line nr="391" mi="1" ci="0" mb="0" cb="0" />
      <line nr="392" mi="1" ci="0" mb="0" cb="0" />
      <line nr="393" mi="1" ci="0" mb="0" cb="0" />
      <line nr="399" mi="1" ci="0" mb="0" cb="0" />
      <line nr="400" mi="1" ci="0" mb="0" cb="0" />
      <line nr="415" mi="1" ci="0" mb="0" cb="0" />
      <line nr="417" mi="1" ci="0" mb="0" cb="0" />
      <line nr="420" mi="1" ci="0" mb="0" cb="0" />
      <line nr="423" mi="1" ci="0" mb="0" cb="0" />
      <line nr="426" mi="1" ci="0" mb="0" cb="0" />
      <line nr="429" mi="1" ci="0" mb="0" cb="0" />
      <line nr="432" mi="1" ci="0" mb="0" cb="0" />
      <line nr="435" mi="1" ci="0" mb="0" cb="0" />
      <line nr="451" mi="5" ci="0" mb="0" cb="0" />
      <line nr="462" mi="5" ci="0" mb="0" cb="0" />
      <line nr="473" mi="5" ci="0" mb="0" cb="0" />
      <line nr="484" mi="5" ci="0" mb="0" cb="0" />
      <line nr="495" mi="4" ci="0" mb="0" cb="0" />
      <line nr="506" mi="5" ci="0" mb="0" cb="0" />
      <line nr="517" mi="1" ci="0" mb="0" cb="0" />
      <line nr="518" mi="1" ci="0" mb="0" cb="0" />
      <line nr="519" mi="1" ci="0" mb="0" cb="0" />
      <line nr="521" mi="1" ci="0" mb="0" cb="0" />
      <line nr="522" mi="3" ci="0" mb="0" cb="0" />
      <line nr="533" mi="1" ci="0" mb="0" cb="0" />
      <line nr="534" mi="4" ci="0" mb="0" cb="0" />
      <line nr="535" mi="4" ci="0" mb="0" cb="0" />
      <line nr="536" mi="1" ci="0" mb="0" cb="0" />
      <line nr="537" mi="5" ci="0" mb="0" cb="0" />
      <line nr="540" mi="1" ci="0" mb="0" cb="0" />
      <line nr="550" mi="1" ci="0" mb="0" cb="0" />
      <line nr="552" mi="1" ci="0" mb="0" cb="0" />
      <line nr="553" mi="1" ci="0" mb="0" cb="0" />
      <line nr="554" mi="1" ci="0" mb="0" cb="0" />
      <line nr="556" mi="1" ci="0" mb="0" cb="0" />
      <line nr="560" mi="1" ci="0" mb="0" cb="0" />
      <line nr="568" mi="1" ci="0" mb="0" cb="0" />
      <line nr="569" mi="1" ci="0" mb="0" cb="0" />
      <line nr="570" mi="1" ci="0" mb="0" cb="0" />
      <line nr="571" mi="1" ci="0" mb="0" cb="0" />
      <line nr="572" mi="1" ci="0" mb="0" cb="0" />
      <line nr="573" mi="1" ci="0" mb="0" cb="0" />
      <line nr="578" mi="1" ci="0" mb="0" cb="0" />
      <line nr="579" mi="1" ci="0" mb="0" cb="0" />
      <counter type="INSTRUCTION" missed="289" covered="0" />
      <counter type="LINE" missed="225" covered="0" />
      <counter type="METHOD" missed="18" covered="0" />
      <counter type="CLASS" missed="1" covered="0" />
    </sourcefile>
    <counter type="INSTRUCTION" missed="768" covered="0" />
    <counter type="LINE" missed="593" covered="0" />
    <counter type="METHOD" missed="36" covered="0" />
    <counter type="CLASS" missed="3" covered="0" />
  </package>
  <package name="domains/automation">
    <class name="domains/automation/DeploymentAutomation" sourcefilename="automation/DeploymentAutomation.psm1">
      <method name="&lt;script&gt;" desc="()" line="12">
        <counter type="INSTRUCTION" missed="16" covered="0" />
        <counter type="LINE" missed="15" covered="0" />
        <counter type="METHOD" missed="1" covered="0" />
      </method>
      <method name="Write-AutomationLog" desc="()" line="46">
        <counter type="INSTRUCTION" missed="11" covered="0" />
        <counter type="LINE" missed="11" covered="0" />
        <counter type="METHOD" missed="1" covered="0" />
      </method>
      <method name="Get-DeploymentPlatform" desc="()" line="66">
        <counter type="INSTRUCTION" missed="7" covered="0" />
        <counter type="LINE" missed="7" covered="0" />
        <counter type="METHOD" missed="1" covered="0" />
      </method>
      <method name="Start-DeploymentAutomation" desc="()" line="136">
        <counter type="INSTRUCTION" missed="30" covered="0" />
        <counter type="LINE" missed="24" covered="0" />
        <counter type="METHOD" missed="1" covered="0" />
      </method>
      <method name="Resolve-DeploymentConfiguration" desc="()" line="194">
        <counter type="INSTRUCTION" missed="13" covered="0" />
        <counter type="LINE" missed="12" covered="0" />
        <counter type="METHOD" missed="1" covered="0" />
      </method>
      <method name="Get-AutomationScripts" desc="()" line="222">
        <counter type="INSTRUCTION" missed="25" covered="0" />
        <counter type="LINE" missed="21" covered="0" />
        <counter type="METHOD" missed="1" covered="0" />
      </method>
      <method name="Get-ScriptMetadata" desc="()" line="265">
        <counter type="INSTRUCTION" missed="18" covered="0" />
        <counter type="LINE" missed="16" covered="0" />
        <counter type="METHOD" missed="1" covered="0" />
      </method>
      <method name="Test-DeploymentEnvironment" desc="()" line="299">
        <counter type="INSTRUCTION" missed="21" covered="0" />
        <counter type="LINE" missed="19" covered="0" />
        <counter type="METHOD" missed="1" covered="0" />
      </method>
      <method name="New-ExecutionPlan" desc="()" line="348">
        <counter type="INSTRUCTION" missed="10" covered="0" />
        <counter type="LINE" missed="10" covered="0" />
        <counter type="METHOD" missed="1" covered="0" />
      </method>
      <method name="Test-DependencyNode" desc="()" line="364">
        <counter type="INSTRUCTION" missed="15" covered="0" />
        <counter type="LINE" missed="13" covered="0" />
        <counter type="METHOD" missed="1" covered="0" />
      </method>
      <method name="Invoke-ParallelExecution" desc="()" line="405">
        <counter type="INSTRUCTION" missed="82" covered="0" />
        <counter type="LINE" missed="67" covered="0" />
        <counter type="METHOD" missed="1" covered="0" />
      </method>
      <method name="Invoke-SequentialExecution" desc="()" line="539">
        <counter type="INSTRUCTION" missed="35" covered="0" />
        <counter type="LINE" missed="29" covered="0" />
        <counter type="METHOD" missed="1" covered="0" />
      </method>
      <method name="Get-ExecutionSummary" desc="()" line="594">
        <counter type="INSTRUCTION" missed="15" covered="0" />
        <counter type="LINE" missed="9" covered="0" />
        <counter type="METHOD" missed="1" covered="0" />
      </method>
      <method name="Write-DeploymentSummary" desc="()" line="614">
        <counter type="INSTRUCTION" missed="18" covered="0" />
        <counter type="LINE" missed="8" covered="0" />
        <counter type="METHOD" missed="1" covered="0" />
      </method>
      <counter type="INSTRUCTION" missed="316" covered="0" />
      <counter type="LINE" missed="261" covered="0" />
      <counter type="METHOD" missed="14" covered="0" />
      <counter type="CLASS" missed="1" covered="0" />
    </class>
    <class name="domains/automation/OrchestrationEngine" sourcefilename="automation/OrchestrationEngine.psm1">
      <method name="&lt;script&gt;" desc="()" line="14">
        <counter type="INSTRUCTION" missed="19" covered="0" />
        <counter type="LINE" missed="18" covered="0" />
        <counter type="METHOD" missed="1" covered="0" />
      </method>
      <method name="Write-OrchestrationLog" desc="()" line="38">
        <counter type="INSTRUCTION" missed="4" covered="0" />
        <counter type="LINE" missed="4" covered="0" />
        <counter type="METHOD" missed="1" covered="0" />
      </method>
      <method name="Invoke-OrchestrationSequence" desc="()" line="168">
        <counter type="INSTRUCTION" missed="140" covered="0" />
        <counter type="LINE" missed="116" covered="0" />
        <counter type="METHOD" missed="1" covered="0" />
      </method>
      <method name="ConvertTo-ScriptNumbers" desc="()" line="426">
        <counter type="INSTRUCTION" missed="65" covered="0" />
        <counter type="LINE" missed="46" covered="0" />
        <counter type="METHOD" missed="1" covered="0" />
      </method>
      <method name="Expand-PlaybookVariables" desc="()" line="512">
        <counter type="INSTRUCTION" missed="12" covered="0" />
        <counter type="LINE" missed="11" covered="0" />
        <counter type="METHOD" missed="1" covered="0" />
      </method>
      <method name="Get-OrchestrationScripts" desc="()" line="540">
        <counter type="INSTRUCTION" missed="47" covered="0" />
        <counter type="LINE" missed="38" covered="0" />
        <counter type="METHOD" missed="1" covered="0" />
      </method>
      <method name="Get-ScriptMetadata" desc="()" line="616">
        <counter type="INSTRUCTION" missed="19" covered="0" />
        <counter type="LINE" missed="19" covered="0" />
        <counter type="METHOD" missed="1" covered="0" />
      </method>
      <method name="Test-OrchestrationCondition" desc="()" line="662">
        <counter type="INSTRUCTION" missed="8" covered="0" />
        <counter type="LINE" missed="8" covered="0" />
        <counter type="METHOD" missed="1" covered="0" />
      </method>
      <method name="Test-PlaybookConditions" desc="()" line="693">
        <counter type="INSTRUCTION" missed="30" covered="0" />
        <counter type="LINE" missed="21" covered="0" />
        <counter type="METHOD" missed="1" covered="0" />
      </method>
      <method name="Send-PlaybookNotification" desc="()" line="749">
        <counter type="INSTRUCTION" missed="20" covered="0" />
        <counter type="LINE" missed="17" covered="0" />
        <counter type="METHOD" missed="1" covered="0" />
      </method>
      <method name="Show-OrchestrationPlan" desc="()" line="795">
        <counter type="INSTRUCTION" missed="25" covered="0" />
        <counter type="LINE" missed="15" covered="0" />
        <counter type="METHOD" missed="1" covered="0" />
      </method>
      <method name="Invoke-ParallelOrchestration" desc="()" line="832">
        <counter type="INSTRUCTION" missed="90" covered="0" />
        <counter type="LINE" missed="64" covered="0" />
        <counter type="METHOD" missed="1" covered="0" />
      </method>
      <method name="Invoke-SequentialOrchestration" desc="()" line="976">
        <counter type="INSTRUCTION" missed="116" covered="0" />
        <counter type="LINE" missed="84" covered="0" />
        <counter type="METHOD" missed="1" covered="0" />
      </method>
      <method name="Build-DependencyGraph" desc="()" line="1130">
        <counter type="INSTRUCTION" missed="16" covered="0" />
        <counter type="LINE" missed="13" covered="0" />
        <counter type="METHOD" missed="1" covered="0" />
      </method>
      <method name="Test-DependenciesMet" desc="()" line="1163">
        <counter type="INSTRUCTION" missed="7" covered="0" />
        <counter type="LINE" missed="6" covered="0" />
        <counter type="METHOD" missed="1" covered="0" />
      </method>
      <method name="Get-OrchestrationConfiguration" desc="()" line="1178">
        <counter type="INSTRUCTION" missed="47" covered="0" />
        <counter type="LINE" missed="47" covered="0" />
        <counter type="METHOD" missed="1" covered="0" />
      </method>
      <method name="Save-OrchestrationPlaybook" desc="()" line="1274">
        <counter type="INSTRUCTION" missed="24" covered="0" />
        <counter type="LINE" missed="19" covered="0" />
        <counter type="METHOD" missed="1" covered="0" />
      </method>
      <method name="ConvertTo-StandardPlaybookFormat" desc="()" line="1319">
        <counter type="INSTRUCTION" missed="57" covered="0" />
        <counter type="LINE" missed="43" covered="0" />
        <counter type="METHOD" missed="1" covered="0" />
      </method>
      <method name="Get-OrchestrationPlaybook" desc="()" line="1401">
        <counter type="INSTRUCTION" missed="13" covered="0" />
        <counter type="LINE" missed="10" covered="0" />
        <counter type="METHOD" missed="1" covered="0" />
      </method>
      <method name="Invoke-Sequence" desc="()" line="1441">
        <counter type="INSTRUCTION" missed="1" covered="0" />
        <counter type="LINE" missed="1" covered="0" />
        <counter type="METHOD" missed="1" covered="0" />
      </method>
      <counter type="INSTRUCTION" missed="760" covered="0" />
      <counter type="LINE" missed="600" covered="0" />
      <counter type="METHOD" missed="20" covered="0" />
      <counter type="CLASS" missed="1" covered="0" />
    </class>
    <sourcefile name="automation/DeploymentAutomation.psm1">
      <line nr="12" mi="1" ci="0" mb="0" cb="0" />
      <line nr="13" mi="2" ci="0" mb="0" cb="0" />
      <line nr="14" mi="1" ci="0" mb="0" cb="0" />
      <line nr="15" mi="1" ci="0" mb="0" cb="0" />
      <line nr="18" mi="1" ci="0" mb="0" cb="0" />
      <line nr="22" mi="1" ci="0" mb="0" cb="0" />
      <line nr="23" mi="1" ci="0" mb="0" cb="0" />
      <line nr="24" mi="1" ci="0" mb="0" cb="0" />
      <line nr="25" mi="1" ci="0" mb="0" cb="0" />
      <line nr="26" mi="1" ci="0" mb="0" cb="0" />
      <line nr="27" mi="1" ci="0" mb="0" cb="0" />
      <line nr="28" mi="1" ci="0" mb="0" cb="0" />
      <line nr="31" mi="1" ci="0" mb="0" cb="0" />
      <line nr="46" mi="1" ci="0" mb="0" cb="0" />
      <line nr="47" mi="1" ci="0" mb="0" cb="0" />
      <line nr="50" mi="1" ci="0" mb="0" cb="0" />
      <line nr="51" mi="1" ci="0" mb="0" cb="0" />
      <line nr="52" mi="1" ci="0" mb="0" cb="0" />
      <line nr="53" mi="1" ci="0" mb="0" cb="0" />
      <line nr="54" mi="1" ci="0" mb="0" cb="0" />
      <line nr="55" mi="1" ci="0" mb="0" cb="0" />
      <line nr="56" mi="1" ci="0" mb="0" cb="0" />
      <line nr="57" mi="1" ci="0" mb="0" cb="0" />
      <line nr="60" mi="1" ci="0" mb="0" cb="0" />
      <line nr="66" mi="1" ci="0" mb="0" cb="0" />
      <line nr="67" mi="1" ci="0" mb="0" cb="0" />
      <line nr="69" mi="1" ci="0" mb="0" cb="0" />
      <line nr="70" mi="1" ci="0" mb="0" cb="0" />
      <line nr="72" mi="1" ci="0" mb="0" cb="0" />
      <line nr="73" mi="1" ci="0" mb="0" cb="0" />
      <line nr="76" mi="1" ci="0" mb="0" cb="0" />
      <line nr="136" mi="1" ci="0" mb="0" cb="0" />
      <line nr="137" mi="2" ci="0" mb="0" cb="0" />
      <line nr="138" mi="1" ci="0" mb="0" cb="0" />
      <line nr="142" mi="1" ci="0" mb="0" cb="0" />
      <line nr="145" mi="1" ci="0" mb="0" cb="0" />
      <line nr="146" mi="1" ci="0" mb="0" cb="0" />
      <line nr="149" mi="2" ci="0" mb="0" cb="0" />
      <line nr="152" mi="1" ci="0" mb="0" cb="0" />
      <line nr="153" mi="1" ci="0" mb="0" cb="0" />
      <line nr="157" mi="1" ci="0" mb="0" cb="0" />
      <line nr="159" mi="1" ci="0" mb="0" cb="0" />
      <line nr="160" mi="1" ci="0" mb="0" cb="0" />
      <line nr="161" mi="2" ci="0" mb="0" cb="0" />
      <line nr="162" mi="3" ci="0" mb="0" cb="0" />
      <line nr="164" mi="1" ci="0" mb="0" cb="0" />
      <line nr="168" mi="1" ci="0" mb="0" cb="0" />
      <line nr="169" mi="1" ci="0" mb="0" cb="0" />
      <line nr="171" mi="1" ci="0" mb="0" cb="0" />
      <line nr="175" mi="1" ci="0" mb="0" cb="0" />
      <line nr="176" mi="1" ci="0" mb="0" cb="0" />
      <line nr="178" mi="1" ci="0" mb="0" cb="0" />
      <line nr="179" mi="2" ci="0" mb="0" cb="0" />
      <line nr="182" mi="1" ci="0" mb="0" cb="0" />
      <line nr="185" mi="1" ci="0" mb="0" cb="0" />
      <line nr="194" mi="1" ci="0" mb="0" cb="0" />
      <line nr="195" mi="1" ci="0" mb="0" cb="0" />
      <line nr="196" mi="1" ci="0" mb="0" cb="0" />
      <line nr="197" mi="2" ci="0" mb="0" cb="0" />
      <line nr="199" mi="1" ci="0" mb="0" cb="0" />
      <line nr="201" mi="1" ci="0" mb="0" cb="0" />
      <line nr="202" mi="1" ci="0" mb="0" cb="0" />
      <line nr="203" mi="1" ci="0" mb="0" cb="0" />
      <line nr="205" mi="1" ci="0" mb="0" cb="0" />
      <line nr="206" mi="1" ci="0" mb="0" cb="0" />
      <line nr="208" mi="1" ci="0" mb="0" cb="0" />
      <line nr="210" mi="1" ci="0" mb="0" cb="0" />
      <line nr="222" mi="1" ci="0" mb="0" cb="0" />
      <line nr="225" mi="1" ci="0" mb="0" cb="0" />
      <line nr="226" mi="1" ci="0" mb="0" cb="0" />
      <line nr="227" mi="1" ci="0" mb="0" cb="0" />
      <line nr="228" mi="1" ci="0" mb="0" cb="0" />
      <line nr="234" mi="2" ci="0" mb="0" cb="0" />
      <line nr="235" mi="1" ci="0" mb="0" cb="0" />
      <line nr="237" mi="1" ci="0" mb="0" cb="0" />
      <line nr="238" mi="2" ci="0" mb="0" cb="0" />
      <line nr="239" mi="1" ci="0" mb="0" cb="0" />
      <line nr="241" mi="1" ci="0" mb="0" cb="0" />
      <line nr="243" mi="1" ci="0" mb="0" cb="0" />
      <line nr="245" mi="1" ci="0" mb="0" cb="0" />
      <line nr="246" mi="1" ci="0" mb="0" cb="0" />
      <line nr="247" mi="1" ci="0" mb="0" cb="0" />
      <line nr="248" mi="1" ci="0" mb="0" cb="0" />
      <line nr="249" mi="1" ci="0" mb="0" cb="0" />
      <line nr="250" mi="1" ci="0" mb="0" cb="0" />
      <line nr="251" mi="1" ci="0" mb="0" cb="0" />
      <line nr="252" mi="1" ci="0" mb="0" cb="0" />
      <line nr="258" mi="3" ci="0" mb="0" cb="0" />
      <line nr="265" mi="1" ci="0" mb="0" cb="0" />
      <line nr="266" mi="1" ci="0" mb="0" cb="0" />
      <line nr="267" mi="1" ci="0" mb="0" cb="0" />
      <line nr="268" mi="1" ci="0" mb="0" cb="0" />
      <line nr="269" mi="1" ci="0" mb="0" cb="0" />
      <line nr="273" mi="1" ci="0" mb="0" cb="0" />
      <line nr="274" mi="1" ci="0" mb="0" cb="0" />
      <line nr="275" mi="1" ci="0" mb="0" cb="0" />
      <line nr="279" mi="1" ci="0" mb="0" cb="0" />
      <line nr="280" mi="1" ci="0" mb="0" cb="0" />
      <line nr="281" mi="1" ci="0" mb="0" cb="0" />
      <line nr="282" mi="1" ci="0" mb="0" cb="0" />
      <line nr="284" mi="1" ci="0" mb="0" cb="0" />
      <line nr="285" mi="3" ci="0" mb="0" cb="0" />
      <line nr="287" mi="1" ci="0" mb="0" cb="0" />
      <line nr="292" mi="1" ci="0" mb="0" cb="0" />
      <line nr="299" mi="1" ci="0" mb="0" cb="0" />
      <line nr="302" mi="1" ci="0" mb="0" cb="0" />
      <line nr="303" mi="1" ci="0" mb="0" cb="0" />
      <line nr="307" mi="2" ci="0" mb="0" cb="0" />
      <line nr="308" mi="1" ci="0" mb="0" cb="0" />
      <line nr="309" mi="1" ci="0" mb="0" cb="0" />
      <line nr="312" mi="1" ci="0" mb="0" cb="0" />
      <line nr="313" mi="2" ci="0" mb="0" cb="0" />
      <line nr="314" mi="1" ci="0" mb="0" cb="0" />
      <line nr="315" mi="1" ci="0" mb="0" cb="0" />
      <line nr="320" mi="1" ci="0" mb="0" cb="0" />
      <line nr="321" mi="1" ci="0" mb="0" cb="0" />
      <line nr="324" mi="1" ci="0" mb="0" cb="0" />
      <line nr="325" mi="1" ci="0" mb="0" cb="0" />
      <line nr="326" mi="1" ci="0" mb="0" cb="0" />
      <line nr="331" mi="1" ci="0" mb="0" cb="0" />
      <line nr="332" mi="1" ci="0" mb="0" cb="0" />
      <line nr="333" mi="1" ci="0" mb="0" cb="0" />
      <line nr="334" mi="1" ci="0" mb="0" cb="0" />
      <line nr="348" mi="1" ci="0" mb="0" cb="0" />
      <line nr="351" mi="1" ci="0" mb="0" cb="0" />
      <line nr="352" mi="1" ci="0" mb="0" cb="0" />
      <line nr="353" mi="1" ci="0" mb="0" cb="0" />
      <line nr="357" mi="1" ci="0" mb="0" cb="0" />
      <line nr="358" mi="1" ci="0" mb="0" cb="0" />
      <line nr="359" mi="1" ci="0" mb="0" cb="0" />
      <line nr="364" mi="1" ci="0" mb="0" cb="0" />
      <line nr="365" mi="1" ci="0" mb="0" cb="0" />
      <line nr="368" mi="1" ci="0" mb="0" cb="0" />
      <line nr="369" mi="1" ci="0" mb="0" cb="0" />
      <line nr="371" mi="1" ci="0" mb="0" cb="0" />
      <line nr="372" mi="1" ci="0" mb="0" cb="0" />
      <line nr="373" mi="1" ci="0" mb="0" cb="0" />
      <line nr="374" mi="1" ci="0" mb="0" cb="0" />
      <line nr="379" mi="1" ci="0" mb="0" cb="0" />
      <line nr="380" mi="1" ci="0" mb="0" cb="0" />
      <line nr="382" mi="3" ci="0" mb="0" cb="0" />
      <line nr="383" mi="1" ci="0" mb="0" cb="0" />
      <line nr="384" mi="1" ci="0" mb="0" cb="0" />
      <line nr="389" mi="1" ci="0" mb="0" cb="0" />
      <line nr="390" mi="1" ci="0" mb="0" cb="0" />
      <line nr="393" mi="1" ci="0" mb="0" cb="0" />
      <line nr="405" mi="1" ci="0" mb="0" cb="0" />
      <line nr="407" mi="1" ci="0" mb="0" cb="0" />
      <line nr="408" mi="1" ci="0" mb="0" cb="0" />
      <line nr="409" mi="1" ci="0" mb="0" cb="0" />
      <line nr="410" mi="1" ci="0" mb="0" cb="0" />
      <line nr="411" mi="1" ci="0" mb="0" cb="0" />
      <line nr="413" mi="1" ci="0" mb="0" cb="0" />
      <line nr="415" mi="1" ci="0" mb="0" cb="0" />
      <line nr="417" mi="1" ci="0" mb="0" cb="0" />
      <line nr="418" mi="1" ci="0" mb="0" cb="0" />
      <line nr="421" mi="1" ci="0" mb="0" cb="0" />
      <line nr="422" mi="1" ci="0" mb="0" cb="0" />
      <line nr="423" mi="1" ci="0" mb="0" cb="0" />
      <line nr="424" mi="1" ci="0" mb="0" cb="0" />
      <line nr="429" mi="1" ci="0" mb="0" cb="0" />
      <line nr="430" mi="2" ci="0" mb="0" cb="0" />
      <line nr="432" mi="2" ci="0" mb="0" cb="0" />
      <line nr="434" mi="1" ci="0" mb="0" cb="0" />
      <line nr="437" mi="1" ci="0" mb="0" cb="0" />
      <line nr="439" mi="1" ci="0" mb="0" cb="0" />
      <line nr="440" mi="1" ci="0" mb="0" cb="0" />
      <line nr="441" mi="1" ci="0" mb="0" cb="0" />
      <line nr="442" mi="1" ci="0" mb="0" cb="0" />
      <line nr="443" mi="1" ci="0" mb="0" cb="0" />
      <line nr="444" mi="1" ci="0" mb="0" cb="0" />
      <line nr="448" mi="1" ci="0" mb="0" cb="0" />
      <line nr="449" mi="2" ci="0" mb="0" cb="0" />
      <line nr="450" mi="1" ci="0" mb="0" cb="0" />
      <line nr="451" mi="1" ci="0" mb="0" cb="0" />
      <line nr="452" mi="1" ci="0" mb="0" cb="0" />
      <line nr="456" mi="1" ci="0" mb="0" cb="0" />
      <line nr="457" mi="1" ci="0" mb="0" cb="0" />
      <line nr="458" mi="1" ci="0" mb="0" cb="0" />
      <line nr="460" mi="1" ci="0" mb="0" cb="0" />
      <line nr="462" mi="1" ci="0" mb="0" cb="0" />
      <line nr="463" mi="1" ci="0" mb="0" cb="0" />
      <line nr="466" mi="1" ci="0" mb="0" cb="0" />
      <line nr="470" mi="1" ci="0" mb="0" cb="0" />
      <line nr="471" mi="1" ci="0" mb="0" cb="0" />
      <line nr="472" mi="1" ci="0" mb="0" cb="0" />
      <line nr="476" mi="2" ci="0" mb="0" cb="0" />
      <line nr="479" mi="1" ci="0" mb="0" cb="0" />
      <line nr="480" mi="2" ci="0" mb="0" cb="0" />
      <line nr="486" mi="3" ci="0" mb="0" cb="0" />
      <line nr="488" mi="1" ci="0" mb="0" cb="0" />
      <line nr="489" mi="1" ci="0" mb="0" cb="0" />
      <line nr="490" mi="1" ci="0" mb="0" cb="0" />
      <line nr="493" mi="1" ci="0" mb="0" cb="0" />
      <line nr="494" mi="1" ci="0" mb="0" cb="0" />
      <line nr="495" mi="1" ci="0" mb="0" cb="0" />
      <line nr="497" mi="1" ci="0" mb="0" cb="0" />
      <line nr="498" mi="3" ci="0" mb="0" cb="0" />
      <line nr="500" mi="3" ci="0" mb="0" cb="0" />
      <line nr="503" mi="2" ci="0" mb="0" cb="0" />
      <line nr="504" mi="1" ci="0" mb="0" cb="0" />
      <line nr="505" mi="1" ci="0" mb="0" cb="0" />
      <line nr="506" mi="1" ci="0" mb="0" cb="0" />
      <line nr="507" mi="1" ci="0" mb="0" cb="0" />
      <line nr="509" mi="1" ci="0" mb="0" cb="0" />
      <line nr="511" mi="1" ci="0" mb="0" cb="0" />
      <line nr="512" mi="1" ci="0" mb="0" cb="0" />
      <line nr="517" mi="2" ci="0" mb="0" cb="0" />
      <line nr="518" mi="1" ci="0" mb="0" cb="0" />
      <line nr="519" mi="3" ci="0" mb="0" cb="0" />
      <line nr="523" mi="1" ci="0" mb="0" cb="0" />
      <line nr="524" mi="1" ci="0" mb="0" cb="0" />
      <line nr="528" mi="1" ci="0" mb="0" cb="0" />
      <line nr="539" mi="1" ci="0" mb="0" cb="0" />
      <line nr="540" mi="1" ci="0" mb="0" cb="0" />
      <line nr="541" mi="1" ci="0" mb="0" cb="0" />
      <line nr="543" mi="1" ci="0" mb="0" cb="0" />
      <line nr="545" mi="1" ci="0" mb="0" cb="0" />
      <line nr="546" mi="2" ci="0" mb="0" cb="0" />
      <line nr="548" mi="1" ci="0" mb="0" cb="0" />
      <line nr="549" mi="1" ci="0" mb="0" cb="0" />
      <line nr="550" mi="1" ci="0" mb="0" cb="0" />
      <line nr="551" mi="1" ci="0" mb="0" cb="0" />
      <line nr="552" mi="1" ci="0" mb="0" cb="0" />
      <line nr="553" mi="1" ci="0" mb="0" cb="0" />
      <line nr="557" mi="1" ci="0" mb="0" cb="0" />
      <line nr="558" mi="2" ci="0" mb="0" cb="0" />
      <line nr="559" mi="1" ci="0" mb="0" cb="0" />
      <line nr="560" mi="1" ci="0" mb="0" cb="0" />
      <line nr="561" mi="1" ci="0" mb="0" cb="0" />
      <line nr="565" mi="1" ci="0" mb="0" cb="0" />
      <line nr="566" mi="1" ci="0" mb="0" cb="0" />
      <line nr="567" mi="1" ci="0" mb="0" cb="0" />
      <line nr="569" mi="1" ci="0" mb="0" cb="0" />
      <line nr="570" mi="2" ci="0" mb="0" cb="0" />
      <line nr="572" mi="1" ci="0" mb="0" cb="0" />
      <line nr="573" mi="1" ci="0" mb="0" cb="0" />
      <line nr="576" mi="1" ci="0" mb="0" cb="0" />
      <line nr="578" mi="3" ci="0" mb="0" cb="0" />
      <line nr="581" mi="2" ci="0" mb="0" cb="0" />
      <line nr="582" mi="1" ci="0" mb="0" cb="0" />
      <line nr="587" mi="1" ci="0" mb="0" cb="0" />
      <line nr="594" mi="1" ci="0" mb="0" cb="0" />
      <line nr="595" mi="1" ci="0" mb="0" cb="0" />
      <line nr="596" mi="4" ci="0" mb="0" cb="0" />
      <line nr="597" mi="4" ci="0" mb="0" cb="0" />
      <line nr="598" mi="1" ci="0" mb="0" cb="0" />
      <line nr="601" mi="1" ci="0" mb="0" cb="0" />
      <line nr="602" mi="1" ci="0" mb="0" cb="0" />
      <line nr="603" mi="1" ci="0" mb="0" cb="0" />
      <line nr="607" mi="1" ci="0" mb="0" cb="0" />
      <line nr="614" mi="2" ci="0" mb="0" cb="0" />
      <line nr="615" mi="1" ci="0" mb="0" cb="0" />
      <line nr="616" mi="2" ci="0" mb="0" cb="0" />
      <line nr="618" mi="2" ci="0" mb="0" cb="0" />
      <line nr="619" mi="2" ci="0" mb="0" cb="0" />
      <line nr="620" mi="5" ci="0" mb="0" cb="0" />
      <line nr="621" mi="2" ci="0" mb="0" cb="0" />
      <line nr="623" mi="2" ci="0" mb="0" cb="0" />
      <line nr="627" mi="1" ci="0" mb="0" cb="0" />
      <line nr="628" mi="1" ci="0" mb="0" cb="0" />
      <counter type="INSTRUCTION" missed="316" covered="0" />
      <counter type="LINE" missed="261" covered="0" />
      <counter type="METHOD" missed="14" covered="0" />
      <counter type="CLASS" missed="1" covered="0" />
    </sourcefile>
    <sourcefile name="automation/OrchestrationEngine.psm1">
      <line nr="14" mi="2" ci="0" mb="0" cb="0" />
      <line nr="15" mi="1" ci="0" mb="0" cb="0" />
      <line nr="16" mi="1" ci="0" mb="0" cb="0" />
      <line nr="19" mi="1" ci="0" mb="0" cb="0" />
      <line nr="21" mi="1" ci="0" mb="0" cb="0" />
      <line nr="22" mi="1" ci="0" mb="0" cb="0" />
      <line nr="23" mi="1" ci="0" mb="0" cb="0" />
      <line nr="24" mi="1" ci="0" mb="0" cb="0" />
      <line nr="38" mi="1" ci="0" mb="0" cb="0" />
      <line nr="39" mi="1" ci="0" mb="0" cb="0" />
      <line nr="41" mi="1" ci="0" mb="0" cb="0" />
      <line nr="42" mi="1" ci="0" mb="0" cb="0" />
      <line nr="168" mi="1" ci="0" mb="0" cb="0" />
      <line nr="171" mi="1" ci="0" mb="0" cb="0" />
      <line nr="174" mi="1" ci="0" mb="0" cb="0" />
      <line nr="175" mi="1" ci="0" mb="0" cb="0" />
      <line nr="179" mi="1" ci="0" mb="0" cb="0" />
      <line nr="180" mi="1" ci="0" mb="0" cb="0" />
      <line nr="184" mi="1" ci="0" mb="0" cb="0" />
      <line nr="185" mi="1" ci="0" mb="0" cb="0" />
      <line nr="189" mi="1" ci="0" mb="0" cb="0" />
      <line nr="190" mi="1" ci="0" mb="0" cb="0" />
      <line nr="195" mi="1" ci="0" mb="0" cb="0" />
      <line nr="196" mi="1" ci="0" mb="0" cb="0" />
      <line nr="197" mi="1" ci="0" mb="0" cb="0" />
      <line nr="198" mi="1" ci="0" mb="0" cb="0" />
      <line nr="202" mi="1" ci="0" mb="0" cb="0" />
      <line nr="203" mi="1" ci="0" mb="0" cb="0" />
      <line nr="204" mi="1" ci="0" mb="0" cb="0" />
      <line nr="205" mi="1" ci="0" mb="0" cb="0" />
      <line nr="206" mi="1" ci="0" mb="0" cb="0" />
      <line nr="209" mi="1" ci="0" mb="0" cb="0" />
      <line nr="210" mi="1" ci="0" mb="0" cb="0" />
      <line nr="211" mi="1" ci="0" mb="0" cb="0" />
      <line nr="212" mi="2" ci="0" mb="0" cb="0" />
      <line nr="215" mi="1" ci="0" mb="0" cb="0" />
      <line nr="216" mi="1" ci="0" mb="0" cb="0" />
      <line nr="217" mi="1" ci="0" mb="0" cb="0" />
      <line nr="222" mi="1" ci="0" mb="0" cb="0" />
      <line nr="223" mi="1" ci="0" mb="0" cb="0" />
      <line nr="224" mi="1" ci="0" mb="0" cb="0" />
      <line nr="228" mi="1" ci="0" mb="0" cb="0" />
      <line nr="229" mi="1" ci="0" mb="0" cb="0" />
      <line nr="234" mi="1" ci="0" mb="0" cb="0" />
      <line nr="235" mi="1" ci="0" mb="0" cb="0" />
      <line nr="239" mi="1" ci="0" mb="0" cb="0" />
      <line nr="241" mi="3" ci="0" mb="0" cb="0" />
      <line nr="244" mi="1" ci="0" mb="0" cb="0" />
      <line nr="245" mi="1" ci="0" mb="0" cb="0" />
      <line nr="246" mi="3" ci="0" mb="0" cb="0" />
      <line nr="247" mi="1" ci="0" mb="0" cb="0" />
      <line nr="248" mi="1" ci="0" mb="0" cb="0" />
      <line nr="251" mi="2" ci="0" mb="0" cb="0" />
      <line nr="252" mi="3" ci="0" mb="0" cb="0" />
      <line nr="256" mi="1" ci="0" mb="0" cb="0" />
      <line nr="257" mi="1" ci="0" mb="0" cb="0" />
      <line nr="258" mi="1" ci="0" mb="0" cb="0" />
      <line nr="259" mi="1" ci="0" mb="0" cb="0" />
      <line nr="262" mi="1" ci="0" mb="0" cb="0" />
      <line nr="263" mi="1" ci="0" mb="0" cb="0" />
      <line nr="264" mi="1" ci="0" mb="0" cb="0" />
      <line nr="269" mi="3" ci="0" mb="0" cb="0" />
      <line nr="270" mi="3" ci="0" mb="0" cb="0" />
      <line nr="273" mi="1" ci="0" mb="0" cb="0" />
      <line nr="274" mi="1" ci="0" mb="0" cb="0" />
      <line nr="275" mi="1" ci="0" mb="0" cb="0" />
      <line nr="279" mi="3" ci="0" mb="0" cb="0" />
      <line nr="282" mi="1" ci="0" mb="0" cb="0" />
      <line nr="283" mi="1" ci="0" mb="0" cb="0" />
      <line nr="284" mi="1" ci="0" mb="0" cb="0" />
      <line nr="285" mi="1" ci="0" mb="0" cb="0" />
      <line nr="286" mi="1" ci="0" mb="0" cb="0" />
      <line nr="288" mi="1" ci="0" mb="0" cb="0" />
      <line nr="291" mi="1" ci="0" mb="0" cb="0" />
      <line nr="292" mi="1" ci="0" mb="0" cb="0" />
      <line nr="293" mi="1" ci="0" mb="0" cb="0" />
      <line nr="296" mi="2" ci="0" mb="0" cb="0" />
      <line nr="299" mi="1" ci="0" mb="0" cb="0" />
      <line nr="300" mi="1" ci="0" mb="0" cb="0" />
      <line nr="301" mi="1" ci="0" mb="0" cb="0" />
      <line nr="308" mi="1" ci="0" mb="0" cb="0" />
      <line nr="310" mi="1" ci="0" mb="0" cb="0" />
      <line nr="311" mi="1" ci="0" mb="0" cb="0" />
      <line nr="315" mi="3" ci="0" mb="0" cb="0" />
      <line nr="318" mi="1" ci="0" mb="0" cb="0" />
      <line nr="321" mi="1" ci="0" mb="0" cb="0" />
      <line nr="322" mi="1" ci="0" mb="0" cb="0" />
      <line nr="323" mi="1" ci="0" mb="0" cb="0" />
      <line nr="327" mi="1" ci="0" mb="0" cb="0" />
      <line nr="328" mi="1" ci="0" mb="0" cb="0" />
      <line nr="329" mi="1" ci="0" mb="0" cb="0" />
      <line nr="334" mi="1" ci="0" mb="0" cb="0" />
      <line nr="335" mi="1" ci="0" mb="0" cb="0" />
      <line nr="337" mi="2" ci="0" mb="0" cb="0" />
      <line nr="338" mi="1" ci="0" mb="0" cb="0" />
      <line nr="339" mi="1" ci="0" mb="0" cb="0" />
      <line nr="342" mi="1" ci="0" mb="0" cb="0" />
      <line nr="343" mi="1" ci="0" mb="0" cb="0" />
      <line nr="344" mi="1" ci="0" mb="0" cb="0" />
      <line nr="345" mi="1" ci="0" mb="0" cb="0" />
      <line nr="349" mi="1" ci="0" mb="0" cb="0" />
      <line nr="354" mi="1" ci="0" mb="0" cb="0" />
      <line nr="355" mi="1" ci="0" mb="0" cb="0" />
      <line nr="356" mi="1" ci="0" mb="0" cb="0" />
      <line nr="357" mi="1" ci="0" mb="0" cb="0" />
      <line nr="362" mi="2" ci="0" mb="0" cb="0" />
      <line nr="363" mi="1" ci="0" mb="0" cb="0" />
      <line nr="369" mi="1" ci="0" mb="0" cb="0" />
      <line nr="370" mi="1" ci="0" mb="0" cb="0" />
      <line nr="372" mi="1" ci="0" mb="0" cb="0" />
      <line nr="376" mi="1" ci="0" mb="0" cb="0" />
      <line nr="377" mi="1" ci="0" mb="0" cb="0" />
      <line nr="379" mi="2" ci="0" mb="0" cb="0" />
      <line nr="380" mi="1" ci="0" mb="0" cb="0" />
      <line nr="383" mi="1" ci="0" mb="0" cb="0" />
      <line nr="384" mi="1" ci="0" mb="0" cb="0" />
      <line nr="385" mi="1" ci="0" mb="0" cb="0" />
      <line nr="386" mi="1" ci="0" mb="0" cb="0" />
      <line nr="393" mi="1" ci="0" mb="0" cb="0" />
      <line nr="394" mi="1" ci="0" mb="0" cb="0" />
      <line nr="395" mi="1" ci="0" mb="0" cb="0" />
      <line nr="396" mi="3" ci="0" mb="0" cb="0" />
      <line nr="397" mi="3" ci="0" mb="0" cb="0" />
      <line nr="402" mi="1" ci="0" mb="0" cb="0" />
      <line nr="406" mi="1" ci="0" mb="0" cb="0" />
      <line nr="407" mi="1" ci="0" mb="0" cb="0" />
      <line nr="408" mi="1" ci="0" mb="0" cb="0" />
      <line nr="409" mi="1" ci="0" mb="0" cb="0" />
      <line nr="426" mi="1" ci="0" mb="0" cb="0" />
      <line nr="427" mi="1" ci="0" mb="0" cb="0" />
      <line nr="430" mi="1" ci="0" mb="0" cb="0" />
      <line nr="431" mi="1" ci="0" mb="0" cb="0" />
      <line nr="432" mi="1" ci="0" mb="0" cb="0" />
      <line nr="435" mi="1" ci="0" mb="0" cb="0" />
      <line nr="436" mi="1" ci="0" mb="0" cb="0" />
      <line nr="438" mi="2" ci="0" mb="0" cb="0" />
      <line nr="440" mi="1" ci="0" mb="0" cb="0" />
      <line nr="442" mi="1" ci="0" mb="0" cb="0" />
      <line nr="444" mi="1" ci="0" mb="0" cb="0" />
      <line nr="446" mi="1" ci="0" mb="0" cb="0" />
      <line nr="447" mi="1" ci="0" mb="0" cb="0" />
      <line nr="450" mi="1" ci="0" mb="0" cb="0" />
      <line nr="451" mi="1" ci="0" mb="0" cb="0" />
      <line nr="452" mi="2" ci="0" mb="0" cb="0" />
      <line nr="453" mi="1" ci="0" mb="0" cb="0" />
      <line nr="454" mi="1" ci="0" mb="0" cb="0" />
      <line nr="455" mi="1" ci="0" mb="0" cb="0" />
      <line nr="456" mi="2" ci="0" mb="0" cb="0" />
      <line nr="457" mi="1" ci="0" mb="0" cb="0" />
      <line nr="460" mi="1" ci="0" mb="0" cb="0" />
      <line nr="462" mi="1" ci="0" mb="0" cb="0" />
      <line nr="464" mi="1" ci="0" mb="0" cb="0" />
      <line nr="465" mi="1" ci="0" mb="0" cb="0" />
      <line nr="467" mi="1" ci="0" mb="0" cb="0" />
      <line nr="468" mi="4" ci="0" mb="0" cb="0" />
      <line nr="470" mi="1" ci="0" mb="0" cb="0" />
      <line nr="472" mi="1" ci="0" mb="0" cb="0" />
      <line nr="474" mi="1" ci="0" mb="0" cb="0" />
      <line nr="476" mi="2" ci="0" mb="0" cb="0" />
      <line nr="477" mi="1" ci="0" mb="0" cb="0" />
      <line nr="478" mi="1" ci="0" mb="0" cb="0" />
      <line nr="479" mi="4" ci="0" mb="0" cb="0" />
      <line nr="481" mi="1" ci="0" mb="0" cb="0" />
      <line nr="483" mi="1" ci="0" mb="0" cb="0" />
      <line nr="485" mi="1" ci="0" mb="0" cb="0" />
      <line nr="487" mi="2" ci="0" mb="0" cb="0" />
      <line nr="488" mi="1" ci="0" mb="0" cb="0" />
      <line nr="489" mi="1" ci="0" mb="0" cb="0" />
      <line nr="490" mi="4" ci="0" mb="0" cb="0" />
      <line nr="492" mi="1" ci="0" mb="0" cb="0" />
      <line nr="494" mi="1" ci="0" mb="0" cb="0" />
      <line nr="496" mi="2" ci="0" mb="0" cb="0" />
      <line nr="501" mi="5" ci="0" mb="0" cb="0" />
      <line nr="503" mi="1" ci="0" mb="0" cb="0" />
      <line nr="512" mi="2" ci="0" mb="0" cb="0" />
      <line nr="515" mi="1" ci="0" mb="0" cb="0" />
      <line nr="516" mi="1" ci="0" mb="0" cb="0" />
      <line nr="518" mi="1" ci="0" mb="0" cb="0" />
      <line nr="519" mi="1" ci="0" mb="0" cb="0" />
      <line nr="521" mi="1" ci="0" mb="0" cb="0" />
      <line nr="522" mi="1" ci="0" mb="0" cb="0" />
      <line nr="523" mi="1" ci="0" mb="0" cb="0" />
      <line nr="524" mi="1" ci="0" mb="0" cb="0" />
      <line nr="526" mi="1" ci="0" mb="0" cb="0" />
      <line nr="530" mi="1" ci="0" mb="0" cb="0" />
      <line nr="540" mi="1" ci="0" mb="0" cb="0" />
      <line nr="542" mi="1" ci="0" mb="0" cb="0" />
      <line nr="543" mi="2" ci="0" mb="0" cb="0" />
      <line nr="545" mi="1" ci="0" mb="0" cb="0" />
      <line nr="546" mi="1" ci="0" mb="0" cb="0" />
      <line nr="551" mi="1" ci="0" mb="0" cb="0" />
      <line nr="555" mi="1" ci="0" mb="0" cb="0" />
      <line nr="556" mi="1" ci="0" mb="0" cb="0" />
      <line nr="558" mi="1" ci="0" mb="0" cb="0" />
      <line nr="559" mi="1" ci="0" mb="0" cb="0" />
      <line nr="561" mi="3" ci="0" mb="0" cb="0" />
      <line nr="562" mi="3" ci="0" mb="0" cb="0" />
      <line nr="563" mi="1" ci="0" mb="0" cb="0" />
      <line nr="565" mi="1" ci="0" mb="0" cb="0" />
      <line nr="566" mi="1" ci="0" mb="0" cb="0" />
      <line nr="568" mi="1" ci="0" mb="0" cb="0" />
      <line nr="569" mi="1" ci="0" mb="0" cb="0" />
      <line nr="571" mi="1" ci="0" mb="0" cb="0" />
      <line nr="573" mi="3" ci="0" mb="0" cb="0" />
      <line nr="574" mi="1" ci="0" mb="0" cb="0" />
      <line nr="581" mi="1" ci="0" mb="0" cb="0" />
      <line nr="582" mi="1" ci="0" mb="0" cb="0" />
      <line nr="586" mi="1" ci="0" mb="0" cb="0" />
      <line nr="587" mi="1" ci="0" mb="0" cb="0" />
      <line nr="588" mi="1" ci="0" mb="0" cb="0" />
      <line nr="589" mi="3" ci="0" mb="0" cb="0" />
      <line nr="594" mi="1" ci="0" mb="0" cb="0" />
      <line nr="595" mi="1" ci="0" mb="0" cb="0" />
      <line nr="596" mi="1" ci="0" mb="0" cb="0" />
      <line nr="597" mi="1" ci="0" mb="0" cb="0" />
      <line nr="598" mi="1" ci="0" mb="0" cb="0" />
      <line nr="599" mi="1" ci="0" mb="0" cb="0" />
      <line nr="600" mi="1" ci="0" mb="0" cb="0" />
      <line nr="601" mi="1" ci="0" mb="0" cb="0" />
      <line nr="602" mi="1" ci="0" mb="0" cb="0" />
      <line nr="603" mi="1" ci="0" mb="0" cb="0" />
      <line nr="604" mi="1" ci="0" mb="0" cb="0" />
      <line nr="608" mi="1" ci="0" mb="0" cb="0" />
      <line nr="616" mi="1" ci="0" mb="0" cb="0" />
      <line nr="617" mi="1" ci="0" mb="0" cb="0" />
      <line nr="618" mi="1" ci="0" mb="0" cb="0" />
      <line nr="619" mi="1" ci="0" mb="0" cb="0" />
      <line nr="620" mi="1" ci="0" mb="0" cb="0" />
      <line nr="621" mi="1" ci="0" mb="0" cb="0" />
      <line nr="625" mi="1" ci="0" mb="0" cb="0" />
      <line nr="627" mi="1" ci="0" mb="0" cb="0" />
      <line nr="628" mi="1" ci="0" mb="0" cb="0" />
      <line nr="629" mi="1" ci="0" mb="0" cb="0" />
      <line nr="631" mi="1" ci="0" mb="0" cb="0" />
      <line nr="632" mi="1" ci="0" mb="0" cb="0" />
      <line nr="634" mi="1" ci="0" mb="0" cb="0" />
      <line nr="635" mi="1" ci="0" mb="0" cb="0" />
      <line nr="637" mi="1" ci="0" mb="0" cb="0" />
      <line nr="638" mi="1" ci="0" mb="0" cb="0" />
      <line nr="640" mi="1" ci="0" mb="0" cb="0" />
      <line nr="641" mi="1" ci="0" mb="0" cb="0" />
      <line nr="645" mi="1" ci="0" mb="0" cb="0" />
      <line nr="662" mi="1" ci="0" mb="0" cb="0" />
      <line nr="665" mi="1" ci="0" mb="0" cb="0" />
      <line nr="668" mi="1" ci="0" mb="0" cb="0" />
      <line nr="669" mi="1" ci="0" mb="0" cb="0" />
      <line nr="673" mi="1" ci="0" mb="0" cb="0" />
      <line nr="675" mi="1" ci="0" mb="0" cb="0" />
      <line nr="677" mi="1" ci="0" mb="0" cb="0" />
      <line nr="678" mi="1" ci="0" mb="0" cb="0" />
      <line nr="693" mi="1" ci="0" mb="0" cb="0" />
      <line nr="694" mi="1" ci="0" mb="0" cb="0" />
      <line nr="697" mi="1" ci="0" mb="0" cb="0" />
      <line nr="699" mi="1" ci="0" mb="0" cb="0" />
      <line nr="701" mi="2" ci="0" mb="0" cb="0" />
      <line nr="704" mi="1" ci="0" mb="0" cb="0" />
      <line nr="705" mi="2" ci="0" mb="0" cb="0" />
      <line nr="706" mi="1" ci="0" mb="0" cb="0" />
      <line nr="711" mi="1" ci="0" mb="0" cb="0" />
      <line nr="714" mi="1" ci="0" mb="0" cb="0" />
      <line nr="715" mi="1" ci="0" mb="0" cb="0" />
      <line nr="719" mi="1" ci="0" mb="0" cb="0" />
      <line nr="721" mi="1" ci="0" mb="0" cb="0" />
      <line nr="722" mi="4" ci="0" mb="0" cb="0" />
      <line nr="723" mi="1" ci="0" mb="0" cb="0" />
      <line nr="724" mi="1" ci="0" mb="0" cb="0" />
      <line nr="726" mi="2" ci="0" mb="0" cb="0" />
      <line nr="729" mi="4" ci="0" mb="0" cb="0" />
      <line nr="730" mi="1" ci="0" mb="0" cb="0" />
      <line nr="731" mi="1" ci="0" mb="0" cb="0" />
      <line nr="735" mi="1" ci="0" mb="0" cb="0" />
      <line nr="749" mi="1" ci="0" mb="0" cb="0" />
[...]
      <line nr="217" mi="1" ci="0" mb="0" cb="0" />
      <line nr="218" mi="4" ci="0" mb="0" cb="0" />
      <line nr="219" mi="1" ci="0" mb="0" cb="0" />
      <line nr="220" mi="1" ci="0" mb="0" cb="0" />
      <line nr="221" mi="1" ci="0" mb="0" cb="0" />
      <line nr="222" mi="1" ci="0" mb="0" cb="0" />
      <line nr="223" mi="1" ci="0" mb="0" cb="0" />
      <line nr="225" mi="2" ci="0" mb="0" cb="0" />
      <line nr="230" mi="1" ci="0" mb="0" cb="0" />
      <line nr="251" mi="1" ci="0" mb="0" cb="0" />
      <line nr="252" mi="1" ci="0" mb="0" cb="0" />
      <line nr="253" mi="1" ci="0" mb="0" cb="0" />
      <line nr="254" mi="1" ci="0" mb="0" cb="0" />
      <line nr="257" mi="1" ci="0" mb="0" cb="0" />
      <line nr="258" mi="1" ci="0" mb="0" cb="0" />
      <line nr="259" mi="1" ci="0" mb="0" cb="0" />
      <line nr="260" mi="1" ci="0" mb="0" cb="0" />
      <line nr="263" mi="1" ci="0" mb="0" cb="0" />
      <line nr="284" mi="1" ci="0" mb="0" cb="0" />
      <line nr="285" mi="1" ci="0" mb="0" cb="0" />
      <line nr="286" mi="1" ci="0" mb="0" cb="0" />
      <line nr="290" mi="3" ci="0" mb="0" cb="0" />
      <line nr="291" mi="1" ci="0" mb="0" cb="0" />
      <line nr="294" mi="1" ci="0" mb="0" cb="0" />
      <line nr="296" mi="1" ci="0" mb="0" cb="0" />
      <line nr="299" mi="1" ci="0" mb="0" cb="0" />
      <line nr="302" mi="1" ci="0" mb="0" cb="0" />
      <line nr="304" mi="1" ci="0" mb="0" cb="0" />
      <line nr="305" mi="1" ci="0" mb="0" cb="0" />
      <line nr="308" mi="1" ci="0" mb="0" cb="0" />
      <line nr="311" mi="1" ci="0" mb="0" cb="0" />
      <line nr="314" mi="1" ci="0" mb="0" cb="0" />
      <line nr="318" mi="2" ci="0" mb="0" cb="0" />
      <line nr="319" mi="1" ci="0" mb="0" cb="0" />
      <line nr="348" mi="1" ci="0" mb="0" cb="0" />
      <line nr="351" mi="1" ci="0" mb="0" cb="0" />
      <line nr="352" mi="1" ci="0" mb="0" cb="0" />
      <line nr="353" mi="1" ci="0" mb="0" cb="0" />
      <line nr="357" mi="1" ci="0" mb="0" cb="0" />
      <line nr="358" mi="3" ci="0" mb="0" cb="0" />
      <line nr="359" mi="1" ci="0" mb="0" cb="0" />
      <line nr="360" mi="5" ci="0" mb="0" cb="0" />
      <line nr="362" mi="1" ci="0" mb="0" cb="0" />
      <line nr="367" mi="1" ci="0" mb="0" cb="0" />
      <line nr="368" mi="1" ci="0" mb="0" cb="0" />
      <line nr="369" mi="1" ci="0" mb="0" cb="0" />
      <line nr="370" mi="2" ci="0" mb="0" cb="0" />
      <line nr="371" mi="4" ci="0" mb="0" cb="0" />
      <line nr="377" mi="1" ci="0" mb="0" cb="0" />
      <line nr="378" mi="1" ci="0" mb="0" cb="0" />
      <line nr="379" mi="1" ci="0" mb="0" cb="0" />
      <line nr="380" mi="2" ci="0" mb="0" cb="0" />
      <line nr="384" mi="2" ci="0" mb="0" cb="0" />
      <line nr="388" mi="1" ci="0" mb="0" cb="0" />
      <line nr="389" mi="1" ci="0" mb="0" cb="0" />
      <line nr="390" mi="1" ci="0" mb="0" cb="0" />
      <line nr="393" mi="3" ci="0" mb="0" cb="0" />
      <line nr="395" mi="1" ci="0" mb="0" cb="0" />
      <line nr="396" mi="3" ci="0" mb="0" cb="0" />
      <line nr="397" mi="4" ci="0" mb="0" cb="0" />
      <line nr="400" mi="2" ci="0" mb="0" cb="0" />
      <line nr="402" mi="1" ci="0" mb="0" cb="0" />
      <line nr="403" mi="2" ci="0" mb="0" cb="0" />
      <line nr="404" mi="3" ci="0" mb="0" cb="0" />
      <line nr="408" mi="1" ci="0" mb="0" cb="0" />
      <line nr="410" mi="1" ci="0" mb="0" cb="0" />
      <line nr="411" mi="2" ci="0" mb="0" cb="0" />
      <line nr="414" mi="1" ci="0" mb="0" cb="0" />
      <line nr="415" mi="1" ci="0" mb="0" cb="0" />
      <line nr="416" mi="4" ci="0" mb="0" cb="0" />
      <line nr="418" mi="1" ci="0" mb="0" cb="0" />
      <line nr="421" mi="2" ci="0" mb="0" cb="0" />
      <line nr="425" mi="2" ci="0" mb="0" cb="0" />
      <line nr="429" mi="1" ci="0" mb="0" cb="0" />
      <line nr="450" mi="1" ci="0" mb="0" cb="0" />
      <line nr="451" mi="2" ci="0" mb="0" cb="0" />
      <line nr="452" mi="2" ci="0" mb="0" cb="0" />
      <line nr="453" mi="2" ci="0" mb="0" cb="0" />
      <line nr="454" mi="2" ci="0" mb="0" cb="0" />
      <line nr="455" mi="2" ci="0" mb="0" cb="0" />
      <line nr="456" mi="2" ci="0" mb="0" cb="0" />
      <line nr="457" mi="2" ci="0" mb="0" cb="0" />
      <line nr="458" mi="2" ci="0" mb="0" cb="0" />
      <line nr="462" mi="1" ci="0" mb="0" cb="0" />
      <line nr="463" mi="1" ci="0" mb="0" cb="0" />
      <line nr="465" mi="1" ci="0" mb="0" cb="0" />
      <line nr="466" mi="1" ci="0" mb="0" cb="0" />
      <line nr="467" mi="1" ci="0" mb="0" cb="0" />
      <line nr="469" mi="1" ci="0" mb="0" cb="0" />
      <line nr="473" mi="1" ci="0" mb="0" cb="0" />
      <line nr="474" mi="1" ci="0" mb="0" cb="0" />
      <line nr="476" mi="1" ci="0" mb="0" cb="0" />
      <line nr="479" mi="1" ci="0" mb="0" cb="0" />
      <line nr="484" mi="1" ci="0" mb="0" cb="0" />
      <line nr="485" mi="1" ci="0" mb="0" cb="0" />
      <counter type="INSTRUCTION" missed="306" covered="0" />
      <counter type="LINE" missed="238" covered="0" />
      <counter type="METHOD" missed="7" covered="0" />
      <counter type="CLASS" missed="1" covered="0" />
    </sourcefile>
    <sourcefile name="utilities/Performance.psm1">
      <line nr="5" mi="1" ci="0" mb="0" cb="0" />
      <line nr="6" mi="1" ci="0" mb="0" cb="0" />
      <line nr="7" mi="1" ci="0" mb="0" cb="0" />
      <line nr="37" mi="1" ci="0" mb="0" cb="0" />
      <line nr="38" mi="1" ci="0" mb="0" cb="0" />
      <line nr="39" mi="1" ci="0" mb="0" cb="0" />
      <line nr="40" mi="1" ci="0" mb="0" cb="0" />
      <line nr="41" mi="1" ci="0" mb="0" cb="0" />
      <line nr="42" mi="1" ci="0" mb="0" cb="0" />
      <line nr="43" mi="1" ci="0" mb="0" cb="0" />
      <line nr="44" mi="1" ci="0" mb="0" cb="0" />
      <line nr="45" mi="1" ci="0" mb="0" cb="0" />
      <line nr="48" mi="1" ci="0" mb="0" cb="0" />
      <line nr="50" mi="1" ci="0" mb="0" cb="0" />
      <line nr="51" mi="1" ci="0" mb="0" cb="0" />
      <line nr="54" mi="1" ci="0" mb="0" cb="0" />
      <line nr="77" mi="1" ci="0" mb="0" cb="0" />
      <line nr="78" mi="1" ci="0" mb="0" cb="0" />
      <line nr="79" mi="1" ci="0" mb="0" cb="0" />
      <line nr="82" mi="1" ci="0" mb="0" cb="0" />
      <line nr="83" mi="1" ci="0" mb="0" cb="0" />
      <line nr="84" mi="1" ci="0" mb="0" cb="0" />
      <line nr="85" mi="1" ci="0" mb="0" cb="0" />
      <line nr="87" mi="1" ci="0" mb="0" cb="0" />
      <line nr="88" mi="1" ci="0" mb="0" cb="0" />
      <line nr="89" mi="1" ci="0" mb="0" cb="0" />
      <line nr="90" mi="1" ci="0" mb="0" cb="0" />
      <line nr="91" mi="1" ci="0" mb="0" cb="0" />
      <line nr="92" mi="1" ci="0" mb="0" cb="0" />
      <line nr="93" mi="1" ci="0" mb="0" cb="0" />
      <line nr="94" mi="2" ci="0" mb="0" cb="0" />
      <line nr="95" mi="1" ci="0" mb="0" cb="0" />
      <line nr="96" mi="1" ci="0" mb="0" cb="0" />
      <line nr="97" mi="1" ci="0" mb="0" cb="0" />
      <line nr="98" mi="1" ci="0" mb="0" cb="0" />
      <line nr="99" mi="1" ci="0" mb="0" cb="0" />
      <line nr="103" mi="1" ci="0" mb="0" cb="0" />
      <line nr="104" mi="1" ci="0" mb="0" cb="0" />
      <line nr="106" mi="1" ci="0" mb="0" cb="0" />
      <line nr="107" mi="2" ci="0" mb="0" cb="0" />
      <line nr="110" mi="1" ci="0" mb="0" cb="0" />
      <line nr="111" mi="1" ci="0" mb="0" cb="0" />
      <line nr="147" mi="1" ci="0" mb="0" cb="0" />
      <line nr="150" mi="1" ci="0" mb="0" cb="0" />
      <line nr="151" mi="1" ci="0" mb="0" cb="0" />
      <line nr="153" mi="1" ci="0" mb="0" cb="0" />
      <line nr="154" mi="1" ci="0" mb="0" cb="0" />
      <line nr="155" mi="1" ci="0" mb="0" cb="0" />
      <line nr="159" mi="2" ci="0" mb="0" cb="0" />
      <line nr="200" mi="1" ci="0" mb="0" cb="0" />
      <line nr="202" mi="1" ci="0" mb="0" cb="0" />
      <line nr="203" mi="3" ci="0" mb="0" cb="0" />
      <line nr="206" mi="1" ci="0" mb="0" cb="0" />
      <line nr="207" mi="3" ci="0" mb="0" cb="0" />
      <line nr="210" mi="1" ci="0" mb="0" cb="0" />
      <line nr="211" mi="3" ci="0" mb="0" cb="0" />
      <line nr="214" mi="1" ci="0" mb="0" cb="0" />
      <line nr="215" mi="2" ci="0" mb="0" cb="0" />
      <line nr="218" mi="1" ci="0" mb="0" cb="0" />
      <line nr="242" mi="1" ci="0" mb="0" cb="0" />
      <line nr="244" mi="1" ci="0" mb="0" cb="0" />
      <line nr="245" mi="3" ci="0" mb="0" cb="0" />
      <line nr="247" mi="1" ci="0" mb="0" cb="0" />
      <line nr="248" mi="3" ci="0" mb="0" cb="0" />
      <line nr="251" mi="2" ci="0" mb="0" cb="0" />
      <line nr="254" mi="2" ci="0" mb="0" cb="0" />
      <line nr="255" mi="2" ci="0" mb="0" cb="0" />
      <line nr="256" mi="2" ci="0" mb="0" cb="0" />
      <line nr="258" mi="1" ci="0" mb="0" cb="0" />
      <line nr="259" mi="1" ci="0" mb="0" cb="0" />
      <line nr="260" mi="1" ci="0" mb="0" cb="0" />
      <line nr="261" mi="3" ci="0" mb="0" cb="0" />
      <line nr="262" mi="3" ci="0" mb="0" cb="0" />
      <line nr="263" mi="3" ci="0" mb="0" cb="0" />
      <line nr="264" mi="3" ci="0" mb="0" cb="0" />
      <line nr="265" mi="3" ci="0" mb="0" cb="0" />
      <line nr="266" mi="3" ci="0" mb="0" cb="0" />
      <line nr="267" mi="4" ci="0" mb="0" cb="0" />
      <line nr="268" mi="4" ci="0" mb="0" cb="0" />
      <line nr="272" mi="2" ci="0" mb="0" cb="0" />
      <line nr="295" mi="1" ci="0" mb="0" cb="0" />
      <line nr="296" mi="1" ci="0" mb="0" cb="0" />
      <line nr="299" mi="1" ci="0" mb="0" cb="0" />
      <line nr="300" mi="1" ci="0" mb="0" cb="0" />
      <line nr="302" mi="1" ci="0" mb="0" cb="0" />
      <line nr="303" mi="1" ci="0" mb="0" cb="0" />
      <line nr="304" mi="2" ci="0" mb="0" cb="0" />
      <line nr="305" mi="1" ci="0" mb="0" cb="0" />
      <line nr="306" mi="1" ci="0" mb="0" cb="0" />
      <line nr="309" mi="1" ci="0" mb="0" cb="0" />
      <line nr="310" mi="1" ci="0" mb="0" cb="0" />
      <line nr="311" mi="2" ci="0" mb="0" cb="0" />
      <line nr="312" mi="3" ci="0" mb="0" cb="0" />
      <line nr="313" mi="4" ci="0" mb="0" cb="0" />
      <line nr="316" mi="1" ci="0" mb="0" cb="0" />
      <line nr="318" mi="1" ci="0" mb="0" cb="0" />
      <line nr="321" mi="1" ci="0" mb="0" cb="0" />
      <line nr="322" mi="2" ci="0" mb="0" cb="0" />
      <line nr="323" mi="1" ci="0" mb="0" cb="0" />
      <line nr="324" mi="1" ci="0" mb="0" cb="0" />
      <line nr="325" mi="3" ci="0" mb="0" cb="0" />
      <line nr="326" mi="4" ci="0" mb="0" cb="0" />
      <line nr="329" mi="1" ci="0" mb="0" cb="0" />
      <line nr="331" mi="1" ci="0" mb="0" cb="0" />
      <line nr="334" mi="1" ci="0" mb="0" cb="0" />
      <line nr="335" mi="3" ci="0" mb="0" cb="0" />
      <line nr="336" mi="2" ci="0" mb="0" cb="0" />
      <line nr="337" mi="3" ci="0" mb="0" cb="0" />
      <line nr="340" mi="1" ci="0" mb="0" cb="0" />
      <line nr="341" mi="1" ci="0" mb="0" cb="0" />
      <line nr="343" mi="1" ci="0" mb="0" cb="0" />
      <line nr="383" mi="2" ci="0" mb="0" cb="0" />
      <line nr="385" mi="1" ci="0" mb="0" cb="0" />
      <line nr="386" mi="1" ci="0" mb="0" cb="0" />
      <line nr="389" mi="3" ci="0" mb="0" cb="0" />
      <line nr="390" mi="2" ci="0" mb="0" cb="0" />
      <line nr="392" mi="2" ci="0" mb="0" cb="0" />
      <line nr="393" mi="1" ci="0" mb="0" cb="0" />
      <line nr="395" mi="2" ci="0" mb="0" cb="0" />
      <line nr="396" mi="1" ci="0" mb="0" cb="0" />
      <line nr="399" mi="1" ci="0" mb="0" cb="0" />
      <line nr="401" mi="1" ci="0" mb="0" cb="0" />
      <line nr="402" mi="1" ci="0" mb="0" cb="0" />
      <line nr="404" mi="1" ci="0" mb="0" cb="0" />
      <line nr="405" mi="2" ci="0" mb="0" cb="0" />
      <line nr="409" mi="1" ci="0" mb="0" cb="0" />
      <line nr="412" mi="1" ci="0" mb="0" cb="0" />
      <line nr="413" mi="2" ci="0" mb="0" cb="0" />
      <line nr="414" mi="1" ci="0" mb="0" cb="0" />
      <line nr="416" mi="1" ci="0" mb="0" cb="0" />
      <line nr="417" mi="1" ci="0" mb="0" cb="0" />
      <line nr="418" mi="1" ci="0" mb="0" cb="0" />
      <line nr="422" mi="2" ci="0" mb="0" cb="0" />
      <line nr="440" mi="1" ci="0" mb="0" cb="0" />
      <line nr="441" mi="1" ci="0" mb="0" cb="0" />
      <line nr="442" mi="1" ci="0" mb="0" cb="0" />
      <line nr="444" mi="1" ci="0" mb="0" cb="0" />
      <line nr="445" mi="1" ci="0" mb="0" cb="0" />
      <line nr="463" mi="1" ci="0" mb="0" cb="0" />
      <line nr="470" mi="1" ci="0" mb="0" cb="0" />
      <line nr="471" mi="1" ci="0" mb="0" cb="0" />
      <line nr="473" mi="1" ci="0" mb="0" cb="0" />
      <line nr="474" mi="1" ci="0" mb="0" cb="0" />
      <line nr="475" mi="1" ci="0" mb="0" cb="0" />
      <line nr="476" mi="1" ci="0" mb="0" cb="0" />
      <line nr="477" mi="1" ci="0" mb="0" cb="0" />
      <line nr="478" mi="1" ci="0" mb="0" cb="0" />
      <line nr="481" mi="1" ci="0" mb="0" cb="0" />
      <line nr="483" mi="3" ci="0" mb="0" cb="0" />
      <line nr="486" mi="2" ci="0" mb="0" cb="0" />
      <line nr="490" mi="1" ci="0" mb="0" cb="0" />
      <line nr="496" mi="2" ci="0" mb="0" cb="0" />
      <line nr="501" mi="2" ci="0" mb="0" cb="0" />
      <line nr="502" mi="5" ci="0" mb="0" cb="0" />
      <line nr="504" mi="1" ci="0" mb="0" cb="0" />
      <line nr="506" mi="2" ci="0" mb="0" cb="0" />
      <line nr="510" mi="1" ci="0" mb="0" cb="0" />
      <line nr="511" mi="2" ci="0" mb="0" cb="0" />
      <line nr="520" mi="1" ci="0" mb="0" cb="0" />
      <line nr="521" mi="1" ci="0" mb="0" cb="0" />
      <line nr="522" mi="1" ci="0" mb="0" cb="0" />
      <line nr="523" mi="1" ci="0" mb="0" cb="0" />
      <line nr="524" mi="1" ci="0" mb="0" cb="0" />
      <line nr="542" mi="1" ci="0" mb="0" cb="0" />
      <line nr="543" mi="1" ci="0" mb="0" cb="0" />
      <line nr="544" mi="1" ci="0" mb="0" cb="0" />
      <line nr="545" mi="1" ci="0" mb="0" cb="0" />
      <line nr="546" mi="1" ci="0" mb="0" cb="0" />
      <line nr="547" mi="1" ci="0" mb="0" cb="0" />
      <line nr="551" mi="1" ci="0" mb="0" cb="0" />
      <line nr="552" mi="1" ci="0" mb="0" cb="0" />
      <line nr="553" mi="1" ci="0" mb="0" cb="0" />
      <line nr="554" mi="1" ci="0" mb="0" cb="0" />
      <line nr="556" mi="1" ci="0" mb="0" cb="0" />
      <line nr="557" mi="1" ci="0" mb="0" cb="0" />
      <line nr="558" mi="1" ci="0" mb="0" cb="0" />
      <line nr="559" mi="1" ci="0" mb="0" cb="0" />
      <line nr="560" mi="1" ci="0" mb="0" cb="0" />
      <line nr="561" mi="1" ci="0" mb="0" cb="0" />
      <line nr="563" mi="1" ci="0" mb="0" cb="0" />
      <line nr="565" mi="1" ci="0" mb="0" cb="0" />
      <line nr="566" mi="1" ci="0" mb="0" cb="0" />
      <line nr="567" mi="1" ci="0" mb="0" cb="0" />
      <line nr="568" mi="1" ci="0" mb="0" cb="0" />
      <line nr="569" mi="1" ci="0" mb="0" cb="0" />
      <line nr="570" mi="1" ci="0" mb="0" cb="0" />
      <line nr="572" mi="1" ci="0" mb="0" cb="0" />
      <line nr="577" mi="1" ci="0" mb="0" cb="0" />
      <line nr="578" mi="1" ci="0" mb="0" cb="0" />
      <line nr="579" mi="1" ci="0" mb="0" cb="0" />
      <line nr="580" mi="1" ci="0" mb="0" cb="0" />
      <line nr="581" mi="1" ci="0" mb="0" cb="0" />
      <line nr="584" mi="1" ci="0" mb="0" cb="0" />
      <line nr="585" mi="1" ci="0" mb="0" cb="0" />
      <line nr="587" mi="1" ci="0" mb="0" cb="0" />
      <line nr="590" mi="1" ci="0" mb="0" cb="0" />
      <line nr="591" mi="1" ci="0" mb="0" cb="0" />
      <line nr="592" mi="1" ci="0" mb="0" cb="0" />
      <line nr="593" mi="1" ci="0" mb="0" cb="0" />
      <line nr="594" mi="1" ci="0" mb="0" cb="0" />
      <line nr="595" mi="1" ci="0" mb="0" cb="0" />
      <line nr="597" mi="1" ci="0" mb="0" cb="0" />
      <line nr="599" mi="1" ci="0" mb="0" cb="0" />
      <line nr="600" mi="1" ci="0" mb="0" cb="0" />
      <line nr="601" mi="1" ci="0" mb="0" cb="0" />
      <line nr="602" mi="1" ci="0" mb="0" cb="0" />
      <line nr="603" mi="1" ci="0" mb="0" cb="0" />
      <line nr="604" mi="1" ci="0" mb="0" cb="0" />
      <line nr="606" mi="1" ci="0" mb="0" cb="0" />
      <line nr="612" mi="1" ci="0" mb="0" cb="0" />
      <line nr="613" mi="3" ci="0" mb="0" cb="0" />
      <line nr="614" mi="1" ci="0" mb="0" cb="0" />
      <line nr="615" mi="1" ci="0" mb="0" cb="0" />
      <line nr="617" mi="1" ci="0" mb="0" cb="0" />
      <line nr="618" mi="1" ci="0" mb="0" cb="0" />
      <line nr="619" mi="1" ci="0" mb="0" cb="0" />
      <line nr="620" mi="1" ci="0" mb="0" cb="0" />
      <line nr="621" mi="1" ci="0" mb="0" cb="0" />
      <line nr="622" mi="1" ci="0" mb="0" cb="0" />
      <line nr="624" mi="1" ci="0" mb="0" cb="0" />
      <line nr="626" mi="1" ci="0" mb="0" cb="0" />
      <line nr="627" mi="1" ci="0" mb="0" cb="0" />
      <line nr="628" mi="1" ci="0" mb="0" cb="0" />
      <line nr="629" mi="1" ci="0" mb="0" cb="0" />
      <line nr="630" mi="1" ci="0" mb="0" cb="0" />
      <line nr="631" mi="1" ci="0" mb="0" cb="0" />
      <line nr="633" mi="1" ci="0" mb="0" cb="0" />
      <line nr="638" mi="1" ci="0" mb="0" cb="0" />
      <line nr="639" mi="1" ci="0" mb="0" cb="0" />
      <line nr="640" mi="2" ci="0" mb="0" cb="0" />
      <line nr="641" mi="2" ci="0" mb="0" cb="0" />
      <line nr="642" mi="2" ci="0" mb="0" cb="0" />
      <line nr="644" mi="1" ci="0" mb="0" cb="0" />
      <line nr="645" mi="1" ci="0" mb="0" cb="0" />
      <line nr="646" mi="1" ci="0" mb="0" cb="0" />
      <line nr="647" mi="5" ci="0" mb="0" cb="0" />
      <line nr="651" mi="1" ci="0" mb="0" cb="0" />
      <line nr="652" mi="1" ci="0" mb="0" cb="0" />
      <line nr="653" mi="1" ci="0" mb="0" cb="0" />
      <line nr="654" mi="4" ci="0" mb="0" cb="0" />
      <line nr="658" mi="1" ci="0" mb="0" cb="0" />
      <line nr="659" mi="3" ci="0" mb="0" cb="0" />
      <line nr="662" mi="1" ci="0" mb="0" cb="0" />
      <line nr="683" mi="1" ci="0" mb="0" cb="0" />
      <line nr="684" mi="1" ci="0" mb="0" cb="0" />
      <line nr="690" mi="1" ci="0" mb="0" cb="0" />
      <line nr="691" mi="1" ci="0" mb="0" cb="0" />
      <counter type="INSTRUCTION" missed="336" covered="0" />
      <counter type="LINE" missed="247" covered="0" />
      <counter type="METHOD" missed="12" covered="0" />
      <counter type="CLASS" missed="1" covered="0" />
    </sourcefile>
    <sourcefile name="utilities/TextUtilities.psm1">
      <line nr="30" mi="1" ci="0" mb="0" cb="0" />
      <line nr="31" mi="1" ci="0" mb="0" cb="0" />
      <line nr="35" mi="1" ci="0" mb="0" cb="0" />
      <line nr="38" mi="3" ci="0" mb="0" cb="0" />
      <line nr="39" mi="3" ci="0" mb="0" cb="0" />
      <line nr="42" mi="1" ci="0" mb="0" cb="0" />
      <line nr="44" mi="1" ci="0" mb="0" cb="0" />
      <line nr="45" mi="1" ci="0" mb="0" cb="0" />
      <line nr="47" mi="1" ci="0" mb="0" cb="0" />
      <line nr="49" mi="1" ci="0" mb="0" cb="0" />
      <line nr="50" mi="1" ci="0" mb="0" cb="0" />
      <line nr="51" mi="1" ci="0" mb="0" cb="0" />
      <line nr="53" mi="1" ci="0" mb="0" cb="0" />
      <line nr="58" mi="1" ci="0" mb="0" cb="0" />
      <line nr="59" mi="1" ci="0" mb="0" cb="0" />
      <line nr="62" mi="1" ci="0" mb="0" cb="0" />
      <line nr="66" mi="1" ci="0" mb="0" cb="0" />
      <line nr="69" mi="1" ci="0" mb="0" cb="0" />
      <counter type="INSTRUCTION" missed="22" covered="0" />
      <counter type="LINE" missed="18" covered="0" />
      <counter type="METHOD" missed="2" covered="0" />
      <counter type="CLASS" missed="1" covered="0" />
    </sourcefile>
    <counter type="INSTRUCTION" missed="2678" covered="0" />
    <counter type="LINE" missed="2040" covered="0" />
    <counter type="METHOD" missed="111" covered="0" />
    <counter type="CLASS" missed="9" covered="0" />
  </package>
  <counter type="INSTRUCTION" missed="12214" covered="0" />
  <counter type="LINE" missed="9838" covered="0" />
  <counter type="METHOD" missed="500" covered="0" />
  <counter type="CLASS" missed="39" covered="0" />
</report>
